[0.097s] DEBUG:colcon:Command line arguments: ['/usr/bin/colcon', 'build', '--packages-select', 'gps_waypoints', '--merge-install']
[0.097s] DEBUG:colcon:Parsed command line arguments: Namespace(log_base=None, log_level=None, verb_name='build', build_base='build', install_base='install', merge_install=True, symlink_install=False, test_result_base=None, continue_on_error=False, executor='parallel', parallel_workers=8, event_handlers=None, ignore_user_meta=False, metas=['./colcon.meta'], base_paths=['.'], packages_ignore=None, packages_ignore_regex=None, paths=None, packages_up_to=None, packages_up_to_regex=None, packages_above=None, packages_above_and_dependencies=None, packages_above_depth=None, packages_select_by_dep=None, packages_skip_by_dep=None, packages_skip_up_to=None, packages_select_build_failed=False, packages_skip_build_finished=False, packages_select_test_failures=False, packages_skip_test_passed=False, packages_select=['gps_waypoints'], packages_skip=None, packages_select_regex=None, packages_skip_regex=None, packages_start=None, packages_end=None, allow_overriding=[], cmake_args=None, cmake_target=None, cmake_target_skip_unavailable=False, cmake_clean_cache=False, cmake_clean_first=False, cmake_force_configure=False, ament_cmake_args=None, catkin_cmake_args=None, catkin_skip_building_tests=False, mixin_files=None, mixin=None, verb_parser=<colcon_mixin.mixin.mixin_argument.MixinArgumentDecorator object at 0x7b8cf7523fe0>, verb_extension=<colcon_core.verb.build.BuildVerb object at 0x7b8cf80d7740>, main=<bound method BuildVerb.main of <colcon_core.verb.build.BuildVerb object at 0x7b8cf80d7740>>, mixin_verb=('build',))
[0.129s] Level 1:colcon.colcon_core.package_discovery:discover_packages(colcon_meta) check parameters
[0.129s] Level 1:colcon.colcon_core.package_discovery:discover_packages(recursive) check parameters
[0.129s] Level 1:colcon.colcon_core.package_discovery:discover_packages(ignore) check parameters
[0.129s] Level 1:colcon.colcon_core.package_discovery:discover_packages(path) check parameters
[0.129s] Level 1:colcon.colcon_core.package_discovery:discover_packages(colcon_meta) discover
[0.129s] Level 1:colcon.colcon_core.package_discovery:discover_packages(recursive) discover
[0.129s] INFO:colcon.colcon_core.package_discovery:Crawling recursively for packages in '/home/javier/vrx_ws'
[0.129s] Level 1:colcon.colcon_core.package_identification:_identify(.) by extensions ['ignore', 'ignore_ament_install']
[0.129s] Level 1:colcon.colcon_core.package_identification:_identify(.) by extension 'ignore'
[0.129s] Level 1:colcon.colcon_core.package_identification:_identify(.) by extension 'ignore_ament_install'
[0.129s] Level 1:colcon.colcon_core.package_identification:_identify(.) by extensions ['colcon_pkg']
[0.129s] Level 1:colcon.colcon_core.package_identification:_identify(.) by extension 'colcon_pkg'
[0.129s] Level 1:colcon.colcon_core.package_identification:_identify(.) by extensions ['colcon_meta']
[0.129s] Level 1:colcon.colcon_core.package_identification:_identify(.) by extension 'colcon_meta'
[0.129s] Level 1:colcon.colcon_core.package_identification:_identify(.) by extensions ['ros']
[0.130s] Level 1:colcon.colcon_core.package_identification:_identify(.) by extension 'ros'
[0.151s] Level 1:colcon.colcon_core.package_identification:_identify(.) by extensions ['cmake', 'python']
[0.151s] Level 1:colcon.colcon_core.package_identification:_identify(.) by extension 'cmake'
[0.151s] Level 1:colcon.colcon_core.package_identification:_identify(.) by extension 'python'
[0.151s] Level 1:colcon.colcon_core.package_identification:_identify(.) by extensions ['python_setup_py']
[0.151s] Level 1:colcon.colcon_core.package_identification:_identify(.) by extension 'python_setup_py'
[0.151s] Level 1:colcon.colcon_core.package_identification:_identify(build) by extensions ['ignore', 'ignore_ament_install']
[0.151s] Level 1:colcon.colcon_core.package_identification:_identify(build) by extension 'ignore'
[0.152s] Level 1:colcon.colcon_core.package_identification:_identify(build) ignored
[0.152s] Level 1:colcon.colcon_core.package_identification:_identify(install) by extensions ['ignore', 'ignore_ament_install']
[0.152s] Level 1:colcon.colcon_core.package_identification:_identify(install) by extension 'ignore'
[0.152s] Level 1:colcon.colcon_core.package_identification:_identify(install) ignored
[0.152s] Level 1:colcon.colcon_core.package_identification:_identify(log) by extensions ['ignore', 'ignore_ament_install']
[0.152s] Level 1:colcon.colcon_core.package_identification:_identify(log) by extension 'ignore'
[0.152s] Level 1:colcon.colcon_core.package_identification:_identify(log) ignored
[0.152s] Level 1:colcon.colcon_core.package_identification:_identify(src) by extensions ['ignore', 'ignore_ament_install']
[0.152s] Level 1:colcon.colcon_core.package_identification:_identify(src) by extension 'ignore'
[0.152s] Level 1:colcon.colcon_core.package_identification:_identify(src) by extension 'ignore_ament_install'
[0.152s] Level 1:colcon.colcon_core.package_identification:_identify(src) by extensions ['colcon_pkg']
[0.152s] Level 1:colcon.colcon_core.package_identification:_identify(src) by extension 'colcon_pkg'
[0.152s] Level 1:colcon.colcon_core.package_identification:_identify(src) by extensions ['colcon_meta']
[0.152s] Level 1:colcon.colcon_core.package_identification:_identify(src) by extension 'colcon_meta'
[0.152s] Level 1:colcon.colcon_core.package_identification:_identify(src) by extensions ['ros']
[0.152s] Level 1:colcon.colcon_core.package_identification:_identify(src) by extension 'ros'
[0.153s] Level 1:colcon.colcon_core.package_identification:_identify(src) by extensions ['cmake', 'python']
[0.153s] Level 1:colcon.colcon_core.package_identification:_identify(src) by extension 'cmake'
[0.153s] Level 1:colcon.colcon_core.package_identification:_identify(src) by extension 'python'
[0.153s] Level 1:colcon.colcon_core.package_identification:_identify(src) by extensions ['python_setup_py']
[0.153s] Level 1:colcon.colcon_core.package_identification:_identify(src) by extension 'python_setup_py'
[0.153s] Level 1:colcon.colcon_core.package_identification:_identify(src/docker) by extensions ['ignore', 'ignore_ament_install']
[0.153s] Level 1:colcon.colcon_core.package_identification:_identify(src/docker) by extension 'ignore'
[0.153s] Level 1:colcon.colcon_core.package_identification:_identify(src/docker) by extension 'ignore_ament_install'
[0.153s] Level 1:colcon.colcon_core.package_identification:_identify(src/docker) by extensions ['colcon_pkg']
[0.153s] Level 1:colcon.colcon_core.package_identification:_identify(src/docker) by extension 'colcon_pkg'
[0.153s] Level 1:colcon.colcon_core.package_identification:_identify(src/docker) by extensions ['colcon_meta']
[0.153s] Level 1:colcon.colcon_core.package_identification:_identify(src/docker) by extension 'colcon_meta'
[0.153s] Level 1:colcon.colcon_core.package_identification:_identify(src/docker) by extensions ['ros']
[0.153s] Level 1:colcon.colcon_core.package_identification:_identify(src/docker) by extension 'ros'
[0.153s] Level 1:colcon.colcon_core.package_identification:_identify(src/docker) by extensions ['cmake', 'python']
[0.153s] Level 1:colcon.colcon_core.package_identification:_identify(src/docker) by extension 'cmake'
[0.153s] Level 1:colcon.colcon_core.package_identification:_identify(src/docker) by extension 'python'
[0.153s] Level 1:colcon.colcon_core.package_identification:_identify(src/docker) by extensions ['python_setup_py']
[0.153s] Level 1:colcon.colcon_core.package_identification:_identify(src/docker) by extension 'python_setup_py'
[0.153s] Level 1:colcon.colcon_core.package_identification:_identify(src/gps_waypoints) by extensions ['ignore', 'ignore_ament_install']
[0.154s] Level 1:colcon.colcon_core.package_identification:_identify(src/gps_waypoints) by extension 'ignore'
[0.154s] Level 1:colcon.colcon_core.package_identification:_identify(src/gps_waypoints) by extension 'ignore_ament_install'
[0.154s] Level 1:colcon.colcon_core.package_identification:_identify(src/gps_waypoints) by extensions ['colcon_pkg']
[0.154s] Level 1:colcon.colcon_core.package_identification:_identify(src/gps_waypoints) by extension 'colcon_pkg'
[0.154s] Level 1:colcon.colcon_core.package_identification:_identify(src/gps_waypoints) by extensions ['colcon_meta']
[0.154s] Level 1:colcon.colcon_core.package_identification:_identify(src/gps_waypoints) by extension 'colcon_meta'
[0.154s] Level 1:colcon.colcon_core.package_identification:_identify(src/gps_waypoints) by extensions ['ros']
[0.154s] Level 1:colcon.colcon_core.package_identification:_identify(src/gps_waypoints) by extension 'ros'
[0.156s] DEBUG:colcon.colcon_core.package_identification:Package 'src/gps_waypoints' with type 'ros.ament_python' and name 'gps_waypoints'
[0.156s] Level 1:colcon.colcon_core.package_identification:_identify(src/images) by extensions ['ignore', 'ignore_ament_install']
[0.156s] Level 1:colcon.colcon_core.package_identification:_identify(src/images) by extension 'ignore'
[0.156s] Level 1:colcon.colcon_core.package_identification:_identify(src/images) by extension 'ignore_ament_install'
[0.156s] Level 1:colcon.colcon_core.package_identification:_identify(src/images) by extensions ['colcon_pkg']
[0.156s] Level 1:colcon.colcon_core.package_identification:_identify(src/images) by extension 'colcon_pkg'
[0.156s] Level 1:colcon.colcon_core.package_identification:_identify(src/images) by extensions ['colcon_meta']
[0.156s] Level 1:colcon.colcon_core.package_identification:_identify(src/images) by extension 'colcon_meta'
[0.156s] Level 1:colcon.colcon_core.package_identification:_identify(src/images) by extensions ['ros']
[0.156s] Level 1:colcon.colcon_core.package_identification:_identify(src/images) by extension 'ros'
[0.156s] Level 1:colcon.colcon_core.package_identification:_identify(src/images) by extensions ['cmake', 'python']
[0.156s] Level 1:colcon.colcon_core.package_identification:_identify(src/images) by extension 'cmake'
[0.156s] Level 1:colcon.colcon_core.package_identification:_identify(src/images) by extension 'python'
[0.157s] Level 1:colcon.colcon_core.package_identification:_identify(src/images) by extensions ['python_setup_py']
[0.157s] Level 1:colcon.colcon_core.package_identification:_identify(src/images) by extension 'python_setup_py'
[0.157s] Level 1:colcon.colcon_core.package_identification:_identify(src/vrx_gz) by extensions ['ignore', 'ignore_ament_install']
[0.157s] Level 1:colcon.colcon_core.package_identification:_identify(src/vrx_gz) by extension 'ignore'
[0.157s] Level 1:colcon.colcon_core.package_identification:_identify(src/vrx_gz) by extension 'ignore_ament_install'
[0.157s] Level 1:colcon.colcon_core.package_identification:_identify(src/vrx_gz) by extensions ['colcon_pkg']
[0.157s] Level 1:colcon.colcon_core.package_identification:_identify(src/vrx_gz) by extension 'colcon_pkg'
[0.157s] Level 1:colcon.colcon_core.package_identification:_identify(src/vrx_gz) by extensions ['colcon_meta']
[0.157s] Level 1:colcon.colcon_core.package_identification:_identify(src/vrx_gz) by extension 'colcon_meta'
[0.157s] Level 1:colcon.colcon_core.package_identification:_identify(src/vrx_gz) by extensions ['ros']
[0.157s] Level 1:colcon.colcon_core.package_identification:_identify(src/vrx_gz) by extension 'ros'
[0.157s] DEBUG:colcon.colcon_core.package_identification:Package 'src/vrx_gz' with type 'ros.ament_cmake' and name 'vrx_gz'
[0.158s] Level 1:colcon.colcon_core.package_identification:_identify(src/vrx_ros) by extensions ['ignore', 'ignore_ament_install']
[0.158s] Level 1:colcon.colcon_core.package_identification:_identify(src/vrx_ros) by extension 'ignore'
[0.158s] Level 1:colcon.colcon_core.package_identification:_identify(src/vrx_ros) by extension 'ignore_ament_install'
[0.158s] Level 1:colcon.colcon_core.package_identification:_identify(src/vrx_ros) by extensions ['colcon_pkg']
[0.158s] Level 1:colcon.colcon_core.package_identification:_identify(src/vrx_ros) by extension 'colcon_pkg'
[0.158s] Level 1:colcon.colcon_core.package_identification:_identify(src/vrx_ros) by extensions ['colcon_meta']
[0.158s] Level 1:colcon.colcon_core.package_identification:_identify(src/vrx_ros) by extension 'colcon_meta'
[0.158s] Level 1:colcon.colcon_core.package_identification:_identify(src/vrx_ros) by extensions ['ros']
[0.158s] Level 1:colcon.colcon_core.package_identification:_identify(src/vrx_ros) by extension 'ros'
[0.159s] DEBUG:colcon.colcon_core.package_identification:Package 'src/vrx_ros' with type 'ros.ament_cmake' and name 'vrx_ros'
[0.159s] Level 1:colcon.colcon_core.package_identification:_identify(src/vrx_urdf) by extensions ['ignore', 'ignore_ament_install']
[0.159s] Level 1:colcon.colcon_core.package_identification:_identify(src/vrx_urdf) by extension 'ignore'
[0.159s] Level 1:colcon.colcon_core.package_identification:_identify(src/vrx_urdf) by extension 'ignore_ament_install'
[0.159s] Level 1:colcon.colcon_core.package_identification:_identify(src/vrx_urdf) by extensions ['colcon_pkg']
[0.159s] Level 1:colcon.colcon_core.package_identification:_identify(src/vrx_urdf) by extension 'colcon_pkg'
[0.159s] Level 1:colcon.colcon_core.package_identification:_identify(src/vrx_urdf) by extensions ['colcon_meta']
[0.159s] Level 1:colcon.colcon_core.package_identification:_identify(src/vrx_urdf) by extension 'colcon_meta'
[0.159s] Level 1:colcon.colcon_core.package_identification:_identify(src/vrx_urdf) by extensions ['ros']
[0.159s] Level 1:colcon.colcon_core.package_identification:_identify(src/vrx_urdf) by extension 'ros'
[0.159s] Level 1:colcon.colcon_core.package_identification:_identify(src/vrx_urdf) by extensions ['cmake', 'python']
[0.159s] Level 1:colcon.colcon_core.package_identification:_identify(src/vrx_urdf) by extension 'cmake'
[0.159s] Level 1:colcon.colcon_core.package_identification:_identify(src/vrx_urdf) by extension 'python'
[0.159s] Level 1:colcon.colcon_core.package_identification:_identify(src/vrx_urdf) by extensions ['python_setup_py']
[0.159s] Level 1:colcon.colcon_core.package_identification:_identify(src/vrx_urdf) by extension 'python_setup_py'
[0.159s] Level 1:colcon.colcon_core.package_identification:_identify(src/vrx_urdf/vrx_gazebo) by extensions ['ignore', 'ignore_ament_install']
[0.160s] Level 1:colcon.colcon_core.package_identification:_identify(src/vrx_urdf/vrx_gazebo) by extension 'ignore'
[0.160s] Level 1:colcon.colcon_core.package_identification:_identify(src/vrx_urdf/vrx_gazebo) by extension 'ignore_ament_install'
[0.160s] Level 1:colcon.colcon_core.package_identification:_identify(src/vrx_urdf/vrx_gazebo) by extensions ['colcon_pkg']
[0.160s] Level 1:colcon.colcon_core.package_identification:_identify(src/vrx_urdf/vrx_gazebo) by extension 'colcon_pkg'
[0.160s] Level 1:colcon.colcon_core.package_identification:_identify(src/vrx_urdf/vrx_gazebo) by extensions ['colcon_meta']
[0.160s] Level 1:colcon.colcon_core.package_identification:_identify(src/vrx_urdf/vrx_gazebo) by extension 'colcon_meta'
[0.160s] Level 1:colcon.colcon_core.package_identification:_identify(src/vrx_urdf/vrx_gazebo) by extensions ['ros']
[0.160s] Level 1:colcon.colcon_core.package_identification:_identify(src/vrx_urdf/vrx_gazebo) by extension 'ros'
[0.160s] DEBUG:colcon.colcon_core.package_identification:Package 'src/vrx_urdf/vrx_gazebo' with type 'ros.ament_cmake' and name 'vrx_gazebo'
[0.160s] Level 1:colcon.colcon_core.package_identification:_identify(src/vrx_urdf/wamv_description) by extensions ['ignore', 'ignore_ament_install']
[0.160s] Level 1:colcon.colcon_core.package_identification:_identify(src/vrx_urdf/wamv_description) by extension 'ignore'
[0.160s] Level 1:colcon.colcon_core.package_identification:_identify(src/vrx_urdf/wamv_description) by extension 'ignore_ament_install'
[0.161s] Level 1:colcon.colcon_core.package_identification:_identify(src/vrx_urdf/wamv_description) by extensions ['colcon_pkg']
[0.161s] Level 1:colcon.colcon_core.package_identification:_identify(src/vrx_urdf/wamv_description) by extension 'colcon_pkg'
[0.161s] Level 1:colcon.colcon_core.package_identification:_identify(src/vrx_urdf/wamv_description) by extensions ['colcon_meta']
[0.161s] Level 1:colcon.colcon_core.package_identification:_identify(src/vrx_urdf/wamv_description) by extension 'colcon_meta'
[0.161s] Level 1:colcon.colcon_core.package_identification:_identify(src/vrx_urdf/wamv_description) by extensions ['ros']
[0.161s] Level 1:colcon.colcon_core.package_identification:_identify(src/vrx_urdf/wamv_description) by extension 'ros'
[0.161s] DEBUG:colcon.colcon_core.package_identification:Package 'src/vrx_urdf/wamv_description' with type 'ros.ament_cmake' and name 'wamv_description'
[0.161s] Level 1:colcon.colcon_core.package_identification:_identify(src/vrx_urdf/wamv_gazebo) by extensions ['ignore', 'ignore_ament_install']
[0.161s] Level 1:colcon.colcon_core.package_identification:_identify(src/vrx_urdf/wamv_gazebo) by extension 'ignore'
[0.161s] Level 1:colcon.colcon_core.package_identification:_identify(src/vrx_urdf/wamv_gazebo) by extension 'ignore_ament_install'
[0.161s] Level 1:colcon.colcon_core.package_identification:_identify(src/vrx_urdf/wamv_gazebo) by extensions ['colcon_pkg']
[0.162s] Level 1:colcon.colcon_core.package_identification:_identify(src/vrx_urdf/wamv_gazebo) by extension 'colcon_pkg'
[0.162s] Level 1:colcon.colcon_core.package_identification:_identify(src/vrx_urdf/wamv_gazebo) by extensions ['colcon_meta']
[0.162s] Level 1:colcon.colcon_core.package_identification:_identify(src/vrx_urdf/wamv_gazebo) by extension 'colcon_meta'
[0.162s] Level 1:colcon.colcon_core.package_identification:_identify(src/vrx_urdf/wamv_gazebo) by extensions ['ros']
[0.162s] Level 1:colcon.colcon_core.package_identification:_identify(src/vrx_urdf/wamv_gazebo) by extension 'ros'
[0.162s] DEBUG:colcon.colcon_core.package_identification:Package 'src/vrx_urdf/wamv_gazebo' with type 'ros.ament_cmake' and name 'wamv_gazebo'
[0.162s] Level 1:colcon.colcon_core.package_discovery:discover_packages(recursive) using defaults
[0.162s] Level 1:colcon.colcon_core.package_discovery:discover_packages(ignore) discover
[0.162s] Level 1:colcon.colcon_core.package_discovery:discover_packages(ignore) using defaults
[0.162s] Level 1:colcon.colcon_core.package_discovery:discover_packages(path) discover
[0.162s] Level 1:colcon.colcon_core.package_discovery:discover_packages(path) using defaults
[0.178s] INFO:colcon.colcon_core.package_selection:Skipping not selected package 'vrx_gazebo' in 'src/vrx_urdf/vrx_gazebo'
[0.178s] INFO:colcon.colcon_core.package_selection:Skipping not selected package 'vrx_ros' in 'src/vrx_ros'
[0.178s] INFO:colcon.colcon_core.package_selection:Skipping not selected package 'wamv_description' in 'src/vrx_urdf/wamv_description'
[0.178s] INFO:colcon.colcon_core.package_selection:Skipping not selected package 'wamv_gazebo' in 'src/vrx_urdf/wamv_gazebo'
[0.178s] INFO:colcon.colcon_core.package_selection:Skipping not selected package 'vrx_gz' in 'src/vrx_gz'
[0.179s] Level 1:colcon.colcon_core.package_discovery:discover_packages(prefix_path) check parameters
[0.179s] Level 1:colcon.colcon_core.package_discovery:discover_packages(prefix_path) discover
[0.180s] DEBUG:colcon.colcon_installed_package_information.package_discovery:Found 6 installed packages in /home/javier/vrx_ws/install
[0.181s] DEBUG:colcon.colcon_installed_package_information.package_discovery:Found 320 installed packages in /opt/ros/jazzy
[0.182s] Level 1:colcon.colcon_core.package_discovery:discover_packages(prefix_path) using defaults
[0.225s] Level 5:colcon.colcon_core.verb:set package 'gps_waypoints' build argument 'cmake_args' from command line to 'None'
[0.225s] Level 5:colcon.colcon_core.verb:set package 'gps_waypoints' build argument 'cmake_target' from command line to 'None'
[0.225s] Level 5:colcon.colcon_core.verb:set package 'gps_waypoints' build argument 'cmake_target_skip_unavailable' from command line to 'False'
[0.225s] Level 5:colcon.colcon_core.verb:set package 'gps_waypoints' build argument 'cmake_clean_cache' from command line to 'False'
[0.225s] Level 5:colcon.colcon_core.verb:set package 'gps_waypoints' build argument 'cmake_clean_first' from command line to 'False'
[0.225s] Level 5:colcon.colcon_core.verb:set package 'gps_waypoints' build argument 'cmake_force_configure' from command line to 'False'
[0.225s] Level 5:colcon.colcon_core.verb:set package 'gps_waypoints' build argument 'ament_cmake_args' from command line to 'None'
[0.225s] Level 5:colcon.colcon_core.verb:set package 'gps_waypoints' build argument 'catkin_cmake_args' from command line to 'None'
[0.225s] Level 5:colcon.colcon_core.verb:set package 'gps_waypoints' build argument 'catkin_skip_building_tests' from command line to 'False'
[0.225s] DEBUG:colcon.colcon_core.verb:Building package 'gps_waypoints' with the following arguments: {'ament_cmake_args': None, 'build_base': '/home/javier/vrx_ws/build/gps_waypoints', 'catkin_cmake_args': None, 'catkin_skip_building_tests': False, 'cmake_args': None, 'cmake_clean_cache': False, 'cmake_clean_first': False, 'cmake_force_configure': False, 'cmake_target': None, 'cmake_target_skip_unavailable': False, 'install_base': '/home/javier/vrx_ws/install', 'merge_install': True, 'path': '/home/javier/vrx_ws/src/gps_waypoints', 'symlink_install': False, 'test_result_base': None}
[0.225s] INFO:colcon.colcon_core.executor:Executing jobs using 'parallel' executor
[0.226s] DEBUG:colcon.colcon_parallel_executor.executor.parallel:run_until_complete
[0.226s] INFO:colcon.colcon_ros.task.ament_python.build:Building ROS package in '/home/javier/vrx_ws/src/gps_waypoints' with build type 'ament_python'
[0.226s] Level 1:colcon.colcon_core.shell:create_environment_hook('gps_waypoints', 'ament_prefix_path')
[0.228s] INFO:colcon.colcon_core.plugin_system:Skipping extension 'colcon_core.shell.bat': Not used on non-Windows systems
[0.228s] INFO:colcon.colcon_core.shell:Creating environment hook '/home/javier/vrx_ws/install/share/gps_waypoints/hook/ament_prefix_path.ps1'
[0.229s] INFO:colcon.colcon_core.shell:Creating environment descriptor '/home/javier/vrx_ws/install/share/gps_waypoints/hook/ament_prefix_path.dsv'
[0.229s] INFO:colcon.colcon_core.shell:Creating environment hook '/home/javier/vrx_ws/install/share/gps_waypoints/hook/ament_prefix_path.sh'
[0.230s] INFO:colcon.colcon_core.shell:Skip shell extension 'powershell' for command environment: Not usable outside of PowerShell
[0.230s] DEBUG:colcon.colcon_core.shell:Skip shell extension 'dsv' for command environment
[0.428s] WARNING:colcon.colcon_ros.task.ament_python.build:Package 'gps_waypoints' doesn't explicitly install a marker in the package index (colcon-ros currently does it implicitly but that fallback will be removed in the future)
[0.428s] WARNING:colcon.colcon_ros.task.ament_python.build:Package 'gps_waypoints' doesn't explicitly install the 'package.xml' file (colcon-ros currently does it implicitly but that fallback will be removed in the future)
[0.429s] INFO:colcon.colcon_core.task.python.build:Building Python package in '/home/javier/vrx_ws/src/gps_waypoints'
[0.429s] INFO:colcon.colcon_core.shell:Skip shell extension 'powershell' for command environment: Not usable outside of PowerShell
[0.429s] DEBUG:colcon.colcon_core.shell:Skip shell extension 'dsv' for command environment
[1.028s] DEBUG:colcon.colcon_core.event_handler.log_command:Invoking command in '/home/javier/vrx_ws/src/gps_waypoints': DEBUGINFOD_URLS=https://debuginfod.ubuntu.com PYTHONPATH=/home/javier/vrx_ws/build/gps_waypoints/prefix_override:/usr/lib/python3/dist-packages/colcon_core/task/python/colcon_distutils_commands:/home/javier/vrx_ws/install/lib/python3.12/site-packages:${PYTHONPATH} /usr/bin/python3 -W ignore:setup.py install is deprecated -W ignore:easy_install command is deprecated setup.py egg_info --egg-base ../../build/gps_waypoints build --build-base /home/javier/vrx_ws/build/gps_waypoints/build install --record /home/javier/vrx_ws/build/gps_waypoints/install.log --single-version-externally-managed
[1.551s] DEBUG:colcon.colcon_core.event_handler.log_command:Invoked command in '/home/javier/vrx_ws/src/gps_waypoints' returned '0': DEBUGINFOD_URLS=https://debuginfod.ubuntu.com PYTHONPATH=/home/javier/vrx_ws/build/gps_waypoints/prefix_override:/usr/lib/python3/dist-packages/colcon_core/task/python/colcon_distutils_commands:/home/javier/vrx_ws/install/lib/python3.12/site-packages:${PYTHONPATH} /usr/bin/python3 -W ignore:setup.py install is deprecated -W ignore:easy_install command is deprecated setup.py egg_info --egg-base ../../build/gps_waypoints build --build-base /home/javier/vrx_ws/build/gps_waypoints/build install --record /home/javier/vrx_ws/build/gps_waypoints/install.log --single-version-externally-managed
[1.554s] Level 1:colcon.colcon_core.environment:checking '/home/javier/vrx_ws/install' for CMake module files
[1.555s] Level 1:colcon.colcon_core.environment:checking '/home/javier/vrx_ws/install' for CMake config files
[1.555s] Level 1:colcon.colcon_core.shell:create_environment_hook('gps_waypoints', 'cmake_prefix_path')
[1.555s] INFO:colcon.colcon_core.shell:Creating environment hook '/home/javier/vrx_ws/install/share/gps_waypoints/hook/cmake_prefix_path.ps1'
[1.555s] INFO:colcon.colcon_core.shell:Creating environment descriptor '/home/javier/vrx_ws/install/share/gps_waypoints/hook/cmake_prefix_path.dsv'
[1.556s] INFO:colcon.colcon_core.shell:Creating environment hook '/home/javier/vrx_ws/install/share/gps_waypoints/hook/cmake_prefix_path.sh'
[1.556s] Level 1:colcon.colcon_core.environment:checking '/home/javier/vrx_ws/install/lib'
[1.557s] Level 1:colcon.colcon_core.shell:create_environment_hook('gps_waypoints', 'ld_library_path_lib')
[1.557s] INFO:colcon.colcon_core.shell:Creating environment hook '/home/javier/vrx_ws/install/share/gps_waypoints/hook/ld_library_path_lib.ps1'
[1.557s] INFO:colcon.colcon_core.shell:Creating environment descriptor '/home/javier/vrx_ws/install/share/gps_waypoints/hook/ld_library_path_lib.dsv'
[1.557s] INFO:colcon.colcon_core.shell:Creating environment hook '/home/javier/vrx_ws/install/share/gps_waypoints/hook/ld_library_path_lib.sh'
[1.558s] Level 1:colcon.colcon_core.environment:checking '/home/javier/vrx_ws/install/bin'
[1.558s] Level 1:colcon.colcon_core.shell:create_environment_hook('gps_waypoints', 'path')
[1.558s] INFO:colcon.colcon_core.shell:Creating environment hook '/home/javier/vrx_ws/install/share/gps_waypoints/hook/path.ps1'
[1.558s] INFO:colcon.colcon_core.shell:Creating environment descriptor '/home/javier/vrx_ws/install/share/gps_waypoints/hook/path.dsv'
[1.559s] INFO:colcon.colcon_core.shell:Creating environment hook '/home/javier/vrx_ws/install/share/gps_waypoints/hook/path.sh'
[1.559s] Level 1:colcon.colcon_core.environment:checking '/home/javier/vrx_ws/install/lib/pkgconfig/gps_waypoints.pc'
[1.559s] Level 1:colcon.colcon_core.environment:checking '/home/javier/vrx_ws/install/lib/python3.12/site-packages'
[1.559s] Level 1:colcon.colcon_core.shell:create_environment_hook('gps_waypoints', 'pythonpath')
[1.559s] INFO:colcon.colcon_core.shell:Creating environment hook '/home/javier/vrx_ws/install/share/gps_waypoints/hook/pythonpath.ps1'
[1.560s] INFO:colcon.colcon_core.shell:Creating environment descriptor '/home/javier/vrx_ws/install/share/gps_waypoints/hook/pythonpath.dsv'
[1.560s] INFO:colcon.colcon_core.shell:Creating environment hook '/home/javier/vrx_ws/install/share/gps_waypoints/hook/pythonpath.sh'
[1.560s] Level 1:colcon.colcon_core.environment:checking '/home/javier/vrx_ws/install/bin'
[1.561s] Level 1:colcon.colcon_core.shell:create_environment_hook('gps_waypoints', 'pythonscriptspath')
[1.561s] INFO:colcon.colcon_core.shell:Creating environment hook '/home/javier/vrx_ws/install/share/gps_waypoints/hook/pythonscriptspath.ps1'
[1.561s] INFO:colcon.colcon_core.shell:Creating environment descriptor '/home/javier/vrx_ws/install/share/gps_waypoints/hook/pythonscriptspath.dsv'
[1.561s] INFO:colcon.colcon_core.shell:Creating environment hook '/home/javier/vrx_ws/install/share/gps_waypoints/hook/pythonscriptspath.sh'
[1.562s] Level 1:colcon.colcon_core.environment:create_environment_scripts_only(gps_waypoints)
[1.562s] INFO:colcon.colcon_core.shell:Creating package script '/home/javier/vrx_ws/install/share/gps_waypoints/package.ps1'
[1.563s] INFO:colcon.colcon_core.shell:Creating package descriptor '/home/javier/vrx_ws/install/share/gps_waypoints/package.dsv'
[1.563s] INFO:colcon.colcon_core.shell:Creating package script '/home/javier/vrx_ws/install/share/gps_waypoints/package.sh'
[1.564s] INFO:colcon.colcon_core.shell:Creating package script '/home/javier/vrx_ws/install/share/gps_waypoints/package.bash'
[1.565s] INFO:colcon.colcon_core.shell:Creating package script '/home/javier/vrx_ws/install/share/gps_waypoints/package.zsh'
[1.565s] Level 1:colcon.colcon_core.environment:create_file_with_runtime_dependencies(/home/javier/vrx_ws/install/share/colcon-core/packages/gps_waypoints)
[1.566s] DEBUG:colcon.colcon_parallel_executor.executor.parallel:closing loop
[1.566s] DEBUG:colcon.colcon_parallel_executor.executor.parallel:loop closed
[1.566s] DEBUG:colcon.colcon_parallel_executor.executor.parallel:run_until_complete finished with '0'
[1.566s] DEBUG:colcon.colcon_core.event_reactor:joining thread
[1.571s] INFO:colcon.colcon_core.plugin_system:Skipping extension 'colcon_notification.desktop_notification.terminal_notifier': Not used on non-Darwin systems
[1.571s] INFO:colcon.colcon_core.plugin_system:Skipping extension 'colcon_notification.desktop_notification.win32': Not used on non-Windows systems
[1.571s] INFO:colcon.colcon_notification.desktop_notification:Sending desktop notification using 'notify2'
[1.581s] DEBUG:colcon.colcon_core.event_reactor:joined thread
[1.582s] INFO:colcon.colcon_core.shell:Creating prefix script '/home/javier/vrx_ws/install/local_setup.ps1'
[1.583s] INFO:colcon.colcon_core.shell:Creating prefix util module '/home/javier/vrx_ws/install/_local_setup_util_ps1.py'
[1.584s] INFO:colcon.colcon_core.shell:Creating prefix chain script '/home/javier/vrx_ws/install/setup.ps1'
[1.586s] INFO:colcon.colcon_core.shell:Creating prefix script '/home/javier/vrx_ws/install/local_setup.sh'
[1.586s] INFO:colcon.colcon_core.shell:Creating prefix util module '/home/javier/vrx_ws/install/_local_setup_util_sh.py'
[1.587s] INFO:colcon.colcon_core.shell:Creating prefix chain script '/home/javier/vrx_ws/install/setup.sh'
[1.588s] INFO:colcon.colcon_core.shell:Creating prefix script '/home/javier/vrx_ws/install/local_setup.bash'
[1.589s] INFO:colcon.colcon_core.shell:Creating prefix chain script '/home/javier/vrx_ws/install/setup.bash'
[1.590s] INFO:colcon.colcon_core.shell:Creating prefix script '/home/javier/vrx_ws/install/local_setup.zsh'
[1.591s] INFO:colcon.colcon_core.shell:Creating prefix chain script '/home/javier/vrx_ws/install/setup.zsh'
