[0.009s] Invoking command in '/home/javier/vrx_ws/build/vrx_gz': AMENT_PREFIX_PATH=/home/javier/vrx_ws/install:${AMENT_PREFIX_PATH} CMAKE_PREFIX_PATH=/home/javier/vrx_ws/install:/opt/ros/jazzy/opt/gz_sim_vendor:/opt/ros/jazzy/opt/gz_sensors_vendor:/opt/ros/jazzy/opt/gz_physics_vendor:/opt/ros/jazzy/opt/sdformat_vendor:/opt/ros/jazzy/opt/gz_gui_vendor:/opt/ros/jazzy/opt/gz_transport_vendor:/opt/ros/jazzy/opt/gz_rendering_vendor:/opt/ros/jazzy/opt/gz_plugin_vendor:/opt/ros/jazzy/opt/gz_fuel_tools_vendor:/opt/ros/jazzy/opt/gz_msgs_vendor:/opt/ros/jazzy/opt/gz_common_vendor:/opt/ros/jazzy/opt/gz_math_vendor:/opt/ros/jazzy/opt/gz_utils_vendor:/opt/ros/jazzy/opt/gz_tools_vendor:/opt/ros/jazzy/opt/gz_ogre_next_vendor:/opt/ros/jazzy/opt/gz_dartsim_vendor:/opt/ros/jazzy/opt/gz_cmake_vendor:/opt/ros/jazzy DEBUGINFOD_URLS=https://debuginfod.ubuntu.com GZ_SIM_RESOURCE_PATH=/home/javier/vrx_ws/install/share/wamv_description/models:/home/javier/vrx_ws/install/share/vrx_gazebo/models:/home/javier/vrx_ws/install/share:${GZ_SIM_RESOURCE_PATH} PYTHONPATH=/home/javier/vrx_ws/install/lib/python3.12/site-packages:${PYTHONPATH} /usr/bin/cmake /home/javier/vrx_ws/src/vrx_gz -DCMAKE_INSTALL_PREFIX=/home/javier/vrx_ws/install
[0.051s] -- The C compiler identification is GNU 13.3.0
[0.098s] -- The CXX compiler identification is GNU 13.3.0
[0.110s] -- Detecting C compiler ABI info
[0.176s] -- Detecting C compiler ABI info - done
[0.185s] -- Check for working C compiler: /usr/bin/cc - skipped
[0.185s] -- Detecting C compile features
[0.186s] -- Detecting C compile features - done
[0.193s] -- Detecting CXX compiler ABI info
[0.292s] -- Detecting CXX compiler ABI info - done
[0.301s] -- Check for working CXX compiler: /usr/bin/c++ - skipped
[0.301s] -- Detecting CXX compile features
[0.302s] -- Detecting CXX compile features - done
[0.303s] -- Performing Test COMPILER_SUPPORTS_CXX17
[0.375s] -- Performing Test COMPILER_SUPPORTS_CXX17 - Success
[0.378s] -- Found ament_cmake: 2.5.5 (/opt/ros/jazzy/share/ament_cmake/cmake)
[0.509s] -- Found Python3: /usr/bin/python3 (found version "3.12.3") found components: Interpreter 
[0.629s] -- Looking for gz-sim8 -- found version 8.10.0
[0.637s] -- Searching for dependencies of gz-sim8
[0.638s] -- Looking for sdformat14 -- found version 14.8.0
[0.638s] -- Searching for dependencies of sdformat14
[0.644s] -- Checking for module 'tinyxml2'
[0.654s] --   Found tinyxml2, version 10.0.0
[0.688s] -- Looking for gz-math7 -- found version 7.5.2
[0.688s] -- Searching for dependencies of gz-math7
[0.690s] -- Looking for gz-utils2 -- found version 2.2.1
[0.691s] -- Searching for dependencies of gz-utils2
[0.693s] -- Looking for gz-utils2 -- found version 2.2.1
[0.693s] -- Searching for dependencies of gz-utils2
[0.693s] -- Searching for <gz-utils2> component [cli]
[0.696s] -- Looking for gz-utils2-cli -- found version 2.2.1
[0.696s] -- Searching for dependencies of gz-utils2-cli
[0.701s] -- Looking for gz-plugin2 -- found version 2.0.4
[0.701s] -- Searching for dependencies of gz-plugin2
[0.701s] -- Looking for gz-utils2 -- found version 2.2.1
[0.703s] -- Searching for <gz-plugin2> component [loader]
[0.705s] -- Looking for gz-plugin2-loader -- found version 2.0.4
[0.705s] -- Searching for dependencies of gz-plugin2-loader
[0.706s] -- Searching for <gz-plugin2> component [register]
[0.709s] -- Looking for gz-plugin2-register -- found version 2.0.4
[0.709s] -- Searching for dependencies of gz-plugin2-register
[0.712s] -- Looking for gz-transport13 -- found version 13.5.0
[0.712s] -- Searching for dependencies of gz-transport13
[0.825s] -- Found Protobuf: /usr/lib/x86_64-linux-gnu/libprotobuf.so (found version "3.21.12") 
[0.836s] -- Config-file not installed for ZeroMQ -- checking for pkg-config
[0.840s] -- Checking for module 'libzmq >= 4'
[0.851s] --   Found libzmq, version 4.3.5
[0.886s] -- Found ZeroMQ: TRUE (Required is at least version "4") 
[0.891s] -- Checking for module 'uuid'
[0.902s] --   Found uuid, version 2.39.3
[0.926s] -- Found UUID: TRUE  
[0.927s] -- Looking for gz-utils2 -- found version 2.2.1
[0.928s] -- Looking for gz-msgs10 -- found version 10.3.2
[0.928s] -- Searching for dependencies of gz-msgs10
[0.945s] -- Looking for gz-utils2 -- found version 2.2.1
[0.945s] -- Looking for gz-math7 -- found version 7.5.2
[0.951s] -- Searching for <gz-transport13> component [log]
[0.953s] -- Looking for gz-transport13-log -- found version 13.5.0
[0.954s] -- Searching for dependencies of gz-transport13-log
[0.954s] -- Searching for <gz-transport13> component [parameters]
[0.956s] -- Looking for gz-transport13-parameters -- found version 13.5.0
[0.956s] -- Searching for dependencies of gz-transport13-parameters
[0.957s] -- Looking for gz-msgs10 -- found version 10.3.2
[0.959s] -- Looking for gz-common5 -- found version 5.7.1
[0.960s] -- Searching for dependencies of gz-common5
[0.960s] -- Looking for gz-utils2 -- found version 2.2.1
[0.961s] -- Looking for dlfcn.h - found
[0.962s] -- Looking for libdl - found
[0.963s] -- Found DL: TRUE  
[0.969s] -- Searching for <gz-common5> component [av]
[0.971s] -- Looking for gz-common5-av -- found version 5.7.1
[0.971s] -- Searching for dependencies of gz-common5-av
[0.975s] -- Checking for module 'libswscale'
[0.986s] --   Found libswscale, version 7.5.100
[1.008s] -- Found SWSCALE: TRUE  
[1.012s] -- Checking for module 'libavdevice >= 56.4.100'
[1.023s] --   Found libavdevice, version 60.3.100
[1.055s] -- Found AVDEVICE: TRUE (Required is at least version "56.4.100") 
[1.060s] -- Checking for module 'libavformat'
[1.071s] --   Found libavformat, version 60.16.100
[1.095s] -- Found AVFORMAT: TRUE  
[1.099s] -- Checking for module 'libavcodec'
[1.109s] --   Found libavcodec, version 60.31.102
[1.133s] -- Found AVCODEC: TRUE  
[1.137s] -- Checking for module 'libavutil'
[1.147s] --   Found libavutil, version 58.29.100
[1.170s] -- Found AVUTIL: TRUE  
[1.171s] -- Searching for <gz-common5> component [events]
[1.173s] -- Looking for gz-common5-events -- found version 5.7.1
[1.173s] -- Searching for dependencies of gz-common5-events
[1.173s] -- Looking for gz-math7 -- found version 7.5.2
[1.174s] -- Searching for <gz-common5> component [graphics]
[1.176s] -- Looking for gz-common5-graphics -- found version 5.7.1
[1.176s] -- Searching for dependencies of gz-common5-graphics
[1.176s] -- Looking for gz-math7 -- found version 7.5.2
[1.181s] -- Found GzAssimp: TRUE (found version "5.3.0") 
[1.182s] -- Searching for <gz-common5> component [io]
[1.184s] -- Looking for gz-common5-io -- found version 5.7.1
[1.184s] -- Searching for dependencies of gz-common5-io
[1.185s] -- Searching for <gz-common5> component [profiler]
[1.186s] -- Looking for gz-common5-profiler -- found version 5.7.1
[1.187s] -- Searching for dependencies of gz-common5-profiler
[1.190s] -- Looking for gz-fuel_tools9 -- found version 9.1.1
[1.190s] -- Searching for dependencies of gz-fuel_tools9
[1.253s] -- Found CURL: /usr/lib/x86_64-linux-gnu/libcurl.so (found version "8.5.0")  
[1.263s] -- Checking for module 'jsoncpp'
[1.273s] --   Found jsoncpp, version 1.9.5
[1.295s] -- Found JSONCPP: TRUE  
[1.309s] -- Checking for module 'yaml-0.1'
[1.319s] --   Found yaml-0.1, version 0.2.5
[1.341s] -- Found YAML: TRUE  
[1.345s] -- Checking for module 'libzip'
[1.355s] --   Found libzip, version 1.7.3
[1.378s] -- Found ZIP: TRUE  
[1.378s] -- Looking for gz-utils2 -- found version 2.2.1
[1.379s] -- Looking for gz-common5 -- found version 5.7.1
[1.379s] -- Searching for dependencies of gz-common5
[1.379s] -- Looking for gz-utils2 -- found version 2.2.1
[1.379s] -- Looking for dlfcn.h - found
[1.379s] -- Looking for libdl - found
[1.385s] -- Searching for <gz-common5> component [testing]
[1.387s] -- Looking for gz-common5-testing -- found version 5.7.1
[1.388s] -- Searching for dependencies of gz-common5-testing
[1.389s] -- Looking for gz-math7 -- found version 7.5.2
[1.389s] -- Looking for gz-msgs10 -- found version 10.3.2
[1.392s] -- Looking for gz-gui8 -- found version 8.4.0
[1.393s] -- Searching for dependencies of gz-gui8
[1.413s] -- Looking for gz-utils2 -- found version 2.2.1
[1.414s] -- Looking for gz-math7 -- found version 7.5.2
[1.414s] -- Looking for gz-common5 -- found version 5.7.1
[1.414s] -- Looking for gz-plugin2 -- found version 2.0.4
[1.415s] -- Looking for gz-transport13 -- found version 13.5.0
[1.417s] -- Looking for gz-rendering8 -- found version 8.2.3
[1.417s] -- Searching for dependencies of gz-rendering8
[1.418s] -- Looking for gz-math7 -- found version 7.5.2
[1.418s] -- Searching for dependencies of gz-math7
[1.418s] -- Looking for gz-utils2 -- found version 2.2.1
[1.418s] -- Searching for <gz-math7> component [eigen3]
[1.420s] -- Looking for gz-math7-eigen3 -- found version 7.5.2
[1.420s] -- Searching for dependencies of gz-math7-eigen3
[1.429s] -- Looking for gz-common5 -- found version 5.7.1
[1.430s] -- Searching for dependencies of gz-common5
[1.430s] -- Looking for gz-utils2 -- found version 2.2.1
[1.430s] -- Looking for dlfcn.h - found
[1.430s] -- Looking for libdl - found
[1.436s] -- Searching for <gz-common5> component [graphics]
[1.436s] -- Searching for <gz-common5> component [events]
[1.436s] -- Searching for <gz-common5> component [geospatial]
[1.438s] -- Looking for gz-common5-geospatial -- found version 5.7.1
[1.438s] -- Searching for dependencies of gz-common5-geospatial
[1.438s] -- Looking for gz-math7 -- found version 7.5.2
[1.439s] -- Looking for gz-common5 -- found version 5.7.1
[1.440s] -- Looking for gz-plugin2 -- found version 2.0.4
[1.440s] -- Searching for dependencies of gz-plugin2
[1.441s] -- Looking for gz-utils2 -- found version 2.2.1
[1.441s] -- Searching for <gz-plugin2> component [all]
[1.443s] -- Looking for all libraries of gz-plugin2 -- found version 2.0.4
[1.443s] -- Looking for gz-plugin2 -- found version 2.0.4
[1.444s] -- Looking for gz-utils2 -- found version 2.2.1
[1.455s] -- Found OpenGL: /usr/lib/x86_64-linux-gnu/libOpenGL.so  found components: OpenGL 
[1.457s] -- Looking for gz-msgs10 -- found version 10.3.2
[1.512s] -- Looking for gz-physics7 -- found version 7.6.0
[1.512s] -- Searching for dependencies of gz-physics7
[1.512s] -- Looking for gz-common5 -- found version 5.7.1
[1.513s] -- Looking for gz-math7 -- found version 7.5.2
[1.513s] -- Looking for gz-plugin2 -- found version 2.0.4
[1.513s] -- Looking for gz-utils2 -- found version 2.2.1
[1.515s] -- Searching for <gz-physics7> component [heightmap]
[1.517s] -- Looking for gz-physics7-heightmap -- found version 7.6.0
[1.517s] -- Searching for dependencies of gz-physics7-heightmap
[1.517s] -- Looking for gz-common5 -- found version 5.7.1
[1.518s] -- Searching for <gz-physics7> component [mesh]
[1.519s] -- Looking for gz-physics7-mesh -- found version 7.6.0
[1.520s] -- Searching for dependencies of gz-physics7-mesh
[1.520s] -- Looking for gz-common5 -- found version 5.7.1
[1.520s] -- Searching for <gz-physics7> component [sdf]
[1.522s] -- Looking for gz-physics7-sdf -- found version 7.6.0
[1.522s] -- Searching for dependencies of gz-physics7-sdf
[1.523s] -- Looking for sdformat14 -- found version 14.8.0
[1.529s] -- Looking for gz-sensors8 -- found version 8.2.2
[1.529s] -- Searching for dependencies of gz-sensors8
[1.546s] -- Looking for gz-math7 -- found version 7.5.2
[1.546s] -- Looking for gz-common5 -- found version 5.7.1
[1.547s] -- Looking for gz-transport13 -- found version 13.5.0
[1.547s] -- Looking for gz-rendering8 -- found version 8.2.3
[1.548s] -- Looking for gz-msgs10 -- found version 10.3.2
[1.548s] -- Looking for sdformat14 -- found version 14.8.0
[1.549s] -- Searching for <gz-sensors8> component [air_pressure]
[1.550s] -- Looking for gz-sensors8-air_pressure -- found version 8.2.2
[1.551s] -- Searching for dependencies of gz-sensors8-air_pressure
[1.551s] -- Searching for <gz-sensors8> component [air_speed]
[1.553s] -- Looking for gz-sensors8-air_speed -- found version 8.2.2
[1.553s] -- Searching for dependencies of gz-sensors8-air_speed
[1.554s] -- Searching for <gz-sensors8> component [altimeter]
[1.555s] -- Looking for gz-sensors8-altimeter -- found version 8.2.2
[1.555s] -- Searching for dependencies of gz-sensors8-altimeter
[1.556s] -- Searching for <gz-sensors8> component [imu]
[1.557s] -- Looking for gz-sensors8-imu -- found version 8.2.2
[1.557s] -- Searching for dependencies of gz-sensors8-imu
[1.558s] -- Searching for <gz-sensors8> component [force_torque]
[1.559s] -- Looking for gz-sensors8-force_torque -- found version 8.2.2
[1.559s] -- Searching for dependencies of gz-sensors8-force_torque
[1.560s] -- Searching for <gz-sensors8> component [logical_camera]
[1.561s] -- Looking for gz-sensors8-logical_camera -- found version 8.2.2
[1.561s] -- Searching for dependencies of gz-sensors8-logical_camera
[1.562s] -- Searching for <gz-sensors8> component [magnetometer]
[1.563s] -- Looking for gz-sensors8-magnetometer -- found version 8.2.2
[1.563s] -- Searching for dependencies of gz-sensors8-magnetometer
[1.564s] -- Searching for <gz-sensors8> component [navsat]
[1.565s] -- Looking for gz-sensors8-navsat -- found version 8.2.2
[1.565s] -- Searching for dependencies of gz-sensors8-navsat
[1.566s] -- Searching for <gz-sensors8> component [dvl]
[1.567s] -- Looking for gz-sensors8-dvl -- found version 8.2.2
[1.567s] -- Searching for dependencies of gz-sensors8-dvl
[1.568s] -- Looking for gz-sensors8 -- found version 8.2.2
[1.568s] -- Searching for dependencies of gz-sensors8
[1.585s] -- Looking for gz-math7 -- found version 7.5.2
[1.585s] -- Looking for gz-common5 -- found version 5.7.1
[1.585s] -- Looking for gz-transport13 -- found version 13.5.0
[1.586s] -- Looking for gz-rendering8 -- found version 8.2.3
[1.586s] -- Looking for gz-msgs10 -- found version 10.3.2
[1.586s] -- Looking for sdformat14 -- found version 14.8.0
[1.587s] -- Searching for <gz-sensors8> component [rendering]
[1.588s] -- Looking for gz-sensors8-rendering -- found version 8.2.2
[1.588s] -- Searching for dependencies of gz-sensors8-rendering
[1.590s] -- Searching for <gz-sensors8> component [rendering]
[1.590s] -- Searching for <gz-sensors8> component [lidar]
[1.591s] -- Looking for gz-sensors8-lidar -- found version 8.2.2
[1.591s] -- Searching for dependencies of gz-sensors8-lidar
[1.592s] -- Looking for gz-sensors8 -- found version 8.2.2
[1.593s] -- Searching for <gz-sensors8> component [gpu_lidar]
[1.594s] -- Looking for gz-sensors8-gpu_lidar -- found version 8.2.2
[1.594s] -- Searching for dependencies of gz-sensors8-gpu_lidar
[1.595s] -- Looking for gz-sensors8 -- found version 8.2.2
[1.596s] -- Searching for <gz-sensors8> component [camera]
[1.597s] -- Looking for gz-sensors8-camera -- found version 8.2.2
[1.597s] -- Searching for dependencies of gz-sensors8-camera
[1.597s] -- Looking for gz-sensors8 -- found version 8.2.2
[1.598s] -- Searching for <gz-sensors8> component [boundingbox_camera]
[1.599s] -- Looking for gz-sensors8-boundingbox_camera -- found version 8.2.2
[1.600s] -- Searching for dependencies of gz-sensors8-boundingbox_camera
[1.600s] -- Searching for <gz-sensors8> component [segmentation_camera]
[1.602s] -- Looking for gz-sensors8-segmentation_camera -- found version 8.2.2
[1.602s] -- Searching for dependencies of gz-sensors8-segmentation_camera
[1.603s] -- Searching for <gz-sensors8> component [depth_camera]
[1.604s] -- Looking for gz-sensors8-depth_camera -- found version 8.2.2
[1.604s] -- Searching for dependencies of gz-sensors8-depth_camera
[1.605s] -- Looking for gz-sensors8 -- found version 8.2.2
[1.606s] -- Searching for <gz-sensors8> component [rgbd_camera]
[1.607s] -- Looking for gz-sensors8-rgbd_camera -- found version 8.2.2
[1.607s] -- Searching for dependencies of gz-sensors8-rgbd_camera
[1.607s] -- Looking for gz-sensors8 -- found version 8.2.2
[1.608s] -- Searching for <gz-sensors8> component [thermal_camera]
[1.609s] -- Looking for gz-sensors8-thermal_camera -- found version 8.2.2
[1.609s] -- Searching for dependencies of gz-sensors8-thermal_camera
[1.610s] -- Looking for gz-sensors8 -- found version 8.2.2
[1.611s] -- Searching for <gz-sensors8> component [wide_angle_camera]
[1.612s] -- Looking for gz-sensors8-wide_angle_camera -- found version 8.2.2
[1.612s] -- Searching for dependencies of gz-sensors8-wide_angle_camera
[1.613s] -- Looking for gz-rendering8 -- found version 8.2.3
[1.613s] -- Looking for gz-math7 -- found version 7.5.2
[1.614s] -- Looking for gz-utils2 -- found version 2.2.1
[1.632s] -- Looking for gz-common5 -- found version 5.7.1
[1.633s] -- Looking for gz-fuel_tools9 -- found version 9.1.1
[1.633s] -- Looking for gz-math7 -- found version 7.5.2
[1.633s] -- Looking for gz-msgs10 -- found version 10.3.2
[1.634s] -- Looking for gz-transport13 -- found version 13.5.0
[1.634s] -- Looking for gz-plugin2 -- found version 2.0.4
[1.635s] -- Looking for gz-rendering8 -- found version 8.2.3
[1.635s] -- Looking for gz-sensors8 -- found version 8.2.2
[1.635s] -- Looking for gz-utils2 -- found version 2.2.1
[1.636s] -- Looking for sdformat14 -- found version 14.8.0
[1.638s] -- Found std_msgs: 5.3.6 (/opt/ros/jazzy/share/std_msgs/cmake)
[1.676s] -- Found rosidl_generator_c: 4.6.7 (/opt/ros/jazzy/share/rosidl_generator_c/cmake)
[1.691s] -- Found rosidl_generator_cpp: 4.6.7 (/opt/ros/jazzy/share/rosidl_generator_cpp/cmake)
[1.709s] -- Using all available rosidl_typesupport_c: rosidl_typesupport_fastrtps_c;rosidl_typesupport_introspection_c
[1.729s] -- Using all available rosidl_typesupport_cpp: rosidl_typesupport_fastrtps_cpp;rosidl_typesupport_introspection_cpp
[1.936s] -- Configuring done (1.9s)
[2.071s] -- Generating done (0.1s)
[2.095s] -- Build files have been written to: /home/javier/vrx_ws/build/vrx_gz
[2.107s] Invoked command in '/home/javier/vrx_ws/build/vrx_gz' returned '0': AMENT_PREFIX_PATH=/home/javier/vrx_ws/install:${AMENT_PREFIX_PATH} CMAKE_PREFIX_PATH=/home/javier/vrx_ws/install:/opt/ros/jazzy/opt/gz_sim_vendor:/opt/ros/jazzy/opt/gz_sensors_vendor:/opt/ros/jazzy/opt/gz_physics_vendor:/opt/ros/jazzy/opt/sdformat_vendor:/opt/ros/jazzy/opt/gz_gui_vendor:/opt/ros/jazzy/opt/gz_transport_vendor:/opt/ros/jazzy/opt/gz_rendering_vendor:/opt/ros/jazzy/opt/gz_plugin_vendor:/opt/ros/jazzy/opt/gz_fuel_tools_vendor:/opt/ros/jazzy/opt/gz_msgs_vendor:/opt/ros/jazzy/opt/gz_common_vendor:/opt/ros/jazzy/opt/gz_math_vendor:/opt/ros/jazzy/opt/gz_utils_vendor:/opt/ros/jazzy/opt/gz_tools_vendor:/opt/ros/jazzy/opt/gz_ogre_next_vendor:/opt/ros/jazzy/opt/gz_dartsim_vendor:/opt/ros/jazzy/opt/gz_cmake_vendor:/opt/ros/jazzy DEBUGINFOD_URLS=https://debuginfod.ubuntu.com GZ_SIM_RESOURCE_PATH=/home/javier/vrx_ws/install/share/wamv_description/models:/home/javier/vrx_ws/install/share/vrx_gazebo/models:/home/javier/vrx_ws/install/share:${GZ_SIM_RESOURCE_PATH} PYTHONPATH=/home/javier/vrx_ws/install/lib/python3.12/site-packages:${PYTHONPATH} /usr/bin/cmake /home/javier/vrx_ws/src/vrx_gz -DCMAKE_INSTALL_PREFIX=/home/javier/vrx_ws/install
[2.108s] Invoking command in '/home/javier/vrx_ws/build/vrx_gz': AMENT_PREFIX_PATH=/home/javier/vrx_ws/install:${AMENT_PREFIX_PATH} CMAKE_PREFIX_PATH=/home/javier/vrx_ws/install:/opt/ros/jazzy/opt/gz_sim_vendor:/opt/ros/jazzy/opt/gz_sensors_vendor:/opt/ros/jazzy/opt/gz_physics_vendor:/opt/ros/jazzy/opt/sdformat_vendor:/opt/ros/jazzy/opt/gz_gui_vendor:/opt/ros/jazzy/opt/gz_transport_vendor:/opt/ros/jazzy/opt/gz_rendering_vendor:/opt/ros/jazzy/opt/gz_plugin_vendor:/opt/ros/jazzy/opt/gz_fuel_tools_vendor:/opt/ros/jazzy/opt/gz_msgs_vendor:/opt/ros/jazzy/opt/gz_common_vendor:/opt/ros/jazzy/opt/gz_math_vendor:/opt/ros/jazzy/opt/gz_utils_vendor:/opt/ros/jazzy/opt/gz_tools_vendor:/opt/ros/jazzy/opt/gz_ogre_next_vendor:/opt/ros/jazzy/opt/gz_dartsim_vendor:/opt/ros/jazzy/opt/gz_cmake_vendor:/opt/ros/jazzy DEBUGINFOD_URLS=https://debuginfod.ubuntu.com GZ_SIM_RESOURCE_PATH=/home/javier/vrx_ws/install/share/wamv_description/models:/home/javier/vrx_ws/install/share/vrx_gazebo/models:/home/javier/vrx_ws/install/share:${GZ_SIM_RESOURCE_PATH} PYTHONPATH=/home/javier/vrx_ws/install/lib/python3.12/site-packages:${PYTHONPATH} /usr/bin/cmake --build /home/javier/vrx_ws/build/vrx_gz -- -j8 -l8
[2.149s] [  4%] [32mBuilding CXX object CMakeFiles/Waves.dir/src/Wavefield.cc.o[0m
[2.149s] [  4%] [32mBuilding CXX object CMakeFiles/ScoringPlugin.dir/src/ScoringPlugin.cc.o[0m
[2.156s] [  4%] Built target ament_cmake_python_copy_vrx_gz
[2.360s] running egg_info
[2.361s] creating vrx_gz.egg-info
[2.381s] writing vrx_gz.egg-info/PKG-INFO
[2.381s] writing dependency_links to vrx_gz.egg-info/dependency_links.txt
[2.381s] writing top-level names to vrx_gz.egg-info/top_level.txt
[2.381s] writing manifest file 'vrx_gz.egg-info/SOURCES.txt'
[2.440s] reading manifest file 'vrx_gz.egg-info/SOURCES.txt'
[2.440s] writing manifest file 'vrx_gz.egg-info/SOURCES.txt'
[2.467s] [  4%] Built target ament_cmake_python_build_vrx_gz_egg
[5.365s] [  6%] [32m[1mLinking CXX shared library libWaves.so[0m
[5.609s] [  6%] Built target Waves
[5.626s] [ 12%] [32mBuilding CXX object CMakeFiles/PolyhedraBuoyancyDrag.dir/src/ShapeVolume.cc.o[0m
[5.626s] [ 12%] [32mBuilding CXX object CMakeFiles/PolyhedraBuoyancyDrag.dir/src/PolyhedronVolume.cc.o[0m
[5.626s] [ 12%] [32mBuilding CXX object CMakeFiles/PolyhedraBuoyancyDrag.dir/src/PolyhedraBuoyancyDrag.cc.o[0m
[6.640s] [ 14%] [32m[1mLinking CXX shared library libScoringPlugin.so[0m
[6.862s] [ 14%] Built target ScoringPlugin
[6.893s] [ 18%] [32mBuilding CXX object CMakeFiles/StationkeepingScoringPlugin.dir/src/StationkeepingScoringPlugin.cc.o[0m
[6.893s] [ 25%] [32mBuilding CXX object CMakeFiles/AcousticPingerPlugin.dir/src/AcousticPingerPlugin.cc.o[0m
[6.894s] [ 25%] [32mBuilding CXX object CMakeFiles/BallShooterPlugin.dir/src/BallShooterPlugin.cc.o[0m
[6.894s] [ 25%] [32mBuilding CXX object CMakeFiles/AcousticPerceptionScoringPlugin.dir/src/AcousticPerceptionScoringPlugin.cc.o[0m
[6.894s] [ 18%] [32mBuilding CXX object CMakeFiles/WayfindingScoringPlugin.dir/src/WayfindingScoringPlugin.cc.o[0m
[6.896s] [ 27%] [32mBuilding CXX object CMakeFiles/AcousticTrackingScoringPlugin.dir/src/AcousticTrackingScoringPlugin.cc.o[0m
[7.261s] [ 29%] [32mBuilding CXX object CMakeFiles/StationkeepingScoringPlugin.dir/src/WaypointMarkers.cc.o[0m
[12.840s] [ 31%] [32mBuilding CXX object CMakeFiles/LightBuoyPlugin.dir/src/LightBuoyPlugin.cc.o[0m
[13.579s] [ 33%] [32m[1mLinking CXX shared library libPolyhedraBuoyancyDrag.so[0m
[14.060s] [ 33%] Built target PolyhedraBuoyancyDrag
[14.075s] [ 35%] [32mBuilding CXX object CMakeFiles/WayfindingScoringPlugin.dir/src/WaypointMarkers.cc.o[0m
[15.995s] [ 37%] [32m[1mLinking CXX shared library libAcousticPingerPlugin.so[0m
[16.109s] [ 39%] [32mBuilding CXX object CMakeFiles/AcousticTrackingScoringPlugin.dir/src/WaypointMarkers.cc.o[0m
[16.139s] [ 41%] [32mBuilding CXX object CMakeFiles/AcousticPerceptionScoringPlugin.dir/src/WaypointMarkers.cc.o[0m
[16.228s] [ 43%] [32mBuilding CXX object CMakeFiles/NavigationScoringPlugin.dir/src/NavigationScoringPlugin.cc.o[0m
[16.470s] [ 43%] Built target AcousticPingerPlugin
[16.481s] [ 45%] [32m[1mLinking CXX shared library libStationkeepingScoringPlugin.so[0m
[16.501s] [ 47%] [32mBuilding CXX object CMakeFiles/GymkhanaScoringPlugin.dir/src/GymkhanaScoringPlugin.cc.o[0m
[16.987s] [ 47%] Built target StationkeepingScoringPlugin
[17.019s] [ 50%] [32mBuilding CXX object CMakeFiles/PerceptionScoringPlugin.dir/src/PerceptionScoringPlugin.cc.o[0m
[17.402s] [ 52%] [32m[1mLinking CXX shared library libBallShooterPlugin.so[0m
[17.916s] [ 52%] Built target BallShooterPlugin
[17.948s] [ 54%] [32mBuilding CXX object CMakeFiles/PlacardPlugin.dir/src/PlacardPlugin.cc.o[0m
[18.869s] [ 56%] [32m[1mLinking CXX shared library libLightBuoyPlugin.so[0m
[19.277s] [ 56%] Built target LightBuoyPlugin
[19.307s] [ 58%] [32mBuilding CXX object CMakeFiles/PublisherPlugin.dir/src/PublisherPlugin.cc.o[0m
[19.737s] [ 60%] [32m[1mLinking CXX shared library libWayfindingScoringPlugin.so[0m
[20.261s] [ 60%] Built target WayfindingScoringPlugin
[20.291s] [ 62%] [32mBuilding CXX object CMakeFiles/ScanDockScoringPlugin.dir/src/ScanDockScoringPlugin.cc.o[0m
[21.750s] [ 64%] [32m[1mLinking CXX shared library libAcousticTrackingScoringPlugin.so[0m
[21.766s] [ 66%] [32m[1mLinking CXX shared library libAcousticPerceptionScoringPlugin.so[0m
[22.277s] [ 66%] Built target AcousticTrackingScoringPlugin
[22.307s] [ 68%] [32mBuilding CXX object CMakeFiles/SimpleHydrodynamics.dir/src/SimpleHydrodynamics.cc.o[0m
[22.322s] [ 68%] Built target AcousticPerceptionScoringPlugin
[22.354s] [ 70%] [32mBuilding CXX object CMakeFiles/Surface.dir/src/Surface.cc.o[0m
[23.422s] [ 72%] [32m[1mLinking CXX shared library libGymkhanaScoringPlugin.so[0m
[23.884s] [ 72%] Built target GymkhanaScoringPlugin
[23.916s] [ 75%] [32mBuilding CXX object CMakeFiles/USVWind.dir/src/USVWind.cc.o[0m
[24.715s] [ 77%] [32m[1mLinking CXX shared library libPublisherPlugin.so[0m
[25.086s] [ 77%] Built target PublisherPlugin
[25.118s] [ 79%] [32mBuilding CXX object CMakeFiles/WaveVisual.dir/src/WaveVisual.cc.o[0m
[25.134s] [ 81%] [32m[1mLinking CXX shared library libPlacardPlugin.so[0m
[25.582s] [ 81%] Built target PlacardPlugin
[25.614s] [ 83%] [32mBuilding CXX object CMakeFiles/WildlifeScoringPlugin.dir/src/WildlifeScoringPlugin.cc.o[0m
[25.865s] [ 85%] [32m[1mLinking CXX shared library libNavigationScoringPlugin.so[0m
[25.974s] [ 87%] [32m[1mLinking CXX shared library libPerceptionScoringPlugin.so[0m
[26.314s] [ 87%] Built target NavigationScoringPlugin
[26.493s] [ 87%] Built target PerceptionScoringPlugin
[28.421s] [ 89%] [32m[1mLinking CXX shared library libSurface.so[0m
[28.730s] [ 89%] Built target Surface
[29.203s] [ 91%] [32m[1mLinking CXX shared library libSimpleHydrodynamics.so[0m
[29.422s] [ 91%] Built target SimpleHydrodynamics
[30.280s] [ 93%] [32m[1mLinking CXX shared library libScanDockScoringPlugin.so[0m
[30.590s] [ 93%] Built target ScanDockScoringPlugin
[31.749s] [ 95%] [32m[1mLinking CXX shared library libWaveVisual.so[0m
[32.012s] [ 95%] Built target WaveVisual
[32.101s] [ 97%] [32m[1mLinking CXX shared library libUSVWind.so[0m
[32.331s] [ 97%] Built target USVWind
[32.513s] [100%] [32m[1mLinking CXX shared library libWildlifeScoringPlugin.so[0m
[32.739s] [100%] Built target WildlifeScoringPlugin
[32.749s] Invoked command in '/home/javier/vrx_ws/build/vrx_gz' returned '0': AMENT_PREFIX_PATH=/home/javier/vrx_ws/install:${AMENT_PREFIX_PATH} CMAKE_PREFIX_PATH=/home/javier/vrx_ws/install:/opt/ros/jazzy/opt/gz_sim_vendor:/opt/ros/jazzy/opt/gz_sensors_vendor:/opt/ros/jazzy/opt/gz_physics_vendor:/opt/ros/jazzy/opt/sdformat_vendor:/opt/ros/jazzy/opt/gz_gui_vendor:/opt/ros/jazzy/opt/gz_transport_vendor:/opt/ros/jazzy/opt/gz_rendering_vendor:/opt/ros/jazzy/opt/gz_plugin_vendor:/opt/ros/jazzy/opt/gz_fuel_tools_vendor:/opt/ros/jazzy/opt/gz_msgs_vendor:/opt/ros/jazzy/opt/gz_common_vendor:/opt/ros/jazzy/opt/gz_math_vendor:/opt/ros/jazzy/opt/gz_utils_vendor:/opt/ros/jazzy/opt/gz_tools_vendor:/opt/ros/jazzy/opt/gz_ogre_next_vendor:/opt/ros/jazzy/opt/gz_dartsim_vendor:/opt/ros/jazzy/opt/gz_cmake_vendor:/opt/ros/jazzy DEBUGINFOD_URLS=https://debuginfod.ubuntu.com GZ_SIM_RESOURCE_PATH=/home/javier/vrx_ws/install/share/wamv_description/models:/home/javier/vrx_ws/install/share/vrx_gazebo/models:/home/javier/vrx_ws/install/share:${GZ_SIM_RESOURCE_PATH} PYTHONPATH=/home/javier/vrx_ws/install/lib/python3.12/site-packages:${PYTHONPATH} /usr/bin/cmake --build /home/javier/vrx_ws/build/vrx_gz -- -j8 -l8
[32.749s] Invoking command in '/home/javier/vrx_ws/build/vrx_gz': AMENT_PREFIX_PATH=/home/javier/vrx_ws/install:${AMENT_PREFIX_PATH} CMAKE_PREFIX_PATH=/home/javier/vrx_ws/install:/opt/ros/jazzy/opt/gz_sim_vendor:/opt/ros/jazzy/opt/gz_sensors_vendor:/opt/ros/jazzy/opt/gz_physics_vendor:/opt/ros/jazzy/opt/sdformat_vendor:/opt/ros/jazzy/opt/gz_gui_vendor:/opt/ros/jazzy/opt/gz_transport_vendor:/opt/ros/jazzy/opt/gz_rendering_vendor:/opt/ros/jazzy/opt/gz_plugin_vendor:/opt/ros/jazzy/opt/gz_fuel_tools_vendor:/opt/ros/jazzy/opt/gz_msgs_vendor:/opt/ros/jazzy/opt/gz_common_vendor:/opt/ros/jazzy/opt/gz_math_vendor:/opt/ros/jazzy/opt/gz_utils_vendor:/opt/ros/jazzy/opt/gz_tools_vendor:/opt/ros/jazzy/opt/gz_ogre_next_vendor:/opt/ros/jazzy/opt/gz_dartsim_vendor:/opt/ros/jazzy/opt/gz_cmake_vendor:/opt/ros/jazzy DEBUGINFOD_URLS=https://debuginfod.ubuntu.com GZ_SIM_RESOURCE_PATH=/home/javier/vrx_ws/install/share/wamv_description/models:/home/javier/vrx_ws/install/share/vrx_gazebo/models:/home/javier/vrx_ws/install/share:${GZ_SIM_RESOURCE_PATH} PYTHONPATH=/home/javier/vrx_ws/install/lib/python3.12/site-packages:${PYTHONPATH} /usr/bin/cmake --install /home/javier/vrx_ws/build/vrx_gz
[32.756s] -- Install configuration: ""
[32.757s] -- Installing: /home/javier/vrx_ws/install/share/vrx_gz/environment/resource_paths.dsv
[32.757s] -- Installing: /home/javier/vrx_ws/install/share/vrx_gz/environment/resource_paths.sh
[32.757s] -- Installing: /home/javier/vrx_ws/install/lib/libWaves.so
[32.758s] -- Set non-toolchain portion of runtime path of "/home/javier/vrx_ws/install/lib/libWaves.so" to ""
[32.758s] -- Installing: /home/javier/vrx_ws/install/lib/libPolyhedraBuoyancyDrag.so
[32.759s] -- Set non-toolchain portion of runtime path of "/home/javier/vrx_ws/install/lib/libPolyhedraBuoyancyDrag.so" to ""
[32.759s] -- Installing: /home/javier/vrx_ws/install/lib/libScoringPlugin.so
[32.760s] -- Set non-toolchain portion of runtime path of "/home/javier/vrx_ws/install/lib/libScoringPlugin.so" to ""
[32.760s] -- Installing: /home/javier/vrx_ws/install/lib/libStationkeepingScoringPlugin.so
[32.762s] -- Set non-toolchain portion of runtime path of "/home/javier/vrx_ws/install/lib/libStationkeepingScoringPlugin.so" to ""
[32.762s] -- Installing: /home/javier/vrx_ws/install/lib/libWayfindingScoringPlugin.so
[32.763s] -- Set non-toolchain portion of runtime path of "/home/javier/vrx_ws/install/lib/libWayfindingScoringPlugin.so" to ""
[32.763s] -- Installing: /home/javier/vrx_ws/install/lib/libAcousticPerceptionScoringPlugin.so
[32.765s] -- Set non-toolchain portion of runtime path of "/home/javier/vrx_ws/install/lib/libAcousticPerceptionScoringPlugin.so" to ""
[32.765s] -- Installing: /home/javier/vrx_ws/install/lib/libAcousticTrackingScoringPlugin.so
[32.766s] -- Set non-toolchain portion of runtime path of "/home/javier/vrx_ws/install/lib/libAcousticTrackingScoringPlugin.so" to ""
[32.766s] -- Installing: /home/javier/vrx_ws/install/lib/libAcousticPingerPlugin.so
[32.767s] -- Set non-toolchain portion of runtime path of "/home/javier/vrx_ws/install/lib/libAcousticPingerPlugin.so" to ""
[32.767s] -- Installing: /home/javier/vrx_ws/install/lib/libBallShooterPlugin.so
[32.769s] -- Set non-toolchain portion of runtime path of "/home/javier/vrx_ws/install/lib/libBallShooterPlugin.so" to ""
[32.769s] -- Installing: /home/javier/vrx_ws/install/lib/libLightBuoyPlugin.so
[32.770s] -- Set non-toolchain portion of runtime path of "/home/javier/vrx_ws/install/lib/libLightBuoyPlugin.so" to ""
[32.770s] -- Installing: /home/javier/vrx_ws/install/lib/libNavigationScoringPlugin.so
[32.771s] -- Set non-toolchain portion of runtime path of "/home/javier/vrx_ws/install/lib/libNavigationScoringPlugin.so" to ""
[32.771s] -- Installing: /home/javier/vrx_ws/install/lib/libGymkhanaScoringPlugin.so
[32.772s] -- Set non-toolchain portion of runtime path of "/home/javier/vrx_ws/install/lib/libGymkhanaScoringPlugin.so" to ""
[32.772s] -- Installing: /home/javier/vrx_ws/install/lib/libPerceptionScoringPlugin.so
[32.774s] -- Set non-toolchain portion of runtime path of "/home/javier/vrx_ws/install/lib/libPerceptionScoringPlugin.so" to ""
[32.774s] -- Installing: /home/javier/vrx_ws/install/lib/libPlacardPlugin.so
[32.775s] -- Set non-toolchain portion of runtime path of "/home/javier/vrx_ws/install/lib/libPlacardPlugin.so" to ""
[32.775s] -- Installing: /home/javier/vrx_ws/install/lib/libPublisherPlugin.so
[32.775s] -- Set non-toolchain portion of runtime path of "/home/javier/vrx_ws/install/lib/libPublisherPlugin.so" to ""
[32.776s] -- Installing: /home/javier/vrx_ws/install/lib/libScanDockScoringPlugin.so
[32.777s] -- Set non-toolchain portion of runtime path of "/home/javier/vrx_ws/install/lib/libScanDockScoringPlugin.so" to ""
[32.777s] -- Installing: /home/javier/vrx_ws/install/lib/libSimpleHydrodynamics.so
[32.778s] -- Set non-toolchain portion of runtime path of "/home/javier/vrx_ws/install/lib/libSimpleHydrodynamics.so" to ""
[32.778s] -- Installing: /home/javier/vrx_ws/install/lib/libSurface.so
[32.779s] -- Set non-toolchain portion of runtime path of "/home/javier/vrx_ws/install/lib/libSurface.so" to ""
[32.780s] -- Installing: /home/javier/vrx_ws/install/lib/libUSVWind.so
[32.781s] -- Set non-toolchain portion of runtime path of "/home/javier/vrx_ws/install/lib/libUSVWind.so" to ""
[32.781s] -- Installing: /home/javier/vrx_ws/install/lib/libWaveVisual.so
[32.782s] -- Set non-toolchain portion of runtime path of "/home/javier/vrx_ws/install/lib/libWaveVisual.so" to ""
[32.782s] -- Installing: /home/javier/vrx_ws/install/lib/libWildlifeScoringPlugin.so
[32.784s] -- Set non-toolchain portion of runtime path of "/home/javier/vrx_ws/install/lib/libWildlifeScoringPlugin.so" to ""
[32.784s] -- Installing: /home/javier/vrx_ws/install/share/vrx_gz/environment/pythonpath.sh
[32.784s] -- Installing: /home/javier/vrx_ws/install/share/vrx_gz/environment/pythonpath.dsv
[32.784s] -- Installing: /home/javier/vrx_ws/install/lib/python3.12/site-packages/vrx_gz-0.0.0-py3.12.egg-info
[32.784s] -- Installing: /home/javier/vrx_ws/install/lib/python3.12/site-packages/vrx_gz-0.0.0-py3.12.egg-info/PKG-INFO
[32.784s] -- Installing: /home/javier/vrx_ws/install/lib/python3.12/site-packages/vrx_gz-0.0.0-py3.12.egg-info/dependency_links.txt
[32.784s] -- Installing: /home/javier/vrx_ws/install/lib/python3.12/site-packages/vrx_gz-0.0.0-py3.12.egg-info/top_level.txt
[32.784s] -- Installing: /home/javier/vrx_ws/install/lib/python3.12/site-packages/vrx_gz-0.0.0-py3.12.egg-info/SOURCES.txt
[32.784s] -- Installing: /home/javier/vrx_ws/install/lib/python3.12/site-packages/vrx_gz
[32.785s] -- Installing: /home/javier/vrx_ws/install/lib/python3.12/site-packages/vrx_gz/__init__.py
[32.785s] -- Installing: /home/javier/vrx_ws/install/lib/python3.12/site-packages/vrx_gz/bridge.py
[32.785s] -- Installing: /home/javier/vrx_ws/install/lib/python3.12/site-packages/vrx_gz/bridges.py
[32.785s] -- Installing: /home/javier/vrx_ws/install/lib/python3.12/site-packages/vrx_gz/payload_bridges.py
[32.785s] -- Installing: /home/javier/vrx_ws/install/lib/python3.12/site-packages/vrx_gz/model.py
[32.785s] -- Installing: /home/javier/vrx_ws/install/lib/python3.12/site-packages/vrx_gz/launch.py
[32.822s] Listing '/home/javier/vrx_ws/install/lib/python3.12/site-packages/vrx_gz'...
[32.822s] Compiling '/home/javier/vrx_ws/install/lib/python3.12/site-packages/vrx_gz/__init__.py'...
[32.822s] Compiling '/home/javier/vrx_ws/install/lib/python3.12/site-packages/vrx_gz/bridge.py'...
[32.822s] Compiling '/home/javier/vrx_ws/install/lib/python3.12/site-packages/vrx_gz/bridges.py'...
[32.822s] Compiling '/home/javier/vrx_ws/install/lib/python3.12/site-packages/vrx_gz/launch.py'...
[32.822s] Compiling '/home/javier/vrx_ws/install/lib/python3.12/site-packages/vrx_gz/model.py'...
[32.822s] Compiling '/home/javier/vrx_ws/install/lib/python3.12/site-packages/vrx_gz/payload_bridges.py'...
[32.832s] -- Installing: /home/javier/vrx_ws/install/share/vrx_gz/config
[32.832s] -- Installing: /home/javier/vrx_ws/install/share/vrx_gz/config/wamv.yaml
[32.832s] -- Installing: /home/javier/vrx_ws/install/share/vrx_gz/config/roboboat.yaml
[32.833s] -- Installing: /home/javier/vrx_ws/install/share/vrx_gz/launch
[32.833s] -- Installing: /home/javier/vrx_ws/install/share/vrx_gz/launch/vrx_environment.launch.py
[32.833s] -- Installing: /home/javier/vrx_ws/install/share/vrx_gz/launch/spawn_config.launch.py
[32.833s] -- Installing: /home/javier/vrx_ws/install/share/vrx_gz/launch/usv_joy_teleop.py
[32.833s] -- Installing: /home/javier/vrx_ws/install/share/vrx_gz/launch/spawn.launch.py
[32.833s] -- Installing: /home/javier/vrx_ws/install/share/vrx_gz/launch/competition.launch.py
[32.833s] -- Installing: /home/javier/vrx_ws/install/share/vrx_gz/models
[32.833s] -- Installing: /home/javier/vrx_ws/install/share/vrx_gz/models/short_course_2023_phase3_2
[32.833s] -- Installing: /home/javier/vrx_ws/install/share/vrx_gz/models/short_course_2023_phase3_2/model.sdf
[32.833s] -- Installing: /home/javier/vrx_ws/install/share/vrx_gz/models/short_course_2023_phase3_2/model.config
[32.834s] -- Installing: /home/javier/vrx_ws/install/share/vrx_gz/models/robotx_light_buoy_ygb
[32.834s] -- Installing: /home/javier/vrx_ws/install/share/vrx_gz/models/robotx_light_buoy_ygb/model.sdf
[32.834s] -- Installing: /home/javier/vrx_ws/install/share/vrx_gz/models/robotx_light_buoy_ygb/model.config
[32.834s] -- Installing: /home/javier/vrx_ws/install/share/vrx_gz/models/robotx_light_buoy_rgy
[32.834s] -- Installing: /home/javier/vrx_ws/install/share/vrx_gz/models/robotx_light_buoy_rgy/model.sdf
[32.834s] -- Installing: /home/javier/vrx_ws/install/share/vrx_gz/models/robotx_light_buoy_rgy/model.config
[32.834s] -- Installing: /home/javier/vrx_ws/install/share/vrx_gz/models/entrance_exit
[32.834s] -- Installing: /home/javier/vrx_ws/install/share/vrx_gz/models/entrance_exit/model.sdf
[32.835s] -- Installing: /home/javier/vrx_ws/install/share/vrx_gz/models/entrance_exit/model.config
[32.835s] -- Installing: /home/javier/vrx_ws/install/share/vrx_gz/models/robotx_light_buoy_yrg
[32.835s] -- Installing: /home/javier/vrx_ws/install/share/vrx_gz/models/robotx_light_buoy_yrg/model.sdf
[32.837s] -- Installing: /home/javier/vrx_ws/install/share/vrx_gz/models/robotx_light_buoy_yrg/model.config
[32.837s] -- Installing: /home/javier/vrx_ws/install/share/vrx_gz/models/short_navigation_course_2
[32.837s] -- Installing: /home/javier/vrx_ws/install/share/vrx_gz/models/short_navigation_course_2/model.sdf
[32.840s] -- Installing: /home/javier/vrx_ws/install/share/vrx_gz/models/short_navigation_course_2/model.config
[32.840s] -- Installing: /home/javier/vrx_ws/install/share/vrx_gz/models/roboboat02
[32.840s] -- Installing: /home/javier/vrx_ws/install/share/vrx_gz/models/roboboat02/model.sdf
[32.840s] -- Installing: /home/javier/vrx_ws/install/share/vrx_gz/models/roboboat02/meshes
[32.840s] -- Installing: /home/javier/vrx_ws/install/share/vrx_gz/models/roboboat02/meshes/roboboat02.dae
[32.840s] -- Installing: /home/javier/vrx_ws/install/share/vrx_gz/models/roboboat02/model.config
[32.841s] -- Installing: /home/javier/vrx_ws/install/share/vrx_gz/models/roboboat02/materials
[32.841s] -- Installing: /home/javier/vrx_ws/install/share/vrx_gz/models/roboboat02/materials/scripts
[32.841s] -- Installing: /home/javier/vrx_ws/install/share/vrx_gz/models/roboboat02/materials/scripts/model.material
[32.841s] -- Installing: /home/javier/vrx_ws/install/share/vrx_gz/models/roboboat02/materials/textures
[32.841s] -- Installing: /home/javier/vrx_ws/install/share/vrx_gz/models/roboboat02/materials/textures/Boat02_Albedo.png
[32.845s] -- Installing: /home/javier/vrx_ws/install/share/vrx_gz/models/roboboat02/materials/textures/Boat02_Roughness.png
[32.850s] -- Installing: /home/javier/vrx_ws/install/share/vrx_gz/models/roboboat02/materials/textures/Boat02_Metallic.png
[32.851s] -- Installing: /home/javier/vrx_ws/install/share/vrx_gz/models/roboboat02/materials/textures/Boat02_Normal.png
[32.855s] -- Installing: /home/javier/vrx_ws/install/share/vrx_gz/models/robotx_light_buoy_bgy
[32.857s] -- Installing: /home/javier/vrx_ws/install/share/vrx_gz/models/robotx_light_buoy_bgy/model.sdf
[32.857s] -- Installing: /home/javier/vrx_ws/install/share/vrx_gz/models/robotx_light_buoy_bgy/model.config
[32.857s] -- Installing: /home/javier/vrx_ws/install/share/vrx_gz/models/articulated_platform
[32.857s] -- Installing: /home/javier/vrx_ws/install/share/vrx_gz/models/articulated_platform/model.sdf
[32.857s] -- Installing: /home/javier/vrx_ws/install/share/vrx_gz/models/articulated_platform/model.config
[32.858s] -- Installing: /home/javier/vrx_ws/install/share/vrx_gz/models/short_course_2023_phase3_1
[32.858s] -- Installing: /home/javier/vrx_ws/install/share/vrx_gz/models/short_course_2023_phase3_1/model.sdf
[32.858s] -- Installing: /home/javier/vrx_ws/install/share/vrx_gz/models/short_course_2023_phase3_1/model.config
[32.858s] -- Installing: /home/javier/vrx_ws/install/share/vrx_gz/models/robotx_light_buoy_rbg
[32.858s] -- Installing: /home/javier/vrx_ws/install/share/vrx_gz/models/robotx_light_buoy_rbg/model.sdf
[32.858s] -- Installing: /home/javier/vrx_ws/install/share/vrx_gz/models/robotx_light_buoy_rbg/model.config
[32.858s] -- Installing: /home/javier/vrx_ws/install/share/vrx_gz/models/short_navigation_course_4
[32.858s] -- Installing: /home/javier/vrx_ws/install/share/vrx_gz/models/short_navigation_course_4/model.sdf
[32.858s] -- Installing: /home/javier/vrx_ws/install/share/vrx_gz/models/short_navigation_course_4/model.config
[32.859s] -- Installing: /home/javier/vrx_ws/install/share/vrx_gz/models/symbol_triangle
[32.859s] -- Installing: /home/javier/vrx_ws/install/share/vrx_gz/models/symbol_triangle/mesh
[32.859s] -- Installing: /home/javier/vrx_ws/install/share/vrx_gz/models/symbol_triangle/mesh/triangle.dae
[32.860s] -- Installing: /home/javier/vrx_ws/install/share/vrx_gz/models/symbol_triangle/model.sdf
[32.861s] -- Installing: /home/javier/vrx_ws/install/share/vrx_gz/models/symbol_triangle/model.config
[32.861s] -- Installing: /home/javier/vrx_ws/install/share/vrx_gz/models/robotx_light_buoy_ybr
[32.861s] -- Installing: /home/javier/vrx_ws/install/share/vrx_gz/models/robotx_light_buoy_ybr/model.sdf
[32.861s] -- Installing: /home/javier/vrx_ws/install/share/vrx_gz/models/robotx_light_buoy_ybr/model.config
[32.861s] -- Installing: /home/javier/vrx_ws/install/share/vrx_gz/models/coast_waves
[32.861s] -- Installing: /home/javier/vrx_ws/install/share/vrx_gz/models/coast_waves/model.sdf
[32.861s] -- Installing: /home/javier/vrx_ws/install/share/vrx_gz/models/coast_waves/meshes
[32.862s] -- Installing: /home/javier/vrx_ws/install/share/vrx_gz/models/coast_waves/meshes/waterlow.dae
[32.868s] -- Installing: /home/javier/vrx_ws/install/share/vrx_gz/models/coast_waves/model.config
[32.871s] -- Installing: /home/javier/vrx_ws/install/share/vrx_gz/models/coast_waves/materials
[32.871s] -- Installing: /home/javier/vrx_ws/install/share/vrx_gz/models/coast_waves/materials/programs
[32.872s] -- Installing: /home/javier/vrx_ws/install/share/vrx_gz/models/coast_waves/materials/programs/GerstnerWaves_fs_330.glsl
[32.872s] -- Installing: /home/javier/vrx_ws/install/share/vrx_gz/models/coast_waves/materials/programs/GerstnerWaves_vs_330.glsl
[32.872s] -- Installing: /home/javier/vrx_ws/install/share/vrx_gz/models/coast_waves/materials/textures
[32.872s] -- Installing: /home/javier/vrx_ws/install/share/vrx_gz/models/coast_waves/materials/textures/skybox_lowres.dds
[32.872s] -- Installing: /home/javier/vrx_ws/install/share/vrx_gz/models/coast_waves/materials/textures/wave_normals.dds
[32.872s] -- Installing: /home/javier/vrx_ws/install/share/vrx_gz/models/dock_block_4x4
[32.872s] -- Installing: /home/javier/vrx_ws/install/share/vrx_gz/models/dock_block_4x4/mesh
[32.872s] -- Installing: /home/javier/vrx_ws/install/share/vrx_gz/models/dock_block_4x4/mesh/DockCubes_Metalness.png
[32.873s] -- Installing: /home/javier/vrx_ws/install/share/vrx_gz/models/dock_block_4x4/mesh/DockCubes_Normal.png
[32.885s] -- Installing: /home/javier/vrx_ws/install/share/vrx_gz/models/dock_block_4x4/mesh/DockCubes_Albedo.png
[32.886s] -- Installing: /home/javier/vrx_ws/install/share/vrx_gz/models/dock_block_4x4/mesh/DockCubes_Roughness.png
[32.886s] -- Installing: /home/javier/vrx_ws/install/share/vrx_gz/models/dock_block_4x4/mesh/dock_block_4x4.dae
[32.887s] -- Installing: /home/javier/vrx_ws/install/share/vrx_gz/models/dock_block_4x4/model.sdf
[32.887s] -- Installing: /home/javier/vrx_ws/install/share/vrx_gz/models/dock_block_4x4/model.config
[32.887s] -- Installing: /home/javier/vrx_ws/install/share/vrx_gz/models/dock_2022
[32.888s] -- Installing: /home/javier/vrx_ws/install/share/vrx_gz/models/dock_2022/model.sdf
[32.888s] -- Installing: /home/javier/vrx_ws/install/share/vrx_gz/models/dock_2022/model.config
[32.888s] -- Installing: /home/javier/vrx_ws/install/share/vrx_gz/models/robotx_light_buoy_bgr
[32.888s] -- Installing: /home/javier/vrx_ws/install/share/vrx_gz/models/robotx_light_buoy_bgr/model.sdf
[32.888s] -- Installing: /home/javier/vrx_ws/install/share/vrx_gz/models/robotx_light_buoy_bgr/model.config
[32.888s] -- Installing: /home/javier/vrx_ws/install/share/vrx_gz/models/roboboat01
[32.888s] -- Installing: /home/javier/vrx_ws/install/share/vrx_gz/models/roboboat01/model.sdf
[32.888s] -- Installing: /home/javier/vrx_ws/install/share/vrx_gz/models/roboboat01/meshes
[32.888s] -- Installing: /home/javier/vrx_ws/install/share/vrx_gz/models/roboboat01/meshes/mount.dae
[32.888s] -- Installing: /home/javier/vrx_ws/install/share/vrx_gz/models/roboboat01/meshes/roboboat01.dae
[32.889s] -- Installing: /home/javier/vrx_ws/install/share/vrx_gz/models/roboboat01/meshes/prop.dae
[32.889s] -- Installing: /home/javier/vrx_ws/install/share/vrx_gz/models/roboboat01/meshes/housing.dae
[32.889s] -- Installing: /home/javier/vrx_ws/install/share/vrx_gz/models/roboboat01/model.config
[32.889s] -- Installing: /home/javier/vrx_ws/install/share/vrx_gz/models/roboboat01/materials
[32.889s] -- Installing: /home/javier/vrx_ws/install/share/vrx_gz/models/roboboat01/materials/scripts
[32.889s] -- Installing: /home/javier/vrx_ws/install/share/vrx_gz/models/roboboat01/materials/scripts/model.material
[32.889s] -- Installing: /home/javier/vrx_ws/install/share/vrx_gz/models/roboboat01/materials/textures
[32.889s] -- Installing: /home/javier/vrx_ws/install/share/vrx_gz/models/roboboat01/materials/textures/Boat01_Normal.png
[32.890s] -- Installing: /home/javier/vrx_ws/install/share/vrx_gz/models/roboboat01/materials/textures/Boat01_Albedo.png
[32.893s] -- Installing: /home/javier/vrx_ws/install/share/vrx_gz/models/roboboat01/materials/textures/Thruster_Albedo.png
[32.893s] -- Installing: /home/javier/vrx_ws/install/share/vrx_gz/models/roboboat01/materials/textures/Boat01_Roughness.png
[32.895s] -- Installing: /home/javier/vrx_ws/install/share/vrx_gz/models/roboboat01/materials/textures/Boat01_Metallic.png
[32.895s] -- Installing: /home/javier/vrx_ws/install/share/vrx_gz/models/roboboat01/materials/textures/Thruster_Roughness.png
[32.895s] -- Installing: /home/javier/vrx_ws/install/share/vrx_gz/models/robotx_light_buoy_rgb
[32.896s] -- Installing: /home/javier/vrx_ws/install/share/vrx_gz/models/robotx_light_buoy_rgb/mesh
[32.896s] -- Installing: /home/javier/vrx_ws/install/share/vrx_gz/models/robotx_light_buoy_rgb/mesh/LightTower_Roughness.png
[32.896s] -- Installing: /home/javier/vrx_ws/install/share/vrx_gz/models/robotx_light_buoy_rgb/mesh/LightTower_Opacity.png
[32.896s] -- Installing: /home/javier/vrx_ws/install/share/vrx_gz/models/robotx_light_buoy_rgb/mesh/LightTower_Albedo.png
[32.897s] -- Installing: /home/javier/vrx_ws/install/share/vrx_gz/models/robotx_light_buoy_rgb/mesh/LightTower_Metalness.png
[32.897s] -- Installing: /home/javier/vrx_ws/install/share/vrx_gz/models/robotx_light_buoy_rgb/mesh/robotx_light_buoy.dae
[32.898s] -- Installing: /home/javier/vrx_ws/install/share/vrx_gz/models/robotx_light_buoy_rgb/mesh/LightTower_Normal.png
[32.899s] -- Installing: /home/javier/vrx_ws/install/share/vrx_gz/models/robotx_light_buoy_rgb/model.sdf
[32.900s] -- Installing: /home/javier/vrx_ws/install/share/vrx_gz/models/robotx_light_buoy_rgb/model.config
[32.900s] -- Installing: /home/javier/vrx_ws/install/share/vrx_gz/models/placard_2022
[32.900s] -- Installing: /home/javier/vrx_ws/install/share/vrx_gz/models/placard_2022/model.sdf
[32.900s] -- Installing: /home/javier/vrx_ws/install/share/vrx_gz/models/placard_2022/meshes
[32.900s] -- Installing: /home/javier/vrx_ws/install/share/vrx_gz/models/placard_2022/meshes/placard_2022.dae
[32.900s] -- Installing: /home/javier/vrx_ws/install/share/vrx_gz/models/placard_2022/model.config
[32.900s] -- Installing: /home/javier/vrx_ws/install/share/vrx_gz/models/placard_2022/materials
[32.900s] -- Installing: /home/javier/vrx_ws/install/share/vrx_gz/models/placard_2022/materials/textures
[32.900s] -- Installing: /home/javier/vrx_ws/install/share/vrx_gz/models/placard_2022/materials/textures/Placard.png
[32.901s] -- Installing: /home/javier/vrx_ws/install/share/vrx_gz/models/roboboat_cpubox
[32.901s] -- Installing: /home/javier/vrx_ws/install/share/vrx_gz/models/roboboat_cpubox/model.sdf
[32.901s] -- Installing: /home/javier/vrx_ws/install/share/vrx_gz/models/roboboat_cpubox/meshes
[32.901s] -- Installing: /home/javier/vrx_ws/install/share/vrx_gz/models/roboboat_cpubox/meshes/drybox.dae
[32.901s] -- Installing: /home/javier/vrx_ws/install/share/vrx_gz/models/roboboat_cpubox/model.config
[32.901s] -- Installing: /home/javier/vrx_ws/install/share/vrx_gz/models/roboboat_cpubox/materials
[32.901s] -- Installing: /home/javier/vrx_ws/install/share/vrx_gz/models/roboboat_cpubox/materials/textures
[32.901s] -- Installing: /home/javier/vrx_ws/install/share/vrx_gz/models/roboboat_cpubox/materials/textures/DryBox_Roughness.png
[32.905s] -- Installing: /home/javier/vrx_ws/install/share/vrx_gz/models/roboboat_cpubox/materials/textures/DryBox_Albedo.png
[32.908s] -- Installing: /home/javier/vrx_ws/install/share/vrx_gz/models/short_navigation_course_0
[32.908s] -- Installing: /home/javier/vrx_ws/install/share/vrx_gz/models/short_navigation_course_0/model.sdf
[32.908s] -- Installing: /home/javier/vrx_ws/install/share/vrx_gz/models/short_navigation_course_0/model.config
[32.908s] -- Installing: /home/javier/vrx_ws/install/share/vrx_gz/models/short_navigation_course_3
[32.908s] -- Installing: /home/javier/vrx_ws/install/share/vrx_gz/models/short_navigation_course_3/model.sdf
[32.908s] -- Installing: /home/javier/vrx_ws/install/share/vrx_gz/models/short_navigation_course_3/model.config
[32.908s] -- Installing: /home/javier/vrx_ws/install/share/vrx_gz/models/short_navigation_course_1
[32.909s] -- Installing: /home/javier/vrx_ws/install/share/vrx_gz/models/short_navigation_course_1/model.sdf
[32.909s] -- Installing: /home/javier/vrx_ws/install/share/vrx_gz/models/short_navigation_course_1/model.config
[32.909s] -- Installing: /home/javier/vrx_ws/install/share/vrx_gz/models/robotx_light_buoy_gbr
[32.909s] -- Installing: /home/javier/vrx_ws/install/share/vrx_gz/models/robotx_light_buoy_gbr/model.sdf
[32.909s] -- Installing: /home/javier/vrx_ws/install/share/vrx_gz/models/robotx_light_buoy_gbr/model.config
[32.909s] -- Installing: /home/javier/vrx_ws/install/share/vrx_gz/models/short_navigation_course_5
[32.909s] -- Installing: /home/javier/vrx_ws/install/share/vrx_gz/models/short_navigation_course_5/model.sdf
[32.909s] -- Installing: /home/javier/vrx_ws/install/share/vrx_gz/models/short_navigation_course_5/model.config
[32.909s] -- Installing: /home/javier/vrx_ws/install/share/vrx_gz/models/obstacle_course
[32.909s] -- Installing: /home/javier/vrx_ws/install/share/vrx_gz/models/obstacle_course/model.sdf
[32.910s] -- Installing: /home/javier/vrx_ws/install/share/vrx_gz/models/obstacle_course/model.config
[32.910s] -- Installing: /home/javier/vrx_ws/install/share/vrx_gz/models/dock_2022_base
[32.910s] -- Installing: /home/javier/vrx_ws/install/share/vrx_gz/models/dock_2022_base/model.sdf
[32.910s] -- Installing: /home/javier/vrx_ws/install/share/vrx_gz/models/dock_2022_base/model.config
[32.910s] -- Installing: /home/javier/vrx_ws/install/share/vrx_gz/models/platform
[32.910s] -- Installing: /home/javier/vrx_ws/install/share/vrx_gz/models/platform/model.sdf
[32.910s] -- Installing: /home/javier/vrx_ws/install/share/vrx_gz/models/platform/model.config
[32.910s] -- Installing: /home/javier/vrx_ws/install/share/vrx_gz/worlds
[32.910s] -- Installing: /home/javier/vrx_ws/install/share/vrx_gz/worlds/wildlife_task.sdf
[32.910s] -- Installing: /home/javier/vrx_ws/install/share/vrx_gz/worlds/scan_dock_deliver_task.sdf
[32.910s] -- Installing: /home/javier/vrx_ws/install/share/vrx_gz/worlds/acoustic_tracking_task.sdf
[32.910s] -- Installing: /home/javier/vrx_ws/install/share/vrx_gz/worlds/gymkhana_task.sdf
[32.911s] -- Installing: /home/javier/vrx_ws/install/share/vrx_gz/worlds/nbpark.sdf
[32.911s] -- Installing: /home/javier/vrx_ws/install/share/vrx_gz/worlds/stationkeeping_task.sdf
[32.911s] -- Installing: /home/javier/vrx_ws/install/share/vrx_gz/worlds/2023_practice
[32.911s] -- Installing: /home/javier/vrx_ws/install/share/vrx_gz/worlds/2023_practice/practice_2023_acoustic_perception1_task.sdf
[32.911s] -- Installing: /home/javier/vrx_ws/install/share/vrx_gz/worlds/2023_practice/practice_2023_wayfinding2_task.sdf
[32.911s] -- Installing: /home/javier/vrx_ws/install/share/vrx_gz/worlds/2023_practice/practice_2023_wildlife2_task.sdf
[32.911s] -- Installing: /home/javier/vrx_ws/install/share/vrx_gz/worlds/2023_practice/practice_2023_stationkeeping0_task.sdf
[32.912s] -- Installing: /home/javier/vrx_ws/install/share/vrx_gz/worlds/2023_practice/practice_2023_perception0_task.sdf
[32.912s] -- Installing: /home/javier/vrx_ws/install/share/vrx_gz/worlds/2023_practice/practice_2023_acoustic_perception2_task.sdf
[32.912s] -- Installing: /home/javier/vrx_ws/install/share/vrx_gz/worlds/2023_practice/practice_2023_perception2_task.sdf
[32.912s] -- Installing: /home/javier/vrx_ws/install/share/vrx_gz/worlds/2023_practice/practice_2023_follow_path1_task.sdf
[32.912s] -- Installing: /home/javier/vrx_ws/install/share/vrx_gz/worlds/2023_practice/practice_2023_stationkeeping2_task.sdf
[32.912s] -- Installing: /home/javier/vrx_ws/install/share/vrx_gz/worlds/2023_practice/practice_2023_scan_dock_deliver1_task.sdf
[32.912s] -- Installing: /home/javier/vrx_ws/install/share/vrx_gz/worlds/2023_practice/practice_2023_follow_path2_task.sdf
[32.912s] -- Installing: /home/javier/vrx_ws/install/share/vrx_gz/worlds/2023_practice/practice_2023_wildlife1_task.sdf
[32.912s] -- Installing: /home/javier/vrx_ws/install/share/vrx_gz/worlds/2023_practice/practice_2023_stationkeeping1_task.sdf
[32.912s] -- Installing: /home/javier/vrx_ws/install/share/vrx_gz/worlds/2023_practice/practice_2023_scan_dock_deliver0_task.sdf
[32.912s] -- Installing: /home/javier/vrx_ws/install/share/vrx_gz/worlds/2023_practice/practice_2023_acoustic_tracking2_task.sdf
[32.912s] -- Installing: /home/javier/vrx_ws/install/share/vrx_gz/worlds/2023_practice/practice_2023_wildlife0_task.sdf
[32.913s] -- Installing: /home/javier/vrx_ws/install/share/vrx_gz/worlds/2023_practice/practice_2023_scan_dock_deliver2_task.sdf
[32.913s] -- Installing: /home/javier/vrx_ws/install/share/vrx_gz/worlds/2023_practice/practice_2023_wayfinding1_task.sdf
[32.913s] -- Installing: /home/javier/vrx_ws/install/share/vrx_gz/worlds/2023_practice/practice_2023_acoustic_tracking0_task.sdf
[32.913s] -- Installing: /home/javier/vrx_ws/install/share/vrx_gz/worlds/2023_practice/practice_2023_wayfinding0_task.sdf
[32.913s] -- Installing: /home/javier/vrx_ws/install/share/vrx_gz/worlds/2023_practice/practice_2023_perception1_task.sdf
[32.913s] -- Installing: /home/javier/vrx_ws/install/share/vrx_gz/worlds/2023_practice/practice_2023_follow_path0_task.sdf
[32.913s] -- Installing: /home/javier/vrx_ws/install/share/vrx_gz/worlds/2023_practice/practice_2023_acoustic_perception0_task.sdf
[32.913s] -- Installing: /home/javier/vrx_ws/install/share/vrx_gz/worlds/2023_practice/practice_2023_acoustic_tracking1_task.sdf
[32.913s] -- Installing: /home/javier/vrx_ws/install/share/vrx_gz/worlds/acoustic_perception_task.sdf
[32.913s] -- Installing: /home/javier/vrx_ws/install/share/vrx_gz/worlds/navigation_task.sdf
[32.913s] -- Installing: /home/javier/vrx_ws/install/share/vrx_gz/worlds/wayfinding_task.sdf
[32.914s] -- Installing: /home/javier/vrx_ws/install/share/vrx_gz/worlds/sydney_regatta.sdf
[32.914s] -- Installing: /home/javier/vrx_ws/install/share/vrx_gz/worlds/follow_path_task.sdf
[32.914s] -- Installing: /home/javier/vrx_ws/install/share/vrx_gz/worlds/2023_phase2
[32.914s] -- Installing: /home/javier/vrx_ws/install/share/vrx_gz/worlds/2023_phase2/phase2_2023_stationkeeping3.sdf
[32.914s] -- Installing: /home/javier/vrx_ws/install/share/vrx_gz/worlds/2023_phase2/phase2_2023_scan_dock_deliver1.sdf
[32.914s] -- Installing: /home/javier/vrx_ws/install/share/vrx_gz/worlds/2023_phase2/phase2_2023_acoustic_perception1.sdf
[32.914s] -- Installing: /home/javier/vrx_ws/install/share/vrx_gz/worlds/2023_phase2/phase2_2023_perception2.sdf
[32.914s] -- Installing: /home/javier/vrx_ws/install/share/vrx_gz/worlds/2023_phase2/phase2_2023_stationkeeping5.sdf
[32.914s] -- Installing: /home/javier/vrx_ws/install/share/vrx_gz/worlds/2023_phase2/phase2_2023_acoustic_perception0.sdf
[32.915s] -- Installing: /home/javier/vrx_ws/install/share/vrx_gz/worlds/2023_phase2/phase2_2023_acoustic_tracking0.sdf
[32.915s] -- Installing: /home/javier/vrx_ws/install/share/vrx_gz/worlds/2023_phase2/phase2_2023_follow_path1.sdf
[32.915s] -- Installing: /home/javier/vrx_ws/install/share/vrx_gz/worlds/2023_phase2/phase2_2023_stationkeeping4.sdf
[32.915s] -- Installing: /home/javier/vrx_ws/install/share/vrx_gz/worlds/2023_phase2/phase2_2023_stationkeeping2.sdf
[32.915s] -- Installing: /home/javier/vrx_ws/install/share/vrx_gz/worlds/2023_phase2/phase2_2023_wildlife4.sdf
[32.915s] -- Installing: /home/javier/vrx_ws/install/share/vrx_gz/worlds/2023_phase2/phase2_2023_follow_path5.sdf
[32.915s] -- Installing: /home/javier/vrx_ws/install/share/vrx_gz/worlds/2023_phase2/phase2_2023_perception3.sdf
[32.915s] -- Installing: /home/javier/vrx_ws/install/share/vrx_gz/worlds/2023_phase2/phase2_2023_follow_path3.sdf
[32.915s] -- Installing: /home/javier/vrx_ws/install/share/vrx_gz/worlds/2023_phase2/phase2_2023_follow_path4.sdf
[32.915s] -- Installing: /home/javier/vrx_ws/install/share/vrx_gz/worlds/2023_phase2/phase2_2023_acoustic_perception3.sdf
[32.915s] -- Installing: /home/javier/vrx_ws/install/share/vrx_gz/worlds/2023_phase2/phase2_2023_acoustic_tracking4.sdf
[32.915s] -- Installing: /home/javier/vrx_ws/install/share/vrx_gz/worlds/2023_phase2/phase2_2023_scan_dock_deliver0.sdf
[32.916s] -- Installing: /home/javier/vrx_ws/install/share/vrx_gz/worlds/2023_phase2/phase2_2023_wayfinding1.sdf
[32.916s] -- Installing: /home/javier/vrx_ws/install/share/vrx_gz/worlds/2023_phase2/phase2_2023_acoustic_tracking5.sdf
[32.916s] -- Installing: /home/javier/vrx_ws/install/share/vrx_gz/worlds/2023_phase2/phase2_2023_perception4.sdf
[32.916s] -- Installing: /home/javier/vrx_ws/install/share/vrx_gz/worlds/2023_phase2/phase2_2023_stationkeeping1.sdf
[32.916s] -- Installing: /home/javier/vrx_ws/install/share/vrx_gz/worlds/2023_phase2/phase2_2023_perception0.sdf
[32.916s] -- Installing: /home/javier/vrx_ws/install/share/vrx_gz/worlds/2023_phase2/phase2_2023_scan_dock_deliver5.sdf
[32.916s] -- Installing: /home/javier/vrx_ws/install/share/vrx_gz/worlds/2023_phase2/phase2_2023_wildlife1.sdf
[32.916s] -- Installing: /home/javier/vrx_ws/install/share/vrx_gz/worlds/2023_phase2/phase2_2023_acoustic_perception5.sdf
[32.916s] -- Installing: /home/javier/vrx_ws/install/share/vrx_gz/worlds/2023_phase2/phase2_2023_wildlife5.sdf
[32.917s] -- Installing: /home/javier/vrx_ws/install/share/vrx_gz/worlds/2023_phase2/phase2_2023_wayfinding4.sdf
[32.917s] -- Installing: /home/javier/vrx_ws/install/share/vrx_gz/worlds/2023_phase2/phase2_2023_wayfinding2.sdf
[32.917s] -- Installing: /home/javier/vrx_ws/install/share/vrx_gz/worlds/2023_phase2/phase2_2023_scan_dock_deliver3.sdf
[32.917s] -- Installing: /home/javier/vrx_ws/install/share/vrx_gz/worlds/2023_phase2/phase2_2023_follow_path2.sdf
[32.917s] -- Installing: /home/javier/vrx_ws/install/share/vrx_gz/worlds/2023_phase2/phase2_2023_wayfinding5.sdf
[32.917s] -- Installing: /home/javier/vrx_ws/install/share/vrx_gz/worlds/2023_phase2/phase2_2023_scan_dock_deliver4.sdf
[32.917s] -- Installing: /home/javier/vrx_ws/install/share/vrx_gz/worlds/2023_phase2/phase2_2023_wildlife0.sdf
[32.917s] -- Installing: /home/javier/vrx_ws/install/share/vrx_gz/worlds/2023_phase2/phase2_2023_acoustic_tracking3.sdf
[32.917s] -- Installing: /home/javier/vrx_ws/install/share/vrx_gz/worlds/2023_phase2/phase2_2023_wildlife2.sdf
[32.917s] -- Installing: /home/javier/vrx_ws/install/share/vrx_gz/worlds/2023_phase2/phase2_2023_wayfinding0.sdf
[32.917s] -- Installing: /home/javier/vrx_ws/install/share/vrx_gz/worlds/2023_phase2/phase2_2023_wayfinding3.sdf
[32.917s] -- Installing: /home/javier/vrx_ws/install/share/vrx_gz/worlds/2023_phase2/phase2_2023_follow_path0.sdf
[32.918s] -- Installing: /home/javier/vrx_ws/install/share/vrx_gz/worlds/2023_phase2/phase2_2023_acoustic_tracking2.sdf
[32.918s] -- Installing: /home/javier/vrx_ws/install/share/vrx_gz/worlds/2023_phase2/phase2_2023_acoustic_perception4.sdf
[32.918s] -- Installing: /home/javier/vrx_ws/install/share/vrx_gz/worlds/2023_phase2/phase2_2023_wildlife3.sdf
[32.918s] -- Installing: /home/javier/vrx_ws/install/share/vrx_gz/worlds/2023_phase2/phase2_2023_stationkeeping0.sdf
[32.918s] -- Installing: /home/javier/vrx_ws/install/share/vrx_gz/worlds/2023_phase2/phase2_2023_acoustic_perception2.sdf
[32.918s] -- Installing: /home/javier/vrx_ws/install/share/vrx_gz/worlds/2023_phase2/phase2_2023_scan_dock_deliver2.sdf
[32.918s] -- Installing: /home/javier/vrx_ws/install/share/vrx_gz/worlds/2023_phase2/phase2_2023_perception1.sdf
[32.918s] -- Installing: /home/javier/vrx_ws/install/share/vrx_gz/worlds/2023_phase2/phase2_2023_acoustic_tracking1.sdf
[32.918s] -- Installing: /home/javier/vrx_ws/install/share/vrx_gz/worlds/2023_phase2/phase2_2023_perception5.sdf
[32.918s] -- Installing: /home/javier/vrx_ws/install/share/vrx_gz/worlds/perception_task.sdf
[32.918s] -- Installing: /home/javier/vrx_ws/install/share/ament_index/resource_index/package_run_dependencies/vrx_gz
[32.918s] -- Installing: /home/javier/vrx_ws/install/share/ament_index/resource_index/parent_prefix_path/vrx_gz
[32.919s] -- Installing: /home/javier/vrx_ws/install/share/vrx_gz/environment/ament_prefix_path.sh
[32.919s] -- Installing: /home/javier/vrx_ws/install/share/vrx_gz/environment/ament_prefix_path.dsv
[32.919s] -- Installing: /home/javier/vrx_ws/install/share/vrx_gz/environment/path.sh
[32.919s] -- Installing: /home/javier/vrx_ws/install/share/vrx_gz/environment/path.dsv
[32.919s] -- Installing: /home/javier/vrx_ws/install/share/vrx_gz/local_setup.bash
[32.919s] -- Installing: /home/javier/vrx_ws/install/share/vrx_gz/local_setup.sh
[32.919s] -- Installing: /home/javier/vrx_ws/install/share/vrx_gz/local_setup.zsh
[32.919s] -- Installing: /home/javier/vrx_ws/install/share/vrx_gz/local_setup.dsv
[32.919s] -- Installing: /home/javier/vrx_ws/install/share/vrx_gz/package.dsv
[32.919s] -- Installing: /home/javier/vrx_ws/install/share/ament_index/resource_index/packages/vrx_gz
[32.920s] -- Installing: /home/javier/vrx_ws/install/share/vrx_gz/cmake/vrx_gzConfig.cmake
[32.920s] -- Installing: /home/javier/vrx_ws/install/share/vrx_gz/cmake/vrx_gzConfig-version.cmake
[32.920s] -- Installing: /home/javier/vrx_ws/install/share/vrx_gz/package.xml
[32.921s] Invoked command in '/home/javier/vrx_ws/build/vrx_gz' returned '0': AMENT_PREFIX_PATH=/home/javier/vrx_ws/install:${AMENT_PREFIX_PATH} CMAKE_PREFIX_PATH=/home/javier/vrx_ws/install:/opt/ros/jazzy/opt/gz_sim_vendor:/opt/ros/jazzy/opt/gz_sensors_vendor:/opt/ros/jazzy/opt/gz_physics_vendor:/opt/ros/jazzy/opt/sdformat_vendor:/opt/ros/jazzy/opt/gz_gui_vendor:/opt/ros/jazzy/opt/gz_transport_vendor:/opt/ros/jazzy/opt/gz_rendering_vendor:/opt/ros/jazzy/opt/gz_plugin_vendor:/opt/ros/jazzy/opt/gz_fuel_tools_vendor:/opt/ros/jazzy/opt/gz_msgs_vendor:/opt/ros/jazzy/opt/gz_common_vendor:/opt/ros/jazzy/opt/gz_math_vendor:/opt/ros/jazzy/opt/gz_utils_vendor:/opt/ros/jazzy/opt/gz_tools_vendor:/opt/ros/jazzy/opt/gz_ogre_next_vendor:/opt/ros/jazzy/opt/gz_dartsim_vendor:/opt/ros/jazzy/opt/gz_cmake_vendor:/opt/ros/jazzy DEBUGINFOD_URLS=https://debuginfod.ubuntu.com GZ_SIM_RESOURCE_PATH=/home/javier/vrx_ws/install/share/wamv_description/models:/home/javier/vrx_ws/install/share/vrx_gazebo/models:/home/javier/vrx_ws/install/share:${GZ_SIM_RESOURCE_PATH} PYTHONPATH=/home/javier/vrx_ws/install/lib/python3.12/site-packages:${PYTHONPATH} /usr/bin/cmake --install /home/javier/vrx_ws/build/vrx_gz
