[0.008s] Invoking command in '/home/javier/vrx_ws/build/wamv_gazebo': AMENT_PREFIX_PATH=/home/javier/vrx_ws/install:${AMENT_PREFIX_PATH} CMAKE_PREFIX_PATH=/home/javier/vrx_ws/install:/opt/ros/jazzy/opt/gz_sim_vendor:/opt/ros/jazzy/opt/gz_sensors_vendor:/opt/ros/jazzy/opt/gz_physics_vendor:/opt/ros/jazzy/opt/sdformat_vendor:/opt/ros/jazzy/opt/gz_gui_vendor:/opt/ros/jazzy/opt/gz_transport_vendor:/opt/ros/jazzy/opt/gz_rendering_vendor:/opt/ros/jazzy/opt/gz_plugin_vendor:/opt/ros/jazzy/opt/gz_fuel_tools_vendor:/opt/ros/jazzy/opt/gz_msgs_vendor:/opt/ros/jazzy/opt/gz_common_vendor:/opt/ros/jazzy/opt/gz_math_vendor:/opt/ros/jazzy/opt/gz_utils_vendor:/opt/ros/jazzy/opt/gz_tools_vendor:/opt/ros/jazzy/opt/gz_ogre_next_vendor:/opt/ros/jazzy/opt/gz_dartsim_vendor:/opt/ros/jazzy/opt/gz_cmake_vendor:/opt/ros/jazzy DEBUGINFOD_URLS=https://debuginfod.ubuntu.com GZ_SIM_RESOURCE_PATH=/home/javier/vrx_ws/install/share/wamv_description/models:/home/javier/vrx_ws/install/share/vrx_gazebo/models:/home/javier/vrx_ws/install/share:${GZ_SIM_RESOURCE_PATH} PYTHONPATH=/home/javier/vrx_ws/install/lib/python3.12/site-packages:${PYTHONPATH} /usr/bin/cmake /home/javier/vrx_ws/src/vrx_urdf/wamv_gazebo -DCMAKE_INSTALL_PREFIX=/home/javier/vrx_ws/install
[0.055s] -- The C compiler identification is GNU 13.3.0
[0.105s] -- The CXX compiler identification is GNU 13.3.0
[0.120s] -- Detecting C compiler ABI info
[0.195s] -- Detecting C compiler ABI info - done
[0.212s] -- Check for working C compiler: /usr/bin/cc - skipped
[0.213s] -- Detecting C compile features
[0.214s] -- Detecting C compile features - done
[0.223s] -- Detecting CXX compiler ABI info
[0.306s] -- Detecting CXX compiler ABI info - done
[0.323s] -- Check for working CXX compiler: /usr/bin/c++ - skipped
[0.323s] -- Detecting CXX compile features
[0.324s] -- Detecting CXX compile features - done
[0.329s] -- Found ament_cmake: 2.5.5 (/opt/ros/jazzy/share/ament_cmake/cmake)
[0.467s] -- Found Python3: /usr/bin/python3 (found version "3.12.3") found components: Interpreter 
[0.574s] -- Found xacro: 2.1.1 (/opt/ros/jazzy/share/xacro/cmake)
[0.575s] -- Found wamv_description: 1.3.0 (/home/javier/vrx_ws/install/share/wamv_description/cmake)
[0.659s] -- Configuring done (0.6s)
[0.661s] -- Generating done (0.0s)
[0.663s] -- Build files have been written to: /home/javier/vrx_ws/build/wamv_gazebo
[0.668s] Invoked command in '/home/javier/vrx_ws/build/wamv_gazebo' returned '0': AMENT_PREFIX_PATH=/home/javier/vrx_ws/install:${AMENT_PREFIX_PATH} CMAKE_PREFIX_PATH=/home/javier/vrx_ws/install:/opt/ros/jazzy/opt/gz_sim_vendor:/opt/ros/jazzy/opt/gz_sensors_vendor:/opt/ros/jazzy/opt/gz_physics_vendor:/opt/ros/jazzy/opt/sdformat_vendor:/opt/ros/jazzy/opt/gz_gui_vendor:/opt/ros/jazzy/opt/gz_transport_vendor:/opt/ros/jazzy/opt/gz_rendering_vendor:/opt/ros/jazzy/opt/gz_plugin_vendor:/opt/ros/jazzy/opt/gz_fuel_tools_vendor:/opt/ros/jazzy/opt/gz_msgs_vendor:/opt/ros/jazzy/opt/gz_common_vendor:/opt/ros/jazzy/opt/gz_math_vendor:/opt/ros/jazzy/opt/gz_utils_vendor:/opt/ros/jazzy/opt/gz_tools_vendor:/opt/ros/jazzy/opt/gz_ogre_next_vendor:/opt/ros/jazzy/opt/gz_dartsim_vendor:/opt/ros/jazzy/opt/gz_cmake_vendor:/opt/ros/jazzy DEBUGINFOD_URLS=https://debuginfod.ubuntu.com GZ_SIM_RESOURCE_PATH=/home/javier/vrx_ws/install/share/wamv_description/models:/home/javier/vrx_ws/install/share/vrx_gazebo/models:/home/javier/vrx_ws/install/share:${GZ_SIM_RESOURCE_PATH} PYTHONPATH=/home/javier/vrx_ws/install/lib/python3.12/site-packages:${PYTHONPATH} /usr/bin/cmake /home/javier/vrx_ws/src/vrx_urdf/wamv_gazebo -DCMAKE_INSTALL_PREFIX=/home/javier/vrx_ws/install
[0.669s] Invoking command in '/home/javier/vrx_ws/build/wamv_gazebo': AMENT_PREFIX_PATH=/home/javier/vrx_ws/install:${AMENT_PREFIX_PATH} CMAKE_PREFIX_PATH=/home/javier/vrx_ws/install:/opt/ros/jazzy/opt/gz_sim_vendor:/opt/ros/jazzy/opt/gz_sensors_vendor:/opt/ros/jazzy/opt/gz_physics_vendor:/opt/ros/jazzy/opt/sdformat_vendor:/opt/ros/jazzy/opt/gz_gui_vendor:/opt/ros/jazzy/opt/gz_transport_vendor:/opt/ros/jazzy/opt/gz_rendering_vendor:/opt/ros/jazzy/opt/gz_plugin_vendor:/opt/ros/jazzy/opt/gz_fuel_tools_vendor:/opt/ros/jazzy/opt/gz_msgs_vendor:/opt/ros/jazzy/opt/gz_common_vendor:/opt/ros/jazzy/opt/gz_math_vendor:/opt/ros/jazzy/opt/gz_utils_vendor:/opt/ros/jazzy/opt/gz_tools_vendor:/opt/ros/jazzy/opt/gz_ogre_next_vendor:/opt/ros/jazzy/opt/gz_dartsim_vendor:/opt/ros/jazzy/opt/gz_cmake_vendor:/opt/ros/jazzy DEBUGINFOD_URLS=https://debuginfod.ubuntu.com GZ_SIM_RESOURCE_PATH=/home/javier/vrx_ws/install/share/wamv_description/models:/home/javier/vrx_ws/install/share/vrx_gazebo/models:/home/javier/vrx_ws/install/share:${GZ_SIM_RESOURCE_PATH} PYTHONPATH=/home/javier/vrx_ws/install/lib/python3.12/site-packages:${PYTHONPATH} /usr/bin/cmake --build /home/javier/vrx_ws/build/wamv_gazebo -- -j8 -l8
[0.702s] Invoked command in '/home/javier/vrx_ws/build/wamv_gazebo' returned '0': AMENT_PREFIX_PATH=/home/javier/vrx_ws/install:${AMENT_PREFIX_PATH} CMAKE_PREFIX_PATH=/home/javier/vrx_ws/install:/opt/ros/jazzy/opt/gz_sim_vendor:/opt/ros/jazzy/opt/gz_sensors_vendor:/opt/ros/jazzy/opt/gz_physics_vendor:/opt/ros/jazzy/opt/sdformat_vendor:/opt/ros/jazzy/opt/gz_gui_vendor:/opt/ros/jazzy/opt/gz_transport_vendor:/opt/ros/jazzy/opt/gz_rendering_vendor:/opt/ros/jazzy/opt/gz_plugin_vendor:/opt/ros/jazzy/opt/gz_fuel_tools_vendor:/opt/ros/jazzy/opt/gz_msgs_vendor:/opt/ros/jazzy/opt/gz_common_vendor:/opt/ros/jazzy/opt/gz_math_vendor:/opt/ros/jazzy/opt/gz_utils_vendor:/opt/ros/jazzy/opt/gz_tools_vendor:/opt/ros/jazzy/opt/gz_ogre_next_vendor:/opt/ros/jazzy/opt/gz_dartsim_vendor:/opt/ros/jazzy/opt/gz_cmake_vendor:/opt/ros/jazzy DEBUGINFOD_URLS=https://debuginfod.ubuntu.com GZ_SIM_RESOURCE_PATH=/home/javier/vrx_ws/install/share/wamv_description/models:/home/javier/vrx_ws/install/share/vrx_gazebo/models:/home/javier/vrx_ws/install/share:${GZ_SIM_RESOURCE_PATH} PYTHONPATH=/home/javier/vrx_ws/install/lib/python3.12/site-packages:${PYTHONPATH} /usr/bin/cmake --build /home/javier/vrx_ws/build/wamv_gazebo -- -j8 -l8
[0.703s] Invoking command in '/home/javier/vrx_ws/build/wamv_gazebo': AMENT_PREFIX_PATH=/home/javier/vrx_ws/install:${AMENT_PREFIX_PATH} CMAKE_PREFIX_PATH=/home/javier/vrx_ws/install:/opt/ros/jazzy/opt/gz_sim_vendor:/opt/ros/jazzy/opt/gz_sensors_vendor:/opt/ros/jazzy/opt/gz_physics_vendor:/opt/ros/jazzy/opt/sdformat_vendor:/opt/ros/jazzy/opt/gz_gui_vendor:/opt/ros/jazzy/opt/gz_transport_vendor:/opt/ros/jazzy/opt/gz_rendering_vendor:/opt/ros/jazzy/opt/gz_plugin_vendor:/opt/ros/jazzy/opt/gz_fuel_tools_vendor:/opt/ros/jazzy/opt/gz_msgs_vendor:/opt/ros/jazzy/opt/gz_common_vendor:/opt/ros/jazzy/opt/gz_math_vendor:/opt/ros/jazzy/opt/gz_utils_vendor:/opt/ros/jazzy/opt/gz_tools_vendor:/opt/ros/jazzy/opt/gz_ogre_next_vendor:/opt/ros/jazzy/opt/gz_dartsim_vendor:/opt/ros/jazzy/opt/gz_cmake_vendor:/opt/ros/jazzy DEBUGINFOD_URLS=https://debuginfod.ubuntu.com GZ_SIM_RESOURCE_PATH=/home/javier/vrx_ws/install/share/wamv_description/models:/home/javier/vrx_ws/install/share/vrx_gazebo/models:/home/javier/vrx_ws/install/share:${GZ_SIM_RESOURCE_PATH} PYTHONPATH=/home/javier/vrx_ws/install/lib/python3.12/site-packages:${PYTHONPATH} /usr/bin/cmake --install /home/javier/vrx_ws/build/wamv_gazebo
[0.710s] -- Install configuration: ""
[0.710s] -- Installing: /home/javier/vrx_ws/install/share/wamv_gazebo/models
[0.710s] -- Installing: /home/javier/vrx_ws/install/share/wamv_gazebo/models/gps
[0.710s] -- Installing: /home/javier/vrx_ws/install/share/wamv_gazebo/models/gps/mesh
[0.710s] -- Installing: /home/javier/vrx_ws/install/share/wamv_gazebo/models/gps/mesh/gps.dae
[0.710s] -- Installing: /home/javier/vrx_ws/install/share/wamv_gazebo/models/gps/mesh/gps.png
[0.711s] -- Installing: /home/javier/vrx_ws/install/share/wamv_gazebo/models/gps/model.config
[0.711s] -- Installing: /home/javier/vrx_ws/install/share/wamv_gazebo/urdf
[0.711s] -- Installing: /home/javier/vrx_ws/install/share/wamv_gazebo/urdf/macros.xacro
[0.711s] -- Installing: /home/javier/vrx_ws/install/share/wamv_gazebo/urdf/thruster_layouts
[0.711s] -- Installing: /home/javier/vrx_ws/install/share/wamv_gazebo/urdf/thruster_layouts/wamv_aft_thrusters.xacro
[0.711s] -- Installing: /home/javier/vrx_ws/install/share/wamv_gazebo/urdf/thruster_layouts/wamv_gazebo_thruster_config.xacro
[0.712s] -- Installing: /home/javier/vrx_ws/install/share/wamv_gazebo/urdf/thruster_layouts/wamv_x_thrusters.xacro
[0.712s] -- Installing: /home/javier/vrx_ws/install/share/wamv_gazebo/urdf/thruster_layouts/wamv_t_thrusters.xacro
[0.712s] -- Installing: /home/javier/vrx_ws/install/share/wamv_gazebo/urdf/wamv_gazebo.xacro
[0.712s] -- Installing: /home/javier/vrx_ws/install/share/wamv_gazebo/urdf/components
[0.712s] -- Installing: /home/javier/vrx_ws/install/share/wamv_gazebo/urdf/components/lidar.xacro
[0.712s] -- Installing: /home/javier/vrx_ws/install/share/wamv_gazebo/urdf/components/wamv_gps.xacro
[0.713s] -- Installing: /home/javier/vrx_ws/install/share/wamv_gazebo/urdf/components/wamv_p3d.xacro
[0.713s] -- Installing: /home/javier/vrx_ws/install/share/wamv_gazebo/urdf/components/wamv_imu.xacro
[0.713s] -- Installing: /home/javier/vrx_ws/install/share/wamv_gazebo/urdf/components/wamv_planar_lidar.xacro
[0.713s] -- Installing: /home/javier/vrx_ws/install/share/wamv_gazebo/urdf/components/wamv_pinger.xacro
[0.713s] -- Installing: /home/javier/vrx_ws/install/share/wamv_gazebo/urdf/components/wamv_camera.xacro
[0.713s] -- Installing: /home/javier/vrx_ws/install/share/wamv_gazebo/urdf/components/ball_shooter.xacro
[0.713s] -- Installing: /home/javier/vrx_ws/install/share/wamv_gazebo/urdf/components/wamv_3d_lidar.xacro
[0.714s] -- Installing: /home/javier/vrx_ws/install/share/wamv_gazebo/urdf/wamv_gazebo.urdf.xacro
[0.714s] -- Installing: /home/javier/vrx_ws/install/share/wamv_gazebo/urdf/dynamics
[0.714s] -- Installing: /home/javier/vrx_ws/install/share/wamv_gazebo/urdf/dynamics/wamv_gazebo_dynamics_plugin.xacro
[0.714s] -- Installing: /home/javier/vrx_ws/install/share/ament_index/resource_index/package_run_dependencies/wamv_gazebo
[0.714s] -- Installing: /home/javier/vrx_ws/install/share/ament_index/resource_index/parent_prefix_path/wamv_gazebo
[0.714s] -- Installing: /home/javier/vrx_ws/install/share/wamv_gazebo/environment/ament_prefix_path.sh
[0.715s] -- Installing: /home/javier/vrx_ws/install/share/wamv_gazebo/environment/ament_prefix_path.dsv
[0.715s] -- Installing: /home/javier/vrx_ws/install/share/wamv_gazebo/environment/path.sh
[0.715s] -- Installing: /home/javier/vrx_ws/install/share/wamv_gazebo/environment/path.dsv
[0.715s] -- Installing: /home/javier/vrx_ws/install/share/wamv_gazebo/local_setup.bash
[0.715s] -- Installing: /home/javier/vrx_ws/install/share/wamv_gazebo/local_setup.sh
[0.715s] -- Installing: /home/javier/vrx_ws/install/share/wamv_gazebo/local_setup.zsh
[0.715s] -- Installing: /home/javier/vrx_ws/install/share/wamv_gazebo/local_setup.dsv
[0.715s] -- Installing: /home/javier/vrx_ws/install/share/wamv_gazebo/package.dsv
[0.716s] -- Installing: /home/javier/vrx_ws/install/share/ament_index/resource_index/packages/wamv_gazebo
[0.716s] -- Installing: /home/javier/vrx_ws/install/share/wamv_gazebo/cmake/wamv_gazeboConfig.cmake
[0.716s] -- Installing: /home/javier/vrx_ws/install/share/wamv_gazebo/cmake/wamv_gazeboConfig-version.cmake
[0.716s] -- Installing: /home/javier/vrx_ws/install/share/wamv_gazebo/package.xml
[0.717s] Invoked command in '/home/javier/vrx_ws/build/wamv_gazebo' returned '0': AMENT_PREFIX_PATH=/home/javier/vrx_ws/install:${AMENT_PREFIX_PATH} CMAKE_PREFIX_PATH=/home/javier/vrx_ws/install:/opt/ros/jazzy/opt/gz_sim_vendor:/opt/ros/jazzy/opt/gz_sensors_vendor:/opt/ros/jazzy/opt/gz_physics_vendor:/opt/ros/jazzy/opt/sdformat_vendor:/opt/ros/jazzy/opt/gz_gui_vendor:/opt/ros/jazzy/opt/gz_transport_vendor:/opt/ros/jazzy/opt/gz_rendering_vendor:/opt/ros/jazzy/opt/gz_plugin_vendor:/opt/ros/jazzy/opt/gz_fuel_tools_vendor:/opt/ros/jazzy/opt/gz_msgs_vendor:/opt/ros/jazzy/opt/gz_common_vendor:/opt/ros/jazzy/opt/gz_math_vendor:/opt/ros/jazzy/opt/gz_utils_vendor:/opt/ros/jazzy/opt/gz_tools_vendor:/opt/ros/jazzy/opt/gz_ogre_next_vendor:/opt/ros/jazzy/opt/gz_dartsim_vendor:/opt/ros/jazzy/opt/gz_cmake_vendor:/opt/ros/jazzy DEBUGINFOD_URLS=https://debuginfod.ubuntu.com GZ_SIM_RESOURCE_PATH=/home/javier/vrx_ws/install/share/wamv_description/models:/home/javier/vrx_ws/install/share/vrx_gazebo/models:/home/javier/vrx_ws/install/share:${GZ_SIM_RESOURCE_PATH} PYTHONPATH=/home/javier/vrx_ws/install/lib/python3.12/site-packages:${PYTHONPATH} /usr/bin/cmake --install /home/javier/vrx_ws/build/wamv_gazebo
