[2.087s] Invoking command in '/home/javier/vrx_ws/src/gps_waypoints': DEBUGINFOD_URLS=https://debuginfod.ubuntu.com PYTHONPATH=/home/javier/vrx_ws/build/gps_waypoints/prefix_override:/usr/lib/python3/dist-packages/colcon_core/task/python/colcon_distutils_commands:/home/javier/vrx_ws/install/lib/python3.12/site-packages:${PYTHONPATH} /usr/bin/python3 -W ignore:setup.py install is deprecated -W ignore:easy_install command is deprecated setup.py egg_info --egg-base ../../build/gps_waypoints build --build-base /home/javier/vrx_ws/build/gps_waypoints/build install --record /home/javier/vrx_ws/build/gps_waypoints/install.log --single-version-externally-managed
[2.713s] running egg_info
[2.762s] writing ../../build/gps_waypoints/gps_waypoints.egg-info/PKG-INFO
[2.763s] writing dependency_links to ../../build/gps_waypoints/gps_waypoints.egg-info/dependency_links.txt
[2.763s] writing entry points to ../../build/gps_waypoints/gps_waypoints.egg-info/entry_points.txt
[2.763s] writing requirements to ../../build/gps_waypoints/gps_waypoints.egg-info/requires.txt
[2.764s] writing top-level names to ../../build/gps_waypoints/gps_waypoints.egg-info/top_level.txt
[2.853s] reading manifest file '../../build/gps_waypoints/gps_waypoints.egg-info/SOURCES.txt'
[2.856s] writing manifest file '../../build/gps_waypoints/gps_waypoints.egg-info/SOURCES.txt'
[2.856s] running build
[2.856s] running build_py
[2.857s] running install
[2.872s] running install_lib
[2.915s] running install_egg_info
[2.963s] removing '/home/javier/vrx_ws/install/lib/python3.12/site-packages/gps_waypoints-0.0.0-py3.12.egg-info' (and everything under it)
[2.963s] Copying ../../build/gps_waypoints/gps_waypoints.egg-info to /home/javier/vrx_ws/install/lib/python3.12/site-packages/gps_waypoints-0.0.0-py3.12.egg-info
[2.965s] running install_scripts
[3.276s] Installing gps_waypoint_controller script to /home/javier/vrx_ws/install/bin
[3.276s] Installing gps_waypoint_converter script to /home/javier/vrx_ws/install/bin
[3.277s] Installing gps_waypoint_node script to /home/javier/vrx_ws/install/bin
[3.277s] writing list of installed files to '/home/javier/vrx_ws/build/gps_waypoints/install.log'
[3.393s] Invoked command in '/home/javier/vrx_ws/src/gps_waypoints' returned '0': DEBUGINFOD_URLS=https://debuginfod.ubuntu.com PYTHONPATH=/home/javier/vrx_ws/build/gps_waypoints/prefix_override:/usr/lib/python3/dist-packages/colcon_core/task/python/colcon_distutils_commands:/home/javier/vrx_ws/install/lib/python3.12/site-packages:${PYTHONPATH} /usr/bin/python3 -W ignore:setup.py install is deprecated -W ignore:easy_install command is deprecated setup.py egg_info --egg-base ../../build/gps_waypoints build --build-base /home/javier/vrx_ws/build/gps_waypoints/build install --record /home/javier/vrx_ws/build/gps_waypoints/install.log --single-version-externally-managed
