[0.219s] Invoking command in '/home/javier/vrx_ws/build/vrx_gz': CMAKE_PREFIX_PATH=/opt/ros/jazzy:/home/javier/vrx_ws/install:/home/javier/install/vrx_gz:/home/javier/install/wamv_gazebo:/home/javier/install/wamv_description:/home/javier/install/vrx_ros:/home/javier/install/vrx_gazebo:/opt/ros/jazzy/opt/gz_sim_vendor:/opt/ros/jazzy/opt/gz_sensors_vendor:/opt/ros/jazzy/opt/gz_physics_vendor:/opt/ros/jazzy/opt/sdformat_vendor:/opt/ros/jazzy/opt/gz_gui_vendor:/opt/ros/jazzy/opt/gz_transport_vendor:/opt/ros/jazzy/opt/gz_rendering_vendor:/opt/ros/jazzy/opt/gz_plugin_vendor:/opt/ros/jazzy/opt/gz_fuel_tools_vendor:/opt/ros/jazzy/opt/gz_msgs_vendor:/opt/ros/jazzy/opt/gz_common_vendor:/opt/ros/jazzy/opt/gz_math_vendor:/opt/ros/jazzy/opt/gz_utils_vendor:/opt/ros/jazzy/opt/gz_tools_vendor:/opt/ros/jazzy/opt/gz_ogre_next_vendor:/opt/ros/jazzy/opt/gz_dartsim_vendor:/opt/ros/jazzy/opt/gz_cmake_vendor DEBUGINFOD_URLS=https://debuginfod.ubuntu.com GZ_SIM_RESOURCE_PATH=/home/javier/vrx_ws/install/share:${GZ_SIM_RESOURCE_PATH} LD_LIBRARY_PATH=/home/javier/vrx_ws/install/lib:/home/javier/install/vrx_gz/lib:/opt/ros/jazzy/opt/gz_sim_vendor/lib:/opt/ros/jazzy/opt/gz_sensors_vendor/lib:/opt/ros/jazzy/opt/gz_physics_vendor/lib:/opt/ros/jazzy/opt/sdformat_vendor/lib:/opt/ros/jazzy/opt/rviz_ogre_vendor/lib:/opt/ros/jazzy/lib/x86_64-linux-gnu:/opt/ros/jazzy/opt/gz_gui_vendor/lib:/opt/ros/jazzy/opt/gz_transport_vendor/lib:/opt/ros/jazzy/opt/gz_rendering_vendor/lib:/opt/ros/jazzy/opt/gz_plugin_vendor/lib:/opt/ros/jazzy/opt/gz_fuel_tools_vendor/lib:/opt/ros/jazzy/opt/gz_msgs_vendor/lib:/opt/ros/jazzy/opt/gz_common_vendor/lib:/opt/ros/jazzy/opt/gz_math_vendor/lib:/opt/ros/jazzy/opt/gz_utils_vendor/lib:/opt/ros/jazzy/opt/gz_tools_vendor/lib:/opt/ros/jazzy/opt/gz_ogre_next_vendor/lib:/opt/ros/jazzy/opt/gz_dartsim_vendor/lib:/opt/ros/jazzy/opt/gz_cmake_vendor/lib:/opt/ros/jazzy/lib PYTHONPATH=/home/javier/vrx_ws/install/lib/python3.12/site-packages:/home/javier/install/vrx_gz/lib/python3.12/site-packages:/home/javier/install/vrx_gazebo/lib/python3.12/site-packages:/opt/ros/jazzy/lib/python3.12/site-packages /usr/bin/cmake --build /home/javier/vrx_ws/build/vrx_gz -- -j8 -l8
[0.267s] [  8%] Built target Waves
[0.268s] [  8%] Built target ScoringPlugin
[0.274s] [  8%] Built target ament_cmake_python_copy_vrx_gz
[0.308s] [ 14%] Built target StationkeepingScoringPlugin
[0.308s] [ 20%] Built target AcousticTrackingScoringPlugin
[0.309s] [ 29%] Built target PolyhedraBuoyancyDrag
[0.310s] [ 33%] Built target LightBuoyPlugin
[0.310s] [ 39%] Built target WayfindingScoringPlugin
[0.314s] [ 43%] Built target BallShooterPlugin
[0.314s] [ 50%] Built target AcousticPerceptionScoringPlugin
[0.325s] [ 54%] Built target AcousticPingerPlugin
[0.347s] [ 58%] Built target PerceptionScoringPlugin
[0.348s] [ 62%] Built target PlacardPlugin
[0.350s] [ 66%] Built target GymkhanaScoringPlugin
[0.353s] [ 70%] Built target PublisherPlugin
[0.358s] [ 75%] Built target Surface
[0.359s] [ 79%] Built target NavigationScoringPlugin
[0.363s] [ 83%] Built target SimpleHydrodynamics
[0.365s] [ 87%] Built target ScanDockScoringPlugin
[0.379s] [ 91%] Built target WaveVisual
[0.381s] [ 95%] Built target WildlifeScoringPlugin
[0.384s] [100%] Built target USVWind
[0.631s] running egg_info
[0.657s] writing vrx_gz.egg-info/PKG-INFO
[0.657s] writing dependency_links to vrx_gz.egg-info/dependency_links.txt
[0.657s] writing top-level names to vrx_gz.egg-info/top_level.txt
[0.723s] reading manifest file 'vrx_gz.egg-info/SOURCES.txt'
[0.724s] writing manifest file 'vrx_gz.egg-info/SOURCES.txt'
[0.749s] [100%] Built target ament_cmake_python_build_vrx_gz_egg
[0.759s] Invoked command in '/home/javier/vrx_ws/build/vrx_gz' returned '0': CMAKE_PREFIX_PATH=/opt/ros/jazzy:/home/javier/vrx_ws/install:/home/javier/install/vrx_gz:/home/javier/install/wamv_gazebo:/home/javier/install/wamv_description:/home/javier/install/vrx_ros:/home/javier/install/vrx_gazebo:/opt/ros/jazzy/opt/gz_sim_vendor:/opt/ros/jazzy/opt/gz_sensors_vendor:/opt/ros/jazzy/opt/gz_physics_vendor:/opt/ros/jazzy/opt/sdformat_vendor:/opt/ros/jazzy/opt/gz_gui_vendor:/opt/ros/jazzy/opt/gz_transport_vendor:/opt/ros/jazzy/opt/gz_rendering_vendor:/opt/ros/jazzy/opt/gz_plugin_vendor:/opt/ros/jazzy/opt/gz_fuel_tools_vendor:/opt/ros/jazzy/opt/gz_msgs_vendor:/opt/ros/jazzy/opt/gz_common_vendor:/opt/ros/jazzy/opt/gz_math_vendor:/opt/ros/jazzy/opt/gz_utils_vendor:/opt/ros/jazzy/opt/gz_tools_vendor:/opt/ros/jazzy/opt/gz_ogre_next_vendor:/opt/ros/jazzy/opt/gz_dartsim_vendor:/opt/ros/jazzy/opt/gz_cmake_vendor DEBUGINFOD_URLS=https://debuginfod.ubuntu.com GZ_SIM_RESOURCE_PATH=/home/javier/vrx_ws/install/share:${GZ_SIM_RESOURCE_PATH} LD_LIBRARY_PATH=/home/javier/vrx_ws/install/lib:/home/javier/install/vrx_gz/lib:/opt/ros/jazzy/opt/gz_sim_vendor/lib:/opt/ros/jazzy/opt/gz_sensors_vendor/lib:/opt/ros/jazzy/opt/gz_physics_vendor/lib:/opt/ros/jazzy/opt/sdformat_vendor/lib:/opt/ros/jazzy/opt/rviz_ogre_vendor/lib:/opt/ros/jazzy/lib/x86_64-linux-gnu:/opt/ros/jazzy/opt/gz_gui_vendor/lib:/opt/ros/jazzy/opt/gz_transport_vendor/lib:/opt/ros/jazzy/opt/gz_rendering_vendor/lib:/opt/ros/jazzy/opt/gz_plugin_vendor/lib:/opt/ros/jazzy/opt/gz_fuel_tools_vendor/lib:/opt/ros/jazzy/opt/gz_msgs_vendor/lib:/opt/ros/jazzy/opt/gz_common_vendor/lib:/opt/ros/jazzy/opt/gz_math_vendor/lib:/opt/ros/jazzy/opt/gz_utils_vendor/lib:/opt/ros/jazzy/opt/gz_tools_vendor/lib:/opt/ros/jazzy/opt/gz_ogre_next_vendor/lib:/opt/ros/jazzy/opt/gz_dartsim_vendor/lib:/opt/ros/jazzy/opt/gz_cmake_vendor/lib:/opt/ros/jazzy/lib PYTHONPATH=/home/javier/vrx_ws/install/lib/python3.12/site-packages:/home/javier/install/vrx_gz/lib/python3.12/site-packages:/home/javier/install/vrx_gazebo/lib/python3.12/site-packages:/opt/ros/jazzy/lib/python3.12/site-packages /usr/bin/cmake --build /home/javier/vrx_ws/build/vrx_gz -- -j8 -l8
[0.768s] Invoking command in '/home/javier/vrx_ws/build/vrx_gz': CMAKE_PREFIX_PATH=/opt/ros/jazzy:/home/javier/vrx_ws/install:/home/javier/install/vrx_gz:/home/javier/install/wamv_gazebo:/home/javier/install/wamv_description:/home/javier/install/vrx_ros:/home/javier/install/vrx_gazebo:/opt/ros/jazzy/opt/gz_sim_vendor:/opt/ros/jazzy/opt/gz_sensors_vendor:/opt/ros/jazzy/opt/gz_physics_vendor:/opt/ros/jazzy/opt/sdformat_vendor:/opt/ros/jazzy/opt/gz_gui_vendor:/opt/ros/jazzy/opt/gz_transport_vendor:/opt/ros/jazzy/opt/gz_rendering_vendor:/opt/ros/jazzy/opt/gz_plugin_vendor:/opt/ros/jazzy/opt/gz_fuel_tools_vendor:/opt/ros/jazzy/opt/gz_msgs_vendor:/opt/ros/jazzy/opt/gz_common_vendor:/opt/ros/jazzy/opt/gz_math_vendor:/opt/ros/jazzy/opt/gz_utils_vendor:/opt/ros/jazzy/opt/gz_tools_vendor:/opt/ros/jazzy/opt/gz_ogre_next_vendor:/opt/ros/jazzy/opt/gz_dartsim_vendor:/opt/ros/jazzy/opt/gz_cmake_vendor DEBUGINFOD_URLS=https://debuginfod.ubuntu.com GZ_SIM_RESOURCE_PATH=/home/javier/vrx_ws/install/share:${GZ_SIM_RESOURCE_PATH} LD_LIBRARY_PATH=/home/javier/vrx_ws/install/lib:/home/javier/install/vrx_gz/lib:/opt/ros/jazzy/opt/gz_sim_vendor/lib:/opt/ros/jazzy/opt/gz_sensors_vendor/lib:/opt/ros/jazzy/opt/gz_physics_vendor/lib:/opt/ros/jazzy/opt/sdformat_vendor/lib:/opt/ros/jazzy/opt/rviz_ogre_vendor/lib:/opt/ros/jazzy/lib/x86_64-linux-gnu:/opt/ros/jazzy/opt/gz_gui_vendor/lib:/opt/ros/jazzy/opt/gz_transport_vendor/lib:/opt/ros/jazzy/opt/gz_rendering_vendor/lib:/opt/ros/jazzy/opt/gz_plugin_vendor/lib:/opt/ros/jazzy/opt/gz_fuel_tools_vendor/lib:/opt/ros/jazzy/opt/gz_msgs_vendor/lib:/opt/ros/jazzy/opt/gz_common_vendor/lib:/opt/ros/jazzy/opt/gz_math_vendor/lib:/opt/ros/jazzy/opt/gz_utils_vendor/lib:/opt/ros/jazzy/opt/gz_tools_vendor/lib:/opt/ros/jazzy/opt/gz_ogre_next_vendor/lib:/opt/ros/jazzy/opt/gz_dartsim_vendor/lib:/opt/ros/jazzy/opt/gz_cmake_vendor/lib:/opt/ros/jazzy/lib PYTHONPATH=/home/javier/vrx_ws/install/lib/python3.12/site-packages:/home/javier/install/vrx_gz/lib/python3.12/site-packages:/home/javier/install/vrx_gazebo/lib/python3.12/site-packages:/opt/ros/jazzy/lib/python3.12/site-packages /usr/bin/cmake --install /home/javier/vrx_ws/build/vrx_gz
[0.775s] -- Install configuration: ""
[0.775s] -- Up-to-date: /home/javier/vrx_ws/install/share/vrx_gz/environment/resource_paths.dsv
[0.775s] -- Up-to-date: /home/javier/vrx_ws/install/share/vrx_gz/environment/resource_paths.sh
[0.775s] -- Up-to-date: /home/javier/vrx_ws/install/lib/libWaves.so
[0.775s] -- Up-to-date: /home/javier/vrx_ws/install/lib/libPolyhedraBuoyancyDrag.so
[0.776s] -- Up-to-date: /home/javier/vrx_ws/install/lib/libScoringPlugin.so
[0.776s] -- Up-to-date: /home/javier/vrx_ws/install/lib/libStationkeepingScoringPlugin.so
[0.776s] -- Up-to-date: /home/javier/vrx_ws/install/lib/libWayfindingScoringPlugin.so
[0.776s] -- Up-to-date: /home/javier/vrx_ws/install/lib/libAcousticPerceptionScoringPlugin.so
[0.777s] -- Up-to-date: /home/javier/vrx_ws/install/lib/libAcousticTrackingScoringPlugin.so
[0.777s] -- Up-to-date: /home/javier/vrx_ws/install/lib/libAcousticPingerPlugin.so
[0.777s] -- Up-to-date: /home/javier/vrx_ws/install/lib/libBallShooterPlugin.so
[0.777s] -- Up-to-date: /home/javier/vrx_ws/install/lib/libLightBuoyPlugin.so
[0.777s] -- Up-to-date: /home/javier/vrx_ws/install/lib/libNavigationScoringPlugin.so
[0.778s] -- Up-to-date: /home/javier/vrx_ws/install/lib/libGymkhanaScoringPlugin.so
[0.778s] -- Up-to-date: /home/javier/vrx_ws/install/lib/libPerceptionScoringPlugin.so
[0.778s] -- Up-to-date: /home/javier/vrx_ws/install/lib/libPlacardPlugin.so
[0.778s] -- Up-to-date: /home/javier/vrx_ws/install/lib/libPublisherPlugin.so
[0.779s] -- Up-to-date: /home/javier/vrx_ws/install/lib/libScanDockScoringPlugin.so
[0.779s] -- Up-to-date: /home/javier/vrx_ws/install/lib/libSimpleHydrodynamics.so
[0.779s] -- Up-to-date: /home/javier/vrx_ws/install/lib/libSurface.so
[0.779s] -- Up-to-date: /home/javier/vrx_ws/install/lib/libUSVWind.so
[0.779s] -- Up-to-date: /home/javier/vrx_ws/install/lib/libWaveVisual.so
[0.780s] -- Up-to-date: /home/javier/vrx_ws/install/lib/libWildlifeScoringPlugin.so
[0.780s] -- Up-to-date: /home/javier/vrx_ws/install/share/vrx_gz/environment/pythonpath.sh
[0.780s] -- Up-to-date: /home/javier/vrx_ws/install/share/vrx_gz/environment/pythonpath.dsv
[0.780s] -- Up-to-date: /home/javier/vrx_ws/install/lib/python3.12/site-packages/vrx_gz-0.0.0-py3.12.egg-info
[0.780s] -- Installing: /home/javier/vrx_ws/install/lib/python3.12/site-packages/vrx_gz-0.0.0-py3.12.egg-info/PKG-INFO
[0.780s] -- Installing: /home/javier/vrx_ws/install/lib/python3.12/site-packages/vrx_gz-0.0.0-py3.12.egg-info/dependency_links.txt
[0.780s] -- Installing: /home/javier/vrx_ws/install/lib/python3.12/site-packages/vrx_gz-0.0.0-py3.12.egg-info/top_level.txt
[0.781s] -- Installing: /home/javier/vrx_ws/install/lib/python3.12/site-packages/vrx_gz-0.0.0-py3.12.egg-info/SOURCES.txt
[0.781s] -- Up-to-date: /home/javier/vrx_ws/install/lib/python3.12/site-packages/vrx_gz
[0.781s] -- Up-to-date: /home/javier/vrx_ws/install/lib/python3.12/site-packages/vrx_gz/__init__.py
[0.781s] -- Up-to-date: /home/javier/vrx_ws/install/lib/python3.12/site-packages/vrx_gz/bridge.py
[0.781s] -- Up-to-date: /home/javier/vrx_ws/install/lib/python3.12/site-packages/vrx_gz/bridges.py
[0.781s] -- Up-to-date: /home/javier/vrx_ws/install/lib/python3.12/site-packages/vrx_gz/payload_bridges.py
[0.781s] -- Up-to-date: /home/javier/vrx_ws/install/lib/python3.12/site-packages/vrx_gz/model.py
[0.781s] -- Up-to-date: /home/javier/vrx_ws/install/lib/python3.12/site-packages/vrx_gz/launch.py
[0.813s] Listing '/home/javier/vrx_ws/install/lib/python3.12/site-packages/vrx_gz'...
[0.819s] -- Up-to-date: /home/javier/vrx_ws/install/share/vrx_gz/config
[0.819s] -- Up-to-date: /home/javier/vrx_ws/install/share/vrx_gz/config/wamv.yaml
[0.819s] -- Up-to-date: /home/javier/vrx_ws/install/share/vrx_gz/config/roboboat.yaml
[0.819s] -- Up-to-date: /home/javier/vrx_ws/install/share/vrx_gz/launch
[0.819s] -- Up-to-date: /home/javier/vrx_ws/install/share/vrx_gz/launch/vrx_environment.launch.py
[0.819s] -- Up-to-date: /home/javier/vrx_ws/install/share/vrx_gz/launch/spawn_config.launch.py
[0.820s] -- Up-to-date: /home/javier/vrx_ws/install/share/vrx_gz/launch/usv_joy_teleop.py
[0.820s] -- Up-to-date: /home/javier/vrx_ws/install/share/vrx_gz/launch/spawn.launch.py
[0.820s] -- Up-to-date: /home/javier/vrx_ws/install/share/vrx_gz/launch/competition.launch.py
[0.820s] -- Up-to-date: /home/javier/vrx_ws/install/share/vrx_gz/models
[0.820s] -- Up-to-date: /home/javier/vrx_ws/install/share/vrx_gz/models/short_course_2023_phase3_2
[0.820s] -- Up-to-date: /home/javier/vrx_ws/install/share/vrx_gz/models/short_course_2023_phase3_2/model.sdf
[0.820s] -- Up-to-date: /home/javier/vrx_ws/install/share/vrx_gz/models/short_course_2023_phase3_2/model.config
[0.820s] -- Up-to-date: /home/javier/vrx_ws/install/share/vrx_gz/models/robotx_light_buoy_ygb
[0.820s] -- Up-to-date: /home/javier/vrx_ws/install/share/vrx_gz/models/robotx_light_buoy_ygb/model.sdf
[0.820s] -- Up-to-date: /home/javier/vrx_ws/install/share/vrx_gz/models/robotx_light_buoy_ygb/model.config
[0.821s] -- Up-to-date: /home/javier/vrx_ws/install/share/vrx_gz/models/robotx_light_buoy_rgy
[0.821s] -- Up-to-date: /home/javier/vrx_ws/install/share/vrx_gz/models/robotx_light_buoy_rgy/model.sdf
[0.821s] -- Up-to-date: /home/javier/vrx_ws/install/share/vrx_gz/models/robotx_light_buoy_rgy/model.config
[0.821s] -- Up-to-date: /home/javier/vrx_ws/install/share/vrx_gz/models/entrance_exit
[0.821s] -- Up-to-date: /home/javier/vrx_ws/install/share/vrx_gz/models/entrance_exit/model.sdf
[0.821s] -- Up-to-date: /home/javier/vrx_ws/install/share/vrx_gz/models/entrance_exit/model.config
[0.821s] -- Up-to-date: /home/javier/vrx_ws/install/share/vrx_gz/models/robotx_light_buoy_yrg
[0.821s] -- Up-to-date: /home/javier/vrx_ws/install/share/vrx_gz/models/robotx_light_buoy_yrg/model.sdf
[0.821s] -- Up-to-date: /home/javier/vrx_ws/install/share/vrx_gz/models/robotx_light_buoy_yrg/model.config
[0.821s] -- Up-to-date: /home/javier/vrx_ws/install/share/vrx_gz/models/short_navigation_course_2
[0.821s] -- Up-to-date: /home/javier/vrx_ws/install/share/vrx_gz/models/short_navigation_course_2/model.sdf
[0.822s] -- Up-to-date: /home/javier/vrx_ws/install/share/vrx_gz/models/short_navigation_course_2/model.config
[0.822s] -- Up-to-date: /home/javier/vrx_ws/install/share/vrx_gz/models/roboboat02
[0.822s] -- Up-to-date: /home/javier/vrx_ws/install/share/vrx_gz/models/roboboat02/model.sdf
[0.822s] -- Up-to-date: /home/javier/vrx_ws/install/share/vrx_gz/models/roboboat02/meshes
[0.822s] -- Up-to-date: /home/javier/vrx_ws/install/share/vrx_gz/models/roboboat02/meshes/roboboat02.dae
[0.822s] -- Up-to-date: /home/javier/vrx_ws/install/share/vrx_gz/models/roboboat02/model.config
[0.822s] -- Up-to-date: /home/javier/vrx_ws/install/share/vrx_gz/models/roboboat02/materials
[0.822s] -- Up-to-date: /home/javier/vrx_ws/install/share/vrx_gz/models/roboboat02/materials/scripts
[0.823s] -- Up-to-date: /home/javier/vrx_ws/install/share/vrx_gz/models/roboboat02/materials/scripts/model.material
[0.823s] -- Up-to-date: /home/javier/vrx_ws/install/share/vrx_gz/models/roboboat02/materials/textures
[0.823s] -- Up-to-date: /home/javier/vrx_ws/install/share/vrx_gz/models/roboboat02/materials/textures/Boat02_Albedo.png
[0.823s] -- Up-to-date: /home/javier/vrx_ws/install/share/vrx_gz/models/roboboat02/materials/textures/Boat02_Roughness.png
[0.823s] -- Up-to-date: /home/javier/vrx_ws/install/share/vrx_gz/models/roboboat02/materials/textures/Boat02_Metallic.png
[0.823s] -- Up-to-date: /home/javier/vrx_ws/install/share/vrx_gz/models/roboboat02/materials/textures/Boat02_Normal.png
[0.823s] -- Up-to-date: /home/javier/vrx_ws/install/share/vrx_gz/models/robotx_light_buoy_bgy
[0.823s] -- Up-to-date: /home/javier/vrx_ws/install/share/vrx_gz/models/robotx_light_buoy_bgy/model.sdf
[0.824s] -- Up-to-date: /home/javier/vrx_ws/install/share/vrx_gz/models/robotx_light_buoy_bgy/model.config
[0.824s] -- Up-to-date: /home/javier/vrx_ws/install/share/vrx_gz/models/articulated_platform
[0.824s] -- Up-to-date: /home/javier/vrx_ws/install/share/vrx_gz/models/articulated_platform/model.sdf
[0.824s] -- Up-to-date: /home/javier/vrx_ws/install/share/vrx_gz/models/articulated_platform/model.config
[0.824s] -- Up-to-date: /home/javier/vrx_ws/install/share/vrx_gz/models/short_course_2023_phase3_1
[0.824s] -- Up-to-date: /home/javier/vrx_ws/install/share/vrx_gz/models/short_course_2023_phase3_1/model.sdf
[0.824s] -- Up-to-date: /home/javier/vrx_ws/install/share/vrx_gz/models/short_course_2023_phase3_1/model.config
[0.824s] -- Up-to-date: /home/javier/vrx_ws/install/share/vrx_gz/models/robotx_light_buoy_rbg
[0.824s] -- Up-to-date: /home/javier/vrx_ws/install/share/vrx_gz/models/robotx_light_buoy_rbg/model.sdf
[0.824s] -- Up-to-date: /home/javier/vrx_ws/install/share/vrx_gz/models/robotx_light_buoy_rbg/model.config
[0.824s] -- Up-to-date: /home/javier/vrx_ws/install/share/vrx_gz/models/short_navigation_course_4
[0.824s] -- Up-to-date: /home/javier/vrx_ws/install/share/vrx_gz/models/short_navigation_course_4/model.sdf
[0.824s] -- Up-to-date: /home/javier/vrx_ws/install/share/vrx_gz/models/short_navigation_course_4/model.config
[0.825s] -- Up-to-date: /home/javier/vrx_ws/install/share/vrx_gz/models/symbol_triangle
[0.825s] -- Up-to-date: /home/javier/vrx_ws/install/share/vrx_gz/models/symbol_triangle/mesh
[0.825s] -- Up-to-date: /home/javier/vrx_ws/install/share/vrx_gz/models/symbol_triangle/mesh/triangle.dae
[0.825s] -- Up-to-date: /home/javier/vrx_ws/install/share/vrx_gz/models/symbol_triangle/model.sdf
[0.825s] -- Up-to-date: /home/javier/vrx_ws/install/share/vrx_gz/models/symbol_triangle/model.config
[0.825s] -- Up-to-date: /home/javier/vrx_ws/install/share/vrx_gz/models/robotx_light_buoy_ybr
[0.825s] -- Up-to-date: /home/javier/vrx_ws/install/share/vrx_gz/models/robotx_light_buoy_ybr/model.sdf
[0.825s] -- Up-to-date: /home/javier/vrx_ws/install/share/vrx_gz/models/robotx_light_buoy_ybr/model.config
[0.825s] -- Up-to-date: /home/javier/vrx_ws/install/share/vrx_gz/models/coast_waves
[0.825s] -- Up-to-date: /home/javier/vrx_ws/install/share/vrx_gz/models/coast_waves/model.sdf
[0.825s] -- Up-to-date: /home/javier/vrx_ws/install/share/vrx_gz/models/coast_waves/meshes
[0.825s] -- Up-to-date: /home/javier/vrx_ws/install/share/vrx_gz/models/coast_waves/meshes/waterlow.dae
[0.825s] -- Up-to-date: /home/javier/vrx_ws/install/share/vrx_gz/models/coast_waves/model.config
[0.826s] -- Up-to-date: /home/javier/vrx_ws/install/share/vrx_gz/models/coast_waves/materials
[0.826s] -- Up-to-date: /home/javier/vrx_ws/install/share/vrx_gz/models/coast_waves/materials/programs
[0.826s] -- Up-to-date: /home/javier/vrx_ws/install/share/vrx_gz/models/coast_waves/materials/programs/GerstnerWaves_fs_330.glsl
[0.826s] -- Up-to-date: /home/javier/vrx_ws/install/share/vrx_gz/models/coast_waves/materials/programs/GerstnerWaves_vs_330.glsl
[0.826s] -- Up-to-date: /home/javier/vrx_ws/install/share/vrx_gz/models/coast_waves/materials/textures
[0.826s] -- Up-to-date: /home/javier/vrx_ws/install/share/vrx_gz/models/coast_waves/materials/textures/skybox_lowres.dds
[0.826s] -- Up-to-date: /home/javier/vrx_ws/install/share/vrx_gz/models/coast_waves/materials/textures/wave_normals.dds
[0.826s] -- Up-to-date: /home/javier/vrx_ws/install/share/vrx_gz/models/dock_block_4x4
[0.826s] -- Up-to-date: /home/javier/vrx_ws/install/share/vrx_gz/models/dock_block_4x4/mesh
[0.826s] -- Up-to-date: /home/javier/vrx_ws/install/share/vrx_gz/models/dock_block_4x4/mesh/DockCubes_Metalness.png
[0.826s] -- Up-to-date: /home/javier/vrx_ws/install/share/vrx_gz/models/dock_block_4x4/mesh/DockCubes_Normal.png
[0.827s] -- Up-to-date: /home/javier/vrx_ws/install/share/vrx_gz/models/dock_block_4x4/mesh/DockCubes_Albedo.png
[0.827s] -- Up-to-date: /home/javier/vrx_ws/install/share/vrx_gz/models/dock_block_4x4/mesh/DockCubes_Roughness.png
[0.827s] -- Up-to-date: /home/javier/vrx_ws/install/share/vrx_gz/models/dock_block_4x4/mesh/dock_block_4x4.dae
[0.827s] -- Up-to-date: /home/javier/vrx_ws/install/share/vrx_gz/models/dock_block_4x4/model.sdf
[0.827s] -- Up-to-date: /home/javier/vrx_ws/install/share/vrx_gz/models/dock_block_4x4/model.config
[0.828s] -- Up-to-date: /home/javier/vrx_ws/install/share/vrx_gz/models/dock_2022
[0.828s] -- Up-to-date: /home/javier/vrx_ws/install/share/vrx_gz/models/dock_2022/model.sdf
[0.828s] -- Up-to-date: /home/javier/vrx_ws/install/share/vrx_gz/models/dock_2022/model.config
[0.828s] -- Up-to-date: /home/javier/vrx_ws/install/share/vrx_gz/models/robotx_light_buoy_bgr
[0.828s] -- Up-to-date: /home/javier/vrx_ws/install/share/vrx_gz/models/robotx_light_buoy_bgr/model.sdf
[0.829s] -- Up-to-date: /home/javier/vrx_ws/install/share/vrx_gz/models/robotx_light_buoy_bgr/model.config
[0.829s] -- Up-to-date: /home/javier/vrx_ws/install/share/vrx_gz/models/roboboat01
[0.829s] -- Up-to-date: /home/javier/vrx_ws/install/share/vrx_gz/models/roboboat01/model.sdf
[0.829s] -- Up-to-date: /home/javier/vrx_ws/install/share/vrx_gz/models/roboboat01/meshes
[0.829s] -- Up-to-date: /home/javier/vrx_ws/install/share/vrx_gz/models/roboboat01/meshes/mount.dae
[0.829s] -- Up-to-date: /home/javier/vrx_ws/install/share/vrx_gz/models/roboboat01/meshes/roboboat01.dae
[0.829s] -- Up-to-date: /home/javier/vrx_ws/install/share/vrx_gz/models/roboboat01/meshes/prop.dae
[0.829s] -- Up-to-date: /home/javier/vrx_ws/install/share/vrx_gz/models/roboboat01/meshes/housing.dae
[0.829s] -- Up-to-date: /home/javier/vrx_ws/install/share/vrx_gz/models/roboboat01/model.config
[0.830s] -- Up-to-date: /home/javier/vrx_ws/install/share/vrx_gz/models/roboboat01/materials
[0.830s] -- Up-to-date: /home/javier/vrx_ws/install/share/vrx_gz/models/roboboat01/materials/scripts
[0.830s] -- Up-to-date: /home/javier/vrx_ws/install/share/vrx_gz/models/roboboat01/materials/scripts/model.material
[0.830s] -- Up-to-date: /home/javier/vrx_ws/install/share/vrx_gz/models/roboboat01/materials/textures
[0.831s] -- Up-to-date: /home/javier/vrx_ws/install/share/vrx_gz/models/roboboat01/materials/textures/Boat01_Normal.png
[0.831s] -- Up-to-date: /home/javier/vrx_ws/install/share/vrx_gz/models/roboboat01/materials/textures/Boat01_Albedo.png
[0.831s] -- Up-to-date: /home/javier/vrx_ws/install/share/vrx_gz/models/roboboat01/materials/textures/Thruster_Albedo.png
[0.831s] -- Up-to-date: /home/javier/vrx_ws/install/share/vrx_gz/models/roboboat01/materials/textures/Boat01_Roughness.png
[0.831s] -- Up-to-date: /home/javier/vrx_ws/install/share/vrx_gz/models/roboboat01/materials/textures/Boat01_Metallic.png
[0.831s] -- Up-to-date: /home/javier/vrx_ws/install/share/vrx_gz/models/roboboat01/materials/textures/Thruster_Roughness.png
[0.831s] -- Up-to-date: /home/javier/vrx_ws/install/share/vrx_gz/models/robotx_light_buoy_rgb
[0.832s] -- Up-to-date: /home/javier/vrx_ws/install/share/vrx_gz/models/robotx_light_buoy_rgb/mesh
[0.832s] -- Up-to-date: /home/javier/vrx_ws/install/share/vrx_gz/models/robotx_light_buoy_rgb/mesh/LightTower_Roughness.png
[0.832s] -- Up-to-date: /home/javier/vrx_ws/install/share/vrx_gz/models/robotx_light_buoy_rgb/mesh/LightTower_Opacity.png
[0.832s] -- Up-to-date: /home/javier/vrx_ws/install/share/vrx_gz/models/robotx_light_buoy_rgb/mesh/LightTower_Albedo.png
[0.832s] -- Up-to-date: /home/javier/vrx_ws/install/share/vrx_gz/models/robotx_light_buoy_rgb/mesh/LightTower_Metalness.png
[0.832s] -- Up-to-date: /home/javier/vrx_ws/install/share/vrx_gz/models/robotx_light_buoy_rgb/mesh/robotx_light_buoy.dae
[0.832s] -- Up-to-date: /home/javier/vrx_ws/install/share/vrx_gz/models/robotx_light_buoy_rgb/mesh/LightTower_Normal.png
[0.832s] -- Up-to-date: /home/javier/vrx_ws/install/share/vrx_gz/models/robotx_light_buoy_rgb/model.sdf
[0.832s] -- Up-to-date: /home/javier/vrx_ws/install/share/vrx_gz/models/robotx_light_buoy_rgb/model.config
[0.832s] -- Up-to-date: /home/javier/vrx_ws/install/share/vrx_gz/models/placard_2022
[0.832s] -- Up-to-date: /home/javier/vrx_ws/install/share/vrx_gz/models/placard_2022/model.sdf
[0.832s] -- Up-to-date: /home/javier/vrx_ws/install/share/vrx_gz/models/placard_2022/meshes
[0.833s] -- Up-to-date: /home/javier/vrx_ws/install/share/vrx_gz/models/placard_2022/meshes/placard_2022.dae
[0.833s] -- Up-to-date: /home/javier/vrx_ws/install/share/vrx_gz/models/placard_2022/model.config
[0.833s] -- Up-to-date: /home/javier/vrx_ws/install/share/vrx_gz/models/placard_2022/materials
[0.833s] -- Up-to-date: /home/javier/vrx_ws/install/share/vrx_gz/models/placard_2022/materials/textures
[0.833s] -- Up-to-date: /home/javier/vrx_ws/install/share/vrx_gz/models/placard_2022/materials/textures/Placard.png
[0.833s] -- Up-to-date: /home/javier/vrx_ws/install/share/vrx_gz/models/roboboat_cpubox
[0.834s] -- Up-to-date: /home/javier/vrx_ws/install/share/vrx_gz/models/roboboat_cpubox/model.sdf
[0.834s] -- Up-to-date: /home/javier/vrx_ws/install/share/vrx_gz/models/roboboat_cpubox/meshes
[0.834s] -- Up-to-date: /home/javier/vrx_ws/install/share/vrx_gz/models/roboboat_cpubox/meshes/drybox.dae
[0.834s] -- Up-to-date: /home/javier/vrx_ws/install/share/vrx_gz/models/roboboat_cpubox/model.config
[0.834s] -- Up-to-date: /home/javier/vrx_ws/install/share/vrx_gz/models/roboboat_cpubox/materials
[0.834s] -- Up-to-date: /home/javier/vrx_ws/install/share/vrx_gz/models/roboboat_cpubox/materials/textures
[0.834s] -- Up-to-date: /home/javier/vrx_ws/install/share/vrx_gz/models/roboboat_cpubox/materials/textures/DryBox_Roughness.png
[0.834s] -- Up-to-date: /home/javier/vrx_ws/install/share/vrx_gz/models/roboboat_cpubox/materials/textures/DryBox_Albedo.png
[0.835s] -- Up-to-date: /home/javier/vrx_ws/install/share/vrx_gz/models/short_navigation_course_0
[0.835s] -- Up-to-date: /home/javier/vrx_ws/install/share/vrx_gz/models/short_navigation_course_0/model.sdf
[0.835s] -- Up-to-date: /home/javier/vrx_ws/install/share/vrx_gz/models/short_navigation_course_0/model.config
[0.835s] -- Up-to-date: /home/javier/vrx_ws/install/share/vrx_gz/models/short_navigation_course_3
[0.835s] -- Up-to-date: /home/javier/vrx_ws/install/share/vrx_gz/models/short_navigation_course_3/model.sdf
[0.835s] -- Up-to-date: /home/javier/vrx_ws/install/share/vrx_gz/models/short_navigation_course_3/model.config
[0.836s] -- Up-to-date: /home/javier/vrx_ws/install/share/vrx_gz/models/short_navigation_course_1
[0.836s] -- Up-to-date: /home/javier/vrx_ws/install/share/vrx_gz/models/short_navigation_course_1/model.sdf
[0.837s] -- Up-to-date: /home/javier/vrx_ws/install/share/vrx_gz/models/short_navigation_course_1/model.config
[0.837s] -- Up-to-date: /home/javier/vrx_ws/install/share/vrx_gz/models/robotx_light_buoy_gbr
[0.837s] -- Up-to-date: /home/javier/vrx_ws/install/share/vrx_gz/models/robotx_light_buoy_gbr/model.sdf
[0.837s] -- Up-to-date: /home/javier/vrx_ws/install/share/vrx_gz/models/robotx_light_buoy_gbr/model.config
[0.837s] -- Up-to-date: /home/javier/vrx_ws/install/share/vrx_gz/models/short_navigation_course_5
[0.837s] -- Up-to-date: /home/javier/vrx_ws/install/share/vrx_gz/models/short_navigation_course_5/model.sdf
[0.838s] -- Up-to-date: /home/javier/vrx_ws/install/share/vrx_gz/models/short_navigation_course_5/model.config
[0.838s] -- Up-to-date: /home/javier/vrx_ws/install/share/vrx_gz/models/obstacle_course
[0.838s] -- Up-to-date: /home/javier/vrx_ws/install/share/vrx_gz/models/obstacle_course/model.sdf
[0.838s] -- Up-to-date: /home/javier/vrx_ws/install/share/vrx_gz/models/obstacle_course/model.config
[0.838s] -- Up-to-date: /home/javier/vrx_ws/install/share/vrx_gz/models/dock_2022_base
[0.839s] -- Up-to-date: /home/javier/vrx_ws/install/share/vrx_gz/models/dock_2022_base/model.sdf
[0.839s] -- Up-to-date: /home/javier/vrx_ws/install/share/vrx_gz/models/dock_2022_base/model.config
[0.839s] -- Up-to-date: /home/javier/vrx_ws/install/share/vrx_gz/models/platform
[0.839s] -- Up-to-date: /home/javier/vrx_ws/install/share/vrx_gz/models/platform/model.sdf
[0.839s] -- Up-to-date: /home/javier/vrx_ws/install/share/vrx_gz/models/platform/model.config
[0.839s] -- Up-to-date: /home/javier/vrx_ws/install/share/vrx_gz/worlds
[0.839s] -- Up-to-date: /home/javier/vrx_ws/install/share/vrx_gz/worlds/wildlife_task.sdf
[0.840s] -- Up-to-date: /home/javier/vrx_ws/install/share/vrx_gz/worlds/scan_dock_deliver_task.sdf
[0.840s] -- Up-to-date: /home/javier/vrx_ws/install/share/vrx_gz/worlds/acoustic_tracking_task.sdf
[0.841s] -- Up-to-date: /home/javier/vrx_ws/install/share/vrx_gz/worlds/gymkhana_task.sdf
[0.841s] -- Up-to-date: /home/javier/vrx_ws/install/share/vrx_gz/worlds/nbpark.sdf
[0.841s] -- Up-to-date: /home/javier/vrx_ws/install/share/vrx_gz/worlds/stationkeeping_task.sdf
[0.841s] -- Up-to-date: /home/javier/vrx_ws/install/share/vrx_gz/worlds/2023_practice
[0.841s] -- Up-to-date: /home/javier/vrx_ws/install/share/vrx_gz/worlds/2023_practice/practice_2023_acoustic_perception1_task.sdf
[0.841s] -- Up-to-date: /home/javier/vrx_ws/install/share/vrx_gz/worlds/2023_practice/practice_2023_wayfinding2_task.sdf
[0.842s] -- Up-to-date: /home/javier/vrx_ws/install/share/vrx_gz/worlds/2023_practice/practice_2023_wildlife2_task.sdf
[0.842s] -- Up-to-date: /home/javier/vrx_ws/install/share/vrx_gz/worlds/2023_practice/practice_2023_stationkeeping0_task.sdf
[0.842s] -- Up-to-date: /home/javier/vrx_ws/install/share/vrx_gz/worlds/2023_practice/practice_2023_perception0_task.sdf
[0.843s] -- Up-to-date: /home/javier/vrx_ws/install/share/vrx_gz/worlds/2023_practice/practice_2023_acoustic_perception2_task.sdf
[0.843s] -- Up-to-date: /home/javier/vrx_ws/install/share/vrx_gz/worlds/2023_practice/practice_2023_perception2_task.sdf
[0.844s] -- Up-to-date: /home/javier/vrx_ws/install/share/vrx_gz/worlds/2023_practice/practice_2023_follow_path1_task.sdf
[0.844s] -- Up-to-date: /home/javier/vrx_ws/install/share/vrx_gz/worlds/2023_practice/practice_2023_stationkeeping2_task.sdf
[0.844s] -- Up-to-date: /home/javier/vrx_ws/install/share/vrx_gz/worlds/2023_practice/practice_2023_scan_dock_deliver1_task.sdf
[0.844s] -- Up-to-date: /home/javier/vrx_ws/install/share/vrx_gz/worlds/2023_practice/practice_2023_follow_path2_task.sdf
[0.844s] -- Up-to-date: /home/javier/vrx_ws/install/share/vrx_gz/worlds/2023_practice/practice_2023_wildlife1_task.sdf
[0.845s] -- Up-to-date: /home/javier/vrx_ws/install/share/vrx_gz/worlds/2023_practice/practice_2023_stationkeeping1_task.sdf
[0.846s] -- Up-to-date: /home/javier/vrx_ws/install/share/vrx_gz/worlds/2023_practice/practice_2023_scan_dock_deliver0_task.sdf
[0.847s] -- Up-to-date: /home/javier/vrx_ws/install/share/vrx_gz/worlds/2023_practice/practice_2023_acoustic_tracking2_task.sdf
[0.848s] -- Up-to-date: /home/javier/vrx_ws/install/share/vrx_gz/worlds/2023_practice/practice_2023_wildlife0_task.sdf
[0.848s] -- Up-to-date: /home/javier/vrx_ws/install/share/vrx_gz/worlds/2023_practice/practice_2023_scan_dock_deliver2_task.sdf
[0.848s] -- Up-to-date: /home/javier/vrx_ws/install/share/vrx_gz/worlds/2023_practice/practice_2023_wayfinding1_task.sdf
[0.849s] -- Up-to-date: /home/javier/vrx_ws/install/share/vrx_gz/worlds/2023_practice/practice_2023_acoustic_tracking0_task.sdf
[0.849s] -- Up-to-date: /home/javier/vrx_ws/install/share/vrx_gz/worlds/2023_practice/practice_2023_wayfinding0_task.sdf
[0.849s] -- Up-to-date: /home/javier/vrx_ws/install/share/vrx_gz/worlds/2023_practice/practice_2023_perception1_task.sdf
[0.849s] -- Up-to-date: /home/javier/vrx_ws/install/share/vrx_gz/worlds/2023_practice/practice_2023_follow_path0_task.sdf
[0.849s] -- Up-to-date: /home/javier/vrx_ws/install/share/vrx_gz/worlds/2023_practice/practice_2023_acoustic_perception0_task.sdf
[0.849s] -- Up-to-date: /home/javier/vrx_ws/install/share/vrx_gz/worlds/2023_practice/practice_2023_acoustic_tracking1_task.sdf
[0.849s] -- Up-to-date: /home/javier/vrx_ws/install/share/vrx_gz/worlds/acoustic_perception_task.sdf
[0.850s] -- Up-to-date: /home/javier/vrx_ws/install/share/vrx_gz/worlds/navigation_task.sdf
[0.850s] -- Up-to-date: /home/javier/vrx_ws/install/share/vrx_gz/worlds/wayfinding_task.sdf
[0.850s] -- Up-to-date: /home/javier/vrx_ws/install/share/vrx_gz/worlds/sydney_regatta.sdf
[0.850s] -- Up-to-date: /home/javier/vrx_ws/install/share/vrx_gz/worlds/follow_path_task.sdf
[0.851s] -- Up-to-date: /home/javier/vrx_ws/install/share/vrx_gz/worlds/2023_phase2
[0.851s] -- Up-to-date: /home/javier/vrx_ws/install/share/vrx_gz/worlds/2023_phase2/phase2_2023_stationkeeping3.sdf
[0.851s] -- Up-to-date: /home/javier/vrx_ws/install/share/vrx_gz/worlds/2023_phase2/phase2_2023_scan_dock_deliver1.sdf
[0.851s] -- Up-to-date: /home/javier/vrx_ws/install/share/vrx_gz/worlds/2023_phase2/phase2_2023_acoustic_perception1.sdf
[0.851s] -- Up-to-date: /home/javier/vrx_ws/install/share/vrx_gz/worlds/2023_phase2/phase2_2023_perception2.sdf
[0.851s] -- Up-to-date: /home/javier/vrx_ws/install/share/vrx_gz/worlds/2023_phase2/phase2_2023_stationkeeping5.sdf
[0.851s] -- Up-to-date: /home/javier/vrx_ws/install/share/vrx_gz/worlds/2023_phase2/phase2_2023_acoustic_perception0.sdf
[0.852s] -- Up-to-date: /home/javier/vrx_ws/install/share/vrx_gz/worlds/2023_phase2/phase2_2023_acoustic_tracking0.sdf
[0.852s] -- Up-to-date: /home/javier/vrx_ws/install/share/vrx_gz/worlds/2023_phase2/phase2_2023_follow_path1.sdf
[0.852s] -- Up-to-date: /home/javier/vrx_ws/install/share/vrx_gz/worlds/2023_phase2/phase2_2023_stationkeeping4.sdf
[0.852s] -- Up-to-date: /home/javier/vrx_ws/install/share/vrx_gz/worlds/2023_phase2/phase2_2023_stationkeeping2.sdf
[0.852s] -- Up-to-date: /home/javier/vrx_ws/install/share/vrx_gz/worlds/2023_phase2/phase2_2023_wildlife4.sdf
[0.852s] -- Up-to-date: /home/javier/vrx_ws/install/share/vrx_gz/worlds/2023_phase2/phase2_2023_follow_path5.sdf
[0.853s] -- Up-to-date: /home/javier/vrx_ws/install/share/vrx_gz/worlds/2023_phase2/phase2_2023_perception3.sdf
[0.853s] -- Up-to-date: /home/javier/vrx_ws/install/share/vrx_gz/worlds/2023_phase2/phase2_2023_follow_path3.sdf
[0.853s] -- Up-to-date: /home/javier/vrx_ws/install/share/vrx_gz/worlds/2023_phase2/phase2_2023_follow_path4.sdf
[0.853s] -- Up-to-date: /home/javier/vrx_ws/install/share/vrx_gz/worlds/2023_phase2/phase2_2023_acoustic_perception3.sdf
[0.853s] -- Up-to-date: /home/javier/vrx_ws/install/share/vrx_gz/worlds/2023_phase2/phase2_2023_acoustic_tracking4.sdf
[0.853s] -- Up-to-date: /home/javier/vrx_ws/install/share/vrx_gz/worlds/2023_phase2/phase2_2023_scan_dock_deliver0.sdf
[0.854s] -- Up-to-date: /home/javier/vrx_ws/install/share/vrx_gz/worlds/2023_phase2/phase2_2023_wayfinding1.sdf
[0.854s] -- Up-to-date: /home/javier/vrx_ws/install/share/vrx_gz/worlds/2023_phase2/phase2_2023_acoustic_tracking5.sdf
[0.854s] -- Up-to-date: /home/javier/vrx_ws/install/share/vrx_gz/worlds/2023_phase2/phase2_2023_perception4.sdf
[0.854s] -- Up-to-date: /home/javier/vrx_ws/install/share/vrx_gz/worlds/2023_phase2/phase2_2023_stationkeeping1.sdf
[0.854s] -- Up-to-date: /home/javier/vrx_ws/install/share/vrx_gz/worlds/2023_phase2/phase2_2023_perception0.sdf
[0.854s] -- Up-to-date: /home/javier/vrx_ws/install/share/vrx_gz/worlds/2023_phase2/phase2_2023_scan_dock_deliver5.sdf
[0.855s] -- Up-to-date: /home/javier/vrx_ws/install/share/vrx_gz/worlds/2023_phase2/phase2_2023_wildlife1.sdf
[0.855s] -- Up-to-date: /home/javier/vrx_ws/install/share/vrx_gz/worlds/2023_phase2/phase2_2023_acoustic_perception5.sdf
[0.855s] -- Up-to-date: /home/javier/vrx_ws/install/share/vrx_gz/worlds/2023_phase2/phase2_2023_wildlife5.sdf
[0.855s] -- Up-to-date: /home/javier/vrx_ws/install/share/vrx_gz/worlds/2023_phase2/phase2_2023_wayfinding4.sdf
[0.855s] -- Up-to-date: /home/javier/vrx_ws/install/share/vrx_gz/worlds/2023_phase2/phase2_2023_wayfinding2.sdf
[0.856s] -- Up-to-date: /home/javier/vrx_ws/install/share/vrx_gz/worlds/2023_phase2/phase2_2023_scan_dock_deliver3.sdf
[0.856s] -- Up-to-date: /home/javier/vrx_ws/install/share/vrx_gz/worlds/2023_phase2/phase2_2023_follow_path2.sdf
[0.856s] -- Up-to-date: /home/javier/vrx_ws/install/share/vrx_gz/worlds/2023_phase2/phase2_2023_wayfinding5.sdf
[0.857s] -- Up-to-date: /home/javier/vrx_ws/install/share/vrx_gz/worlds/2023_phase2/phase2_2023_scan_dock_deliver4.sdf
[0.857s] -- Up-to-date: /home/javier/vrx_ws/install/share/vrx_gz/worlds/2023_phase2/phase2_2023_wildlife0.sdf
[0.857s] -- Up-to-date: /home/javier/vrx_ws/install/share/vrx_gz/worlds/2023_phase2/phase2_2023_acoustic_tracking3.sdf
[0.857s] -- Up-to-date: /home/javier/vrx_ws/install/share/vrx_gz/worlds/2023_phase2/phase2_2023_wildlife2.sdf
[0.858s] -- Up-to-date: /home/javier/vrx_ws/install/share/vrx_gz/worlds/2023_phase2/phase2_2023_wayfinding0.sdf
[0.858s] -- Up-to-date: /home/javier/vrx_ws/install/share/vrx_gz/worlds/2023_phase2/phase2_2023_wayfinding3.sdf
[0.858s] -- Up-to-date: /home/javier/vrx_ws/install/share/vrx_gz/worlds/2023_phase2/phase2_2023_follow_path0.sdf
[0.858s] -- Up-to-date: /home/javier/vrx_ws/install/share/vrx_gz/worlds/2023_phase2/phase2_2023_acoustic_tracking2.sdf
[0.858s] -- Up-to-date: /home/javier/vrx_ws/install/share/vrx_gz/worlds/2023_phase2/phase2_2023_acoustic_perception4.sdf
[0.858s] -- Up-to-date: /home/javier/vrx_ws/install/share/vrx_gz/worlds/2023_phase2/phase2_2023_wildlife3.sdf
[0.859s] -- Up-to-date: /home/javier/vrx_ws/install/share/vrx_gz/worlds/2023_phase2/phase2_2023_stationkeeping0.sdf
[0.859s] -- Up-to-date: /home/javier/vrx_ws/install/share/vrx_gz/worlds/2023_phase2/phase2_2023_acoustic_perception2.sdf
[0.859s] -- Up-to-date: /home/javier/vrx_ws/install/share/vrx_gz/worlds/2023_phase2/phase2_2023_scan_dock_deliver2.sdf
[0.859s] -- Up-to-date: /home/javier/vrx_ws/install/share/vrx_gz/worlds/2023_phase2/phase2_2023_perception1.sdf
[0.859s] -- Up-to-date: /home/javier/vrx_ws/install/share/vrx_gz/worlds/2023_phase2/phase2_2023_acoustic_tracking1.sdf
[0.859s] -- Up-to-date: /home/javier/vrx_ws/install/share/vrx_gz/worlds/2023_phase2/phase2_2023_perception5.sdf
[0.859s] -- Up-to-date: /home/javier/vrx_ws/install/share/vrx_gz/worlds/perception_task.sdf
[0.859s] -- Up-to-date: /home/javier/vrx_ws/install/share/ament_index/resource_index/package_run_dependencies/vrx_gz
[0.859s] -- Up-to-date: /home/javier/vrx_ws/install/share/ament_index/resource_index/parent_prefix_path/vrx_gz
[0.860s] -- Up-to-date: /home/javier/vrx_ws/install/share/vrx_gz/environment/ament_prefix_path.sh
[0.861s] -- Up-to-date: /home/javier/vrx_ws/install/share/vrx_gz/environment/ament_prefix_path.dsv
[0.861s] -- Up-to-date: /home/javier/vrx_ws/install/share/vrx_gz/environment/path.sh
[0.861s] -- Up-to-date: /home/javier/vrx_ws/install/share/vrx_gz/environment/path.dsv
[0.861s] -- Up-to-date: /home/javier/vrx_ws/install/share/vrx_gz/local_setup.bash
[0.861s] -- Up-to-date: /home/javier/vrx_ws/install/share/vrx_gz/local_setup.sh
[0.862s] -- Up-to-date: /home/javier/vrx_ws/install/share/vrx_gz/local_setup.zsh
[0.862s] -- Up-to-date: /home/javier/vrx_ws/install/share/vrx_gz/local_setup.dsv
[0.863s] -- Installing: /home/javier/vrx_ws/install/share/vrx_gz/package.dsv
[0.863s] -- Up-to-date: /home/javier/vrx_ws/install/share/ament_index/resource_index/packages/vrx_gz
[0.863s] -- Up-to-date: /home/javier/vrx_ws/install/share/vrx_gz/cmake/vrx_gzConfig.cmake
[0.864s] -- Up-to-date: /home/javier/vrx_ws/install/share/vrx_gz/cmake/vrx_gzConfig-version.cmake
[0.864s] -- Up-to-date: /home/javier/vrx_ws/install/share/vrx_gz/package.xml
[0.864s] Invoked command in '/home/javier/vrx_ws/build/vrx_gz' returned '0': CMAKE_PREFIX_PATH=/opt/ros/jazzy:/home/javier/vrx_ws/install:/home/javier/install/vrx_gz:/home/javier/install/wamv_gazebo:/home/javier/install/wamv_description:/home/javier/install/vrx_ros:/home/javier/install/vrx_gazebo:/opt/ros/jazzy/opt/gz_sim_vendor:/opt/ros/jazzy/opt/gz_sensors_vendor:/opt/ros/jazzy/opt/gz_physics_vendor:/opt/ros/jazzy/opt/sdformat_vendor:/opt/ros/jazzy/opt/gz_gui_vendor:/opt/ros/jazzy/opt/gz_transport_vendor:/opt/ros/jazzy/opt/gz_rendering_vendor:/opt/ros/jazzy/opt/gz_plugin_vendor:/opt/ros/jazzy/opt/gz_fuel_tools_vendor:/opt/ros/jazzy/opt/gz_msgs_vendor:/opt/ros/jazzy/opt/gz_common_vendor:/opt/ros/jazzy/opt/gz_math_vendor:/opt/ros/jazzy/opt/gz_utils_vendor:/opt/ros/jazzy/opt/gz_tools_vendor:/opt/ros/jazzy/opt/gz_ogre_next_vendor:/opt/ros/jazzy/opt/gz_dartsim_vendor:/opt/ros/jazzy/opt/gz_cmake_vendor DEBUGINFOD_URLS=https://debuginfod.ubuntu.com GZ_SIM_RESOURCE_PATH=/home/javier/vrx_ws/install/share:${GZ_SIM_RESOURCE_PATH} LD_LIBRARY_PATH=/home/javier/vrx_ws/install/lib:/home/javier/install/vrx_gz/lib:/opt/ros/jazzy/opt/gz_sim_vendor/lib:/opt/ros/jazzy/opt/gz_sensors_vendor/lib:/opt/ros/jazzy/opt/gz_physics_vendor/lib:/opt/ros/jazzy/opt/sdformat_vendor/lib:/opt/ros/jazzy/opt/rviz_ogre_vendor/lib:/opt/ros/jazzy/lib/x86_64-linux-gnu:/opt/ros/jazzy/opt/gz_gui_vendor/lib:/opt/ros/jazzy/opt/gz_transport_vendor/lib:/opt/ros/jazzy/opt/gz_rendering_vendor/lib:/opt/ros/jazzy/opt/gz_plugin_vendor/lib:/opt/ros/jazzy/opt/gz_fuel_tools_vendor/lib:/opt/ros/jazzy/opt/gz_msgs_vendor/lib:/opt/ros/jazzy/opt/gz_common_vendor/lib:/opt/ros/jazzy/opt/gz_math_vendor/lib:/opt/ros/jazzy/opt/gz_utils_vendor/lib:/opt/ros/jazzy/opt/gz_tools_vendor/lib:/opt/ros/jazzy/opt/gz_ogre_next_vendor/lib:/opt/ros/jazzy/opt/gz_dartsim_vendor/lib:/opt/ros/jazzy/opt/gz_cmake_vendor/lib:/opt/ros/jazzy/lib PYTHONPATH=/home/javier/vrx_ws/install/lib/python3.12/site-packages:/home/javier/install/vrx_gz/lib/python3.12/site-packages:/home/javier/install/vrx_gazebo/lib/python3.12/site-packages:/opt/ros/jazzy/lib/python3.12/site-packages /usr/bin/cmake --install /home/javier/vrx_ws/build/vrx_gz
