[0.009s] Invoking command in '/home/javier/vrx_ws/build/vrx_ros': CMAKE_PREFIX_PATH=${CMAKE_PREFIX_PATH}:/opt/ros/jazzy DEBUGINFOD_URLS=https://debuginfod.ubuntu.com /usr/bin/cmake /home/javier/vrx_ws/src/vrx_ros -DCMAKE_INSTALL_PREFIX=/home/javier/vrx_ws/install
[0.222s] -- The C compiler identification is GNU 13.3.0
[0.363s] -- The CXX compiler identification is GNU 13.3.0
[0.381s] -- Detecting C compiler ABI info
[0.475s] -- Detecting C compiler ABI info - done
[0.485s] -- Check for working C compiler: /usr/bin/cc - skipped
[0.487s] -- Detecting C compile features
[0.487s] -- Detecting C compile features - done
[0.497s] -- Detecting CXX compiler ABI info
[0.581s] -- Detecting CXX compiler ABI info - done
[0.590s] -- Check for working CXX compiler: /usr/bin/c++ - skipped
[0.591s] -- Detecting CXX compile features
[0.591s] -- Detecting CXX compile features - done
[0.594s] -- Performing Test COMPILER_SUPPORTS_CXX17
[0.667s] -- Performing Test COMPILER_SUPPORTS_CXX17 - Success
[0.670s] -- Found ament_cmake: 2.5.5 (/opt/ros/jazzy/share/ament_cmake/cmake)
[0.801s] -- Found Python3: /usr/bin/python3 (found version "3.12.3") found components: Interpreter 
[0.914s] -- Found geometry_msgs: 5.3.6 (/opt/ros/jazzy/share/geometry_msgs/cmake)
[0.975s] -- Found rosidl_generator_c: 4.6.7 (/opt/ros/jazzy/share/rosidl_generator_c/cmake)
[0.994s] -- Found rosidl_generator_cpp: 4.6.7 (/opt/ros/jazzy/share/rosidl_generator_cpp/cmake)
[1.019s] -- Using all available rosidl_typesupport_c: rosidl_typesupport_fastrtps_c;rosidl_typesupport_introspection_c
[1.047s] -- Using all available rosidl_typesupport_cpp: rosidl_typesupport_fastrtps_cpp;rosidl_typesupport_introspection_cpp
[1.118s] -- Looking for gz-msgs10 -- found version 10.3.2
[1.131s] -- Searching for dependencies of gz-msgs10
[1.263s] -- Found Protobuf: /usr/lib/x86_64-linux-gnu/libprotobuf.so (found version "3.21.12") 
[1.266s] -- Looking for gz-utils2 -- found version 2.2.1
[1.266s] -- Searching for dependencies of gz-utils2
[1.269s] -- Looking for gz-math7 -- found version 7.5.2
[1.269s] -- Searching for dependencies of gz-math7
[1.270s] -- Looking for gz-utils2 -- found version 2.2.1
[1.277s] -- Checking for module 'tinyxml2'
[1.290s] --   Found tinyxml2, version 10.0.0
[1.318s] -- Looking for gz-transport13 -- found version 13.5.0
[1.318s] -- Searching for dependencies of gz-transport13
[1.345s] -- Config-file not installed for ZeroMQ -- checking for pkg-config
[1.349s] -- Checking for module 'libzmq >= 4'
[1.359s] --   Found libzmq, version 4.3.5
[1.389s] -- Found ZeroMQ: TRUE (Required is at least version "4") 
[1.394s] -- Checking for module 'uuid'
[1.405s] --   Found uuid, version 2.39.3
[1.428s] -- Found UUID: TRUE  
[1.429s] -- Looking for gz-utils2 -- found version 2.2.1
[1.429s] -- Searching for dependencies of gz-utils2
[1.429s] -- Searching for <gz-utils2> component [cli]
[1.431s] -- Looking for gz-utils2-cli -- found version 2.2.1
[1.431s] -- Searching for dependencies of gz-utils2-cli
[1.432s] -- Looking for gz-msgs10 -- found version 10.3.2
[1.436s] -- Found rclcpp: 28.1.16 (/opt/ros/jazzy/share/rclcpp/cmake)
[1.522s] -- Found rmw_implementation_cmake: 7.3.3 (/opt/ros/jazzy/share/rmw_implementation_cmake/cmake)
[1.527s] -- Found rmw_fastrtps_cpp: 8.4.3 (/opt/ros/jazzy/share/rmw_fastrtps_cpp/cmake)
[1.611s] -- Found OpenSSL: /usr/lib/x86_64-linux-gnu/libcrypto.so (found version "3.0.13")  
[1.632s] -- Found FastRTPS: /opt/ros/jazzy/include (Required is at least version "2.13") 
[1.658s] -- Using RMW implementation 'rmw_fastrtps_cpp' as default
[1.770s] -- Found ros_gz_interfaces: 1.0.18 (/opt/ros/jazzy/share/ros_gz_interfaces/cmake)
[1.814s] -- Found sensor_msgs: 5.3.6 (/opt/ros/jazzy/share/sensor_msgs/cmake)
[1.848s] -- Found tf2: 0.36.19 (/opt/ros/jazzy/share/tf2/cmake)
[1.857s] -- Found tf2_msgs: 0.36.19 (/opt/ros/jazzy/share/tf2_msgs/cmake)
[1.935s] -- Found tf2_ros: 0.36.19 (/opt/ros/jazzy/share/tf2_ros/cmake)
[2.112s] -- Configuring done (2.0s)
[2.130s] -- Generating done (0.0s)
[2.139s] -- Build files have been written to: /home/javier/vrx_ws/build/vrx_ros
[2.149s] Invoked command in '/home/javier/vrx_ws/build/vrx_ros' returned '0': CMAKE_PREFIX_PATH=${CMAKE_PREFIX_PATH}:/opt/ros/jazzy DEBUGINFOD_URLS=https://debuginfod.ubuntu.com /usr/bin/cmake /home/javier/vrx_ws/src/vrx_ros -DCMAKE_INSTALL_PREFIX=/home/javier/vrx_ws/install
[2.149s] Invoking command in '/home/javier/vrx_ws/build/vrx_ros': CMAKE_PREFIX_PATH=${CMAKE_PREFIX_PATH}:/opt/ros/jazzy DEBUGINFOD_URLS=https://debuginfod.ubuntu.com /usr/bin/cmake --build /home/javier/vrx_ws/build/vrx_ros -- -j8 -l8
[2.192s] [ 50%] [32mBuilding CXX object CMakeFiles/optical_frame_publisher.dir/src/optical_frame_publisher.cc.o[0m
[2.192s] [ 50%] [32mBuilding CXX object CMakeFiles/pose_tf_broadcaster.dir/src/pose_tf_broadcaster.cc.o[0m
[9.219s] [ 75%] [32m[1mLinking CXX executable pose_tf_broadcaster[0m
[9.584s] [ 75%] Built target pose_tf_broadcaster
[11.761s] [100%] [32m[1mLinking CXX executable optical_frame_publisher[0m
[12.121s] [100%] Built target optical_frame_publisher
[12.130s] Invoked command in '/home/javier/vrx_ws/build/vrx_ros' returned '0': CMAKE_PREFIX_PATH=${CMAKE_PREFIX_PATH}:/opt/ros/jazzy DEBUGINFOD_URLS=https://debuginfod.ubuntu.com /usr/bin/cmake --build /home/javier/vrx_ws/build/vrx_ros -- -j8 -l8
[12.131s] Invoking command in '/home/javier/vrx_ws/build/vrx_ros': CMAKE_PREFIX_PATH=${CMAKE_PREFIX_PATH}:/opt/ros/jazzy DEBUGINFOD_URLS=https://debuginfod.ubuntu.com /usr/bin/cmake --install /home/javier/vrx_ws/build/vrx_ros
[12.137s] -- Install configuration: ""
[12.138s] -- Installing: /home/javier/vrx_ws/install/lib/vrx_ros/optical_frame_publisher
[12.142s] -- Set non-toolchain portion of runtime path of "/home/javier/vrx_ws/install/lib/vrx_ros/optical_frame_publisher" to ""
[12.142s] -- Installing: /home/javier/vrx_ws/install/lib/vrx_ros/pose_tf_broadcaster
[12.145s] -- Set non-toolchain portion of runtime path of "/home/javier/vrx_ws/install/lib/vrx_ros/pose_tf_broadcaster" to ""
[12.145s] -- Installing: /home/javier/vrx_ws/install/share/vrx_ros/launch
[12.146s] -- Installing: /home/javier/vrx_ws/install/share/vrx_ros/launch/monitor_sim.py
[12.146s] -- Installing: /home/javier/vrx_ws/install/share/ament_index/resource_index/package_run_dependencies/vrx_ros
[12.146s] -- Installing: /home/javier/vrx_ws/install/share/ament_index/resource_index/parent_prefix_path/vrx_ros
[12.146s] -- Installing: /home/javier/vrx_ws/install/share/vrx_ros/environment/ament_prefix_path.sh
[12.146s] -- Installing: /home/javier/vrx_ws/install/share/vrx_ros/environment/ament_prefix_path.dsv
[12.146s] -- Installing: /home/javier/vrx_ws/install/share/vrx_ros/environment/path.sh
[12.146s] -- Installing: /home/javier/vrx_ws/install/share/vrx_ros/environment/path.dsv
[12.146s] -- Installing: /home/javier/vrx_ws/install/share/vrx_ros/local_setup.bash
[12.146s] -- Installing: /home/javier/vrx_ws/install/share/vrx_ros/local_setup.sh
[12.146s] -- Installing: /home/javier/vrx_ws/install/share/vrx_ros/local_setup.zsh
[12.146s] -- Installing: /home/javier/vrx_ws/install/share/vrx_ros/local_setup.dsv
[12.147s] -- Installing: /home/javier/vrx_ws/install/share/vrx_ros/package.dsv
[12.147s] -- Installing: /home/javier/vrx_ws/install/share/ament_index/resource_index/packages/vrx_ros
[12.147s] -- Installing: /home/javier/vrx_ws/install/share/vrx_ros/cmake/vrx_rosConfig.cmake
[12.147s] -- Installing: /home/javier/vrx_ws/install/share/vrx_ros/cmake/vrx_rosConfig-version.cmake
[12.147s] -- Installing: /home/javier/vrx_ws/install/share/vrx_ros/package.xml
[12.149s] Invoked command in '/home/javier/vrx_ws/build/vrx_ros' returned '0': CMAKE_PREFIX_PATH=${CMAKE_PREFIX_PATH}:/opt/ros/jazzy DEBUGINFOD_URLS=https://debuginfod.ubuntu.com /usr/bin/cmake --install /home/javier/vrx_ws/build/vrx_ros
