[0.047s] Invoking command in '/home/javier/vrx_ws/build/vrx_gazebo': CMAKE_PREFIX_PATH=${CMAKE_PREFIX_PATH}:/opt/ros/jazzy DEBUGINFOD_URLS=https://debuginfod.ubuntu.com /usr/bin/cmake /home/javier/vrx_ws/src/vrx_urdf/vrx_gazebo -DCMAKE_INSTALL_PREFIX=/home/javier/vrx_ws/install
[0.707s] -- The C compiler identification is GNU 13.3.0
[0.707s] -- The CXX compiler identification is GNU 13.3.0
[0.707s] -- Detecting C compiler ABI info
[0.936s] -- Detecting C compiler ABI info - done
[0.966s] -- Check for working C compiler: /usr/bin/cc - skipped
[0.968s] -- Detecting C compile features
[0.969s] -- Detecting C compile features - done
[0.996s] -- Detecting CXX compiler ABI info
[1.274s] -- Detecting CXX compiler ABI info - done
[1.302s] -- Check for working CXX compiler: /usr/bin/c++ - skipped
[1.304s] -- Detecting CXX compile features
[1.305s] -- Detecting CXX compile features - done
[1.329s] -- Found ament_cmake: 2.5.5 (/opt/ros/jazzy/share/ament_cmake/cmake)
[1.815s] -- Found Python3: /usr/bin/python3 (found version "3.12.3") found components: Interpreter 
[2.886s] -- Configuring done (2.8s)
[2.898s] -- Generating done (0.0s)
[2.908s] -- Build files have been written to: /home/javier/vrx_ws/build/vrx_gazebo
[2.936s] Invoked command in '/home/javier/vrx_ws/build/vrx_gazebo' returned '0': CMAKE_PREFIX_PATH=${CMAKE_PREFIX_PATH}:/opt/ros/jazzy DEBUGINFOD_URLS=https://debuginfod.ubuntu.com /usr/bin/cmake /home/javier/vrx_ws/src/vrx_urdf/vrx_gazebo -DCMAKE_INSTALL_PREFIX=/home/javier/vrx_ws/install
[2.939s] Invoking command in '/home/javier/vrx_ws/build/vrx_gazebo': CMAKE_PREFIX_PATH=${CMAKE_PREFIX_PATH}:/opt/ros/jazzy DEBUGINFOD_URLS=https://debuginfod.ubuntu.com /usr/bin/cmake --build /home/javier/vrx_ws/build/vrx_gazebo -- -j8 -l8
[3.095s] Built target ament_cmake_python_copy_vrx_gazebo
[3.723s] running egg_info
[3.726s] creating vrx_gazebo.egg-info
[3.780s] writing vrx_gazebo.egg-info/PKG-INFO
[3.780s] writing dependency_links to vrx_gazebo.egg-info/dependency_links.txt
[3.780s] writing top-level names to vrx_gazebo.egg-info/top_level.txt
[3.781s] writing manifest file 'vrx_gazebo.egg-info/SOURCES.txt'
[3.950s] reading manifest file 'vrx_gazebo.egg-info/SOURCES.txt'
[3.952s] writing manifest file 'vrx_gazebo.egg-info/SOURCES.txt'
[4.069s] Built target ament_cmake_python_build_vrx_gazebo_egg
[4.100s] Invoked command in '/home/javier/vrx_ws/build/vrx_gazebo' returned '0': CMAKE_PREFIX_PATH=${CMAKE_PREFIX_PATH}:/opt/ros/jazzy DEBUGINFOD_URLS=https://debuginfod.ubuntu.com /usr/bin/cmake --build /home/javier/vrx_ws/build/vrx_gazebo -- -j8 -l8
[4.125s] Invoking command in '/home/javier/vrx_ws/build/vrx_gazebo': CMAKE_PREFIX_PATH=${CMAKE_PREFIX_PATH}:/opt/ros/jazzy DEBUGINFOD_URLS=https://debuginfod.ubuntu.com /usr/bin/cmake --install /home/javier/vrx_ws/build/vrx_gazebo
[4.150s] -- Install configuration: ""
[4.151s] -- Installing: /home/javier/vrx_ws/install/share/vrx_gazebo/environment/resource_paths.dsv
[4.152s] -- Installing: /home/javier/vrx_ws/install/share/vrx_gazebo/environment/resource_paths.sh
[4.153s] -- Installing: /home/javier/vrx_ws/install/share/vrx_gazebo/models
[4.153s] -- Installing: /home/javier/vrx_ws/install/share/vrx_gazebo/models/blue_projectile
[4.153s] -- Installing: /home/javier/vrx_ws/install/share/vrx_gazebo/models/blue_projectile/model.sdf
[4.154s] -- Installing: /home/javier/vrx_ws/install/share/vrx_gazebo/models/blue_projectile/model.config
[4.155s] -- Installing: /home/javier/vrx_ws/install/share/vrx_gazebo/models/battery
[4.155s] -- Installing: /home/javier/vrx_ws/install/share/vrx_gazebo/models/battery/mesh
[4.155s] -- Installing: /home/javier/vrx_ws/install/share/vrx_gazebo/models/battery/mesh/battery_Normal.png
[4.167s] -- Installing: /home/javier/vrx_ws/install/share/vrx_gazebo/models/battery/mesh/battery.png
[4.181s] -- Installing: /home/javier/vrx_ws/install/share/vrx_gazebo/models/battery/mesh/battery_Roughness.png
[4.191s] -- Installing: /home/javier/vrx_ws/install/share/vrx_gazebo/models/battery/mesh/battery_Albedo.png
[4.210s] -- Installing: /home/javier/vrx_ws/install/share/vrx_gazebo/models/battery/mesh/battery_Metalness.png
[4.211s] -- Installing: /home/javier/vrx_ws/install/share/vrx_gazebo/models/battery/mesh/battery.dae
[4.212s] -- Installing: /home/javier/vrx_ws/install/share/vrx_gazebo/models/battery/model.sdf
[4.213s] -- Installing: /home/javier/vrx_ws/install/share/vrx_gazebo/models/battery/model.config
[4.214s] -- Installing: /home/javier/vrx_ws/install/share/vrx_gazebo/models/3d_lidar
[4.215s] -- Installing: /home/javier/vrx_ws/install/share/vrx_gazebo/models/3d_lidar/mesh
[4.215s] -- Installing: /home/javier/vrx_ws/install/share/vrx_gazebo/models/3d_lidar/mesh/3d_Lidar_Metalness.png
[4.215s] -- Installing: /home/javier/vrx_ws/install/share/vrx_gazebo/models/3d_lidar/mesh/3d_Lidar_Normal.png
[4.217s] -- Installing: /home/javier/vrx_ws/install/share/vrx_gazebo/models/3d_lidar/mesh/3d_Lidar_Roughness.png
[4.219s] -- Installing: /home/javier/vrx_ws/install/share/vrx_gazebo/models/3d_lidar/mesh/3d_Lidar_Albedo.png
[4.223s] -- Installing: /home/javier/vrx_ws/install/share/vrx_gazebo/models/3d_lidar/mesh/3d_lidar.png
[4.226s] -- Installing: /home/javier/vrx_ws/install/share/vrx_gazebo/models/3d_lidar/mesh/3d_lidar.dae
[4.227s] -- Installing: /home/javier/vrx_ws/install/share/vrx_gazebo/models/3d_lidar/model.sdf
[4.228s] -- Installing: /home/javier/vrx_ws/install/share/vrx_gazebo/models/3d_lidar/model.config
[4.230s] -- Installing: /home/javier/vrx_ws/install/share/vrx_gazebo/models/ball_shooter
[4.230s] -- Installing: /home/javier/vrx_ws/install/share/vrx_gazebo/models/ball_shooter/model.sdf
[4.231s] -- Installing: /home/javier/vrx_ws/install/share/vrx_gazebo/models/ball_shooter/meshes
[4.231s] -- Installing: /home/javier/vrx_ws/install/share/vrx_gazebo/models/ball_shooter/meshes/ball_shooter_launcher.dae
[4.234s] -- Installing: /home/javier/vrx_ws/install/share/vrx_gazebo/models/ball_shooter/meshes/ball_shooter_base.dae
[4.235s] -- Installing: /home/javier/vrx_ws/install/share/vrx_gazebo/models/ball_shooter/meshes/Launcher_Albedo.png
[4.241s] -- Installing: /home/javier/vrx_ws/install/share/vrx_gazebo/models/ball_shooter/meshes/Launcher_BaseColor.png
[4.249s] -- Installing: /home/javier/vrx_ws/install/share/vrx_gazebo/models/ball_shooter/model.config
[4.249s] -- Installing: /home/javier/vrx_ws/install/share/vrx_gazebo/models/ball_shooter/materials
[4.249s] -- Installing: /home/javier/vrx_ws/install/share/vrx_gazebo/models/ball_shooter/materials/Textures
[4.250s] -- Installing: /home/javier/vrx_ws/install/share/vrx_gazebo/models/ball_shooter/materials/Textures/Launcher_Normal.png
[4.252s] -- Installing: /home/javier/vrx_ws/install/share/vrx_gazebo/models/ball_shooter/materials/Textures/Launcher_Roughness.png
[4.255s] -- Installing: /home/javier/vrx_ws/install/share/vrx_gazebo/models/ball_shooter/materials/Textures/Launcher_Albedo.png
[4.260s] -- Installing: /home/javier/vrx_ws/install/share/vrx_gazebo/models/ball_shooter/materials/Textures/Launcher_Metalness.png
[4.262s] -- Installing: /home/javier/vrx_ws/install/share/vrx_gazebo/models/mono_camera
[4.262s] -- Installing: /home/javier/vrx_ws/install/share/vrx_gazebo/models/mono_camera/mesh
[4.263s] -- Installing: /home/javier/vrx_ws/install/share/vrx_gazebo/models/mono_camera/mesh/mono_camera_Roughness.png
[4.264s] -- Installing: /home/javier/vrx_ws/install/share/vrx_gazebo/models/mono_camera/mesh/mono_camera_Normal.png
[4.266s] -- Installing: /home/javier/vrx_ws/install/share/vrx_gazebo/models/mono_camera/mesh/mono_camera_Metalness.png
[4.267s] -- Installing: /home/javier/vrx_ws/install/share/vrx_gazebo/models/mono_camera/mesh/mono_camera.dae
[4.268s] -- Installing: /home/javier/vrx_ws/install/share/vrx_gazebo/models/mono_camera/mesh/mono_camera.png
[4.271s] -- Installing: /home/javier/vrx_ws/install/share/vrx_gazebo/models/mono_camera/mesh/mono_camera_Albedo.png
[4.273s] -- Installing: /home/javier/vrx_ws/install/share/vrx_gazebo/models/mono_camera/model.sdf
[4.273s] -- Installing: /home/javier/vrx_ws/install/share/vrx_gazebo/models/mono_camera/model.config
[4.275s] -- Installing: /home/javier/vrx_ws/install/share/vrx_gazebo/models/cpu_cases
[4.275s] -- Installing: /home/javier/vrx_ws/install/share/vrx_gazebo/models/cpu_cases/mesh
[4.275s] -- Installing: /home/javier/vrx_ws/install/share/vrx_gazebo/models/cpu_cases/mesh/cpu_cases_Albedo.png
[4.288s] -- Installing: /home/javier/vrx_ws/install/share/vrx_gazebo/models/cpu_cases/mesh/cpu_cases_Normal.png
[4.307s] -- Installing: /home/javier/vrx_ws/install/share/vrx_gazebo/models/cpu_cases/mesh/cpu_cases_Metalness.png
[4.308s] -- Installing: /home/javier/vrx_ws/install/share/vrx_gazebo/models/cpu_cases/mesh/cpu_cases_Roughness.png
[4.316s] -- Installing: /home/javier/vrx_ws/install/share/vrx_gazebo/models/cpu_cases/mesh/cpu_cases.png
[4.335s] -- Installing: /home/javier/vrx_ws/install/share/vrx_gazebo/models/cpu_cases/mesh/cpu_cases.dae
[4.337s] -- Installing: /home/javier/vrx_ws/install/share/vrx_gazebo/models/cpu_cases/model.sdf
[4.338s] -- Installing: /home/javier/vrx_ws/install/share/vrx_gazebo/models/cpu_cases/model.config
[4.339s] -- Installing: /home/javier/vrx_ws/install/share/vrx_gazebo/models/sensor_post
[4.342s] -- Installing: /home/javier/vrx_ws/install/share/vrx_gazebo/models/sensor_post/mesh
[4.343s] -- Installing: /home/javier/vrx_ws/install/share/vrx_gazebo/models/sensor_post/mesh/sensor_post_arm.dae
[4.343s] -- Installing: /home/javier/vrx_ws/install/share/vrx_gazebo/models/sensor_post/mesh/sensor_post.png
[4.345s] -- Installing: /home/javier/vrx_ws/install/share/vrx_gazebo/models/sensor_post/mesh/sensor_post.dae
[4.346s] -- Installing: /home/javier/vrx_ws/install/share/vrx_gazebo/models/sensor_post/model.sdf
[4.346s] -- Installing: /home/javier/vrx_ws/install/share/vrx_gazebo/models/sensor_post/model.config
[4.347s] -- Installing: /home/javier/vrx_ws/install/share/vrx_gazebo/launch
[4.348s] -- Installing: /home/javier/vrx_ws/install/share/vrx_gazebo/launch/generate_wamv.launch.py
[4.348s] -- Installing: /home/javier/vrx_ws/install/share/vrx_gazebo/launch/rviz.launch.py
[4.348s] -- Installing: /home/javier/vrx_ws/install/share/vrx_gazebo/config
[4.348s] -- Installing: /home/javier/vrx_ws/install/share/vrx_gazebo/config/rviz_vrx_final.rviz
[4.349s] -- Installing: /home/javier/vrx_ws/install/share/vrx_gazebo/config/rviz_vrx_rsp.rviz
[4.349s] -- Installing: /home/javier/vrx_ws/install/share/vrx_gazebo/config/wamv_config
[4.349s] -- Installing: /home/javier/vrx_ws/install/share/vrx_gazebo/config/wamv_config/component_compliance
[4.350s] -- Installing: /home/javier/vrx_ws/install/share/vrx_gazebo/config/wamv_config/component_compliance/numeric.yaml
[4.350s] -- Installing: /home/javier/vrx_ws/install/share/vrx_gazebo/config/wamv_config/component_compliance/bounding_boxes.yaml
[4.351s] -- Installing: /home/javier/vrx_ws/install/share/vrx_gazebo/config/wamv_config/example_component_config.yaml
[4.351s] -- Installing: /home/javier/vrx_ws/install/share/vrx_gazebo/config/wamv_config/example_thruster_config.yaml
[4.353s] -- Installing: /home/javier/vrx_ws/install/share/vrx_gazebo/config/wamv_config/thruster_compliance
[4.354s] -- Installing: /home/javier/vrx_ws/install/share/vrx_gazebo/config/wamv_config/thruster_compliance/numeric.yaml
[4.354s] -- Installing: /home/javier/vrx_ws/install/share/vrx_gazebo/config/wamv_config/thruster_compliance/bounding_boxes.yaml
[4.355s] -- Installing: /home/javier/vrx_ws/install/lib/vrx_gazebo/generate_wamv.py
[4.355s] -- Installing: /home/javier/vrx_ws/install/share/vrx_gazebo/environment/pythonpath.sh
[4.355s] -- Installing: /home/javier/vrx_ws/install/share/vrx_gazebo/environment/pythonpath.dsv
[4.355s] -- Installing: /home/javier/vrx_ws/install/lib/python3.12/site-packages/vrx_gazebo-1.3.0-py3.12.egg-info
[4.356s] -- Installing: /home/javier/vrx_ws/install/lib/python3.12/site-packages/vrx_gazebo-1.3.0-py3.12.egg-info/PKG-INFO
[4.356s] -- Installing: /home/javier/vrx_ws/install/lib/python3.12/site-packages/vrx_gazebo-1.3.0-py3.12.egg-info/dependency_links.txt
[4.357s] -- Installing: /home/javier/vrx_ws/install/lib/python3.12/site-packages/vrx_gazebo-1.3.0-py3.12.egg-info/top_level.txt
[4.357s] -- Installing: /home/javier/vrx_ws/install/lib/python3.12/site-packages/vrx_gazebo-1.3.0-py3.12.egg-info/SOURCES.txt
[4.357s] -- Installing: /home/javier/vrx_ws/install/lib/python3.12/site-packages/vrx_gazebo
[4.358s] -- Installing: /home/javier/vrx_ws/install/lib/python3.12/site-packages/vrx_gazebo/configure_wamv.py
[4.358s] -- Installing: /home/javier/vrx_ws/install/lib/python3.12/site-packages/vrx_gazebo/compliance.py
[4.358s] -- Installing: /home/javier/vrx_ws/install/lib/python3.12/site-packages/vrx_gazebo/__init__.py
[4.358s] -- Installing: /home/javier/vrx_ws/install/lib/python3.12/site-packages/vrx_gazebo/utils.py
[4.486s] Listing '/home/javier/vrx_ws/install/lib/python3.12/site-packages/vrx_gazebo'...
[4.487s] Compiling '/home/javier/vrx_ws/install/lib/python3.12/site-packages/vrx_gazebo/__init__.py'...
[4.487s] Compiling '/home/javier/vrx_ws/install/lib/python3.12/site-packages/vrx_gazebo/compliance.py'...
[4.487s] Compiling '/home/javier/vrx_ws/install/lib/python3.12/site-packages/vrx_gazebo/configure_wamv.py'...
[4.487s] Compiling '/home/javier/vrx_ws/install/lib/python3.12/site-packages/vrx_gazebo/utils.py'...
[4.520s] -- Installing: /home/javier/vrx_ws/install/share/ament_index/resource_index/package_run_dependencies/vrx_gazebo
[4.520s] -- Installing: /home/javier/vrx_ws/install/share/ament_index/resource_index/parent_prefix_path/vrx_gazebo
[4.521s] -- Installing: /home/javier/vrx_ws/install/share/vrx_gazebo/environment/ament_prefix_path.sh
[4.525s] -- Installing: /home/javier/vrx_ws/install/share/vrx_gazebo/environment/ament_prefix_path.dsv
[4.526s] -- Installing: /home/javier/vrx_ws/install/share/vrx_gazebo/environment/path.sh
[4.526s] -- Installing: /home/javier/vrx_ws/install/share/vrx_gazebo/environment/path.dsv
[4.526s] -- Installing: /home/javier/vrx_ws/install/share/vrx_gazebo/local_setup.bash
[4.526s] -- Installing: /home/javier/vrx_ws/install/share/vrx_gazebo/local_setup.sh
[4.526s] -- Installing: /home/javier/vrx_ws/install/share/vrx_gazebo/local_setup.zsh
[4.527s] -- Installing: /home/javier/vrx_ws/install/share/vrx_gazebo/local_setup.dsv
[4.527s] -- Installing: /home/javier/vrx_ws/install/share/vrx_gazebo/package.dsv
[4.527s] -- Installing: /home/javier/vrx_ws/install/share/ament_index/resource_index/packages/vrx_gazebo
[4.527s] -- Installing: /home/javier/vrx_ws/install/share/vrx_gazebo/cmake/vrx_gazeboConfig.cmake
[4.527s] -- Installing: /home/javier/vrx_ws/install/share/vrx_gazebo/cmake/vrx_gazeboConfig-version.cmake
[4.528s] -- Installing: /home/javier/vrx_ws/install/share/vrx_gazebo/package.xml
[4.531s] Invoked command in '/home/javier/vrx_ws/build/vrx_gazebo' returned '0': CMAKE_PREFIX_PATH=${CMAKE_PREFIX_PATH}:/opt/ros/jazzy DEBUGINFOD_URLS=https://debuginfod.ubuntu.com /usr/bin/cmake --install /home/javier/vrx_ws/build/vrx_gazebo
