[0.006s] Invoking command in '/home/javier/vrx_ws/build/wamv_description': AMENT_PREFIX_PATH=/home/javier/vrx_ws/install:${AMENT_PREFIX_PATH} CMAKE_PREFIX_PATH=/home/javier/vrx_ws/install:/opt/ros/jazzy/opt/gz_sim_vendor:/opt/ros/jazzy/opt/gz_sensors_vendor:/opt/ros/jazzy/opt/gz_physics_vendor:/opt/ros/jazzy/opt/sdformat_vendor:/opt/ros/jazzy/opt/gz_gui_vendor:/opt/ros/jazzy/opt/gz_transport_vendor:/opt/ros/jazzy/opt/gz_rendering_vendor:/opt/ros/jazzy/opt/gz_plugin_vendor:/opt/ros/jazzy/opt/gz_fuel_tools_vendor:/opt/ros/jazzy/opt/gz_msgs_vendor:/opt/ros/jazzy/opt/gz_common_vendor:/opt/ros/jazzy/opt/gz_math_vendor:/opt/ros/jazzy/opt/gz_utils_vendor:/opt/ros/jazzy/opt/gz_tools_vendor:/opt/ros/jazzy/opt/gz_ogre_next_vendor:/opt/ros/jazzy/opt/gz_dartsim_vendor:/opt/ros/jazzy/opt/gz_cmake_vendor:/opt/ros/jazzy DEBUGINFOD_URLS=https://debuginfod.ubuntu.com GZ_SIM_RESOURCE_PATH=/home/javier/vrx_ws/install/share/vrx_gazebo/models:/home/javier/vrx_ws/install/share:${GZ_SIM_RESOURCE_PATH} PYTHONPATH=/home/javier/vrx_ws/install/lib/python3.12/site-packages:${PYTHONPATH} /usr/bin/cmake /home/javier/vrx_ws/src/vrx_urdf/wamv_description -DCMAKE_INSTALL_PREFIX=/home/javier/vrx_ws/install
[0.049s] -- The C compiler identification is GNU 13.3.0
[0.104s] -- The CXX compiler identification is GNU 13.3.0
[0.119s] -- Detecting C compiler ABI info
[0.194s] -- Detecting C compiler ABI info - done
[0.204s] -- Check for working C compiler: /usr/bin/cc - skipped
[0.204s] -- Detecting C compile features
[0.205s] -- Detecting C compile features - done
[0.213s] -- Detecting CXX compiler ABI info
[0.301s] -- Detecting CXX compiler ABI info - done
[0.314s] -- Check for working CXX compiler: /usr/bin/c++ - skipped
[0.315s] -- Detecting CXX compile features
[0.315s] -- Detecting CXX compile features - done
[0.319s] -- Found ament_cmake: 2.5.5 (/opt/ros/jazzy/share/ament_cmake/cmake)
[0.463s] -- Found Python3: /usr/bin/python3 (found version "3.12.3") found components: Interpreter 
[0.569s] -- Found xacro: 2.1.1 (/opt/ros/jazzy/share/xacro/cmake)
[0.570s] -- xacro: determining deps for: urdf/wamv_base.urdf.xacro ...
[0.763s] -- Configuring done (0.8s)
[0.765s] -- Generating done (0.0s)
[0.767s] -- Build files have been written to: /home/javier/vrx_ws/build/wamv_description
[0.771s] Invoked command in '/home/javier/vrx_ws/build/wamv_description' returned '0': AMENT_PREFIX_PATH=/home/javier/vrx_ws/install:${AMENT_PREFIX_PATH} CMAKE_PREFIX_PATH=/home/javier/vrx_ws/install:/opt/ros/jazzy/opt/gz_sim_vendor:/opt/ros/jazzy/opt/gz_sensors_vendor:/opt/ros/jazzy/opt/gz_physics_vendor:/opt/ros/jazzy/opt/sdformat_vendor:/opt/ros/jazzy/opt/gz_gui_vendor:/opt/ros/jazzy/opt/gz_transport_vendor:/opt/ros/jazzy/opt/gz_rendering_vendor:/opt/ros/jazzy/opt/gz_plugin_vendor:/opt/ros/jazzy/opt/gz_fuel_tools_vendor:/opt/ros/jazzy/opt/gz_msgs_vendor:/opt/ros/jazzy/opt/gz_common_vendor:/opt/ros/jazzy/opt/gz_math_vendor:/opt/ros/jazzy/opt/gz_utils_vendor:/opt/ros/jazzy/opt/gz_tools_vendor:/opt/ros/jazzy/opt/gz_ogre_next_vendor:/opt/ros/jazzy/opt/gz_dartsim_vendor:/opt/ros/jazzy/opt/gz_cmake_vendor:/opt/ros/jazzy DEBUGINFOD_URLS=https://debuginfod.ubuntu.com GZ_SIM_RESOURCE_PATH=/home/javier/vrx_ws/install/share/vrx_gazebo/models:/home/javier/vrx_ws/install/share:${GZ_SIM_RESOURCE_PATH} PYTHONPATH=/home/javier/vrx_ws/install/lib/python3.12/site-packages:${PYTHONPATH} /usr/bin/cmake /home/javier/vrx_ws/src/vrx_urdf/wamv_description -DCMAKE_INSTALL_PREFIX=/home/javier/vrx_ws/install
[0.772s] Invoking command in '/home/javier/vrx_ws/build/wamv_description': AMENT_PREFIX_PATH=/home/javier/vrx_ws/install:${AMENT_PREFIX_PATH} CMAKE_PREFIX_PATH=/home/javier/vrx_ws/install:/opt/ros/jazzy/opt/gz_sim_vendor:/opt/ros/jazzy/opt/gz_sensors_vendor:/opt/ros/jazzy/opt/gz_physics_vendor:/opt/ros/jazzy/opt/sdformat_vendor:/opt/ros/jazzy/opt/gz_gui_vendor:/opt/ros/jazzy/opt/gz_transport_vendor:/opt/ros/jazzy/opt/gz_rendering_vendor:/opt/ros/jazzy/opt/gz_plugin_vendor:/opt/ros/jazzy/opt/gz_fuel_tools_vendor:/opt/ros/jazzy/opt/gz_msgs_vendor:/opt/ros/jazzy/opt/gz_common_vendor:/opt/ros/jazzy/opt/gz_math_vendor:/opt/ros/jazzy/opt/gz_utils_vendor:/opt/ros/jazzy/opt/gz_tools_vendor:/opt/ros/jazzy/opt/gz_ogre_next_vendor:/opt/ros/jazzy/opt/gz_dartsim_vendor:/opt/ros/jazzy/opt/gz_cmake_vendor:/opt/ros/jazzy DEBUGINFOD_URLS=https://debuginfod.ubuntu.com GZ_SIM_RESOURCE_PATH=/home/javier/vrx_ws/install/share/vrx_gazebo/models:/home/javier/vrx_ws/install/share:${GZ_SIM_RESOURCE_PATH} PYTHONPATH=/home/javier/vrx_ws/install/lib/python3.12/site-packages:${PYTHONPATH} /usr/bin/cmake --build /home/javier/vrx_ws/build/wamv_description -- -j8 -l8
[0.811s] [100%] [34m[1mxacro: generating urdf/wamv_base.urdf from urdf/wamv_base.urdf.xacro[0m
[0.944s] [100%] Built target wamv_description__xacro_auto_generate
[0.953s] Invoked command in '/home/javier/vrx_ws/build/wamv_description' returned '0': AMENT_PREFIX_PATH=/home/javier/vrx_ws/install:${AMENT_PREFIX_PATH} CMAKE_PREFIX_PATH=/home/javier/vrx_ws/install:/opt/ros/jazzy/opt/gz_sim_vendor:/opt/ros/jazzy/opt/gz_sensors_vendor:/opt/ros/jazzy/opt/gz_physics_vendor:/opt/ros/jazzy/opt/sdformat_vendor:/opt/ros/jazzy/opt/gz_gui_vendor:/opt/ros/jazzy/opt/gz_transport_vendor:/opt/ros/jazzy/opt/gz_rendering_vendor:/opt/ros/jazzy/opt/gz_plugin_vendor:/opt/ros/jazzy/opt/gz_fuel_tools_vendor:/opt/ros/jazzy/opt/gz_msgs_vendor:/opt/ros/jazzy/opt/gz_common_vendor:/opt/ros/jazzy/opt/gz_math_vendor:/opt/ros/jazzy/opt/gz_utils_vendor:/opt/ros/jazzy/opt/gz_tools_vendor:/opt/ros/jazzy/opt/gz_ogre_next_vendor:/opt/ros/jazzy/opt/gz_dartsim_vendor:/opt/ros/jazzy/opt/gz_cmake_vendor:/opt/ros/jazzy DEBUGINFOD_URLS=https://debuginfod.ubuntu.com GZ_SIM_RESOURCE_PATH=/home/javier/vrx_ws/install/share/vrx_gazebo/models:/home/javier/vrx_ws/install/share:${GZ_SIM_RESOURCE_PATH} PYTHONPATH=/home/javier/vrx_ws/install/lib/python3.12/site-packages:${PYTHONPATH} /usr/bin/cmake --build /home/javier/vrx_ws/build/wamv_description -- -j8 -l8
[0.954s] Invoking command in '/home/javier/vrx_ws/build/wamv_description': AMENT_PREFIX_PATH=/home/javier/vrx_ws/install:${AMENT_PREFIX_PATH} CMAKE_PREFIX_PATH=/home/javier/vrx_ws/install:/opt/ros/jazzy/opt/gz_sim_vendor:/opt/ros/jazzy/opt/gz_sensors_vendor:/opt/ros/jazzy/opt/gz_physics_vendor:/opt/ros/jazzy/opt/sdformat_vendor:/opt/ros/jazzy/opt/gz_gui_vendor:/opt/ros/jazzy/opt/gz_transport_vendor:/opt/ros/jazzy/opt/gz_rendering_vendor:/opt/ros/jazzy/opt/gz_plugin_vendor:/opt/ros/jazzy/opt/gz_fuel_tools_vendor:/opt/ros/jazzy/opt/gz_msgs_vendor:/opt/ros/jazzy/opt/gz_common_vendor:/opt/ros/jazzy/opt/gz_math_vendor:/opt/ros/jazzy/opt/gz_utils_vendor:/opt/ros/jazzy/opt/gz_tools_vendor:/opt/ros/jazzy/opt/gz_ogre_next_vendor:/opt/ros/jazzy/opt/gz_dartsim_vendor:/opt/ros/jazzy/opt/gz_cmake_vendor:/opt/ros/jazzy DEBUGINFOD_URLS=https://debuginfod.ubuntu.com GZ_SIM_RESOURCE_PATH=/home/javier/vrx_ws/install/share/vrx_gazebo/models:/home/javier/vrx_ws/install/share:${GZ_SIM_RESOURCE_PATH} PYTHONPATH=/home/javier/vrx_ws/install/lib/python3.12/site-packages:${PYTHONPATH} /usr/bin/cmake --install /home/javier/vrx_ws/build/wamv_description
[0.960s] -- Install configuration: ""
[0.961s] -- Installing: /home/javier/vrx_ws/install/share/wamv_description/environment/resource_paths.dsv
[0.961s] -- Installing: /home/javier/vrx_ws/install/share/wamv_description/environment/resource_paths.sh
[0.961s] -- Installing: /home/javier/vrx_ws/install/share/wamv_description/urdf/wamv_base.urdf
[0.961s] -- Installing: /home/javier/vrx_ws/install/share/wamv_description/models
[0.961s] -- Installing: /home/javier/vrx_ws/install/share/wamv_description/models/propeller
[0.961s] -- Installing: /home/javier/vrx_ws/install/share/wamv_description/models/propeller/mesh
[0.962s] -- Installing: /home/javier/vrx_ws/install/share/wamv_description/models/propeller/mesh/propeller.dae
[0.962s] -- Installing: /home/javier/vrx_ws/install/share/wamv_description/models/propeller/model.config
[0.962s] -- Installing: /home/javier/vrx_ws/install/share/wamv_description/models/WAM-V-Base
[0.962s] -- Installing: /home/javier/vrx_ws/install/share/wamv_description/models/WAM-V-Base/mesh
[0.962s] -- Installing: /home/javier/vrx_ws/install/share/wamv_description/models/WAM-V-Base/mesh/WAM-V_Albedo.png
[0.965s] -- Installing: /home/javier/vrx_ws/install/share/wamv_description/models/WAM-V-Base/mesh/WAM-V_Metalness.png
[0.966s] -- Installing: /home/javier/vrx_ws/install/share/wamv_description/models/WAM-V-Base/mesh/WAM-V_Normal.png
[0.968s] -- Installing: /home/javier/vrx_ws/install/share/wamv_description/models/WAM-V-Base/mesh/WAM-V-Base.dae
[0.969s] -- Installing: /home/javier/vrx_ws/install/share/wamv_description/models/WAM-V-Base/mesh/WAM-V_Roughness.png
[0.971s] -- Installing: /home/javier/vrx_ws/install/share/wamv_description/models/WAM-V-Base/mesh/WamV.png
[0.972s] -- Installing: /home/javier/vrx_ws/install/share/wamv_description/models/WAM-V-Base/model.config
[0.972s] -- Installing: /home/javier/vrx_ws/install/share/wamv_description/models/engine
[0.972s] -- Installing: /home/javier/vrx_ws/install/share/wamv_description/models/engine/mesh
[0.972s] -- Installing: /home/javier/vrx_ws/install/share/wamv_description/models/engine/mesh/engine.dae
[0.972s] -- Installing: /home/javier/vrx_ws/install/share/wamv_description/models/engine/model.config
[0.972s] -- Up-to-date: /home/javier/vrx_ws/install/share/wamv_description/urdf
[0.973s] -- Installing: /home/javier/vrx_ws/install/share/wamv_description/urdf/thrusters
[0.973s] -- Installing: /home/javier/vrx_ws/install/share/wamv_description/urdf/thrusters/engine.xacro
[0.973s] -- Installing: /home/javier/vrx_ws/install/share/wamv_description/urdf/cpu_cases.xacro
[0.973s] -- Installing: /home/javier/vrx_ws/install/share/wamv_description/urdf/wamv_base.urdf.xacro
[0.973s] -- Installing: /home/javier/vrx_ws/install/share/wamv_description/urdf/battery.xacro
[0.973s] -- Installing: /home/javier/vrx_ws/install/share/ament_index/resource_index/package_run_dependencies/wamv_description
[0.973s] -- Installing: /home/javier/vrx_ws/install/share/ament_index/resource_index/parent_prefix_path/wamv_description
[0.974s] -- Installing: /home/javier/vrx_ws/install/share/wamv_description/environment/ament_prefix_path.sh
[0.974s] -- Installing: /home/javier/vrx_ws/install/share/wamv_description/environment/ament_prefix_path.dsv
[0.974s] -- Installing: /home/javier/vrx_ws/install/share/wamv_description/environment/path.sh
[0.974s] -- Installing: /home/javier/vrx_ws/install/share/wamv_description/environment/path.dsv
[0.974s] -- Installing: /home/javier/vrx_ws/install/share/wamv_description/local_setup.bash
[0.974s] -- Installing: /home/javier/vrx_ws/install/share/wamv_description/local_setup.sh
[0.975s] -- Installing: /home/javier/vrx_ws/install/share/wamv_description/local_setup.zsh
[0.975s] -- Installing: /home/javier/vrx_ws/install/share/wamv_description/local_setup.dsv
[0.975s] -- Installing: /home/javier/vrx_ws/install/share/wamv_description/package.dsv
[0.975s] -- Installing: /home/javier/vrx_ws/install/share/ament_index/resource_index/packages/wamv_description
[0.975s] -- Installing: /home/javier/vrx_ws/install/share/wamv_description/cmake/wamv_descriptionConfig.cmake
[0.975s] -- Installing: /home/javier/vrx_ws/install/share/wamv_description/cmake/wamv_descriptionConfig-version.cmake
[0.975s] -- Installing: /home/javier/vrx_ws/install/share/wamv_description/package.xml
[0.977s] Invoked command in '/home/javier/vrx_ws/build/wamv_description' returned '0': AMENT_PREFIX_PATH=/home/javier/vrx_ws/install:${AMENT_PREFIX_PATH} CMAKE_PREFIX_PATH=/home/javier/vrx_ws/install:/opt/ros/jazzy/opt/gz_sim_vendor:/opt/ros/jazzy/opt/gz_sensors_vendor:/opt/ros/jazzy/opt/gz_physics_vendor:/opt/ros/jazzy/opt/sdformat_vendor:/opt/ros/jazzy/opt/gz_gui_vendor:/opt/ros/jazzy/opt/gz_transport_vendor:/opt/ros/jazzy/opt/gz_rendering_vendor:/opt/ros/jazzy/opt/gz_plugin_vendor:/opt/ros/jazzy/opt/gz_fuel_tools_vendor:/opt/ros/jazzy/opt/gz_msgs_vendor:/opt/ros/jazzy/opt/gz_common_vendor:/opt/ros/jazzy/opt/gz_math_vendor:/opt/ros/jazzy/opt/gz_utils_vendor:/opt/ros/jazzy/opt/gz_tools_vendor:/opt/ros/jazzy/opt/gz_ogre_next_vendor:/opt/ros/jazzy/opt/gz_dartsim_vendor:/opt/ros/jazzy/opt/gz_cmake_vendor:/opt/ros/jazzy DEBUGINFOD_URLS=https://debuginfod.ubuntu.com GZ_SIM_RESOURCE_PATH=/home/javier/vrx_ws/install/share/vrx_gazebo/models:/home/javier/vrx_ws/install/share:${GZ_SIM_RESOURCE_PATH} PYTHONPATH=/home/javier/vrx_ws/install/lib/python3.12/site-packages:${PYTHONPATH} /usr/bin/cmake --install /home/javier/vrx_ws/build/wamv_description
