[0.042s] Invoking command in '/home/javier/vrx_ws/build/wamv_gazebo': CMAKE_PREFIX_PATH=${CMAKE_PREFIX_PATH}:/opt/ros/jazzy DEBUGINFOD_URLS=https://debuginfod.ubuntu.com GZ_SIM_RESOURCE_PATH=/home/javier/vrx_ws/install/share:${GZ_SIM_RESOURCE_PATH} /usr/bin/cmake /home/javier/vrx_ws/src/vrx_urdf/wamv_gazebo -DCMAKE_INSTALL_PREFIX=/home/javier/vrx_ws/install
[0.194s] -- The C compiler identification is GNU 13.3.0
[0.391s] -- The CXX compiler identification is GNU 13.3.0
[0.436s] -- Detecting C compiler ABI info
[0.696s] -- Detecting C compiler ABI info - done
[0.718s] -- Check for working C compiler: /usr/bin/cc - skipped
[0.720s] -- Detecting C compile features
[0.720s] -- Detecting C compile features - done
[0.744s] -- Detecting CXX compiler ABI info
[1.006s] -- Detecting CXX compiler ABI info - done
[1.028s] -- Check for working CXX compiler: /usr/bin/c++ - skipped
[1.029s] -- Detecting CXX compile features
[1.030s] -- Detecting CXX compile features - done
[1.041s] -- Found ament_cmake: 2.5.5 (/opt/ros/jazzy/share/ament_cmake/cmake)
[1.497s] -- Found Python3: /usr/bin/python3 (found version "3.12.3") found components: Interpreter 
[1.863s] -- Found xacro: 2.1.1 (/opt/ros/jazzy/share/xacro/cmake)
[1.865s] -- Found wamv_description: 1.3.0 (/home/javier/vrx_ws/install/share/wamv_description/cmake)
[2.157s] -- Configuring done (2.1s)
[2.171s] -- Generating done (0.0s)
[2.180s] -- Build files have been written to: /home/javier/vrx_ws/build/wamv_gazebo
[2.193s] Invoked command in '/home/javier/vrx_ws/build/wamv_gazebo' returned '0': CMAKE_PREFIX_PATH=${CMAKE_PREFIX_PATH}:/opt/ros/jazzy DEBUGINFOD_URLS=https://debuginfod.ubuntu.com GZ_SIM_RESOURCE_PATH=/home/javier/vrx_ws/install/share:${GZ_SIM_RESOURCE_PATH} /usr/bin/cmake /home/javier/vrx_ws/src/vrx_urdf/wamv_gazebo -DCMAKE_INSTALL_PREFIX=/home/javier/vrx_ws/install
[2.193s] Invoking command in '/home/javier/vrx_ws/build/wamv_gazebo': CMAKE_PREFIX_PATH=${CMAKE_PREFIX_PATH}:/opt/ros/jazzy DEBUGINFOD_URLS=https://debuginfod.ubuntu.com GZ_SIM_RESOURCE_PATH=/home/javier/vrx_ws/install/share:${GZ_SIM_RESOURCE_PATH} /usr/bin/cmake --build /home/javier/vrx_ws/build/wamv_gazebo -- -j8 -l8
[2.294s] Invoked command in '/home/javier/vrx_ws/build/wamv_gazebo' returned '0': CMAKE_PREFIX_PATH=${CMAKE_PREFIX_PATH}:/opt/ros/jazzy DEBUGINFOD_URLS=https://debuginfod.ubuntu.com GZ_SIM_RESOURCE_PATH=/home/javier/vrx_ws/install/share:${GZ_SIM_RESOURCE_PATH} /usr/bin/cmake --build /home/javier/vrx_ws/build/wamv_gazebo -- -j8 -l8
[2.298s] Invoking command in '/home/javier/vrx_ws/build/wamv_gazebo': CMAKE_PREFIX_PATH=${CMAKE_PREFIX_PATH}:/opt/ros/jazzy DEBUGINFOD_URLS=https://debuginfod.ubuntu.com GZ_SIM_RESOURCE_PATH=/home/javier/vrx_ws/install/share:${GZ_SIM_RESOURCE_PATH} /usr/bin/cmake --install /home/javier/vrx_ws/build/wamv_gazebo
[2.316s] -- Install configuration: ""
[2.316s] -- Installing: /home/javier/vrx_ws/install/share/wamv_gazebo/models
[2.318s] -- Installing: /home/javier/vrx_ws/install/share/wamv_gazebo/models/gps
[2.318s] -- Installing: /home/javier/vrx_ws/install/share/wamv_gazebo/models/gps/mesh
[2.319s] -- Installing: /home/javier/vrx_ws/install/share/wamv_gazebo/models/gps/mesh/gps.dae
[2.323s] -- Installing: /home/javier/vrx_ws/install/share/wamv_gazebo/models/gps/mesh/gps.png
[2.329s] -- Installing: /home/javier/vrx_ws/install/share/wamv_gazebo/models/gps/model.config
[2.330s] -- Installing: /home/javier/vrx_ws/install/share/wamv_gazebo/urdf
[2.330s] -- Installing: /home/javier/vrx_ws/install/share/wamv_gazebo/urdf/macros.xacro
[2.330s] -- Installing: /home/javier/vrx_ws/install/share/wamv_gazebo/urdf/thruster_layouts
[2.330s] -- Installing: /home/javier/vrx_ws/install/share/wamv_gazebo/urdf/thruster_layouts/wamv_aft_thrusters.xacro
[2.330s] -- Installing: /home/javier/vrx_ws/install/share/wamv_gazebo/urdf/thruster_layouts/wamv_gazebo_thruster_config.xacro
[2.331s] -- Installing: /home/javier/vrx_ws/install/share/wamv_gazebo/urdf/thruster_layouts/wamv_x_thrusters.xacro
[2.331s] -- Installing: /home/javier/vrx_ws/install/share/wamv_gazebo/urdf/thruster_layouts/wamv_t_thrusters.xacro
[2.333s] -- Installing: /home/javier/vrx_ws/install/share/wamv_gazebo/urdf/wamv_gazebo.xacro
[2.334s] -- Installing: /home/javier/vrx_ws/install/share/wamv_gazebo/urdf/components
[2.339s] -- Installing: /home/javier/vrx_ws/install/share/wamv_gazebo/urdf/components/lidar.xacro
[2.339s] -- Installing: /home/javier/vrx_ws/install/share/wamv_gazebo/urdf/components/wamv_gps.xacro
[2.339s] -- Installing: /home/javier/vrx_ws/install/share/wamv_gazebo/urdf/components/wamv_p3d.xacro
[2.341s] -- Installing: /home/javier/vrx_ws/install/share/wamv_gazebo/urdf/components/wamv_imu.xacro
[2.342s] -- Installing: /home/javier/vrx_ws/install/share/wamv_gazebo/urdf/components/wamv_planar_lidar.xacro
[2.343s] -- Installing: /home/javier/vrx_ws/install/share/wamv_gazebo/urdf/components/wamv_pinger.xacro
[2.344s] -- Installing: /home/javier/vrx_ws/install/share/wamv_gazebo/urdf/components/wamv_camera.xacro
[2.344s] -- Installing: /home/javier/vrx_ws/install/share/wamv_gazebo/urdf/components/ball_shooter.xacro
[2.346s] -- Installing: /home/javier/vrx_ws/install/share/wamv_gazebo/urdf/components/wamv_3d_lidar.xacro
[2.348s] -- Installing: /home/javier/vrx_ws/install/share/wamv_gazebo/urdf/wamv_gazebo.urdf.xacro
[2.356s] -- Installing: /home/javier/vrx_ws/install/share/wamv_gazebo/urdf/dynamics
[2.356s] -- Installing: /home/javier/vrx_ws/install/share/wamv_gazebo/urdf/dynamics/wamv_gazebo_dynamics_plugin.xacro
[2.356s] -- Installing: /home/javier/vrx_ws/install/share/ament_index/resource_index/package_run_dependencies/wamv_gazebo
[2.357s] -- Installing: /home/javier/vrx_ws/install/share/ament_index/resource_index/parent_prefix_path/wamv_gazebo
[2.357s] -- Installing: /home/javier/vrx_ws/install/share/wamv_gazebo/environment/ament_prefix_path.sh
[2.360s] -- Installing: /home/javier/vrx_ws/install/share/wamv_gazebo/environment/ament_prefix_path.dsv
[2.362s] -- Installing: /home/javier/vrx_ws/install/share/wamv_gazebo/environment/path.sh
[2.368s] -- Installing: /home/javier/vrx_ws/install/share/wamv_gazebo/environment/path.dsv
[2.368s] -- Installing: /home/javier/vrx_ws/install/share/wamv_gazebo/local_setup.bash
[2.368s] -- Installing: /home/javier/vrx_ws/install/share/wamv_gazebo/local_setup.sh
[2.368s] -- Installing: /home/javier/vrx_ws/install/share/wamv_gazebo/local_setup.zsh
[2.368s] -- Installing: /home/javier/vrx_ws/install/share/wamv_gazebo/local_setup.dsv
[2.369s] -- Installing: /home/javier/vrx_ws/install/share/wamv_gazebo/package.dsv
[2.370s] -- Installing: /home/javier/vrx_ws/install/share/ament_index/resource_index/packages/wamv_gazebo
[2.373s] -- Installing: /home/javier/vrx_ws/install/share/wamv_gazebo/cmake/wamv_gazeboConfig.cmake
[2.373s] -- Installing: /home/javier/vrx_ws/install/share/wamv_gazebo/cmake/wamv_gazeboConfig-version.cmake
[2.373s] -- Installing: /home/javier/vrx_ws/install/share/wamv_gazebo/package.xml
[2.377s] Invoked command in '/home/javier/vrx_ws/build/wamv_gazebo' returned '0': CMAKE_PREFIX_PATH=${CMAKE_PREFIX_PATH}:/opt/ros/jazzy DEBUGINFOD_URLS=https://debuginfod.ubuntu.com GZ_SIM_RESOURCE_PATH=/home/javier/vrx_ws/install/share:${GZ_SIM_RESOURCE_PATH} /usr/bin/cmake --install /home/javier/vrx_ws/build/wamv_gazebo
