[0.033s] Invoking command in '/home/javier/vrx_ws/build/vrx_gz': CMAKE_PREFIX_PATH=${CMAKE_PREFIX_PATH}:/opt/ros/jazzy DEBUGINFOD_URLS=https://debuginfod.ubuntu.com GZ_SIM_RESOURCE_PATH=/home/javier/vrx_ws/install/share:${GZ_SIM_RESOURCE_PATH} /usr/bin/cmake /home/javier/vrx_ws/src/vrx_gz -DCMAKE_INSTALL_PREFIX=/home/javier/vrx_ws/install
[0.140s] -- The C compiler identification is GNU 13.3.0
[0.246s] -- The CXX compiler identification is GNU 13.3.0
[0.268s] -- Detecting C compiler ABI info
[0.407s] -- Detecting C compiler ABI info - done
[0.425s] -- Check for working C compiler: /usr/bin/cc - skipped
[0.426s] -- Detecting C compile features
[0.427s] -- Detecting C compile features - done
[0.443s] -- Detecting CXX compiler ABI info
[0.642s] -- Detecting CXX compiler ABI info - done
[0.668s] -- Check for working CXX compiler: /usr/bin/c++ - skipped
[0.668s] -- Detecting CXX compile features
[0.670s] -- Detecting CXX compile features - done
[0.676s] -- Performing Test COMPILER_SUPPORTS_CXX17
[0.878s] -- Performing Test COMPILER_SUPPORTS_CXX17 - Success
[0.887s] -- Found ament_cmake: 2.5.5 (/opt/ros/jazzy/share/ament_cmake/cmake)
[1.310s] -- Found Python3: /usr/bin/python3 (found version "3.12.3") found components: Interpreter 
[1.661s] -- Looking for gz-sim8 -- found version 8.10.0
[1.679s] -- Searching for dependencies of gz-sim8
[1.684s] -- Looking for sdformat14 -- found version 14.8.0
[1.684s] -- Searching for dependencies of sdformat14
[1.694s] -- Checking for module 'tinyxml2'
[1.723s] --   Found tinyxml2, version 10.0.0
[1.797s] -- Looking for gz-math7 -- found version 7.5.2
[1.798s] -- Searching for dependencies of gz-math7
[1.803s] -- Looking for gz-utils2 -- found version 2.2.1
[1.803s] -- Searching for dependencies of gz-utils2
[1.808s] -- Looking for gz-utils2 -- found version 2.2.1
[1.808s] -- Searching for dependencies of gz-utils2
[1.808s] -- Searching for <gz-utils2> component [cli]
[1.813s] -- Looking for gz-utils2-cli -- found version 2.2.1
[1.813s] -- Searching for dependencies of gz-utils2-cli
[1.821s] -- Looking for gz-plugin2 -- found version 2.0.4
[1.822s] -- Searching for dependencies of gz-plugin2
[1.822s] -- Looking for gz-utils2 -- found version 2.2.1
[1.825s] -- Searching for <gz-plugin2> component [loader]
[1.831s] -- Looking for gz-plugin2-loader -- found version 2.0.4
[1.831s] -- Searching for dependencies of gz-plugin2-loader
[1.832s] -- Searching for <gz-plugin2> component [register]
[1.837s] -- Looking for gz-plugin2-register -- found version 2.0.4
[1.837s] -- Searching for dependencies of gz-plugin2-register
[1.843s] -- Looking for gz-transport13 -- found version 13.5.0
[1.843s] -- Searching for dependencies of gz-transport13
[2.131s] -- Found Protobuf: /usr/lib/x86_64-linux-gnu/libprotobuf.so (found version "3.21.12") 
[2.160s] -- Config-file not installed for ZeroMQ -- checking for pkg-config
[2.166s] -- Checking for module 'libzmq >= 4'
[2.206s] --   Found libzmq, version 4.3.5
[2.300s] -- Found ZeroMQ: TRUE (Required is at least version "4") 
[2.313s] -- Checking for module 'uuid'
[2.346s] --   Found uuid, version 2.39.3
[2.417s] -- Found UUID: TRUE  
[2.418s] -- Looking for gz-utils2 -- found version 2.2.1
[2.422s] -- Looking for gz-msgs10 -- found version 10.3.2
[2.422s] -- Searching for dependencies of gz-msgs10
[2.461s] -- Looking for gz-utils2 -- found version 2.2.1
[2.462s] -- Looking for gz-math7 -- found version 7.5.2
[2.476s] -- Searching for <gz-transport13> component [log]
[2.481s] -- Looking for gz-transport13-log -- found version 13.5.0
[2.482s] -- Searching for dependencies of gz-transport13-log
[2.484s] -- Searching for <gz-transport13> component [parameters]
[2.490s] -- Looking for gz-transport13-parameters -- found version 13.5.0
[2.490s] -- Searching for dependencies of gz-transport13-parameters
[2.495s] -- Looking for gz-msgs10 -- found version 10.3.2
[2.502s] -- Looking for gz-common5 -- found version 5.7.1
[2.502s] -- Searching for dependencies of gz-common5
[2.503s] -- Looking for gz-utils2 -- found version 2.2.1
[2.507s] -- Looking for dlfcn.h - found
[2.507s] -- Looking for libdl - found
[2.510s] -- Found DL: TRUE  
[2.525s] -- Searching for <gz-common5> component [av]
[2.532s] -- Looking for gz-common5-av -- found version 5.7.1
[2.532s] -- Searching for dependencies of gz-common5-av
[2.542s] -- Checking for module 'libswscale'
[2.580s] --   Found libswscale, version 7.5.100
[2.654s] -- Found SWSCALE: TRUE  
[2.664s] -- Checking for module 'libavdevice >= 56.4.100'
[2.697s] --   Found libavdevice, version 60.3.100
[2.795s] -- Found AVDEVICE: TRUE (Required is at least version "56.4.100") 
[2.807s] -- Checking for module 'libavformat'
[2.844s] --   Found libavformat, version 60.16.100
[2.934s] -- Found AVFORMAT: TRUE  
[2.952s] -- Checking for module 'libavcodec'
[2.985s] --   Found libavcodec, version 60.31.102
[3.070s] -- Found AVCODEC: TRUE  
[3.085s] -- Checking for module 'libavutil'
[3.120s] --   Found libavutil, version 58.29.100
[3.199s] -- Found AVUTIL: TRUE  
[3.202s] -- Searching for <gz-common5> component [events]
[3.207s] -- Looking for gz-common5-events -- found version 5.7.1
[3.207s] -- Searching for dependencies of gz-common5-events
[3.208s] -- Looking for gz-math7 -- found version 7.5.2
[3.210s] -- Searching for <gz-common5> component [graphics]
[3.217s] -- Looking for gz-common5-graphics -- found version 5.7.1
[3.217s] -- Searching for dependencies of gz-common5-graphics
[3.219s] -- Looking for gz-math7 -- found version 7.5.2
[3.234s] -- Found GzAssimp: TRUE (found version "5.3.0") 
[3.236s] -- Searching for <gz-common5> component [io]
[3.241s] -- Looking for gz-common5-io -- found version 5.7.1
[3.241s] -- Searching for dependencies of gz-common5-io
[3.243s] -- Searching for <gz-common5> component [profiler]
[3.249s] -- Looking for gz-common5-profiler -- found version 5.7.1
[3.249s] -- Searching for dependencies of gz-common5-profiler
[3.258s] -- Looking for gz-fuel_tools9 -- found version 9.1.1
[3.262s] -- Searching for dependencies of gz-fuel_tools9
[3.447s] -- Found CURL: /usr/lib/x86_64-linux-gnu/libcurl.so (found version "8.5.0")  
[3.476s] -- Checking for module 'jsoncpp'
[3.509s] --   Found jsoncpp, version 1.9.5
[3.579s] -- Found JSONCPP: TRUE  
[3.614s] -- Checking for module 'yaml-0.1'
[3.648s] --   Found yaml-0.1, version 0.2.5
[3.741s] -- Found YAML: TRUE  
[3.757s] -- Checking for module 'libzip'
[3.793s] --   Found libzip, version 1.7.3
[3.875s] -- Found ZIP: TRUE  
[3.877s] -- Looking for gz-utils2 -- found version 2.2.1
[3.878s] -- Looking for gz-common5 -- found version 5.7.1
[3.879s] -- Searching for dependencies of gz-common5
[3.880s] -- Looking for gz-utils2 -- found version 2.2.1
[3.882s] -- Looking for dlfcn.h - found
[3.882s] -- Looking for libdl - found
[3.898s] -- Searching for <gz-common5> component [testing]
[3.903s] -- Looking for gz-common5-testing -- found version 5.7.1
[3.903s] -- Searching for dependencies of gz-common5-testing
[3.909s] -- Looking for gz-math7 -- found version 7.5.2
[3.910s] -- Looking for gz-msgs10 -- found version 10.3.2
[3.920s] -- Looking for gz-gui8 -- found version 8.4.0
[3.920s] -- Searching for dependencies of gz-gui8
[3.995s] -- Looking for gz-utils2 -- found version 2.2.1
[3.997s] -- Looking for gz-math7 -- found version 7.5.2
[4.001s] -- Looking for gz-common5 -- found version 5.7.1
[4.002s] -- Looking for gz-plugin2 -- found version 2.0.4
[4.006s] -- Looking for gz-transport13 -- found version 13.5.0
[4.013s] -- Looking for gz-rendering8 -- found version 8.2.3
[4.013s] -- Searching for dependencies of gz-rendering8
[4.014s] -- Looking for gz-math7 -- found version 7.5.2
[4.015s] -- Searching for dependencies of gz-math7
[4.016s] -- Looking for gz-utils2 -- found version 2.2.1
[4.016s] -- Searching for <gz-math7> component [eigen3]
[4.022s] -- Looking for gz-math7-eigen3 -- found version 7.5.2
[4.023s] -- Searching for dependencies of gz-math7-eigen3
[4.046s] -- Looking for gz-common5 -- found version 5.7.1
[4.047s] -- Searching for dependencies of gz-common5
[4.049s] -- Looking for gz-utils2 -- found version 2.2.1
[4.050s] -- Looking for dlfcn.h - found
[4.050s] -- Looking for libdl - found
[4.066s] -- Searching for <gz-common5> component [graphics]
[4.066s] -- Searching for <gz-common5> component [events]
[4.067s] -- Searching for <gz-common5> component [geospatial]
[4.072s] -- Looking for gz-common5-geospatial -- found version 5.7.1
[4.072s] -- Searching for dependencies of gz-common5-geospatial
[4.074s] -- Looking for gz-math7 -- found version 7.5.2
[4.075s] -- Looking for gz-common5 -- found version 5.7.1
[4.080s] -- Looking for gz-plugin2 -- found version 2.0.4
[4.081s] -- Searching for dependencies of gz-plugin2
[4.082s] -- Looking for gz-utils2 -- found version 2.2.1
[4.084s] -- Searching for <gz-plugin2> component [all]
[4.089s] -- Looking for all libraries of gz-plugin2 -- found version 2.0.4
[4.091s] -- Looking for gz-plugin2 -- found version 2.0.4
[4.094s] -- Looking for gz-utils2 -- found version 2.2.1
[4.133s] -- Found OpenGL: /usr/lib/x86_64-linux-gnu/libOpenGL.so  found components: OpenGL 
[4.136s] -- Looking for gz-msgs10 -- found version 10.3.2
[4.228s] -- Looking for gz-physics7 -- found version 7.6.0
[4.229s] -- Searching for dependencies of gz-physics7
[4.229s] -- Looking for gz-common5 -- found version 5.7.1
[4.231s] -- Looking for gz-math7 -- found version 7.5.2
[4.231s] -- Looking for gz-plugin2 -- found version 2.0.4
[4.232s] -- Looking for gz-utils2 -- found version 2.2.1
[4.236s] -- Searching for <gz-physics7> component [heightmap]
[4.240s] -- Looking for gz-physics7-heightmap -- found version 7.6.0
[4.240s] -- Searching for dependencies of gz-physics7-heightmap
[4.241s] -- Looking for gz-common5 -- found version 5.7.1
[4.242s] -- Searching for <gz-physics7> component [mesh]
[4.246s] -- Looking for gz-physics7-mesh -- found version 7.6.0
[4.247s] -- Searching for dependencies of gz-physics7-mesh
[4.248s] -- Looking for gz-common5 -- found version 5.7.1
[4.250s] -- Searching for <gz-physics7> component [sdf]
[4.256s] -- Looking for gz-physics7-sdf -- found version 7.6.0
[4.256s] -- Searching for dependencies of gz-physics7-sdf
[4.256s] -- Looking for sdformat14 -- found version 14.8.0
[4.264s] -- Looking for gz-sensors8 -- found version 8.2.2
[4.264s] -- Searching for dependencies of gz-sensors8
[4.304s] -- Looking for gz-math7 -- found version 7.5.2
[4.305s] -- Looking for gz-common5 -- found version 5.7.1
[4.306s] -- Looking for gz-transport13 -- found version 13.5.0
[4.307s] -- Looking for gz-rendering8 -- found version 8.2.3
[4.308s] -- Looking for gz-msgs10 -- found version 10.3.2
[4.309s] -- Looking for sdformat14 -- found version 14.8.0
[4.310s] -- Searching for <gz-sensors8> component [air_pressure]
[4.313s] -- Looking for gz-sensors8-air_pressure -- found version 8.2.2
[4.314s] -- Searching for dependencies of gz-sensors8-air_pressure
[4.316s] -- Searching for <gz-sensors8> component [air_speed]
[4.319s] -- Looking for gz-sensors8-air_speed -- found version 8.2.2
[4.320s] -- Searching for dependencies of gz-sensors8-air_speed
[4.321s] -- Searching for <gz-sensors8> component [altimeter]
[4.326s] -- Looking for gz-sensors8-altimeter -- found version 8.2.2
[4.326s] -- Searching for dependencies of gz-sensors8-altimeter
[4.327s] -- Searching for <gz-sensors8> component [imu]
[4.330s] -- Looking for gz-sensors8-imu -- found version 8.2.2
[4.330s] -- Searching for dependencies of gz-sensors8-imu
[4.332s] -- Searching for <gz-sensors8> component [force_torque]
[4.335s] -- Looking for gz-sensors8-force_torque -- found version 8.2.2
[4.336s] -- Searching for dependencies of gz-sensors8-force_torque
[4.338s] -- Searching for <gz-sensors8> component [logical_camera]
[4.341s] -- Looking for gz-sensors8-logical_camera -- found version 8.2.2
[4.342s] -- Searching for dependencies of gz-sensors8-logical_camera
[4.345s] -- Searching for <gz-sensors8> component [magnetometer]
[4.349s] -- Looking for gz-sensors8-magnetometer -- found version 8.2.2
[4.349s] -- Searching for dependencies of gz-sensors8-magnetometer
[4.351s] -- Searching for <gz-sensors8> component [navsat]
[4.356s] -- Looking for gz-sensors8-navsat -- found version 8.2.2
[4.356s] -- Searching for dependencies of gz-sensors8-navsat
[4.358s] -- Searching for <gz-sensors8> component [dvl]
[4.361s] -- Looking for gz-sensors8-dvl -- found version 8.2.2
[4.361s] -- Searching for dependencies of gz-sensors8-dvl
[4.361s] -- Looking for gz-sensors8 -- found version 8.2.2
[4.362s] -- Searching for dependencies of gz-sensors8
[4.397s] -- Looking for gz-math7 -- found version 7.5.2
[4.398s] -- Looking for gz-common5 -- found version 5.7.1
[4.399s] -- Looking for gz-transport13 -- found version 13.5.0
[4.400s] -- Looking for gz-rendering8 -- found version 8.2.3
[4.401s] -- Looking for gz-msgs10 -- found version 10.3.2
[4.402s] -- Looking for sdformat14 -- found version 14.8.0
[4.402s] -- Searching for <gz-sensors8> component [rendering]
[4.406s] -- Looking for gz-sensors8-rendering -- found version 8.2.2
[4.407s] -- Searching for dependencies of gz-sensors8-rendering
[4.413s] -- Searching for <gz-sensors8> component [rendering]
[4.413s] -- Searching for <gz-sensors8> component [lidar]
[4.418s] -- Looking for gz-sensors8-lidar -- found version 8.2.2
[4.419s] -- Searching for dependencies of gz-sensors8-lidar
[4.422s] -- Looking for gz-sensors8 -- found version 8.2.2
[4.423s] -- Searching for <gz-sensors8> component [gpu_lidar]
[4.428s] -- Looking for gz-sensors8-gpu_lidar -- found version 8.2.2
[4.428s] -- Searching for dependencies of gz-sensors8-gpu_lidar
[4.429s] -- Looking for gz-sensors8 -- found version 8.2.2
[4.430s] -- Searching for <gz-sensors8> component [camera]
[4.433s] -- Looking for gz-sensors8-camera -- found version 8.2.2
[4.434s] -- Searching for dependencies of gz-sensors8-camera
[4.435s] -- Looking for gz-sensors8 -- found version 8.2.2
[4.438s] -- Searching for <gz-sensors8> component [boundingbox_camera]
[4.448s] -- Looking for gz-sensors8-boundingbox_camera -- found version 8.2.2
[4.448s] -- Searching for dependencies of gz-sensors8-boundingbox_camera
[4.448s] -- Searching for <gz-sensors8> component [segmentation_camera]
[4.451s] -- Looking for gz-sensors8-segmentation_camera -- found version 8.2.2
[4.454s] -- Searching for dependencies of gz-sensors8-segmentation_camera
[4.456s] -- Searching for <gz-sensors8> component [depth_camera]
[4.461s] -- Looking for gz-sensors8-depth_camera -- found version 8.2.2
[4.461s] -- Searching for dependencies of gz-sensors8-depth_camera
[4.462s] -- Looking for gz-sensors8 -- found version 8.2.2
[4.464s] -- Searching for <gz-sensors8> component [rgbd_camera]
[4.466s] -- Looking for gz-sensors8-rgbd_camera -- found version 8.2.2
[4.466s] -- Searching for dependencies of gz-sensors8-rgbd_camera
[4.467s] -- Looking for gz-sensors8 -- found version 8.2.2
[4.469s] -- Searching for <gz-sensors8> component [thermal_camera]
[4.473s] -- Looking for gz-sensors8-thermal_camera -- found version 8.2.2
[4.474s] -- Searching for dependencies of gz-sensors8-thermal_camera
[4.475s] -- Looking for gz-sensors8 -- found version 8.2.2
[4.477s] -- Searching for <gz-sensors8> component [wide_angle_camera]
[4.480s] -- Looking for gz-sensors8-wide_angle_camera -- found version 8.2.2
[4.480s] -- Searching for dependencies of gz-sensors8-wide_angle_camera
[4.483s] -- Looking for gz-rendering8 -- found version 8.2.3
[4.484s] -- Looking for gz-math7 -- found version 7.5.2
[4.485s] -- Looking for gz-utils2 -- found version 2.2.1
[4.543s] -- Looking for gz-common5 -- found version 5.7.1
[4.546s] -- Looking for gz-fuel_tools9 -- found version 9.1.1
[4.548s] -- Looking for gz-math7 -- found version 7.5.2
[4.550s] -- Looking for gz-msgs10 -- found version 10.3.2
[4.552s] -- Looking for gz-transport13 -- found version 13.5.0
[4.554s] -- Looking for gz-plugin2 -- found version 2.0.4
[4.554s] -- Looking for gz-rendering8 -- found version 8.2.3
[4.555s] -- Looking for gz-sensors8 -- found version 8.2.2
[4.557s] -- Looking for gz-utils2 -- found version 2.2.1
[4.559s] -- Looking for sdformat14 -- found version 14.8.0
[4.566s] -- Found std_msgs: 5.3.6 (/opt/ros/jazzy/share/std_msgs/cmake)
[4.668s] -- Found rosidl_generator_c: 4.6.7 (/opt/ros/jazzy/share/rosidl_generator_c/cmake)
[4.709s] -- Found rosidl_generator_cpp: 4.6.7 (/opt/ros/jazzy/share/rosidl_generator_cpp/cmake)
[4.757s] -- Using all available rosidl_typesupport_c: rosidl_typesupport_fastrtps_c;rosidl_typesupport_introspection_c
[4.807s] -- Using all available rosidl_typesupport_cpp: rosidl_typesupport_fastrtps_cpp;rosidl_typesupport_introspection_cpp
[5.454s] -- Configuring done (5.4s)
[5.744s] -- Generating done (0.3s)
[5.804s] -- Build files have been written to: /home/javier/vrx_ws/build/vrx_gz
[5.847s] Invoked command in '/home/javier/vrx_ws/build/vrx_gz' returned '0': CMAKE_PREFIX_PATH=${CMAKE_PREFIX_PATH}:/opt/ros/jazzy DEBUGINFOD_URLS=https://debuginfod.ubuntu.com GZ_SIM_RESOURCE_PATH=/home/javier/vrx_ws/install/share:${GZ_SIM_RESOURCE_PATH} /usr/bin/cmake /home/javier/vrx_ws/src/vrx_gz -DCMAKE_INSTALL_PREFIX=/home/javier/vrx_ws/install
[5.851s] Invoking command in '/home/javier/vrx_ws/build/vrx_gz': CMAKE_PREFIX_PATH=${CMAKE_PREFIX_PATH}:/opt/ros/jazzy DEBUGINFOD_URLS=https://debuginfod.ubuntu.com GZ_SIM_RESOURCE_PATH=/home/javier/vrx_ws/install/share:${GZ_SIM_RESOURCE_PATH} /usr/bin/cmake --build /home/javier/vrx_ws/build/vrx_gz -- -j8 -l8
[5.983s] [  2%] Building CXX object CMakeFiles/Waves.dir/src/Wavefield.cc.o
[14.919s] [  4%] Linking CXX shared library libWaves.so
[15.460s] [  4%] Built target Waves
[15.519s] [  4%] Built target ament_cmake_python_copy_vrx_gz
[15.568s] [  6%] Building CXX object CMakeFiles/PolyhedraBuoyancyDrag.dir/src/PolyhedraBuoyancyDrag.cc.o
