[2.905s] Invoking command in '/home/javier/vrx_ws/src/gps_waypoints': DEBUGINFOD_URLS=https://debuginfod.ubuntu.com PYTHONPATH=/home/javier/vrx_ws/build/gps_waypoints/prefix_override:/usr/lib/python3/dist-packages/colcon_core/task/python/colcon_distutils_commands:/home/javier/vrx_ws/install/lib/python3.12/site-packages:${PYTHONPATH} /usr/bin/python3 -W ignore:setup.py install is deprecated -W ignore:easy_install command is deprecated setup.py egg_info --egg-base ../../build/gps_waypoints build --build-base /home/javier/vrx_ws/build/gps_waypoints/build install --record /home/javier/vrx_ws/build/gps_waypoints/install.log --single-version-externally-managed
[3.664s] running egg_info
[3.664s] creating ../../build/gps_waypoints/gps_waypoints.egg-info
[3.716s] writing ../../build/gps_waypoints/gps_waypoints.egg-info/PKG-INFO
[3.717s] writing dependency_links to ../../build/gps_waypoints/gps_waypoints.egg-info/dependency_links.txt
[3.717s] writing entry points to ../../build/gps_waypoints/gps_waypoints.egg-info/entry_points.txt
[3.718s] writing requirements to ../../build/gps_waypoints/gps_waypoints.egg-info/requires.txt
[3.719s] writing top-level names to ../../build/gps_waypoints/gps_waypoints.egg-info/top_level.txt
[3.719s] writing manifest file '../../build/gps_waypoints/gps_waypoints.egg-info/SOURCES.txt'
[3.826s] reading manifest file '../../build/gps_waypoints/gps_waypoints.egg-info/SOURCES.txt'
[3.828s] writing manifest file '../../build/gps_waypoints/gps_waypoints.egg-info/SOURCES.txt'
[3.832s] running build
[3.832s] running build_py
[3.832s] creating /home/javier/vrx_ws/build/gps_waypoints/build
[3.833s] creating /home/javier/vrx_ws/build/gps_waypoints/build/lib
[3.833s] creating /home/javier/vrx_ws/build/gps_waypoints/build/lib/gps_waypoints
[3.833s] copying gps_waypoints/waypoint_node.py -> /home/javier/vrx_ws/build/gps_waypoints/build/lib/gps_waypoints
[3.833s] copying gps_waypoints/controller_node.py -> /home/javier/vrx_ws/build/gps_waypoints/build/lib/gps_waypoints
[3.833s] copying gps_waypoints/convert_node.py -> /home/javier/vrx_ws/build/gps_waypoints/build/lib/gps_waypoints
[3.833s] running install
[3.851s] running install_lib
[3.912s] creating /home/javier/vrx_ws/install/lib/python3.12/site-packages/gps_waypoints
[3.912s] copying /home/javier/vrx_ws/build/gps_waypoints/build/lib/gps_waypoints/waypoint_node.py -> /home/javier/vrx_ws/install/lib/python3.12/site-packages/gps_waypoints
[3.913s] copying /home/javier/vrx_ws/build/gps_waypoints/build/lib/gps_waypoints/controller_node.py -> /home/javier/vrx_ws/install/lib/python3.12/site-packages/gps_waypoints
[3.913s] copying /home/javier/vrx_ws/build/gps_waypoints/build/lib/gps_waypoints/convert_node.py -> /home/javier/vrx_ws/install/lib/python3.12/site-packages/gps_waypoints
[3.914s] byte-compiling /home/javier/vrx_ws/install/lib/python3.12/site-packages/gps_waypoints/waypoint_node.py to waypoint_node.cpython-312.pyc
[3.917s] byte-compiling /home/javier/vrx_ws/install/lib/python3.12/site-packages/gps_waypoints/controller_node.py to controller_node.cpython-312.pyc
[3.921s] byte-compiling /home/javier/vrx_ws/install/lib/python3.12/site-packages/gps_waypoints/convert_node.py to convert_node.cpython-312.pyc
[3.923s] running install_egg_info
[3.994s] Copying ../../build/gps_waypoints/gps_waypoints.egg-info to /home/javier/vrx_ws/install/lib/python3.12/site-packages/gps_waypoints-0.0.0-py3.12.egg-info
[3.996s] running install_scripts
[4.412s] Installing gps_waypoint_controller script to /home/javier/vrx_ws/install/bin
[4.415s] Installing gps_waypoint_converter script to /home/javier/vrx_ws/install/bin
[4.415s] Installing gps_waypoint_node script to /home/javier/vrx_ws/install/bin
[4.416s] writing list of installed files to '/home/javier/vrx_ws/build/gps_waypoints/install.log'
[4.618s] Invoked command in '/home/javier/vrx_ws/src/gps_waypoints' returned '0': DEBUGINFOD_URLS=https://debuginfod.ubuntu.com PYTHONPATH=/home/javier/vrx_ws/build/gps_waypoints/prefix_override:/usr/lib/python3/dist-packages/colcon_core/task/python/colcon_distutils_commands:/home/javier/vrx_ws/install/lib/python3.12/site-packages:${PYTHONPATH} /usr/bin/python3 -W ignore:setup.py install is deprecated -W ignore:easy_install command is deprecated setup.py egg_info --egg-base ../../build/gps_waypoints build --build-base /home/javier/vrx_ws/build/gps_waypoints/build install --record /home/javier/vrx_ws/build/gps_waypoints/install.log --single-version-externally-managed
