[0.790s] Invoking command in '/home/javier/vrx_ws/src/gps_waypoints': DEBUGINFOD_URLS=https://debuginfod.ubuntu.com PYTHONPATH=/home/javier/vrx_ws/build/gps_waypoints/prefix_override:/usr/lib/python3/dist-packages/colcon_core/task/python/colcon_distutils_commands:/home/javier/vrx_ws/install/lib/python3.12/site-packages:${PYTHONPATH} /usr/bin/python3 -W ignore:setup.py install is deprecated -W ignore:easy_install command is deprecated setup.py egg_info --egg-base ../../build/gps_waypoints build --build-base /home/javier/vrx_ws/build/gps_waypoints/build install --record /home/javier/vrx_ws/build/gps_waypoints/install.log --single-version-externally-managed
[1.048s] running egg_info
[1.070s] writing ../../build/gps_waypoints/gps_waypoints.egg-info/PKG-INFO
[1.070s] writing dependency_links to ../../build/gps_waypoints/gps_waypoints.egg-info/dependency_links.txt
[1.071s] writing entry points to ../../build/gps_waypoints/gps_waypoints.egg-info/entry_points.txt
[1.071s] writing requirements to ../../build/gps_waypoints/gps_waypoints.egg-info/requires.txt
[1.071s] writing top-level names to ../../build/gps_waypoints/gps_waypoints.egg-info/top_level.txt
[1.116s] reading manifest file '../../build/gps_waypoints/gps_waypoints.egg-info/SOURCES.txt'
[1.117s] writing manifest file '../../build/gps_waypoints/gps_waypoints.egg-info/SOURCES.txt'
[1.117s] running build
[1.117s] running build_py
[1.117s] copying gps_waypoints/controller_node.py -> /home/javier/vrx_ws/build/gps_waypoints/build/lib/gps_waypoints
[1.118s] running install
[1.124s] running install_lib
[1.145s] copying /home/javier/vrx_ws/build/gps_waypoints/build/lib/gps_waypoints/controller_node.py -> /home/javier/vrx_ws/install/lib/python3.12/site-packages/gps_waypoints
[1.145s] byte-compiling /home/javier/vrx_ws/install/lib/python3.12/site-packages/gps_waypoints/controller_node.py to controller_node.cpython-312.pyc
[1.147s] running install_egg_info
[1.169s] removing '/home/javier/vrx_ws/install/lib/python3.12/site-packages/gps_waypoints-0.0.0-py3.12.egg-info' (and everything under it)
[1.170s] Copying ../../build/gps_waypoints/gps_waypoints.egg-info to /home/javier/vrx_ws/install/lib/python3.12/site-packages/gps_waypoints-0.0.0-py3.12.egg-info
[1.170s] running install_scripts
[1.305s] Installing gps_waypoint_controller script to /home/javier/vrx_ws/install/lib/gps_waypoints
[1.305s] Installing gps_waypoint_converter script to /home/javier/vrx_ws/install/lib/gps_waypoints
[1.306s] Installing gps_waypoint_node script to /home/javier/vrx_ws/install/lib/gps_waypoints
[1.306s] writing list of installed files to '/home/javier/vrx_ws/build/gps_waypoints/install.log'
[1.331s] Invoked command in '/home/javier/vrx_ws/src/gps_waypoints' returned '0': DEBUGINFOD_URLS=https://debuginfod.ubuntu.com PYTHONPATH=/home/javier/vrx_ws/build/gps_waypoints/prefix_override:/usr/lib/python3/dist-packages/colcon_core/task/python/colcon_distutils_commands:/home/javier/vrx_ws/install/lib/python3.12/site-packages:${PYTHONPATH} /usr/bin/python3 -W ignore:setup.py install is deprecated -W ignore:easy_install command is deprecated setup.py egg_info --egg-base ../../build/gps_waypoints build --build-base /home/javier/vrx_ws/build/gps_waypoints/build install --record /home/javier/vrx_ws/build/gps_waypoints/install.log --single-version-externally-managed
