[0.242s] DEBUG:colcon:Command line arguments: ['/usr/bin/colcon', 'build', '--packages-select', 'gps_waypoints', '--merge-install']
[0.242s] DEBUG:colcon:Parsed command line arguments: Namespace(log_base=None, log_level=None, verb_name='build', build_base='build', install_base='install', merge_install=True, symlink_install=False, test_result_base=None, continue_on_error=False, executor='parallel', parallel_workers=8, event_handlers=None, ignore_user_meta=False, metas=['./colcon.meta'], base_paths=['.'], packages_ignore=None, packages_ignore_regex=None, paths=None, packages_up_to=None, packages_up_to_regex=None, packages_above=None, packages_above_and_dependencies=None, packages_above_depth=None, packages_select_by_dep=None, packages_skip_by_dep=None, packages_skip_up_to=None, packages_select_build_failed=False, packages_skip_build_finished=False, packages_select_test_failures=False, packages_skip_test_passed=False, packages_select=['gps_waypoints'], packages_skip=None, packages_select_regex=None, packages_skip_regex=None, packages_start=None, packages_end=None, allow_overriding=[], cmake_args=None, cmake_target=None, cmake_target_skip_unavailable=False, cmake_clean_cache=False, cmake_clean_first=False, cmake_force_configure=False, ament_cmake_args=None, catkin_cmake_args=None, catkin_skip_building_tests=False, mixin_files=None, mixin=None, verb_parser=<colcon_mixin.mixin.mixin_argument.MixinArgumentDecorator object at 0x77abe489cf50>, verb_extension=<colcon_core.verb.build.BuildVerb object at 0x77abe487baa0>, main=<bound method BuildVerb.main of <colcon_core.verb.build.BuildVerb object at 0x77abe487baa0>>, mixin_verb=('build',))
[0.331s] Level 1:colcon.colcon_core.package_discovery:discover_packages(colcon_meta) check parameters
[0.332s] Level 1:colcon.colcon_core.package_discovery:discover_packages(recursive) check parameters
[0.332s] Level 1:colcon.colcon_core.package_discovery:discover_packages(ignore) check parameters
[0.332s] Level 1:colcon.colcon_core.package_discovery:discover_packages(path) check parameters
[0.332s] Level 1:colcon.colcon_core.package_discovery:discover_packages(colcon_meta) discover
[0.332s] Level 1:colcon.colcon_core.package_discovery:discover_packages(recursive) discover
[0.332s] INFO:colcon.colcon_core.package_discovery:Crawling recursively for packages in '/home/javier/vrx_ws'
[0.333s] Level 1:colcon.colcon_core.package_identification:_identify(.) by extensions ['ignore', 'ignore_ament_install']
[0.333s] Level 1:colcon.colcon_core.package_identification:_identify(.) by extension 'ignore'
[0.333s] Level 1:colcon.colcon_core.package_identification:_identify(.) by extension 'ignore_ament_install'
[0.333s] Level 1:colcon.colcon_core.package_identification:_identify(.) by extensions ['colcon_pkg']
[0.333s] Level 1:colcon.colcon_core.package_identification:_identify(.) by extension 'colcon_pkg'
[0.333s] Level 1:colcon.colcon_core.package_identification:_identify(.) by extensions ['colcon_meta']
[0.334s] Level 1:colcon.colcon_core.package_identification:_identify(.) by extension 'colcon_meta'
[0.334s] Level 1:colcon.colcon_core.package_identification:_identify(.) by extensions ['ros']
[0.334s] Level 1:colcon.colcon_core.package_identification:_identify(.) by extension 'ros'
[0.390s] Level 1:colcon.colcon_core.package_identification:_identify(.) by extensions ['cmake', 'python']
[0.390s] Level 1:colcon.colcon_core.package_identification:_identify(.) by extension 'cmake'
[0.390s] Level 1:colcon.colcon_core.package_identification:_identify(.) by extension 'python'
[0.390s] Level 1:colcon.colcon_core.package_identification:_identify(.) by extensions ['python_setup_py']
[0.390s] Level 1:colcon.colcon_core.package_identification:_identify(.) by extension 'python_setup_py'
[0.390s] Level 1:colcon.colcon_core.package_identification:_identify(build) by extensions ['ignore', 'ignore_ament_install']
[0.391s] Level 1:colcon.colcon_core.package_identification:_identify(build) by extension 'ignore'
[0.391s] Level 1:colcon.colcon_core.package_identification:_identify(build) ignored
[0.391s] Level 1:colcon.colcon_core.package_identification:_identify(install) by extensions ['ignore', 'ignore_ament_install']
[0.391s] Level 1:colcon.colcon_core.package_identification:_identify(install) by extension 'ignore'
[0.391s] Level 1:colcon.colcon_core.package_identification:_identify(install) ignored
[0.391s] Level 1:colcon.colcon_core.package_identification:_identify(log) by extensions ['ignore', 'ignore_ament_install']
[0.391s] Level 1:colcon.colcon_core.package_identification:_identify(log) by extension 'ignore'
[0.391s] Level 1:colcon.colcon_core.package_identification:_identify(log) ignored
[0.391s] Level 1:colcon.colcon_core.package_identification:_identify(src) by extensions ['ignore', 'ignore_ament_install']
[0.391s] Level 1:colcon.colcon_core.package_identification:_identify(src) by extension 'ignore'
[0.391s] Level 1:colcon.colcon_core.package_identification:_identify(src) by extension 'ignore_ament_install'
[0.392s] Level 1:colcon.colcon_core.package_identification:_identify(src) by extensions ['colcon_pkg']
[0.392s] Level 1:colcon.colcon_core.package_identification:_identify(src) by extension 'colcon_pkg'
[0.392s] Level 1:colcon.colcon_core.package_identification:_identify(src) by extensions ['colcon_meta']
[0.392s] Level 1:colcon.colcon_core.package_identification:_identify(src) by extension 'colcon_meta'
[0.392s] Level 1:colcon.colcon_core.package_identification:_identify(src) by extensions ['ros']
[0.392s] Level 1:colcon.colcon_core.package_identification:_identify(src) by extension 'ros'
[0.392s] Level 1:colcon.colcon_core.package_identification:_identify(src) by extensions ['cmake', 'python']
[0.392s] Level 1:colcon.colcon_core.package_identification:_identify(src) by extension 'cmake'
[0.392s] Level 1:colcon.colcon_core.package_identification:_identify(src) by extension 'python'
[0.392s] Level 1:colcon.colcon_core.package_identification:_identify(src) by extensions ['python_setup_py']
[0.392s] Level 1:colcon.colcon_core.package_identification:_identify(src) by extension 'python_setup_py'
[0.392s] Level 1:colcon.colcon_core.package_identification:_identify(src/docker) by extensions ['ignore', 'ignore_ament_install']
[0.393s] Level 1:colcon.colcon_core.package_identification:_identify(src/docker) by extension 'ignore'
[0.393s] Level 1:colcon.colcon_core.package_identification:_identify(src/docker) by extension 'ignore_ament_install'
[0.393s] Level 1:colcon.colcon_core.package_identification:_identify(src/docker) by extensions ['colcon_pkg']
[0.393s] Level 1:colcon.colcon_core.package_identification:_identify(src/docker) by extension 'colcon_pkg'
[0.393s] Level 1:colcon.colcon_core.package_identification:_identify(src/docker) by extensions ['colcon_meta']
[0.393s] Level 1:colcon.colcon_core.package_identification:_identify(src/docker) by extension 'colcon_meta'
[0.393s] Level 1:colcon.colcon_core.package_identification:_identify(src/docker) by extensions ['ros']
[0.393s] Level 1:colcon.colcon_core.package_identification:_identify(src/docker) by extension 'ros'
[0.393s] Level 1:colcon.colcon_core.package_identification:_identify(src/docker) by extensions ['cmake', 'python']
[0.393s] Level 1:colcon.colcon_core.package_identification:_identify(src/docker) by extension 'cmake'
[0.393s] Level 1:colcon.colcon_core.package_identification:_identify(src/docker) by extension 'python'
[0.393s] Level 1:colcon.colcon_core.package_identification:_identify(src/docker) by extensions ['python_setup_py']
[0.393s] Level 1:colcon.colcon_core.package_identification:_identify(src/docker) by extension 'python_setup_py'
[0.394s] Level 1:colcon.colcon_core.package_identification:_identify(src/gps_waypoints) by extensions ['ignore', 'ignore_ament_install']
[0.394s] Level 1:colcon.colcon_core.package_identification:_identify(src/gps_waypoints) by extension 'ignore'
[0.394s] Level 1:colcon.colcon_core.package_identification:_identify(src/gps_waypoints) by extension 'ignore_ament_install'
[0.394s] Level 1:colcon.colcon_core.package_identification:_identify(src/gps_waypoints) by extensions ['colcon_pkg']
[0.394s] Level 1:colcon.colcon_core.package_identification:_identify(src/gps_waypoints) by extension 'colcon_pkg'
[0.394s] Level 1:colcon.colcon_core.package_identification:_identify(src/gps_waypoints) by extensions ['colcon_meta']
[0.394s] Level 1:colcon.colcon_core.package_identification:_identify(src/gps_waypoints) by extension 'colcon_meta'
[0.394s] Level 1:colcon.colcon_core.package_identification:_identify(src/gps_waypoints) by extensions ['ros']
[0.394s] Level 1:colcon.colcon_core.package_identification:_identify(src/gps_waypoints) by extension 'ros'
[0.398s] DEBUG:colcon.colcon_core.package_identification:Package 'src/gps_waypoints' with type 'ros.ament_python' and name 'gps_waypoints'
[0.398s] Level 1:colcon.colcon_core.package_identification:_identify(src/images) by extensions ['ignore', 'ignore_ament_install']
[0.399s] Level 1:colcon.colcon_core.package_identification:_identify(src/images) by extension 'ignore'
[0.399s] Level 1:colcon.colcon_core.package_identification:_identify(src/images) by extension 'ignore_ament_install'
[0.399s] Level 1:colcon.colcon_core.package_identification:_identify(src/images) by extensions ['colcon_pkg']
[0.399s] Level 1:colcon.colcon_core.package_identification:_identify(src/images) by extension 'colcon_pkg'
[0.399s] Level 1:colcon.colcon_core.package_identification:_identify(src/images) by extensions ['colcon_meta']
[0.399s] Level 1:colcon.colcon_core.package_identification:_identify(src/images) by extension 'colcon_meta'
[0.399s] Level 1:colcon.colcon_core.package_identification:_identify(src/images) by extensions ['ros']
[0.399s] Level 1:colcon.colcon_core.package_identification:_identify(src/images) by extension 'ros'
[0.399s] Level 1:colcon.colcon_core.package_identification:_identify(src/images) by extensions ['cmake', 'python']
[0.399s] Level 1:colcon.colcon_core.package_identification:_identify(src/images) by extension 'cmake'
[0.399s] Level 1:colcon.colcon_core.package_identification:_identify(src/images) by extension 'python'
[0.399s] Level 1:colcon.colcon_core.package_identification:_identify(src/images) by extensions ['python_setup_py']
[0.399s] Level 1:colcon.colcon_core.package_identification:_identify(src/images) by extension 'python_setup_py'
[0.400s] Level 1:colcon.colcon_core.package_identification:_identify(src/vrx_gz) by extensions ['ignore', 'ignore_ament_install']
[0.400s] Level 1:colcon.colcon_core.package_identification:_identify(src/vrx_gz) by extension 'ignore'
[0.400s] Level 1:colcon.colcon_core.package_identification:_identify(src/vrx_gz) by extension 'ignore_ament_install'
[0.400s] Level 1:colcon.colcon_core.package_identification:_identify(src/vrx_gz) by extensions ['colcon_pkg']
[0.400s] Level 1:colcon.colcon_core.package_identification:_identify(src/vrx_gz) by extension 'colcon_pkg'
[0.400s] Level 1:colcon.colcon_core.package_identification:_identify(src/vrx_gz) by extensions ['colcon_meta']
[0.400s] Level 1:colcon.colcon_core.package_identification:_identify(src/vrx_gz) by extension 'colcon_meta'
[0.400s] Level 1:colcon.colcon_core.package_identification:_identify(src/vrx_gz) by extensions ['ros']
[0.400s] Level 1:colcon.colcon_core.package_identification:_identify(src/vrx_gz) by extension 'ros'
[0.401s] DEBUG:colcon.colcon_core.package_identification:Package 'src/vrx_gz' with type 'ros.ament_cmake' and name 'vrx_gz'
[0.401s] Level 1:colcon.colcon_core.package_identification:_identify(src/vrx_ros) by extensions ['ignore', 'ignore_ament_install']
[0.401s] Level 1:colcon.colcon_core.package_identification:_identify(src/vrx_ros) by extension 'ignore'
[0.402s] Level 1:colcon.colcon_core.package_identification:_identify(src/vrx_ros) by extension 'ignore_ament_install'
[0.402s] Level 1:colcon.colcon_core.package_identification:_identify(src/vrx_ros) by extensions ['colcon_pkg']
[0.402s] Level 1:colcon.colcon_core.package_identification:_identify(src/vrx_ros) by extension 'colcon_pkg'
[0.402s] Level 1:colcon.colcon_core.package_identification:_identify(src/vrx_ros) by extensions ['colcon_meta']
[0.402s] Level 1:colcon.colcon_core.package_identification:_identify(src/vrx_ros) by extension 'colcon_meta'
[0.402s] Level 1:colcon.colcon_core.package_identification:_identify(src/vrx_ros) by extensions ['ros']
[0.402s] Level 1:colcon.colcon_core.package_identification:_identify(src/vrx_ros) by extension 'ros'
[0.403s] DEBUG:colcon.colcon_core.package_identification:Package 'src/vrx_ros' with type 'ros.ament_cmake' and name 'vrx_ros'
[0.403s] Level 1:colcon.colcon_core.package_identification:_identify(src/vrx_urdf) by extensions ['ignore', 'ignore_ament_install']
[0.404s] Level 1:colcon.colcon_core.package_identification:_identify(src/vrx_urdf) by extension 'ignore'
[0.404s] Level 1:colcon.colcon_core.package_identification:_identify(src/vrx_urdf) by extension 'ignore_ament_install'
[0.404s] Level 1:colcon.colcon_core.package_identification:_identify(src/vrx_urdf) by extensions ['colcon_pkg']
[0.404s] Level 1:colcon.colcon_core.package_identification:_identify(src/vrx_urdf) by extension 'colcon_pkg'
[0.404s] Level 1:colcon.colcon_core.package_identification:_identify(src/vrx_urdf) by extensions ['colcon_meta']
[0.404s] Level 1:colcon.colcon_core.package_identification:_identify(src/vrx_urdf) by extension 'colcon_meta'
[0.404s] Level 1:colcon.colcon_core.package_identification:_identify(src/vrx_urdf) by extensions ['ros']
[0.404s] Level 1:colcon.colcon_core.package_identification:_identify(src/vrx_urdf) by extension 'ros'
[0.404s] Level 1:colcon.colcon_core.package_identification:_identify(src/vrx_urdf) by extensions ['cmake', 'python']
[0.404s] Level 1:colcon.colcon_core.package_identification:_identify(src/vrx_urdf) by extension 'cmake'
[0.404s] Level 1:colcon.colcon_core.package_identification:_identify(src/vrx_urdf) by extension 'python'
[0.404s] Level 1:colcon.colcon_core.package_identification:_identify(src/vrx_urdf) by extensions ['python_setup_py']
[0.405s] Level 1:colcon.colcon_core.package_identification:_identify(src/vrx_urdf) by extension 'python_setup_py'
[0.405s] Level 1:colcon.colcon_core.package_identification:_identify(src/vrx_urdf/vrx_gazebo) by extensions ['ignore', 'ignore_ament_install']
[0.405s] Level 1:colcon.colcon_core.package_identification:_identify(src/vrx_urdf/vrx_gazebo) by extension 'ignore'
[0.405s] Level 1:colcon.colcon_core.package_identification:_identify(src/vrx_urdf/vrx_gazebo) by extension 'ignore_ament_install'
[0.405s] Level 1:colcon.colcon_core.package_identification:_identify(src/vrx_urdf/vrx_gazebo) by extensions ['colcon_pkg']
[0.405s] Level 1:colcon.colcon_core.package_identification:_identify(src/vrx_urdf/vrx_gazebo) by extension 'colcon_pkg'
[0.405s] Level 1:colcon.colcon_core.package_identification:_identify(src/vrx_urdf/vrx_gazebo) by extensions ['colcon_meta']
[0.405s] Level 1:colcon.colcon_core.package_identification:_identify(src/vrx_urdf/vrx_gazebo) by extension 'colcon_meta'
[0.405s] Level 1:colcon.colcon_core.package_identification:_identify(src/vrx_urdf/vrx_gazebo) by extensions ['ros']
[0.405s] Level 1:colcon.colcon_core.package_identification:_identify(src/vrx_urdf/vrx_gazebo) by extension 'ros'
[0.407s] DEBUG:colcon.colcon_core.package_identification:Package 'src/vrx_urdf/vrx_gazebo' with type 'ros.ament_cmake' and name 'vrx_gazebo'
[0.407s] Level 1:colcon.colcon_core.package_identification:_identify(src/vrx_urdf/wamv_description) by extensions ['ignore', 'ignore_ament_install']
[0.407s] Level 1:colcon.colcon_core.package_identification:_identify(src/vrx_urdf/wamv_description) by extension 'ignore'
[0.408s] Level 1:colcon.colcon_core.package_identification:_identify(src/vrx_urdf/wamv_description) by extension 'ignore_ament_install'
[0.408s] Level 1:colcon.colcon_core.package_identification:_identify(src/vrx_urdf/wamv_description) by extensions ['colcon_pkg']
[0.408s] Level 1:colcon.colcon_core.package_identification:_identify(src/vrx_urdf/wamv_description) by extension 'colcon_pkg'
[0.408s] Level 1:colcon.colcon_core.package_identification:_identify(src/vrx_urdf/wamv_description) by extensions ['colcon_meta']
[0.408s] Level 1:colcon.colcon_core.package_identification:_identify(src/vrx_urdf/wamv_description) by extension 'colcon_meta'
[0.408s] Level 1:colcon.colcon_core.package_identification:_identify(src/vrx_urdf/wamv_description) by extensions ['ros']
[0.408s] Level 1:colcon.colcon_core.package_identification:_identify(src/vrx_urdf/wamv_description) by extension 'ros'
[0.410s] DEBUG:colcon.colcon_core.package_identification:Package 'src/vrx_urdf/wamv_description' with type 'ros.ament_cmake' and name 'wamv_description'
[0.411s] Level 1:colcon.colcon_core.package_identification:_identify(src/vrx_urdf/wamv_gazebo) by extensions ['ignore', 'ignore_ament_install']
[0.411s] Level 1:colcon.colcon_core.package_identification:_identify(src/vrx_urdf/wamv_gazebo) by extension 'ignore'
[0.411s] Level 1:colcon.colcon_core.package_identification:_identify(src/vrx_urdf/wamv_gazebo) by extension 'ignore_ament_install'
[0.411s] Level 1:colcon.colcon_core.package_identification:_identify(src/vrx_urdf/wamv_gazebo) by extensions ['colcon_pkg']
[0.411s] Level 1:colcon.colcon_core.package_identification:_identify(src/vrx_urdf/wamv_gazebo) by extension 'colcon_pkg'
[0.411s] Level 1:colcon.colcon_core.package_identification:_identify(src/vrx_urdf/wamv_gazebo) by extensions ['colcon_meta']
[0.412s] Level 1:colcon.colcon_core.package_identification:_identify(src/vrx_urdf/wamv_gazebo) by extension 'colcon_meta'
[0.412s] Level 1:colcon.colcon_core.package_identification:_identify(src/vrx_urdf/wamv_gazebo) by extensions ['ros']
[0.412s] Level 1:colcon.colcon_core.package_identification:_identify(src/vrx_urdf/wamv_gazebo) by extension 'ros'
[0.413s] DEBUG:colcon.colcon_core.package_identification:Package 'src/vrx_urdf/wamv_gazebo' with type 'ros.ament_cmake' and name 'wamv_gazebo'
[0.413s] Level 1:colcon.colcon_core.package_discovery:discover_packages(recursive) using defaults
[0.413s] Level 1:colcon.colcon_core.package_discovery:discover_packages(ignore) discover
[0.414s] Level 1:colcon.colcon_core.package_discovery:discover_packages(ignore) using defaults
[0.414s] Level 1:colcon.colcon_core.package_discovery:discover_packages(path) discover
[0.414s] Level 1:colcon.colcon_core.package_discovery:discover_packages(path) using defaults
[0.458s] INFO:colcon.colcon_core.package_selection:Skipping not selected package 'vrx_gazebo' in 'src/vrx_urdf/vrx_gazebo'
[0.458s] INFO:colcon.colcon_core.package_selection:Skipping not selected package 'vrx_ros' in 'src/vrx_ros'
[0.458s] INFO:colcon.colcon_core.package_selection:Skipping not selected package 'wamv_description' in 'src/vrx_urdf/wamv_description'
[0.458s] INFO:colcon.colcon_core.package_selection:Skipping not selected package 'wamv_gazebo' in 'src/vrx_urdf/wamv_gazebo'
[0.458s] INFO:colcon.colcon_core.package_selection:Skipping not selected package 'vrx_gz' in 'src/vrx_gz'
[0.459s] Level 1:colcon.colcon_core.package_discovery:discover_packages(prefix_path) check parameters
[0.459s] Level 1:colcon.colcon_core.package_discovery:discover_packages(prefix_path) discover
[0.464s] WARNING:colcon.colcon_ros.prefix_path.ament:The path '/home/javier/vrx_ws/install/vrx_gz' in the environment variable AMENT_PREFIX_PATH doesn't exist
[0.464s] WARNING:colcon.colcon_ros.prefix_path.ament:The path '/home/javier/vrx_ws/install/wamv_gazebo' in the environment variable AMENT_PREFIX_PATH doesn't exist
[0.464s] WARNING:colcon.colcon_ros.prefix_path.ament:The path '/home/javier/vrx_ws/install/wamv_description' in the environment variable AMENT_PREFIX_PATH doesn't exist
[0.464s] WARNING:colcon.colcon_ros.prefix_path.ament:The path '/home/javier/vrx_ws/install/vrx_ros' in the environment variable AMENT_PREFIX_PATH doesn't exist
[0.465s] WARNING:colcon.colcon_ros.prefix_path.ament:The path '/home/javier/vrx_ws/install/vrx_gazebo' in the environment variable AMENT_PREFIX_PATH doesn't exist
[0.465s] WARNING:colcon.colcon_ros.prefix_path.catkin:The path '/home/javier/vrx_ws/install/vrx_gz' in the environment variable CMAKE_PREFIX_PATH doesn't exist
[0.465s] WARNING:colcon.colcon_ros.prefix_path.catkin:The path '/home/javier/vrx_ws/install/wamv_gazebo' in the environment variable CMAKE_PREFIX_PATH doesn't exist
[0.465s] WARNING:colcon.colcon_ros.prefix_path.catkin:The path '/home/javier/vrx_ws/install/wamv_description' in the environment variable CMAKE_PREFIX_PATH doesn't exist
[0.465s] WARNING:colcon.colcon_ros.prefix_path.catkin:The path '/home/javier/vrx_ws/install/vrx_ros' in the environment variable CMAKE_PREFIX_PATH doesn't exist
[0.465s] WARNING:colcon.colcon_ros.prefix_path.catkin:The path '/home/javier/vrx_ws/install/vrx_gazebo' in the environment variable CMAKE_PREFIX_PATH doesn't exist
[0.467s] DEBUG:colcon.colcon_installed_package_information.package_discovery:Found 6 installed packages in /home/javier/vrx_ws/install
[0.468s] DEBUG:colcon.colcon_installed_package_information.package_discovery:Found 5 installed packages in /home/javier/install
[0.472s] DEBUG:colcon.colcon_installed_package_information.package_discovery:Found 320 installed packages in /opt/ros/jazzy
[0.476s] Level 1:colcon.colcon_core.package_discovery:discover_packages(prefix_path) using defaults
[0.588s] Level 5:colcon.colcon_core.verb:set package 'gps_waypoints' build argument 'cmake_args' from command line to 'None'
[0.588s] Level 5:colcon.colcon_core.verb:set package 'gps_waypoints' build argument 'cmake_target' from command line to 'None'
[0.588s] Level 5:colcon.colcon_core.verb:set package 'gps_waypoints' build argument 'cmake_target_skip_unavailable' from command line to 'False'
[0.588s] Level 5:colcon.colcon_core.verb:set package 'gps_waypoints' build argument 'cmake_clean_cache' from command line to 'False'
[0.588s] Level 5:colcon.colcon_core.verb:set package 'gps_waypoints' build argument 'cmake_clean_first' from command line to 'False'
[0.588s] Level 5:colcon.colcon_core.verb:set package 'gps_waypoints' build argument 'cmake_force_configure' from command line to 'False'
[0.588s] Level 5:colcon.colcon_core.verb:set package 'gps_waypoints' build argument 'ament_cmake_args' from command line to 'None'
[0.588s] Level 5:colcon.colcon_core.verb:set package 'gps_waypoints' build argument 'catkin_cmake_args' from command line to 'None'
[0.588s] Level 5:colcon.colcon_core.verb:set package 'gps_waypoints' build argument 'catkin_skip_building_tests' from command line to 'False'
[0.588s] DEBUG:colcon.colcon_core.verb:Building package 'gps_waypoints' with the following arguments: {'ament_cmake_args': None, 'build_base': '/home/javier/vrx_ws/build/gps_waypoints', 'catkin_cmake_args': None, 'catkin_skip_building_tests': False, 'cmake_args': None, 'cmake_clean_cache': False, 'cmake_clean_first': False, 'cmake_force_configure': False, 'cmake_target': None, 'cmake_target_skip_unavailable': False, 'install_base': '/home/javier/vrx_ws/install', 'merge_install': True, 'path': '/home/javier/vrx_ws/src/gps_waypoints', 'symlink_install': False, 'test_result_base': None}
[0.589s] INFO:colcon.colcon_core.executor:Executing jobs using 'parallel' executor
[0.590s] DEBUG:colcon.colcon_parallel_executor.executor.parallel:run_until_complete
[0.591s] INFO:colcon.colcon_ros.task.ament_python.build:Building ROS package in '/home/javier/vrx_ws/src/gps_waypoints' with build type 'ament_python'
[0.591s] Level 1:colcon.colcon_core.shell:create_environment_hook('gps_waypoints', 'ament_prefix_path')
[0.594s] INFO:colcon.colcon_core.plugin_system:Skipping extension 'colcon_core.shell.bat': Not used on non-Windows systems
[0.594s] INFO:colcon.colcon_core.shell:Creating environment hook '/home/javier/vrx_ws/install/share/gps_waypoints/hook/ament_prefix_path.ps1'
[0.595s] INFO:colcon.colcon_core.shell:Creating environment descriptor '/home/javier/vrx_ws/install/share/gps_waypoints/hook/ament_prefix_path.dsv'
[0.597s] INFO:colcon.colcon_core.shell:Creating environment hook '/home/javier/vrx_ws/install/share/gps_waypoints/hook/ament_prefix_path.sh'
[0.600s] INFO:colcon.colcon_core.shell:Skip shell extension 'powershell' for command environment: Not usable outside of PowerShell
[0.600s] DEBUG:colcon.colcon_core.shell:Skip shell extension 'dsv' for command environment
[1.268s] WARNING:colcon.colcon_ros.task.ament_python.build:Package 'gps_waypoints' doesn't explicitly install a marker in the package index (colcon-ros currently does it implicitly but that fallback will be removed in the future)
[1.268s] WARNING:colcon.colcon_ros.task.ament_python.build:Package 'gps_waypoints' doesn't explicitly install the 'package.xml' file (colcon-ros currently does it implicitly but that fallback will be removed in the future)
[1.269s] INFO:colcon.colcon_core.task.python.build:Building Python package in '/home/javier/vrx_ws/src/gps_waypoints'
[1.270s] INFO:colcon.colcon_core.shell:Skip shell extension 'powershell' for command environment: Not usable outside of PowerShell
[1.270s] DEBUG:colcon.colcon_core.shell:Skip shell extension 'dsv' for command environment
[2.813s] DEBUG:colcon.colcon_core.event_handler.log_command:Invoking command in '/home/javier/vrx_ws/src/gps_waypoints': DEBUGINFOD_URLS=https://debuginfod.ubuntu.com PYTHONPATH=/home/javier/vrx_ws/build/gps_waypoints/prefix_override:/usr/lib/python3/dist-packages/colcon_core/task/python/colcon_distutils_commands:/home/javier/vrx_ws/install/lib/python3.12/site-packages:${PYTHONPATH} /usr/bin/python3 -W ignore:setup.py install is deprecated -W ignore:easy_install command is deprecated setup.py egg_info --egg-base ../../build/gps_waypoints build --build-base /home/javier/vrx_ws/build/gps_waypoints/build install --record /home/javier/vrx_ws/build/gps_waypoints/install.log --single-version-externally-managed
[4.194s] DEBUG:colcon.colcon_core.event_handler.log_command:Invoked command in '/home/javier/vrx_ws/src/gps_waypoints' returned '0': DEBUGINFOD_URLS=https://debuginfod.ubuntu.com PYTHONPATH=/home/javier/vrx_ws/build/gps_waypoints/prefix_override:/usr/lib/python3/dist-packages/colcon_core/task/python/colcon_distutils_commands:/home/javier/vrx_ws/install/lib/python3.12/site-packages:${PYTHONPATH} /usr/bin/python3 -W ignore:setup.py install is deprecated -W ignore:easy_install command is deprecated setup.py egg_info --egg-base ../../build/gps_waypoints build --build-base /home/javier/vrx_ws/build/gps_waypoints/build install --record /home/javier/vrx_ws/build/gps_waypoints/install.log --single-version-externally-managed
[4.198s] Level 1:colcon.colcon_core.environment:checking '/home/javier/vrx_ws/install' for CMake module files
[4.200s] Level 1:colcon.colcon_core.environment:checking '/home/javier/vrx_ws/install' for CMake config files
[4.200s] Level 1:colcon.colcon_core.shell:create_environment_hook('gps_waypoints', 'cmake_prefix_path')
[4.202s] INFO:colcon.colcon_core.shell:Creating environment hook '/home/javier/vrx_ws/install/share/gps_waypoints/hook/cmake_prefix_path.ps1'
[4.204s] INFO:colcon.colcon_core.shell:Creating environment descriptor '/home/javier/vrx_ws/install/share/gps_waypoints/hook/cmake_prefix_path.dsv'
[4.205s] INFO:colcon.colcon_core.shell:Creating environment hook '/home/javier/vrx_ws/install/share/gps_waypoints/hook/cmake_prefix_path.sh'
[4.207s] Level 1:colcon.colcon_core.environment:checking '/home/javier/vrx_ws/install/lib'
[4.208s] Level 1:colcon.colcon_core.shell:create_environment_hook('gps_waypoints', 'ld_library_path_lib')
[4.208s] INFO:colcon.colcon_core.shell:Creating environment hook '/home/javier/vrx_ws/install/share/gps_waypoints/hook/ld_library_path_lib.ps1'
[4.209s] INFO:colcon.colcon_core.shell:Creating environment descriptor '/home/javier/vrx_ws/install/share/gps_waypoints/hook/ld_library_path_lib.dsv'
[4.210s] INFO:colcon.colcon_core.shell:Creating environment hook '/home/javier/vrx_ws/install/share/gps_waypoints/hook/ld_library_path_lib.sh'
[4.211s] Level 1:colcon.colcon_core.environment:checking '/home/javier/vrx_ws/install/bin'
[4.211s] Level 1:colcon.colcon_core.shell:create_environment_hook('gps_waypoints', 'path')
[4.212s] INFO:colcon.colcon_core.shell:Creating environment hook '/home/javier/vrx_ws/install/share/gps_waypoints/hook/path.ps1'
[4.212s] INFO:colcon.colcon_core.shell:Creating environment descriptor '/home/javier/vrx_ws/install/share/gps_waypoints/hook/path.dsv'
[4.213s] INFO:colcon.colcon_core.shell:Creating environment hook '/home/javier/vrx_ws/install/share/gps_waypoints/hook/path.sh'
[4.214s] Level 1:colcon.colcon_core.environment:checking '/home/javier/vrx_ws/install/lib/pkgconfig/gps_waypoints.pc'
[4.214s] Level 1:colcon.colcon_core.environment:checking '/home/javier/vrx_ws/install/lib/python3.12/site-packages'
[4.214s] Level 1:colcon.colcon_core.shell:create_environment_hook('gps_waypoints', 'pythonpath')
[4.214s] INFO:colcon.colcon_core.shell:Creating environment hook '/home/javier/vrx_ws/install/share/gps_waypoints/hook/pythonpath.ps1'
[4.215s] INFO:colcon.colcon_core.shell:Creating environment descriptor '/home/javier/vrx_ws/install/share/gps_waypoints/hook/pythonpath.dsv'
[4.216s] INFO:colcon.colcon_core.shell:Creating environment hook '/home/javier/vrx_ws/install/share/gps_waypoints/hook/pythonpath.sh'
[4.218s] Level 1:colcon.colcon_core.environment:checking '/home/javier/vrx_ws/install/bin'
[4.218s] Level 1:colcon.colcon_core.shell:create_environment_hook('gps_waypoints', 'pythonscriptspath')
[4.219s] INFO:colcon.colcon_core.shell:Creating environment hook '/home/javier/vrx_ws/install/share/gps_waypoints/hook/pythonscriptspath.ps1'
[4.220s] INFO:colcon.colcon_core.shell:Creating environment descriptor '/home/javier/vrx_ws/install/share/gps_waypoints/hook/pythonscriptspath.dsv'
[4.221s] INFO:colcon.colcon_core.shell:Creating environment hook '/home/javier/vrx_ws/install/share/gps_waypoints/hook/pythonscriptspath.sh'
[4.221s] Level 1:colcon.colcon_core.environment:create_environment_scripts_only(gps_waypoints)
[4.222s] INFO:colcon.colcon_core.shell:Creating package script '/home/javier/vrx_ws/install/share/gps_waypoints/package.ps1'
[4.225s] INFO:colcon.colcon_core.shell:Creating package descriptor '/home/javier/vrx_ws/install/share/gps_waypoints/package.dsv'
[4.226s] INFO:colcon.colcon_core.shell:Creating package script '/home/javier/vrx_ws/install/share/gps_waypoints/package.sh'
[4.227s] INFO:colcon.colcon_core.shell:Creating package script '/home/javier/vrx_ws/install/share/gps_waypoints/package.bash'
[4.228s] INFO:colcon.colcon_core.shell:Creating package script '/home/javier/vrx_ws/install/share/gps_waypoints/package.zsh'
[4.229s] Level 1:colcon.colcon_core.environment:create_file_with_runtime_dependencies(/home/javier/vrx_ws/install/share/colcon-core/packages/gps_waypoints)
[4.230s] DEBUG:colcon.colcon_parallel_executor.executor.parallel:closing loop
[4.230s] DEBUG:colcon.colcon_parallel_executor.executor.parallel:loop closed
[4.230s] DEBUG:colcon.colcon_parallel_executor.executor.parallel:run_until_complete finished with '0'
[4.230s] DEBUG:colcon.colcon_core.event_reactor:joining thread
[4.246s] INFO:colcon.colcon_core.plugin_system:Skipping extension 'colcon_notification.desktop_notification.terminal_notifier': Not used on non-Darwin systems
[4.246s] INFO:colcon.colcon_core.plugin_system:Skipping extension 'colcon_notification.desktop_notification.win32': Not used on non-Windows systems
[4.247s] INFO:colcon.colcon_notification.desktop_notification:Sending desktop notification using 'notify2'
[4.280s] DEBUG:colcon.colcon_core.event_reactor:joined thread
[4.280s] INFO:colcon.colcon_core.shell:Creating prefix script '/home/javier/vrx_ws/install/local_setup.ps1'
[4.281s] INFO:colcon.colcon_core.shell:Creating prefix util module '/home/javier/vrx_ws/install/_local_setup_util_ps1.py'
[4.283s] INFO:colcon.colcon_core.shell:Creating prefix chain script '/home/javier/vrx_ws/install/setup.ps1'
[4.286s] INFO:colcon.colcon_core.shell:Creating prefix script '/home/javier/vrx_ws/install/local_setup.sh'
[4.287s] INFO:colcon.colcon_core.shell:Creating prefix util module '/home/javier/vrx_ws/install/_local_setup_util_sh.py'
[4.289s] INFO:colcon.colcon_core.shell:Creating prefix chain script '/home/javier/vrx_ws/install/setup.sh'
[4.292s] INFO:colcon.colcon_core.shell:Creating prefix script '/home/javier/vrx_ws/install/local_setup.bash'
[4.294s] INFO:colcon.colcon_core.shell:Creating prefix chain script '/home/javier/vrx_ws/install/setup.bash'
[4.298s] INFO:colcon.colcon_core.shell:Creating prefix script '/home/javier/vrx_ws/install/local_setup.zsh'
[4.298s] INFO:colcon.colcon_core.shell:Creating prefix chain script '/home/javier/vrx_ws/install/setup.zsh'
