[0.011s] Invoking command in '/home/javier/vrx_ws/build/vrx_gz': AMENT_PREFIX_PATH=/home/javier/vrx_ws/install:${AMENT_PREFIX_PATH} CMAKE_PREFIX_PATH=/home/javier/vrx_ws/install:/opt/ros/jazzy/opt/gz_sim_vendor:/opt/ros/jazzy/opt/gz_sensors_vendor:/opt/ros/jazzy/opt/gz_physics_vendor:/opt/ros/jazzy/opt/sdformat_vendor:/opt/ros/jazzy/opt/gz_gui_vendor:/opt/ros/jazzy/opt/gz_transport_vendor:/opt/ros/jazzy/opt/gz_rendering_vendor:/opt/ros/jazzy/opt/gz_plugin_vendor:/opt/ros/jazzy/opt/gz_fuel_tools_vendor:/opt/ros/jazzy/opt/gz_msgs_vendor:/opt/ros/jazzy/opt/gz_common_vendor:/opt/ros/jazzy/opt/gz_math_vendor:/opt/ros/jazzy/opt/gz_utils_vendor:/opt/ros/jazzy/opt/gz_tools_vendor:/opt/ros/jazzy/opt/gz_ogre_next_vendor:/opt/ros/jazzy/opt/gz_dartsim_vendor:/opt/ros/jazzy/opt/gz_cmake_vendor:/opt/ros/jazzy DEBUGINFOD_URLS=https://debuginfod.ubuntu.com GZ_SIM_RESOURCE_PATH=/home/javier/vrx_ws/install/share/wamv_description/models:/home/javier/vrx_ws/install/share/vrx_gazebo/models:/home/javier/vrx_ws/install/share:${GZ_SIM_RESOURCE_PATH} LD_LIBRARY_PATH=/home/javier/vrx_ws/install/lib:${LD_LIBRARY_PATH} PYTHONPATH=/home/javier/vrx_ws/install/lib/python3.12/site-packages:${PYTHONPATH} /usr/bin/cmake --build /home/javier/vrx_ws/build/vrx_gz -- -j8 -l8
[0.058s] [  4%] Built target ScoringPlugin
[0.060s] [  4%] Built target ament_cmake_python_copy_vrx_gz
[0.061s] [  8%] Built target Waves
[0.102s] [ 14%] Built target AcousticPerceptionScoringPlugin
[0.107s] [ 20%] Built target WayfindingScoringPlugin
[0.109s] [ 27%] Built target StationkeepingScoringPlugin
[0.113s] [ 31%] Built target BallShooterPlugin
[0.117s] [ 37%] Built target AcousticTrackingScoringPlugin
[0.122s] [ 41%] Built target AcousticPingerPlugin
[0.132s] [ 50%] Built target PolyhedraBuoyancyDrag
[0.138s] [ 54%] Built target LightBuoyPlugin
[0.156s] [ 62%] Built target GymkhanaScoringPlugin
[0.156s] [ 62%] Built target NavigationScoringPlugin
[0.158s] [ 66%] Built target PerceptionScoringPlugin
[0.167s] [ 70%] Built target PlacardPlugin
[0.170s] [ 75%] Built target PublisherPlugin
[0.180s] [ 79%] Built target ScanDockScoringPlugin
[0.186s] [ 83%] Built target SimpleHydrodynamics
[0.191s] [ 87%] Built target Surface
[0.195s] [ 91%] Built target WaveVisual
[0.196s] [ 95%] Built target USVWind
[0.199s] [100%] Built target WildlifeScoringPlugin
[0.325s] running egg_info
[0.345s] writing vrx_gz.egg-info/PKG-INFO
[0.345s] writing dependency_links to vrx_gz.egg-info/dependency_links.txt
[0.345s] writing top-level names to vrx_gz.egg-info/top_level.txt
[0.405s] reading manifest file 'vrx_gz.egg-info/SOURCES.txt'
[0.405s] writing manifest file 'vrx_gz.egg-info/SOURCES.txt'
[0.429s] [100%] Built target ament_cmake_python_build_vrx_gz_egg
[0.440s] Invoked command in '/home/javier/vrx_ws/build/vrx_gz' returned '0': AMENT_PREFIX_PATH=/home/javier/vrx_ws/install:${AMENT_PREFIX_PATH} CMAKE_PREFIX_PATH=/home/javier/vrx_ws/install:/opt/ros/jazzy/opt/gz_sim_vendor:/opt/ros/jazzy/opt/gz_sensors_vendor:/opt/ros/jazzy/opt/gz_physics_vendor:/opt/ros/jazzy/opt/sdformat_vendor:/opt/ros/jazzy/opt/gz_gui_vendor:/opt/ros/jazzy/opt/gz_transport_vendor:/opt/ros/jazzy/opt/gz_rendering_vendor:/opt/ros/jazzy/opt/gz_plugin_vendor:/opt/ros/jazzy/opt/gz_fuel_tools_vendor:/opt/ros/jazzy/opt/gz_msgs_vendor:/opt/ros/jazzy/opt/gz_common_vendor:/opt/ros/jazzy/opt/gz_math_vendor:/opt/ros/jazzy/opt/gz_utils_vendor:/opt/ros/jazzy/opt/gz_tools_vendor:/opt/ros/jazzy/opt/gz_ogre_next_vendor:/opt/ros/jazzy/opt/gz_dartsim_vendor:/opt/ros/jazzy/opt/gz_cmake_vendor:/opt/ros/jazzy DEBUGINFOD_URLS=https://debuginfod.ubuntu.com GZ_SIM_RESOURCE_PATH=/home/javier/vrx_ws/install/share/wamv_description/models:/home/javier/vrx_ws/install/share/vrx_gazebo/models:/home/javier/vrx_ws/install/share:${GZ_SIM_RESOURCE_PATH} LD_LIBRARY_PATH=/home/javier/vrx_ws/install/lib:${LD_LIBRARY_PATH} PYTHONPATH=/home/javier/vrx_ws/install/lib/python3.12/site-packages:${PYTHONPATH} /usr/bin/cmake --build /home/javier/vrx_ws/build/vrx_gz -- -j8 -l8
[0.441s] Invoking command in '/home/javier/vrx_ws/build/vrx_gz': AMENT_PREFIX_PATH=/home/javier/vrx_ws/install:${AMENT_PREFIX_PATH} CMAKE_PREFIX_PATH=/home/javier/vrx_ws/install:/opt/ros/jazzy/opt/gz_sim_vendor:/opt/ros/jazzy/opt/gz_sensors_vendor:/opt/ros/jazzy/opt/gz_physics_vendor:/opt/ros/jazzy/opt/sdformat_vendor:/opt/ros/jazzy/opt/gz_gui_vendor:/opt/ros/jazzy/opt/gz_transport_vendor:/opt/ros/jazzy/opt/gz_rendering_vendor:/opt/ros/jazzy/opt/gz_plugin_vendor:/opt/ros/jazzy/opt/gz_fuel_tools_vendor:/opt/ros/jazzy/opt/gz_msgs_vendor:/opt/ros/jazzy/opt/gz_common_vendor:/opt/ros/jazzy/opt/gz_math_vendor:/opt/ros/jazzy/opt/gz_utils_vendor:/opt/ros/jazzy/opt/gz_tools_vendor:/opt/ros/jazzy/opt/gz_ogre_next_vendor:/opt/ros/jazzy/opt/gz_dartsim_vendor:/opt/ros/jazzy/opt/gz_cmake_vendor:/opt/ros/jazzy DEBUGINFOD_URLS=https://debuginfod.ubuntu.com GZ_SIM_RESOURCE_PATH=/home/javier/vrx_ws/install/share/wamv_description/models:/home/javier/vrx_ws/install/share/vrx_gazebo/models:/home/javier/vrx_ws/install/share:${GZ_SIM_RESOURCE_PATH} LD_LIBRARY_PATH=/home/javier/vrx_ws/install/lib:${LD_LIBRARY_PATH} PYTHONPATH=/home/javier/vrx_ws/install/lib/python3.12/site-packages:${PYTHONPATH} /usr/bin/cmake --install /home/javier/vrx_ws/build/vrx_gz
[0.447s] -- Install configuration: ""
[0.447s] -- Up-to-date: /home/javier/vrx_ws/install/share/vrx_gz/environment/resource_paths.dsv
[0.448s] -- Up-to-date: /home/javier/vrx_ws/install/share/vrx_gz/environment/resource_paths.sh
[0.448s] -- Up-to-date: /home/javier/vrx_ws/install/lib/libWaves.so
[0.448s] -- Up-to-date: /home/javier/vrx_ws/install/lib/libPolyhedraBuoyancyDrag.so
[0.448s] -- Up-to-date: /home/javier/vrx_ws/install/lib/libScoringPlugin.so
[0.448s] -- Up-to-date: /home/javier/vrx_ws/install/lib/libStationkeepingScoringPlugin.so
[0.448s] -- Up-to-date: /home/javier/vrx_ws/install/lib/libWayfindingScoringPlugin.so
[0.449s] -- Up-to-date: /home/javier/vrx_ws/install/lib/libAcousticPerceptionScoringPlugin.so
[0.449s] -- Up-to-date: /home/javier/vrx_ws/install/lib/libAcousticTrackingScoringPlugin.so
[0.449s] -- Up-to-date: /home/javier/vrx_ws/install/lib/libAcousticPingerPlugin.so
[0.449s] -- Up-to-date: /home/javier/vrx_ws/install/lib/libBallShooterPlugin.so
[0.449s] -- Up-to-date: /home/javier/vrx_ws/install/lib/libLightBuoyPlugin.so
[0.450s] -- Up-to-date: /home/javier/vrx_ws/install/lib/libNavigationScoringPlugin.so
[0.450s] -- Up-to-date: /home/javier/vrx_ws/install/lib/libGymkhanaScoringPlugin.so
[0.450s] -- Up-to-date: /home/javier/vrx_ws/install/lib/libPerceptionScoringPlugin.so
[0.450s] -- Up-to-date: /home/javier/vrx_ws/install/lib/libPlacardPlugin.so
[0.451s] -- Up-to-date: /home/javier/vrx_ws/install/lib/libPublisherPlugin.so
[0.451s] -- Up-to-date: /home/javier/vrx_ws/install/lib/libScanDockScoringPlugin.so
[0.451s] -- Up-to-date: /home/javier/vrx_ws/install/lib/libSimpleHydrodynamics.so
[0.451s] -- Up-to-date: /home/javier/vrx_ws/install/lib/libSurface.so
[0.451s] -- Up-to-date: /home/javier/vrx_ws/install/lib/libUSVWind.so
[0.452s] -- Up-to-date: /home/javier/vrx_ws/install/lib/libWaveVisual.so
[0.452s] -- Up-to-date: /home/javier/vrx_ws/install/lib/libWildlifeScoringPlugin.so
[0.452s] -- Up-to-date: /home/javier/vrx_ws/install/share/vrx_gz/environment/pythonpath.sh
[0.452s] -- Up-to-date: /home/javier/vrx_ws/install/share/vrx_gz/environment/pythonpath.dsv
[0.452s] -- Up-to-date: /home/javier/vrx_ws/install/lib/python3.12/site-packages/vrx_gz-0.0.0-py3.12.egg-info
[0.452s] -- Installing: /home/javier/vrx_ws/install/lib/python3.12/site-packages/vrx_gz-0.0.0-py3.12.egg-info/PKG-INFO
[0.453s] -- Installing: /home/javier/vrx_ws/install/lib/python3.12/site-packages/vrx_gz-0.0.0-py3.12.egg-info/dependency_links.txt
[0.453s] -- Installing: /home/javier/vrx_ws/install/lib/python3.12/site-packages/vrx_gz-0.0.0-py3.12.egg-info/top_level.txt
[0.453s] -- Installing: /home/javier/vrx_ws/install/lib/python3.12/site-packages/vrx_gz-0.0.0-py3.12.egg-info/SOURCES.txt
[0.453s] -- Up-to-date: /home/javier/vrx_ws/install/lib/python3.12/site-packages/vrx_gz
[0.453s] -- Up-to-date: /home/javier/vrx_ws/install/lib/python3.12/site-packages/vrx_gz/__init__.py
[0.453s] -- Up-to-date: /home/javier/vrx_ws/install/lib/python3.12/site-packages/vrx_gz/bridge.py
[0.453s] -- Up-to-date: /home/javier/vrx_ws/install/lib/python3.12/site-packages/vrx_gz/bridges.py
[0.453s] -- Up-to-date: /home/javier/vrx_ws/install/lib/python3.12/site-packages/vrx_gz/payload_bridges.py
[0.453s] -- Up-to-date: /home/javier/vrx_ws/install/lib/python3.12/site-packages/vrx_gz/model.py
[0.453s] -- Up-to-date: /home/javier/vrx_ws/install/lib/python3.12/site-packages/vrx_gz/launch.py
[0.482s] Listing '/home/javier/vrx_ws/install/lib/python3.12/site-packages/vrx_gz'...
[0.487s] -- Up-to-date: /home/javier/vrx_ws/install/share/vrx_gz/config
[0.487s] -- Up-to-date: /home/javier/vrx_ws/install/share/vrx_gz/config/wamv.yaml
[0.487s] -- Up-to-date: /home/javier/vrx_ws/install/share/vrx_gz/config/roboboat.yaml
[0.487s] -- Up-to-date: /home/javier/vrx_ws/install/share/vrx_gz/launch
[0.487s] -- Up-to-date: /home/javier/vrx_ws/install/share/vrx_gz/launch/vrx_environment.launch.py
[0.487s] -- Up-to-date: /home/javier/vrx_ws/install/share/vrx_gz/launch/spawn_config.launch.py
[0.487s] -- Up-to-date: /home/javier/vrx_ws/install/share/vrx_gz/launch/usv_joy_teleop.py
[0.487s] -- Up-to-date: /home/javier/vrx_ws/install/share/vrx_gz/launch/spawn.launch.py
[0.488s] -- Up-to-date: /home/javier/vrx_ws/install/share/vrx_gz/launch/competition.launch.py
[0.488s] -- Up-to-date: /home/javier/vrx_ws/install/share/vrx_gz/models
[0.488s] -- Up-to-date: /home/javier/vrx_ws/install/share/vrx_gz/models/short_course_2023_phase3_2
[0.488s] -- Up-to-date: /home/javier/vrx_ws/install/share/vrx_gz/models/short_course_2023_phase3_2/model.sdf
[0.488s] -- Up-to-date: /home/javier/vrx_ws/install/share/vrx_gz/models/short_course_2023_phase3_2/model.config
[0.488s] -- Up-to-date: /home/javier/vrx_ws/install/share/vrx_gz/models/robotx_light_buoy_ygb
[0.488s] -- Up-to-date: /home/javier/vrx_ws/install/share/vrx_gz/models/robotx_light_buoy_ygb/model.sdf
[0.488s] -- Up-to-date: /home/javier/vrx_ws/install/share/vrx_gz/models/robotx_light_buoy_ygb/model.config
[0.488s] -- Up-to-date: /home/javier/vrx_ws/install/share/vrx_gz/models/robotx_light_buoy_rgy
[0.489s] -- Up-to-date: /home/javier/vrx_ws/install/share/vrx_gz/models/robotx_light_buoy_rgy/model.sdf
[0.489s] -- Up-to-date: /home/javier/vrx_ws/install/share/vrx_gz/models/robotx_light_buoy_rgy/model.config
[0.489s] -- Up-to-date: /home/javier/vrx_ws/install/share/vrx_gz/models/entrance_exit
[0.489s] -- Up-to-date: /home/javier/vrx_ws/install/share/vrx_gz/models/entrance_exit/model.sdf
[0.489s] -- Up-to-date: /home/javier/vrx_ws/install/share/vrx_gz/models/entrance_exit/model.config
[0.489s] -- Up-to-date: /home/javier/vrx_ws/install/share/vrx_gz/models/robotx_light_buoy_yrg
[0.489s] -- Up-to-date: /home/javier/vrx_ws/install/share/vrx_gz/models/robotx_light_buoy_yrg/model.sdf
[0.490s] -- Up-to-date: /home/javier/vrx_ws/install/share/vrx_gz/models/robotx_light_buoy_yrg/model.config
[0.490s] -- Up-to-date: /home/javier/vrx_ws/install/share/vrx_gz/models/short_navigation_course_2
[0.490s] -- Up-to-date: /home/javier/vrx_ws/install/share/vrx_gz/models/short_navigation_course_2/model.sdf
[0.490s] -- Up-to-date: /home/javier/vrx_ws/install/share/vrx_gz/models/short_navigation_course_2/model.config
[0.490s] -- Up-to-date: /home/javier/vrx_ws/install/share/vrx_gz/models/roboboat02
[0.490s] -- Up-to-date: /home/javier/vrx_ws/install/share/vrx_gz/models/roboboat02/model.sdf
[0.490s] -- Up-to-date: /home/javier/vrx_ws/install/share/vrx_gz/models/roboboat02/meshes
[0.491s] -- Up-to-date: /home/javier/vrx_ws/install/share/vrx_gz/models/roboboat02/meshes/roboboat02.dae
[0.491s] -- Up-to-date: /home/javier/vrx_ws/install/share/vrx_gz/models/roboboat02/model.config
[0.491s] -- Up-to-date: /home/javier/vrx_ws/install/share/vrx_gz/models/roboboat02/materials
[0.491s] -- Up-to-date: /home/javier/vrx_ws/install/share/vrx_gz/models/roboboat02/materials/scripts
[0.491s] -- Up-to-date: /home/javier/vrx_ws/install/share/vrx_gz/models/roboboat02/materials/scripts/model.material
[0.491s] -- Up-to-date: /home/javier/vrx_ws/install/share/vrx_gz/models/roboboat02/materials/textures
[0.491s] -- Up-to-date: /home/javier/vrx_ws/install/share/vrx_gz/models/roboboat02/materials/textures/Boat02_Albedo.png
[0.491s] -- Up-to-date: /home/javier/vrx_ws/install/share/vrx_gz/models/roboboat02/materials/textures/Boat02_Roughness.png
[0.491s] -- Up-to-date: /home/javier/vrx_ws/install/share/vrx_gz/models/roboboat02/materials/textures/Boat02_Metallic.png
[0.491s] -- Up-to-date: /home/javier/vrx_ws/install/share/vrx_gz/models/roboboat02/materials/textures/Boat02_Normal.png
[0.491s] -- Up-to-date: /home/javier/vrx_ws/install/share/vrx_gz/models/robotx_light_buoy_bgy
[0.491s] -- Up-to-date: /home/javier/vrx_ws/install/share/vrx_gz/models/robotx_light_buoy_bgy/model.sdf
[0.491s] -- Up-to-date: /home/javier/vrx_ws/install/share/vrx_gz/models/robotx_light_buoy_bgy/model.config
[0.492s] -- Up-to-date: /home/javier/vrx_ws/install/share/vrx_gz/models/articulated_platform
[0.492s] -- Up-to-date: /home/javier/vrx_ws/install/share/vrx_gz/models/articulated_platform/model.sdf
[0.492s] -- Up-to-date: /home/javier/vrx_ws/install/share/vrx_gz/models/articulated_platform/model.config
[0.492s] -- Up-to-date: /home/javier/vrx_ws/install/share/vrx_gz/models/short_course_2023_phase3_1
[0.492s] -- Up-to-date: /home/javier/vrx_ws/install/share/vrx_gz/models/short_course_2023_phase3_1/model.sdf
[0.492s] -- Up-to-date: /home/javier/vrx_ws/install/share/vrx_gz/models/short_course_2023_phase3_1/model.config
[0.492s] -- Up-to-date: /home/javier/vrx_ws/install/share/vrx_gz/models/robotx_light_buoy_rbg
[0.492s] -- Up-to-date: /home/javier/vrx_ws/install/share/vrx_gz/models/robotx_light_buoy_rbg/model.sdf
[0.492s] -- Up-to-date: /home/javier/vrx_ws/install/share/vrx_gz/models/robotx_light_buoy_rbg/model.config
[0.492s] -- Up-to-date: /home/javier/vrx_ws/install/share/vrx_gz/models/short_navigation_course_4
[0.492s] -- Up-to-date: /home/javier/vrx_ws/install/share/vrx_gz/models/short_navigation_course_4/model.sdf
[0.492s] -- Up-to-date: /home/javier/vrx_ws/install/share/vrx_gz/models/short_navigation_course_4/model.config
[0.492s] -- Up-to-date: /home/javier/vrx_ws/install/share/vrx_gz/models/symbol_triangle
[0.493s] -- Up-to-date: /home/javier/vrx_ws/install/share/vrx_gz/models/symbol_triangle/mesh
[0.493s] -- Up-to-date: /home/javier/vrx_ws/install/share/vrx_gz/models/symbol_triangle/mesh/triangle.dae
[0.493s] -- Up-to-date: /home/javier/vrx_ws/install/share/vrx_gz/models/symbol_triangle/model.sdf
[0.493s] -- Up-to-date: /home/javier/vrx_ws/install/share/vrx_gz/models/symbol_triangle/model.config
[0.493s] -- Up-to-date: /home/javier/vrx_ws/install/share/vrx_gz/models/robotx_light_buoy_ybr
[0.493s] -- Up-to-date: /home/javier/vrx_ws/install/share/vrx_gz/models/robotx_light_buoy_ybr/model.sdf
[0.493s] -- Up-to-date: /home/javier/vrx_ws/install/share/vrx_gz/models/robotx_light_buoy_ybr/model.config
[0.493s] -- Up-to-date: /home/javier/vrx_ws/install/share/vrx_gz/models/coast_waves
[0.493s] -- Up-to-date: /home/javier/vrx_ws/install/share/vrx_gz/models/coast_waves/model.sdf
[0.494s] -- Up-to-date: /home/javier/vrx_ws/install/share/vrx_gz/models/coast_waves/meshes
[0.494s] -- Up-to-date: /home/javier/vrx_ws/install/share/vrx_gz/models/coast_waves/meshes/waterlow.dae
[0.494s] -- Up-to-date: /home/javier/vrx_ws/install/share/vrx_gz/models/coast_waves/model.config
[0.494s] -- Up-to-date: /home/javier/vrx_ws/install/share/vrx_gz/models/coast_waves/materials
[0.494s] -- Up-to-date: /home/javier/vrx_ws/install/share/vrx_gz/models/coast_waves/materials/programs
[0.494s] -- Up-to-date: /home/javier/vrx_ws/install/share/vrx_gz/models/coast_waves/materials/programs/GerstnerWaves_fs_330.glsl
[0.494s] -- Up-to-date: /home/javier/vrx_ws/install/share/vrx_gz/models/coast_waves/materials/programs/GerstnerWaves_vs_330.glsl
[0.494s] -- Up-to-date: /home/javier/vrx_ws/install/share/vrx_gz/models/coast_waves/materials/textures
[0.494s] -- Up-to-date: /home/javier/vrx_ws/install/share/vrx_gz/models/coast_waves/materials/textures/skybox_lowres.dds
[0.495s] -- Up-to-date: /home/javier/vrx_ws/install/share/vrx_gz/models/coast_waves/materials/textures/wave_normals.dds
[0.495s] -- Up-to-date: /home/javier/vrx_ws/install/share/vrx_gz/models/dock_block_4x4
[0.495s] -- Up-to-date: /home/javier/vrx_ws/install/share/vrx_gz/models/dock_block_4x4/mesh
[0.496s] -- Up-to-date: /home/javier/vrx_ws/install/share/vrx_gz/models/dock_block_4x4/mesh/DockCubes_Metalness.png
[0.496s] -- Up-to-date: /home/javier/vrx_ws/install/share/vrx_gz/models/dock_block_4x4/mesh/DockCubes_Normal.png
[0.496s] -- Up-to-date: /home/javier/vrx_ws/install/share/vrx_gz/models/dock_block_4x4/mesh/DockCubes_Albedo.png
[0.496s] -- Up-to-date: /home/javier/vrx_ws/install/share/vrx_gz/models/dock_block_4x4/mesh/DockCubes_Roughness.png
[0.496s] -- Up-to-date: /home/javier/vrx_ws/install/share/vrx_gz/models/dock_block_4x4/mesh/dock_block_4x4.dae
[0.496s] -- Up-to-date: /home/javier/vrx_ws/install/share/vrx_gz/models/dock_block_4x4/model.sdf
[0.496s] -- Up-to-date: /home/javier/vrx_ws/install/share/vrx_gz/models/dock_block_4x4/model.config
[0.496s] -- Up-to-date: /home/javier/vrx_ws/install/share/vrx_gz/models/dock_2022
[0.496s] -- Up-to-date: /home/javier/vrx_ws/install/share/vrx_gz/models/dock_2022/model.sdf
[0.496s] -- Up-to-date: /home/javier/vrx_ws/install/share/vrx_gz/models/dock_2022/model.config
[0.496s] -- Up-to-date: /home/javier/vrx_ws/install/share/vrx_gz/models/robotx_light_buoy_bgr
[0.497s] -- Up-to-date: /home/javier/vrx_ws/install/share/vrx_gz/models/robotx_light_buoy_bgr/model.sdf
[0.497s] -- Up-to-date: /home/javier/vrx_ws/install/share/vrx_gz/models/robotx_light_buoy_bgr/model.config
[0.497s] -- Up-to-date: /home/javier/vrx_ws/install/share/vrx_gz/models/roboboat01
[0.497s] -- Up-to-date: /home/javier/vrx_ws/install/share/vrx_gz/models/roboboat01/model.sdf
[0.497s] -- Up-to-date: /home/javier/vrx_ws/install/share/vrx_gz/models/roboboat01/meshes
[0.497s] -- Up-to-date: /home/javier/vrx_ws/install/share/vrx_gz/models/roboboat01/meshes/mount.dae
[0.497s] -- Up-to-date: /home/javier/vrx_ws/install/share/vrx_gz/models/roboboat01/meshes/roboboat01.dae
[0.498s] -- Up-to-date: /home/javier/vrx_ws/install/share/vrx_gz/models/roboboat01/meshes/prop.dae
[0.498s] -- Up-to-date: /home/javier/vrx_ws/install/share/vrx_gz/models/roboboat01/meshes/housing.dae
[0.498s] -- Up-to-date: /home/javier/vrx_ws/install/share/vrx_gz/models/roboboat01/model.config
[0.498s] -- Up-to-date: /home/javier/vrx_ws/install/share/vrx_gz/models/roboboat01/materials
[0.498s] -- Up-to-date: /home/javier/vrx_ws/install/share/vrx_gz/models/roboboat01/materials/scripts
[0.498s] -- Up-to-date: /home/javier/vrx_ws/install/share/vrx_gz/models/roboboat01/materials/scripts/model.material
[0.498s] -- Up-to-date: /home/javier/vrx_ws/install/share/vrx_gz/models/roboboat01/materials/textures
[0.498s] -- Up-to-date: /home/javier/vrx_ws/install/share/vrx_gz/models/roboboat01/materials/textures/Boat01_Normal.png
[0.498s] -- Up-to-date: /home/javier/vrx_ws/install/share/vrx_gz/models/roboboat01/materials/textures/Boat01_Albedo.png
[0.498s] -- Up-to-date: /home/javier/vrx_ws/install/share/vrx_gz/models/roboboat01/materials/textures/Thruster_Albedo.png
[0.499s] -- Up-to-date: /home/javier/vrx_ws/install/share/vrx_gz/models/roboboat01/materials/textures/Boat01_Roughness.png
[0.499s] -- Up-to-date: /home/javier/vrx_ws/install/share/vrx_gz/models/roboboat01/materials/textures/Boat01_Metallic.png
[0.499s] -- Up-to-date: /home/javier/vrx_ws/install/share/vrx_gz/models/roboboat01/materials/textures/Thruster_Roughness.png
[0.499s] -- Up-to-date: /home/javier/vrx_ws/install/share/vrx_gz/models/robotx_light_buoy_rgb
[0.499s] -- Up-to-date: /home/javier/vrx_ws/install/share/vrx_gz/models/robotx_light_buoy_rgb/mesh
[0.499s] -- Up-to-date: /home/javier/vrx_ws/install/share/vrx_gz/models/robotx_light_buoy_rgb/mesh/LightTower_Roughness.png
[0.499s] -- Up-to-date: /home/javier/vrx_ws/install/share/vrx_gz/models/robotx_light_buoy_rgb/mesh/LightTower_Opacity.png
[0.499s] -- Up-to-date: /home/javier/vrx_ws/install/share/vrx_gz/models/robotx_light_buoy_rgb/mesh/LightTower_Albedo.png
[0.499s] -- Up-to-date: /home/javier/vrx_ws/install/share/vrx_gz/models/robotx_light_buoy_rgb/mesh/LightTower_Metalness.png
[0.499s] -- Up-to-date: /home/javier/vrx_ws/install/share/vrx_gz/models/robotx_light_buoy_rgb/mesh/robotx_light_buoy.dae
[0.499s] -- Up-to-date: /home/javier/vrx_ws/install/share/vrx_gz/models/robotx_light_buoy_rgb/mesh/LightTower_Normal.png
[0.500s] -- Up-to-date: /home/javier/vrx_ws/install/share/vrx_gz/models/robotx_light_buoy_rgb/model.sdf
[0.500s] -- Up-to-date: /home/javier/vrx_ws/install/share/vrx_gz/models/robotx_light_buoy_rgb/model.config
[0.500s] -- Up-to-date: /home/javier/vrx_ws/install/share/vrx_gz/models/placard_2022
[0.500s] -- Up-to-date: /home/javier/vrx_ws/install/share/vrx_gz/models/placard_2022/model.sdf
[0.500s] -- Up-to-date: /home/javier/vrx_ws/install/share/vrx_gz/models/placard_2022/meshes
[0.500s] -- Up-to-date: /home/javier/vrx_ws/install/share/vrx_gz/models/placard_2022/meshes/placard_2022.dae
[0.500s] -- Up-to-date: /home/javier/vrx_ws/install/share/vrx_gz/models/placard_2022/model.config
[0.500s] -- Up-to-date: /home/javier/vrx_ws/install/share/vrx_gz/models/placard_2022/materials
[0.500s] -- Up-to-date: /home/javier/vrx_ws/install/share/vrx_gz/models/placard_2022/materials/textures
[0.500s] -- Up-to-date: /home/javier/vrx_ws/install/share/vrx_gz/models/placard_2022/materials/textures/Placard.png
[0.500s] -- Up-to-date: /home/javier/vrx_ws/install/share/vrx_gz/models/roboboat_cpubox
[0.501s] -- Up-to-date: /home/javier/vrx_ws/install/share/vrx_gz/models/roboboat_cpubox/model.sdf
[0.501s] -- Up-to-date: /home/javier/vrx_ws/install/share/vrx_gz/models/roboboat_cpubox/meshes
[0.501s] -- Up-to-date: /home/javier/vrx_ws/install/share/vrx_gz/models/roboboat_cpubox/meshes/drybox.dae
[0.501s] -- Up-to-date: /home/javier/vrx_ws/install/share/vrx_gz/models/roboboat_cpubox/model.config
[0.501s] -- Up-to-date: /home/javier/vrx_ws/install/share/vrx_gz/models/roboboat_cpubox/materials
[0.501s] -- Up-to-date: /home/javier/vrx_ws/install/share/vrx_gz/models/roboboat_cpubox/materials/textures
[0.501s] -- Up-to-date: /home/javier/vrx_ws/install/share/vrx_gz/models/roboboat_cpubox/materials/textures/DryBox_Roughness.png
[0.501s] -- Up-to-date: /home/javier/vrx_ws/install/share/vrx_gz/models/roboboat_cpubox/materials/textures/DryBox_Albedo.png
[0.501s] -- Up-to-date: /home/javier/vrx_ws/install/share/vrx_gz/models/short_navigation_course_0
[0.501s] -- Up-to-date: /home/javier/vrx_ws/install/share/vrx_gz/models/short_navigation_course_0/model.sdf
[0.502s] -- Up-to-date: /home/javier/vrx_ws/install/share/vrx_gz/models/short_navigation_course_0/model.config
[0.502s] -- Up-to-date: /home/javier/vrx_ws/install/share/vrx_gz/models/short_navigation_course_3
[0.502s] -- Up-to-date: /home/javier/vrx_ws/install/share/vrx_gz/models/short_navigation_course_3/model.sdf
[0.502s] -- Up-to-date: /home/javier/vrx_ws/install/share/vrx_gz/models/short_navigation_course_3/model.config
[0.502s] -- Up-to-date: /home/javier/vrx_ws/install/share/vrx_gz/models/short_navigation_course_1
[0.502s] -- Up-to-date: /home/javier/vrx_ws/install/share/vrx_gz/models/short_navigation_course_1/model.sdf
[0.502s] -- Up-to-date: /home/javier/vrx_ws/install/share/vrx_gz/models/short_navigation_course_1/model.config
[0.503s] -- Up-to-date: /home/javier/vrx_ws/install/share/vrx_gz/models/robotx_light_buoy_gbr
[0.503s] -- Up-to-date: /home/javier/vrx_ws/install/share/vrx_gz/models/robotx_light_buoy_gbr/model.sdf
[0.503s] -- Up-to-date: /home/javier/vrx_ws/install/share/vrx_gz/models/robotx_light_buoy_gbr/model.config
[0.503s] -- Up-to-date: /home/javier/vrx_ws/install/share/vrx_gz/models/short_navigation_course_5
[0.503s] -- Up-to-date: /home/javier/vrx_ws/install/share/vrx_gz/models/short_navigation_course_5/model.sdf
[0.503s] -- Up-to-date: /home/javier/vrx_ws/install/share/vrx_gz/models/short_navigation_course_5/model.config
[0.503s] -- Up-to-date: /home/javier/vrx_ws/install/share/vrx_gz/models/obstacle_course
[0.503s] -- Up-to-date: /home/javier/vrx_ws/install/share/vrx_gz/models/obstacle_course/model.sdf
[0.503s] -- Up-to-date: /home/javier/vrx_ws/install/share/vrx_gz/models/obstacle_course/model.config
[0.504s] -- Up-to-date: /home/javier/vrx_ws/install/share/vrx_gz/models/dock_2022_base
[0.504s] -- Up-to-date: /home/javier/vrx_ws/install/share/vrx_gz/models/dock_2022_base/model.sdf
[0.504s] -- Up-to-date: /home/javier/vrx_ws/install/share/vrx_gz/models/dock_2022_base/model.config
[0.504s] -- Up-to-date: /home/javier/vrx_ws/install/share/vrx_gz/models/platform
[0.504s] -- Up-to-date: /home/javier/vrx_ws/install/share/vrx_gz/models/platform/model.sdf
[0.504s] -- Up-to-date: /home/javier/vrx_ws/install/share/vrx_gz/models/platform/model.config
[0.504s] -- Up-to-date: /home/javier/vrx_ws/install/share/vrx_gz/worlds
[0.504s] -- Up-to-date: /home/javier/vrx_ws/install/share/vrx_gz/worlds/wildlife_task.sdf
[0.504s] -- Up-to-date: /home/javier/vrx_ws/install/share/vrx_gz/worlds/scan_dock_deliver_task.sdf
[0.504s] -- Up-to-date: /home/javier/vrx_ws/install/share/vrx_gz/worlds/acoustic_tracking_task.sdf
[0.504s] -- Up-to-date: /home/javier/vrx_ws/install/share/vrx_gz/worlds/gymkhana_task.sdf
[0.505s] -- Up-to-date: /home/javier/vrx_ws/install/share/vrx_gz/worlds/nbpark.sdf
[0.505s] -- Up-to-date: /home/javier/vrx_ws/install/share/vrx_gz/worlds/stationkeeping_task.sdf
[0.505s] -- Up-to-date: /home/javier/vrx_ws/install/share/vrx_gz/worlds/2023_practice
[0.505s] -- Up-to-date: /home/javier/vrx_ws/install/share/vrx_gz/worlds/2023_practice/practice_2023_acoustic_perception1_task.sdf
[0.505s] -- Up-to-date: /home/javier/vrx_ws/install/share/vrx_gz/worlds/2023_practice/practice_2023_wayfinding2_task.sdf
[0.505s] -- Up-to-date: /home/javier/vrx_ws/install/share/vrx_gz/worlds/2023_practice/practice_2023_wildlife2_task.sdf
[0.505s] -- Up-to-date: /home/javier/vrx_ws/install/share/vrx_gz/worlds/2023_practice/practice_2023_stationkeeping0_task.sdf
[0.505s] -- Up-to-date: /home/javier/vrx_ws/install/share/vrx_gz/worlds/2023_practice/practice_2023_perception0_task.sdf
[0.505s] -- Up-to-date: /home/javier/vrx_ws/install/share/vrx_gz/worlds/2023_practice/practice_2023_acoustic_perception2_task.sdf
[0.505s] -- Up-to-date: /home/javier/vrx_ws/install/share/vrx_gz/worlds/2023_practice/practice_2023_perception2_task.sdf
[0.506s] -- Up-to-date: /home/javier/vrx_ws/install/share/vrx_gz/worlds/2023_practice/practice_2023_follow_path1_task.sdf
[0.506s] -- Up-to-date: /home/javier/vrx_ws/install/share/vrx_gz/worlds/2023_practice/practice_2023_stationkeeping2_task.sdf
[0.506s] -- Up-to-date: /home/javier/vrx_ws/install/share/vrx_gz/worlds/2023_practice/practice_2023_scan_dock_deliver1_task.sdf
[0.506s] -- Up-to-date: /home/javier/vrx_ws/install/share/vrx_gz/worlds/2023_practice/practice_2023_follow_path2_task.sdf
[0.506s] -- Up-to-date: /home/javier/vrx_ws/install/share/vrx_gz/worlds/2023_practice/practice_2023_wildlife1_task.sdf
[0.506s] -- Up-to-date: /home/javier/vrx_ws/install/share/vrx_gz/worlds/2023_practice/practice_2023_stationkeeping1_task.sdf
[0.506s] -- Up-to-date: /home/javier/vrx_ws/install/share/vrx_gz/worlds/2023_practice/practice_2023_scan_dock_deliver0_task.sdf
[0.506s] -- Up-to-date: /home/javier/vrx_ws/install/share/vrx_gz/worlds/2023_practice/practice_2023_acoustic_tracking2_task.sdf
[0.506s] -- Up-to-date: /home/javier/vrx_ws/install/share/vrx_gz/worlds/2023_practice/practice_2023_wildlife0_task.sdf
[0.506s] -- Up-to-date: /home/javier/vrx_ws/install/share/vrx_gz/worlds/2023_practice/practice_2023_scan_dock_deliver2_task.sdf
[0.506s] -- Up-to-date: /home/javier/vrx_ws/install/share/vrx_gz/worlds/2023_practice/practice_2023_wayfinding1_task.sdf
[0.506s] -- Up-to-date: /home/javier/vrx_ws/install/share/vrx_gz/worlds/2023_practice/practice_2023_acoustic_tracking0_task.sdf
[0.506s] -- Up-to-date: /home/javier/vrx_ws/install/share/vrx_gz/worlds/2023_practice/practice_2023_wayfinding0_task.sdf
[0.507s] -- Up-to-date: /home/javier/vrx_ws/install/share/vrx_gz/worlds/2023_practice/practice_2023_perception1_task.sdf
[0.507s] -- Up-to-date: /home/javier/vrx_ws/install/share/vrx_gz/worlds/2023_practice/practice_2023_follow_path0_task.sdf
[0.507s] -- Up-to-date: /home/javier/vrx_ws/install/share/vrx_gz/worlds/2023_practice/practice_2023_acoustic_perception0_task.sdf
[0.507s] -- Up-to-date: /home/javier/vrx_ws/install/share/vrx_gz/worlds/2023_practice/practice_2023_acoustic_tracking1_task.sdf
[0.507s] -- Up-to-date: /home/javier/vrx_ws/install/share/vrx_gz/worlds/acoustic_perception_task.sdf
[0.507s] -- Up-to-date: /home/javier/vrx_ws/install/share/vrx_gz/worlds/navigation_task.sdf
[0.507s] -- Up-to-date: /home/javier/vrx_ws/install/share/vrx_gz/worlds/wayfinding_task.sdf
[0.507s] -- Up-to-date: /home/javier/vrx_ws/install/share/vrx_gz/worlds/sydney_regatta.sdf
[0.507s] -- Up-to-date: /home/javier/vrx_ws/install/share/vrx_gz/worlds/follow_path_task.sdf
[0.507s] -- Up-to-date: /home/javier/vrx_ws/install/share/vrx_gz/worlds/2023_phase2
[0.507s] -- Up-to-date: /home/javier/vrx_ws/install/share/vrx_gz/worlds/2023_phase2/phase2_2023_stationkeeping3.sdf
[0.508s] -- Up-to-date: /home/javier/vrx_ws/install/share/vrx_gz/worlds/2023_phase2/phase2_2023_scan_dock_deliver1.sdf
[0.508s] -- Up-to-date: /home/javier/vrx_ws/install/share/vrx_gz/worlds/2023_phase2/phase2_2023_acoustic_perception1.sdf
[0.508s] -- Up-to-date: /home/javier/vrx_ws/install/share/vrx_gz/worlds/2023_phase2/phase2_2023_perception2.sdf
[0.508s] -- Up-to-date: /home/javier/vrx_ws/install/share/vrx_gz/worlds/2023_phase2/phase2_2023_stationkeeping5.sdf
[0.508s] -- Up-to-date: /home/javier/vrx_ws/install/share/vrx_gz/worlds/2023_phase2/phase2_2023_acoustic_perception0.sdf
[0.508s] -- Up-to-date: /home/javier/vrx_ws/install/share/vrx_gz/worlds/2023_phase2/phase2_2023_acoustic_tracking0.sdf
[0.508s] -- Up-to-date: /home/javier/vrx_ws/install/share/vrx_gz/worlds/2023_phase2/phase2_2023_follow_path1.sdf
[0.508s] -- Up-to-date: /home/javier/vrx_ws/install/share/vrx_gz/worlds/2023_phase2/phase2_2023_stationkeeping4.sdf
[0.508s] -- Up-to-date: /home/javier/vrx_ws/install/share/vrx_gz/worlds/2023_phase2/phase2_2023_stationkeeping2.sdf
[0.508s] -- Up-to-date: /home/javier/vrx_ws/install/share/vrx_gz/worlds/2023_phase2/phase2_2023_wildlife4.sdf
[0.508s] -- Up-to-date: /home/javier/vrx_ws/install/share/vrx_gz/worlds/2023_phase2/phase2_2023_follow_path5.sdf
[0.508s] -- Up-to-date: /home/javier/vrx_ws/install/share/vrx_gz/worlds/2023_phase2/phase2_2023_perception3.sdf
[0.508s] -- Up-to-date: /home/javier/vrx_ws/install/share/vrx_gz/worlds/2023_phase2/phase2_2023_follow_path3.sdf
[0.509s] -- Up-to-date: /home/javier/vrx_ws/install/share/vrx_gz/worlds/2023_phase2/phase2_2023_follow_path4.sdf
[0.509s] -- Up-to-date: /home/javier/vrx_ws/install/share/vrx_gz/worlds/2023_phase2/phase2_2023_acoustic_perception3.sdf
[0.509s] -- Up-to-date: /home/javier/vrx_ws/install/share/vrx_gz/worlds/2023_phase2/phase2_2023_acoustic_tracking4.sdf
[0.509s] -- Up-to-date: /home/javier/vrx_ws/install/share/vrx_gz/worlds/2023_phase2/phase2_2023_scan_dock_deliver0.sdf
[0.509s] -- Up-to-date: /home/javier/vrx_ws/install/share/vrx_gz/worlds/2023_phase2/phase2_2023_wayfinding1.sdf
[0.509s] -- Up-to-date: /home/javier/vrx_ws/install/share/vrx_gz/worlds/2023_phase2/phase2_2023_acoustic_tracking5.sdf
[0.509s] -- Up-to-date: /home/javier/vrx_ws/install/share/vrx_gz/worlds/2023_phase2/phase2_2023_perception4.sdf
[0.509s] -- Up-to-date: /home/javier/vrx_ws/install/share/vrx_gz/worlds/2023_phase2/phase2_2023_stationkeeping1.sdf
[0.509s] -- Up-to-date: /home/javier/vrx_ws/install/share/vrx_gz/worlds/2023_phase2/phase2_2023_perception0.sdf
[0.509s] -- Up-to-date: /home/javier/vrx_ws/install/share/vrx_gz/worlds/2023_phase2/phase2_2023_scan_dock_deliver5.sdf
[0.510s] -- Up-to-date: /home/javier/vrx_ws/install/share/vrx_gz/worlds/2023_phase2/phase2_2023_wildlife1.sdf
[0.510s] -- Up-to-date: /home/javier/vrx_ws/install/share/vrx_gz/worlds/2023_phase2/phase2_2023_acoustic_perception5.sdf
[0.510s] -- Up-to-date: /home/javier/vrx_ws/install/share/vrx_gz/worlds/2023_phase2/phase2_2023_wildlife5.sdf
[0.510s] -- Up-to-date: /home/javier/vrx_ws/install/share/vrx_gz/worlds/2023_phase2/phase2_2023_wayfinding4.sdf
[0.510s] -- Up-to-date: /home/javier/vrx_ws/install/share/vrx_gz/worlds/2023_phase2/phase2_2023_wayfinding2.sdf
[0.510s] -- Up-to-date: /home/javier/vrx_ws/install/share/vrx_gz/worlds/2023_phase2/phase2_2023_scan_dock_deliver3.sdf
[0.510s] -- Up-to-date: /home/javier/vrx_ws/install/share/vrx_gz/worlds/2023_phase2/phase2_2023_follow_path2.sdf
[0.510s] -- Up-to-date: /home/javier/vrx_ws/install/share/vrx_gz/worlds/2023_phase2/phase2_2023_wayfinding5.sdf
[0.510s] -- Up-to-date: /home/javier/vrx_ws/install/share/vrx_gz/worlds/2023_phase2/phase2_2023_scan_dock_deliver4.sdf
[0.510s] -- Up-to-date: /home/javier/vrx_ws/install/share/vrx_gz/worlds/2023_phase2/phase2_2023_wildlife0.sdf
[0.510s] -- Up-to-date: /home/javier/vrx_ws/install/share/vrx_gz/worlds/2023_phase2/phase2_2023_acoustic_tracking3.sdf
[0.510s] -- Up-to-date: /home/javier/vrx_ws/install/share/vrx_gz/worlds/2023_phase2/phase2_2023_wildlife2.sdf
[0.511s] -- Up-to-date: /home/javier/vrx_ws/install/share/vrx_gz/worlds/2023_phase2/phase2_2023_wayfinding0.sdf
[0.511s] -- Up-to-date: /home/javier/vrx_ws/install/share/vrx_gz/worlds/2023_phase2/phase2_2023_wayfinding3.sdf
[0.511s] -- Up-to-date: /home/javier/vrx_ws/install/share/vrx_gz/worlds/2023_phase2/phase2_2023_follow_path0.sdf
[0.511s] -- Up-to-date: /home/javier/vrx_ws/install/share/vrx_gz/worlds/2023_phase2/phase2_2023_acoustic_tracking2.sdf
[0.511s] -- Up-to-date: /home/javier/vrx_ws/install/share/vrx_gz/worlds/2023_phase2/phase2_2023_acoustic_perception4.sdf
[0.511s] -- Up-to-date: /home/javier/vrx_ws/install/share/vrx_gz/worlds/2023_phase2/phase2_2023_wildlife3.sdf
[0.511s] -- Up-to-date: /home/javier/vrx_ws/install/share/vrx_gz/worlds/2023_phase2/phase2_2023_stationkeeping0.sdf
[0.511s] -- Up-to-date: /home/javier/vrx_ws/install/share/vrx_gz/worlds/2023_phase2/phase2_2023_acoustic_perception2.sdf
[0.511s] -- Up-to-date: /home/javier/vrx_ws/install/share/vrx_gz/worlds/2023_phase2/phase2_2023_scan_dock_deliver2.sdf
[0.511s] -- Up-to-date: /home/javier/vrx_ws/install/share/vrx_gz/worlds/2023_phase2/phase2_2023_perception1.sdf
[0.511s] -- Up-to-date: /home/javier/vrx_ws/install/share/vrx_gz/worlds/2023_phase2/phase2_2023_acoustic_tracking1.sdf
[0.511s] -- Up-to-date: /home/javier/vrx_ws/install/share/vrx_gz/worlds/2023_phase2/phase2_2023_perception5.sdf
[0.512s] -- Up-to-date: /home/javier/vrx_ws/install/share/vrx_gz/worlds/perception_task.sdf
[0.512s] -- Up-to-date: /home/javier/vrx_ws/install/share/ament_index/resource_index/package_run_dependencies/vrx_gz
[0.512s] -- Up-to-date: /home/javier/vrx_ws/install/share/ament_index/resource_index/parent_prefix_path/vrx_gz
[0.512s] -- Up-to-date: /home/javier/vrx_ws/install/share/vrx_gz/environment/ament_prefix_path.sh
[0.512s] -- Up-to-date: /home/javier/vrx_ws/install/share/vrx_gz/environment/ament_prefix_path.dsv
[0.512s] -- Up-to-date: /home/javier/vrx_ws/install/share/vrx_gz/environment/path.sh
[0.512s] -- Up-to-date: /home/javier/vrx_ws/install/share/vrx_gz/environment/path.dsv
[0.512s] -- Up-to-date: /home/javier/vrx_ws/install/share/vrx_gz/local_setup.bash
[0.512s] -- Up-to-date: /home/javier/vrx_ws/install/share/vrx_gz/local_setup.sh
[0.512s] -- Up-to-date: /home/javier/vrx_ws/install/share/vrx_gz/local_setup.zsh
[0.512s] -- Up-to-date: /home/javier/vrx_ws/install/share/vrx_gz/local_setup.dsv
[0.512s] -- Installing: /home/javier/vrx_ws/install/share/vrx_gz/package.dsv
[0.513s] -- Up-to-date: /home/javier/vrx_ws/install/share/ament_index/resource_index/packages/vrx_gz
[0.513s] -- Up-to-date: /home/javier/vrx_ws/install/share/vrx_gz/cmake/vrx_gzConfig.cmake
[0.513s] -- Up-to-date: /home/javier/vrx_ws/install/share/vrx_gz/cmake/vrx_gzConfig-version.cmake
[0.513s] -- Up-to-date: /home/javier/vrx_ws/install/share/vrx_gz/package.xml
[0.513s] Invoked command in '/home/javier/vrx_ws/build/vrx_gz' returned '0': AMENT_PREFIX_PATH=/home/javier/vrx_ws/install:${AMENT_PREFIX_PATH} CMAKE_PREFIX_PATH=/home/javier/vrx_ws/install:/opt/ros/jazzy/opt/gz_sim_vendor:/opt/ros/jazzy/opt/gz_sensors_vendor:/opt/ros/jazzy/opt/gz_physics_vendor:/opt/ros/jazzy/opt/sdformat_vendor:/opt/ros/jazzy/opt/gz_gui_vendor:/opt/ros/jazzy/opt/gz_transport_vendor:/opt/ros/jazzy/opt/gz_rendering_vendor:/opt/ros/jazzy/opt/gz_plugin_vendor:/opt/ros/jazzy/opt/gz_fuel_tools_vendor:/opt/ros/jazzy/opt/gz_msgs_vendor:/opt/ros/jazzy/opt/gz_common_vendor:/opt/ros/jazzy/opt/gz_math_vendor:/opt/ros/jazzy/opt/gz_utils_vendor:/opt/ros/jazzy/opt/gz_tools_vendor:/opt/ros/jazzy/opt/gz_ogre_next_vendor:/opt/ros/jazzy/opt/gz_dartsim_vendor:/opt/ros/jazzy/opt/gz_cmake_vendor:/opt/ros/jazzy DEBUGINFOD_URLS=https://debuginfod.ubuntu.com GZ_SIM_RESOURCE_PATH=/home/javier/vrx_ws/install/share/wamv_description/models:/home/javier/vrx_ws/install/share/vrx_gazebo/models:/home/javier/vrx_ws/install/share:${GZ_SIM_RESOURCE_PATH} LD_LIBRARY_PATH=/home/javier/vrx_ws/install/lib:${LD_LIBRARY_PATH} PYTHONPATH=/home/javier/vrx_ws/install/lib/python3.12/site-packages:${PYTHONPATH} /usr/bin/cmake --install /home/javier/vrx_ws/build/vrx_gz
