[0.035s] Invoking command in '/home/javier/vrx_ws/build/vrx_ros': CMAKE_PREFIX_PATH=${CMAKE_PREFIX_PATH}:/opt/ros/jazzy DEBUGINFOD_URLS=https://debuginfod.ubuntu.com /usr/bin/cmake /home/javier/vrx_ws/src/vrx_ros -DCMAKE_INSTALL_PREFIX=/home/javier/vrx_ws/install
[0.692s] -- The C compiler identification is GNU 13.3.0
[0.692s] -- The CXX compiler identification is GNU 13.3.0
[0.692s] -- Detecting C compiler ABI info
[0.923s] -- Detecting C compiler ABI info - done
[0.952s] -- Check for working C compiler: /usr/bin/cc - skipped
[0.953s] -- Detecting C compile features
[0.955s] -- Detecting C compile features - done
[0.975s] -- Detecting CXX compiler ABI info
[1.252s] -- Detecting CXX compiler ABI info - done
[1.280s] -- Check for working CXX compiler: /usr/bin/c++ - skipped
[1.280s] -- Detecting CXX compile features
[1.283s] -- Detecting CXX compile features - done
[1.292s] -- Performing Test COMPILER_SUPPORTS_CXX17
[1.561s] -- Performing Test COMPILER_SUPPORTS_CXX17 - Success
[1.569s] -- Found ament_cmake: 2.5.5 (/opt/ros/jazzy/share/ament_cmake/cmake)
[2.024s] -- Found Python3: /usr/bin/python3 (found version "3.12.3") found components: Interpreter 
[2.369s] -- Found geometry_msgs: 5.3.6 (/opt/ros/jazzy/share/geometry_msgs/cmake)
[2.530s] -- Found rosidl_generator_c: 4.6.7 (/opt/ros/jazzy/share/rosidl_generator_c/cmake)
[2.583s] -- Found rosidl_generator_cpp: 4.6.7 (/opt/ros/jazzy/share/rosidl_generator_cpp/cmake)
[2.645s] -- Using all available rosidl_typesupport_c: rosidl_typesupport_fastrtps_c;rosidl_typesupport_introspection_c
[2.717s] -- Using all available rosidl_typesupport_cpp: rosidl_typesupport_fastrtps_cpp;rosidl_typesupport_introspection_cpp
[2.896s] -- Looking for gz-msgs10 -- found version 10.3.2
[2.929s] -- Searching for dependencies of gz-msgs10
[3.342s] -- Found Protobuf: /usr/lib/x86_64-linux-gnu/libprotobuf.so (found version "3.21.12") 
[3.355s] -- Looking for gz-utils2 -- found version 2.2.1
[3.355s] -- Searching for dependencies of gz-utils2
[3.362s] -- Looking for gz-math7 -- found version 7.5.2
[3.366s] -- Searching for dependencies of gz-math7
[3.366s] -- Looking for gz-utils2 -- found version 2.2.1
[3.386s] -- Checking for module 'tinyxml2'
[3.425s] --   Found tinyxml2, version 10.0.0
[3.536s] -- Looking for gz-transport13 -- found version 13.5.0
[3.537s] -- Searching for dependencies of gz-transport13
[3.607s] -- Config-file not installed for ZeroMQ -- checking for pkg-config
[3.618s] -- Checking for module 'libzmq >= 4'
[3.647s] --   Found libzmq, version 4.3.5
[3.749s] -- Found ZeroMQ: TRUE (Required is at least version "4") 
[3.764s] -- Checking for module 'uuid'
[3.803s] --   Found uuid, version 2.39.3
[3.889s] -- Found UUID: TRUE  
[3.891s] -- Looking for gz-utils2 -- found version 2.2.1
[3.891s] -- Searching for dependencies of gz-utils2
[3.892s] -- Searching for <gz-utils2> component [cli]
[3.899s] -- Looking for gz-utils2-cli -- found version 2.2.1
[3.899s] -- Searching for dependencies of gz-utils2-cli
[3.903s] -- Looking for gz-msgs10 -- found version 10.3.2
[3.916s] -- Found rclcpp: 28.1.16 (/opt/ros/jazzy/share/rclcpp/cmake)
[4.165s] -- Found rmw_implementation_cmake: 7.3.3 (/opt/ros/jazzy/share/rmw_implementation_cmake/cmake)
[4.180s] -- Found rmw_fastrtps_cpp: 8.4.3 (/opt/ros/jazzy/share/rmw_fastrtps_cpp/cmake)
[4.485s] -- Found OpenSSL: /usr/lib/x86_64-linux-gnu/libcrypto.so (found version "3.0.13")  
[4.625s] -- Found FastRTPS: /opt/ros/jazzy/include (Required is at least version "2.13") 
[4.657s] -- Using RMW implementation 'rmw_fastrtps_cpp' as default
[4.864s] -- Found ros_gz_interfaces: 1.0.18 (/opt/ros/jazzy/share/ros_gz_interfaces/cmake)
[4.957s] -- Found sensor_msgs: 5.3.6 (/opt/ros/jazzy/share/sensor_msgs/cmake)
[5.039s] -- Found tf2: 0.36.19 (/opt/ros/jazzy/share/tf2/cmake)
[5.061s] -- Found tf2_msgs: 0.36.19 (/opt/ros/jazzy/share/tf2_msgs/cmake)
[5.272s] -- Found tf2_ros: 0.36.19 (/opt/ros/jazzy/share/tf2_ros/cmake)
[5.805s] -- Configuring done (5.7s)
[5.866s] -- Generating done (0.0s)
[5.888s] -- Build files have been written to: /home/javier/vrx_ws/build/vrx_ros
[5.937s] Invoked command in '/home/javier/vrx_ws/build/vrx_ros' returned '0': CMAKE_PREFIX_PATH=${CMAKE_PREFIX_PATH}:/opt/ros/jazzy DEBUGINFOD_URLS=https://debuginfod.ubuntu.com /usr/bin/cmake /home/javier/vrx_ws/src/vrx_ros -DCMAKE_INSTALL_PREFIX=/home/javier/vrx_ws/install
[5.938s] Invoking command in '/home/javier/vrx_ws/build/vrx_ros': CMAKE_PREFIX_PATH=${CMAKE_PREFIX_PATH}:/opt/ros/jazzy DEBUGINFOD_URLS=https://debuginfod.ubuntu.com /usr/bin/cmake --build /home/javier/vrx_ws/build/vrx_ros -- -j8 -l8
[6.071s] [ 25%] Building CXX object CMakeFiles/pose_tf_broadcaster.dir/src/pose_tf_broadcaster.cc.o
[6.074s] [ 50%] Building CXX object CMakeFiles/optical_frame_publisher.dir/src/optical_frame_publisher.cc.o
[27.507s] [ 75%] Linking CXX executable pose_tf_broadcaster
[28.716s] [ 75%] Built target pose_tf_broadcaster
[35.555s] [100%] Linking CXX executable optical_frame_publisher
[37.217s] [100%] Built target optical_frame_publisher
[37.246s] Invoked command in '/home/javier/vrx_ws/build/vrx_ros' returned '0': CMAKE_PREFIX_PATH=${CMAKE_PREFIX_PATH}:/opt/ros/jazzy DEBUGINFOD_URLS=https://debuginfod.ubuntu.com /usr/bin/cmake --build /home/javier/vrx_ws/build/vrx_ros -- -j8 -l8
[37.250s] Invoking command in '/home/javier/vrx_ws/build/vrx_ros': CMAKE_PREFIX_PATH=${CMAKE_PREFIX_PATH}:/opt/ros/jazzy DEBUGINFOD_URLS=https://debuginfod.ubuntu.com /usr/bin/cmake --install /home/javier/vrx_ws/build/vrx_ros
[37.267s] -- Install configuration: ""
[37.267s] -- Installing: /home/javier/vrx_ws/install/lib/vrx_ros/optical_frame_publisher
[37.280s] -- Set non-toolchain portion of runtime path of "/home/javier/vrx_ws/install/lib/vrx_ros/optical_frame_publisher" to ""
[37.280s] -- Installing: /home/javier/vrx_ws/install/lib/vrx_ros/pose_tf_broadcaster
[37.287s] -- Set non-toolchain portion of runtime path of "/home/javier/vrx_ws/install/lib/vrx_ros/pose_tf_broadcaster" to ""
[37.287s] -- Installing: /home/javier/vrx_ws/install/share/vrx_ros/launch
[37.288s] -- Installing: /home/javier/vrx_ws/install/share/vrx_ros/launch/monitor_sim.py
[37.288s] -- Installing: /home/javier/vrx_ws/install/share/ament_index/resource_index/package_run_dependencies/vrx_ros
[37.288s] -- Installing: /home/javier/vrx_ws/install/share/ament_index/resource_index/parent_prefix_path/vrx_ros
[37.288s] -- Installing: /home/javier/vrx_ws/install/share/vrx_ros/environment/ament_prefix_path.sh
[37.288s] -- Installing: /home/javier/vrx_ws/install/share/vrx_ros/environment/ament_prefix_path.dsv
[37.289s] -- Installing: /home/javier/vrx_ws/install/share/vrx_ros/environment/path.sh
[37.289s] -- Installing: /home/javier/vrx_ws/install/share/vrx_ros/environment/path.dsv
[37.289s] -- Installing: /home/javier/vrx_ws/install/share/vrx_ros/local_setup.bash
[37.289s] -- Installing: /home/javier/vrx_ws/install/share/vrx_ros/local_setup.sh
[37.290s] -- Installing: /home/javier/vrx_ws/install/share/vrx_ros/local_setup.zsh
[37.291s] -- Installing: /home/javier/vrx_ws/install/share/vrx_ros/local_setup.dsv
[37.291s] -- Installing: /home/javier/vrx_ws/install/share/vrx_ros/package.dsv
[37.291s] -- Installing: /home/javier/vrx_ws/install/share/ament_index/resource_index/packages/vrx_ros
[37.291s] -- Installing: /home/javier/vrx_ws/install/share/vrx_ros/cmake/vrx_rosConfig.cmake
[37.291s] -- Installing: /home/javier/vrx_ws/install/share/vrx_ros/cmake/vrx_rosConfig-version.cmake
[37.291s] -- Installing: /home/javier/vrx_ws/install/share/vrx_ros/package.xml
[37.294s] Invoked command in '/home/javier/vrx_ws/build/vrx_ros' returned '0': CMAKE_PREFIX_PATH=${CMAKE_PREFIX_PATH}:/opt/ros/jazzy DEBUGINFOD_URLS=https://debuginfod.ubuntu.com /usr/bin/cmake --install /home/javier/vrx_ws/build/vrx_ros
