[1.665s] Invoking command in '/home/javier/vrx_ws/src/gps_waypoints': DEBUGINFOD_URLS=https://debuginfod.ubuntu.com PYTHONPATH=/home/javier/vrx_ws/build/gps_waypoints/prefix_override:/usr/lib/python3/dist-packages/colcon_core/task/python/colcon_distutils_commands:/home/javier/vrx_ws/install/lib/python3.12/site-packages:${PYTHONPATH} /usr/bin/python3 -W ignore:setup.py install is deprecated -W ignore:easy_install command is deprecated setup.py egg_info --egg-base ../../build/gps_waypoints build --build-base /home/javier/vrx_ws/build/gps_waypoints/build install --record /home/javier/vrx_ws/build/gps_waypoints/install.log --single-version-externally-managed
[2.069s] running egg_info
[2.070s] creating ../../build/gps_waypoints/gps_waypoints.egg-info
[2.099s] writing ../../build/gps_waypoints/gps_waypoints.egg-info/PKG-INFO
[2.099s] writing dependency_links to ../../build/gps_waypoints/gps_waypoints.egg-info/dependency_links.txt
[2.100s] writing entry points to ../../build/gps_waypoints/gps_waypoints.egg-info/entry_points.txt
[2.100s] writing requirements to ../../build/gps_waypoints/gps_waypoints.egg-info/requires.txt
[2.100s] writing top-level names to ../../build/gps_waypoints/gps_waypoints.egg-info/top_level.txt
[2.100s] writing manifest file '../../build/gps_waypoints/gps_waypoints.egg-info/SOURCES.txt'
[2.160s] reading manifest file '../../build/gps_waypoints/gps_waypoints.egg-info/SOURCES.txt'
[2.161s] writing manifest file '../../build/gps_waypoints/gps_waypoints.egg-info/SOURCES.txt'
[2.161s] running build
[2.161s] running build_py
[2.161s] creating /home/javier/vrx_ws/build/gps_waypoints/build
[2.162s] creating /home/javier/vrx_ws/build/gps_waypoints/build/lib
[2.162s] creating /home/javier/vrx_ws/build/gps_waypoints/build/lib/gps_waypoints
[2.162s] copying gps_waypoints/waypoint_node.py -> /home/javier/vrx_ws/build/gps_waypoints/build/lib/gps_waypoints
[2.162s] running install
[2.173s] running install_lib
[2.205s] creating /home/javier/vrx_ws/install/lib/python3.12/site-packages/gps_waypoints
[2.206s] copying /home/javier/vrx_ws/build/gps_waypoints/build/lib/gps_waypoints/waypoint_node.py -> /home/javier/vrx_ws/install/lib/python3.12/site-packages/gps_waypoints
[2.206s] byte-compiling /home/javier/vrx_ws/install/lib/python3.12/site-packages/gps_waypoints/waypoint_node.py to waypoint_node.cpython-312.pyc
[2.208s] running install_egg_info
[2.245s] Copying ../../build/gps_waypoints/gps_waypoints.egg-info to /home/javier/vrx_ws/install/lib/python3.12/site-packages/gps_waypoints-0.0.0-py3.12.egg-info
[2.246s] running install_scripts
[2.457s] Installing gps_waypoint_node script to /home/javier/vrx_ws/install/bin
[2.457s] writing list of installed files to '/home/javier/vrx_ws/build/gps_waypoints/install.log'
[2.511s] Invoked command in '/home/javier/vrx_ws/src/gps_waypoints' returned '0': DEBUGINFOD_URLS=https://debuginfod.ubuntu.com PYTHONPATH=/home/javier/vrx_ws/build/gps_waypoints/prefix_override:/usr/lib/python3/dist-packages/colcon_core/task/python/colcon_distutils_commands:/home/javier/vrx_ws/install/lib/python3.12/site-packages:${PYTHONPATH} /usr/bin/python3 -W ignore:setup.py install is deprecated -W ignore:easy_install command is deprecated setup.py egg_info --egg-base ../../build/gps_waypoints build --build-base /home/javier/vrx_ws/build/gps_waypoints/build install --record /home/javier/vrx_ws/build/gps_waypoints/install.log --single-version-externally-managed
