[0.022s] Invoking command in '/home/javier/vrx_ws/build/vrx_gz': CMAKE_PREFIX_PATH=/opt/ros/jazzy:${CMAKE_PREFIX_PATH} DEBUGINFOD_URLS=https://debuginfod.ubuntu.com GZ_SIM_RESOURCE_PATH=/home/javier/vrx_ws/install/share:${GZ_SIM_RESOURCE_PATH} /usr/bin/cmake --build /home/javier/vrx_ws/build/vrx_gz -- -j8 -l8
[0.080s] [  8%] Built target ScoringPlugin
[0.081s] [  8%] Built target Waves
[0.082s] [  8%] Built target ament_cmake_python_copy_vrx_gz
[0.122s] [ 12%] Built target AcousticPingerPlugin
[0.123s] [ 18%] Built target StationkeepingScoringPlugin
[0.123s] [ 22%] Built target BallShooterPlugin
[0.128s] [ 27%] Built target LightBuoyPlugin
[0.130s] [ 33%] Built target AcousticTrackingScoringPlugin
[0.131s] [ 37%] Built target NavigationScoringPlugin
[0.134s] [ 43%] Built target WayfindingScoringPlugin
[0.134s] [ 50%] Built target AcousticPerceptionScoringPlugin
[0.156s] [ 54%] Built target GymkhanaScoringPlugin
[0.163s] [ 62%] Built target PlacardPlugin
[0.164s] [ 62%] Built target PerceptionScoringPlugin
[0.170s] [ 66%] Built target PublisherPlugin
[0.172s] [ 79%] Built target Surface
[0.172s] [ 79%] Built target ScanDockScoringPlugin
[0.173s] [ 79%] Built target SimpleHydrodynamics
[0.180s] [ 83%] Built target USVWind
[0.193s] [ 87%] Built target WaveVisual
[0.197s] [ 91%] Built target WildlifeScoringPlugin
[0.202s] [100%] Built target PolyhedraBuoyancyDrag
[0.387s] running egg_info
[0.408s] writing vrx_gz.egg-info/PKG-INFO
[0.409s] writing dependency_links to vrx_gz.egg-info/dependency_links.txt
[0.409s] writing top-level names to vrx_gz.egg-info/top_level.txt
[0.483s] reading manifest file 'vrx_gz.egg-info/SOURCES.txt'
[0.484s] writing manifest file 'vrx_gz.egg-info/SOURCES.txt'
[0.514s] [100%] Built target ament_cmake_python_build_vrx_gz_egg
[0.526s] Invoked command in '/home/javier/vrx_ws/build/vrx_gz' returned '0': CMAKE_PREFIX_PATH=/opt/ros/jazzy:${CMAKE_PREFIX_PATH} DEBUGINFOD_URLS=https://debuginfod.ubuntu.com GZ_SIM_RESOURCE_PATH=/home/javier/vrx_ws/install/share:${GZ_SIM_RESOURCE_PATH} /usr/bin/cmake --build /home/javier/vrx_ws/build/vrx_gz -- -j8 -l8
[0.535s] Invoking command in '/home/javier/vrx_ws/build/vrx_gz': CMAKE_PREFIX_PATH=/opt/ros/jazzy:${CMAKE_PREFIX_PATH} DEBUGINFOD_URLS=https://debuginfod.ubuntu.com GZ_SIM_RESOURCE_PATH=/home/javier/vrx_ws/install/share:${GZ_SIM_RESOURCE_PATH} /usr/bin/cmake --install /home/javier/vrx_ws/build/vrx_gz
[0.543s] -- Install configuration: ""
[0.543s] -- Up-to-date: /home/javier/vrx_ws/install/share/vrx_gz/environment/resource_paths.dsv
[0.544s] -- Up-to-date: /home/javier/vrx_ws/install/share/vrx_gz/environment/resource_paths.sh
[0.544s] -- Up-to-date: /home/javier/vrx_ws/install/lib/libWaves.so
[0.544s] -- Up-to-date: /home/javier/vrx_ws/install/lib/libPolyhedraBuoyancyDrag.so
[0.545s] -- Up-to-date: /home/javier/vrx_ws/install/lib/libScoringPlugin.so
[0.546s] -- Up-to-date: /home/javier/vrx_ws/install/lib/libStationkeepingScoringPlugin.so
[0.547s] -- Up-to-date: /home/javier/vrx_ws/install/lib/libWayfindingScoringPlugin.so
[0.548s] -- Up-to-date: /home/javier/vrx_ws/install/lib/libAcousticPerceptionScoringPlugin.so
[0.549s] -- Up-to-date: /home/javier/vrx_ws/install/lib/libAcousticTrackingScoringPlugin.so
[0.549s] -- Up-to-date: /home/javier/vrx_ws/install/lib/libAcousticPingerPlugin.so
[0.549s] -- Up-to-date: /home/javier/vrx_ws/install/lib/libBallShooterPlugin.so
[0.550s] -- Up-to-date: /home/javier/vrx_ws/install/lib/libLightBuoyPlugin.so
[0.551s] -- Up-to-date: /home/javier/vrx_ws/install/lib/libNavigationScoringPlugin.so
[0.552s] -- Up-to-date: /home/javier/vrx_ws/install/lib/libGymkhanaScoringPlugin.so
[0.553s] -- Up-to-date: /home/javier/vrx_ws/install/lib/libPerceptionScoringPlugin.so
[0.553s] -- Up-to-date: /home/javier/vrx_ws/install/lib/libPlacardPlugin.so
[0.554s] -- Up-to-date: /home/javier/vrx_ws/install/lib/libPublisherPlugin.so
[0.554s] -- Up-to-date: /home/javier/vrx_ws/install/lib/libScanDockScoringPlugin.so
[0.555s] -- Up-to-date: /home/javier/vrx_ws/install/lib/libSimpleHydrodynamics.so
[0.555s] -- Up-to-date: /home/javier/vrx_ws/install/lib/libSurface.so
[0.555s] -- Up-to-date: /home/javier/vrx_ws/install/lib/libUSVWind.so
[0.556s] -- Up-to-date: /home/javier/vrx_ws/install/lib/libWaveVisual.so
[0.557s] -- Up-to-date: /home/javier/vrx_ws/install/lib/libWildlifeScoringPlugin.so
[0.557s] -- Up-to-date: /home/javier/vrx_ws/install/share/vrx_gz/environment/pythonpath.sh
[0.557s] -- Up-to-date: /home/javier/vrx_ws/install/share/vrx_gz/environment/pythonpath.dsv
[0.557s] -- Up-to-date: /home/javier/vrx_ws/install/lib/python3.12/site-packages/vrx_gz-0.0.0-py3.12.egg-info
[0.557s] -- Installing: /home/javier/vrx_ws/install/lib/python3.12/site-packages/vrx_gz-0.0.0-py3.12.egg-info/PKG-INFO
[0.557s] -- Installing: /home/javier/vrx_ws/install/lib/python3.12/site-packages/vrx_gz-0.0.0-py3.12.egg-info/dependency_links.txt
[0.557s] -- Installing: /home/javier/vrx_ws/install/lib/python3.12/site-packages/vrx_gz-0.0.0-py3.12.egg-info/top_level.txt
[0.558s] -- Installing: /home/javier/vrx_ws/install/lib/python3.12/site-packages/vrx_gz-0.0.0-py3.12.egg-info/SOURCES.txt
[0.558s] -- Up-to-date: /home/javier/vrx_ws/install/lib/python3.12/site-packages/vrx_gz
[0.558s] -- Up-to-date: /home/javier/vrx_ws/install/lib/python3.12/site-packages/vrx_gz/__init__.py
[0.558s] -- Up-to-date: /home/javier/vrx_ws/install/lib/python3.12/site-packages/vrx_gz/bridge.py
[0.558s] -- Up-to-date: /home/javier/vrx_ws/install/lib/python3.12/site-packages/vrx_gz/bridges.py
[0.558s] -- Up-to-date: /home/javier/vrx_ws/install/lib/python3.12/site-packages/vrx_gz/payload_bridges.py
[0.558s] -- Installing: /home/javier/vrx_ws/install/lib/python3.12/site-packages/vrx_gz/model.py
[0.558s] -- Up-to-date: /home/javier/vrx_ws/install/lib/python3.12/site-packages/vrx_gz/launch.py
[0.598s] Listing '/home/javier/vrx_ws/install/lib/python3.12/site-packages/vrx_gz'...
[0.598s] Compiling '/home/javier/vrx_ws/install/lib/python3.12/site-packages/vrx_gz/model.py'...
[0.605s] -- Up-to-date: /home/javier/vrx_ws/install/share/vrx_gz/config
[0.605s] -- Up-to-date: /home/javier/vrx_ws/install/share/vrx_gz/config/wamv.yaml
[0.605s] -- Up-to-date: /home/javier/vrx_ws/install/share/vrx_gz/config/roboboat.yaml
[0.605s] -- Up-to-date: /home/javier/vrx_ws/install/share/vrx_gz/launch
[0.605s] -- Up-to-date: /home/javier/vrx_ws/install/share/vrx_gz/launch/vrx_environment.launch.py
[0.605s] -- Up-to-date: /home/javier/vrx_ws/install/share/vrx_gz/launch/spawn_config.launch.py
[0.605s] -- Up-to-date: /home/javier/vrx_ws/install/share/vrx_gz/launch/usv_joy_teleop.py
[0.606s] -- Up-to-date: /home/javier/vrx_ws/install/share/vrx_gz/launch/spawn.launch.py
[0.606s] -- Up-to-date: /home/javier/vrx_ws/install/share/vrx_gz/launch/competition.launch.py
[0.606s] -- Up-to-date: /home/javier/vrx_ws/install/share/vrx_gz/models
[0.606s] -- Up-to-date: /home/javier/vrx_ws/install/share/vrx_gz/models/short_course_2023_phase3_2
[0.606s] -- Up-to-date: /home/javier/vrx_ws/install/share/vrx_gz/models/short_course_2023_phase3_2/model.sdf
[0.606s] -- Up-to-date: /home/javier/vrx_ws/install/share/vrx_gz/models/short_course_2023_phase3_2/model.config
[0.606s] -- Up-to-date: /home/javier/vrx_ws/install/share/vrx_gz/models/robotx_light_buoy_ygb
[0.606s] -- Up-to-date: /home/javier/vrx_ws/install/share/vrx_gz/models/robotx_light_buoy_ygb/model.sdf
[0.607s] -- Up-to-date: /home/javier/vrx_ws/install/share/vrx_gz/models/robotx_light_buoy_ygb/model.config
[0.607s] -- Up-to-date: /home/javier/vrx_ws/install/share/vrx_gz/models/robotx_light_buoy_rgy
[0.607s] -- Up-to-date: /home/javier/vrx_ws/install/share/vrx_gz/models/robotx_light_buoy_rgy/model.sdf
[0.607s] -- Up-to-date: /home/javier/vrx_ws/install/share/vrx_gz/models/robotx_light_buoy_rgy/model.config
[0.607s] -- Up-to-date: /home/javier/vrx_ws/install/share/vrx_gz/models/entrance_exit
[0.607s] -- Up-to-date: /home/javier/vrx_ws/install/share/vrx_gz/models/entrance_exit/model.sdf
[0.607s] -- Up-to-date: /home/javier/vrx_ws/install/share/vrx_gz/models/entrance_exit/model.config
[0.607s] -- Up-to-date: /home/javier/vrx_ws/install/share/vrx_gz/models/robotx_light_buoy_yrg
[0.607s] -- Up-to-date: /home/javier/vrx_ws/install/share/vrx_gz/models/robotx_light_buoy_yrg/model.sdf
[0.608s] -- Up-to-date: /home/javier/vrx_ws/install/share/vrx_gz/models/robotx_light_buoy_yrg/model.config
[0.608s] -- Up-to-date: /home/javier/vrx_ws/install/share/vrx_gz/models/short_navigation_course_2
[0.608s] -- Up-to-date: /home/javier/vrx_ws/install/share/vrx_gz/models/short_navigation_course_2/model.sdf
[0.608s] -- Up-to-date: /home/javier/vrx_ws/install/share/vrx_gz/models/short_navigation_course_2/model.config
[0.608s] -- Up-to-date: /home/javier/vrx_ws/install/share/vrx_gz/models/roboboat02
[0.608s] -- Up-to-date: /home/javier/vrx_ws/install/share/vrx_gz/models/roboboat02/model.sdf
[0.609s] -- Up-to-date: /home/javier/vrx_ws/install/share/vrx_gz/models/roboboat02/meshes
[0.609s] -- Up-to-date: /home/javier/vrx_ws/install/share/vrx_gz/models/roboboat02/meshes/roboboat02.dae
[0.609s] -- Up-to-date: /home/javier/vrx_ws/install/share/vrx_gz/models/roboboat02/model.config
[0.609s] -- Up-to-date: /home/javier/vrx_ws/install/share/vrx_gz/models/roboboat02/materials
[0.609s] -- Up-to-date: /home/javier/vrx_ws/install/share/vrx_gz/models/roboboat02/materials/scripts
[0.609s] -- Up-to-date: /home/javier/vrx_ws/install/share/vrx_gz/models/roboboat02/materials/scripts/model.material
[0.610s] -- Up-to-date: /home/javier/vrx_ws/install/share/vrx_gz/models/roboboat02/materials/textures
[0.610s] -- Up-to-date: /home/javier/vrx_ws/install/share/vrx_gz/models/roboboat02/materials/textures/Boat02_Albedo.png
[0.610s] -- Up-to-date: /home/javier/vrx_ws/install/share/vrx_gz/models/roboboat02/materials/textures/Boat02_Roughness.png
[0.610s] -- Up-to-date: /home/javier/vrx_ws/install/share/vrx_gz/models/roboboat02/materials/textures/Boat02_Metallic.png
[0.610s] -- Up-to-date: /home/javier/vrx_ws/install/share/vrx_gz/models/roboboat02/materials/textures/Boat02_Normal.png
[0.611s] -- Up-to-date: /home/javier/vrx_ws/install/share/vrx_gz/models/robotx_light_buoy_bgy
[0.611s] -- Up-to-date: /home/javier/vrx_ws/install/share/vrx_gz/models/robotx_light_buoy_bgy/model.sdf
[0.611s] -- Up-to-date: /home/javier/vrx_ws/install/share/vrx_gz/models/robotx_light_buoy_bgy/model.config
[0.611s] -- Up-to-date: /home/javier/vrx_ws/install/share/vrx_gz/models/articulated_platform
[0.611s] -- Up-to-date: /home/javier/vrx_ws/install/share/vrx_gz/models/articulated_platform/model.sdf
[0.612s] -- Up-to-date: /home/javier/vrx_ws/install/share/vrx_gz/models/articulated_platform/model.config
[0.612s] -- Up-to-date: /home/javier/vrx_ws/install/share/vrx_gz/models/short_course_2023_phase3_1
[0.612s] -- Up-to-date: /home/javier/vrx_ws/install/share/vrx_gz/models/short_course_2023_phase3_1/model.sdf
[0.612s] -- Up-to-date: /home/javier/vrx_ws/install/share/vrx_gz/models/short_course_2023_phase3_1/model.config
[0.612s] -- Up-to-date: /home/javier/vrx_ws/install/share/vrx_gz/models/robotx_light_buoy_rbg
[0.612s] -- Up-to-date: /home/javier/vrx_ws/install/share/vrx_gz/models/robotx_light_buoy_rbg/model.sdf
[0.612s] -- Up-to-date: /home/javier/vrx_ws/install/share/vrx_gz/models/robotx_light_buoy_rbg/model.config
[0.612s] -- Up-to-date: /home/javier/vrx_ws/install/share/vrx_gz/models/short_navigation_course_4
[0.612s] -- Up-to-date: /home/javier/vrx_ws/install/share/vrx_gz/models/short_navigation_course_4/model.sdf
[0.612s] -- Up-to-date: /home/javier/vrx_ws/install/share/vrx_gz/models/short_navigation_course_4/model.config
[0.612s] -- Up-to-date: /home/javier/vrx_ws/install/share/vrx_gz/models/symbol_triangle
[0.613s] -- Up-to-date: /home/javier/vrx_ws/install/share/vrx_gz/models/symbol_triangle/mesh
[0.613s] -- Up-to-date: /home/javier/vrx_ws/install/share/vrx_gz/models/symbol_triangle/mesh/triangle.dae
[0.613s] -- Up-to-date: /home/javier/vrx_ws/install/share/vrx_gz/models/symbol_triangle/model.sdf
[0.613s] -- Up-to-date: /home/javier/vrx_ws/install/share/vrx_gz/models/symbol_triangle/model.config
[0.613s] -- Up-to-date: /home/javier/vrx_ws/install/share/vrx_gz/models/robotx_light_buoy_ybr
[0.613s] -- Up-to-date: /home/javier/vrx_ws/install/share/vrx_gz/models/robotx_light_buoy_ybr/model.sdf
[0.613s] -- Up-to-date: /home/javier/vrx_ws/install/share/vrx_gz/models/robotx_light_buoy_ybr/model.config
[0.613s] -- Up-to-date: /home/javier/vrx_ws/install/share/vrx_gz/models/coast_waves
[0.613s] -- Up-to-date: /home/javier/vrx_ws/install/share/vrx_gz/models/coast_waves/model.sdf
[0.613s] -- Up-to-date: /home/javier/vrx_ws/install/share/vrx_gz/models/coast_waves/meshes
[0.613s] -- Up-to-date: /home/javier/vrx_ws/install/share/vrx_gz/models/coast_waves/meshes/waterlow.dae
[0.613s] -- Up-to-date: /home/javier/vrx_ws/install/share/vrx_gz/models/coast_waves/model.config
[0.613s] -- Up-to-date: /home/javier/vrx_ws/install/share/vrx_gz/models/coast_waves/materials
[0.614s] -- Up-to-date: /home/javier/vrx_ws/install/share/vrx_gz/models/coast_waves/materials/programs
[0.614s] -- Up-to-date: /home/javier/vrx_ws/install/share/vrx_gz/models/coast_waves/materials/programs/GerstnerWaves_fs_330.glsl
[0.614s] -- Up-to-date: /home/javier/vrx_ws/install/share/vrx_gz/models/coast_waves/materials/programs/GerstnerWaves_vs_330.glsl
[0.614s] -- Up-to-date: /home/javier/vrx_ws/install/share/vrx_gz/models/coast_waves/materials/textures
[0.614s] -- Up-to-date: /home/javier/vrx_ws/install/share/vrx_gz/models/coast_waves/materials/textures/skybox_lowres.dds
[0.614s] -- Up-to-date: /home/javier/vrx_ws/install/share/vrx_gz/models/coast_waves/materials/textures/wave_normals.dds
[0.614s] -- Up-to-date: /home/javier/vrx_ws/install/share/vrx_gz/models/dock_block_4x4
[0.614s] -- Up-to-date: /home/javier/vrx_ws/install/share/vrx_gz/models/dock_block_4x4/mesh
[0.614s] -- Up-to-date: /home/javier/vrx_ws/install/share/vrx_gz/models/dock_block_4x4/mesh/DockCubes_Metalness.png
[0.614s] -- Up-to-date: /home/javier/vrx_ws/install/share/vrx_gz/models/dock_block_4x4/mesh/DockCubes_Normal.png
[0.614s] -- Up-to-date: /home/javier/vrx_ws/install/share/vrx_gz/models/dock_block_4x4/mesh/DockCubes_Albedo.png
[0.615s] -- Up-to-date: /home/javier/vrx_ws/install/share/vrx_gz/models/dock_block_4x4/mesh/DockCubes_Roughness.png
[0.615s] -- Up-to-date: /home/javier/vrx_ws/install/share/vrx_gz/models/dock_block_4x4/mesh/dock_block_4x4.dae
[0.615s] -- Up-to-date: /home/javier/vrx_ws/install/share/vrx_gz/models/dock_block_4x4/model.sdf
[0.615s] -- Up-to-date: /home/javier/vrx_ws/install/share/vrx_gz/models/dock_block_4x4/model.config
[0.615s] -- Up-to-date: /home/javier/vrx_ws/install/share/vrx_gz/models/dock_2022
[0.616s] -- Up-to-date: /home/javier/vrx_ws/install/share/vrx_gz/models/dock_2022/model.sdf
[0.616s] -- Up-to-date: /home/javier/vrx_ws/install/share/vrx_gz/models/dock_2022/model.config
[0.616s] -- Up-to-date: /home/javier/vrx_ws/install/share/vrx_gz/models/robotx_light_buoy_bgr
[0.616s] -- Up-to-date: /home/javier/vrx_ws/install/share/vrx_gz/models/robotx_light_buoy_bgr/model.sdf
[0.616s] -- Up-to-date: /home/javier/vrx_ws/install/share/vrx_gz/models/robotx_light_buoy_bgr/model.config
[0.616s] -- Up-to-date: /home/javier/vrx_ws/install/share/vrx_gz/models/roboboat01
[0.617s] -- Up-to-date: /home/javier/vrx_ws/install/share/vrx_gz/models/roboboat01/model.sdf
[0.617s] -- Up-to-date: /home/javier/vrx_ws/install/share/vrx_gz/models/roboboat01/meshes
[0.617s] -- Up-to-date: /home/javier/vrx_ws/install/share/vrx_gz/models/roboboat01/meshes/mount.dae
[0.617s] -- Up-to-date: /home/javier/vrx_ws/install/share/vrx_gz/models/roboboat01/meshes/roboboat01.dae
[0.618s] -- Up-to-date: /home/javier/vrx_ws/install/share/vrx_gz/models/roboboat01/meshes/prop.dae
[0.618s] -- Up-to-date: /home/javier/vrx_ws/install/share/vrx_gz/models/roboboat01/meshes/housing.dae
[0.618s] -- Up-to-date: /home/javier/vrx_ws/install/share/vrx_gz/models/roboboat01/model.config
[0.618s] -- Up-to-date: /home/javier/vrx_ws/install/share/vrx_gz/models/roboboat01/materials
[0.618s] -- Up-to-date: /home/javier/vrx_ws/install/share/vrx_gz/models/roboboat01/materials/scripts
[0.618s] -- Up-to-date: /home/javier/vrx_ws/install/share/vrx_gz/models/roboboat01/materials/scripts/model.material
[0.618s] -- Up-to-date: /home/javier/vrx_ws/install/share/vrx_gz/models/roboboat01/materials/textures
[0.618s] -- Up-to-date: /home/javier/vrx_ws/install/share/vrx_gz/models/roboboat01/materials/textures/Boat01_Normal.png
[0.618s] -- Up-to-date: /home/javier/vrx_ws/install/share/vrx_gz/models/roboboat01/materials/textures/Boat01_Albedo.png
[0.619s] -- Up-to-date: /home/javier/vrx_ws/install/share/vrx_gz/models/roboboat01/materials/textures/Thruster_Albedo.png
[0.619s] -- Up-to-date: /home/javier/vrx_ws/install/share/vrx_gz/models/roboboat01/materials/textures/Boat01_Roughness.png
[0.619s] -- Up-to-date: /home/javier/vrx_ws/install/share/vrx_gz/models/roboboat01/materials/textures/Boat01_Metallic.png
[0.619s] -- Up-to-date: /home/javier/vrx_ws/install/share/vrx_gz/models/roboboat01/materials/textures/Thruster_Roughness.png
[0.619s] -- Up-to-date: /home/javier/vrx_ws/install/share/vrx_gz/models/robotx_light_buoy_rgb
[0.619s] -- Up-to-date: /home/javier/vrx_ws/install/share/vrx_gz/models/robotx_light_buoy_rgb/mesh
[0.619s] -- Up-to-date: /home/javier/vrx_ws/install/share/vrx_gz/models/robotx_light_buoy_rgb/mesh/LightTower_Roughness.png
[0.619s] -- Up-to-date: /home/javier/vrx_ws/install/share/vrx_gz/models/robotx_light_buoy_rgb/mesh/LightTower_Opacity.png
[0.619s] -- Up-to-date: /home/javier/vrx_ws/install/share/vrx_gz/models/robotx_light_buoy_rgb/mesh/LightTower_Albedo.png
[0.620s] -- Up-to-date: /home/javier/vrx_ws/install/share/vrx_gz/models/robotx_light_buoy_rgb/mesh/LightTower_Metalness.png
[0.620s] -- Up-to-date: /home/javier/vrx_ws/install/share/vrx_gz/models/robotx_light_buoy_rgb/mesh/robotx_light_buoy.dae
[0.620s] -- Up-to-date: /home/javier/vrx_ws/install/share/vrx_gz/models/robotx_light_buoy_rgb/mesh/LightTower_Normal.png
[0.620s] -- Up-to-date: /home/javier/vrx_ws/install/share/vrx_gz/models/robotx_light_buoy_rgb/model.sdf
[0.620s] -- Up-to-date: /home/javier/vrx_ws/install/share/vrx_gz/models/robotx_light_buoy_rgb/model.config
[0.620s] -- Up-to-date: /home/javier/vrx_ws/install/share/vrx_gz/models/placard_2022
[0.620s] -- Up-to-date: /home/javier/vrx_ws/install/share/vrx_gz/models/placard_2022/model.sdf
[0.620s] -- Up-to-date: /home/javier/vrx_ws/install/share/vrx_gz/models/placard_2022/meshes
[0.620s] -- Up-to-date: /home/javier/vrx_ws/install/share/vrx_gz/models/placard_2022/meshes/placard_2022.dae
[0.621s] -- Up-to-date: /home/javier/vrx_ws/install/share/vrx_gz/models/placard_2022/model.config
[0.621s] -- Up-to-date: /home/javier/vrx_ws/install/share/vrx_gz/models/placard_2022/materials
[0.621s] -- Up-to-date: /home/javier/vrx_ws/install/share/vrx_gz/models/placard_2022/materials/textures
[0.621s] -- Up-to-date: /home/javier/vrx_ws/install/share/vrx_gz/models/placard_2022/materials/textures/Placard.png
[0.621s] -- Up-to-date: /home/javier/vrx_ws/install/share/vrx_gz/models/roboboat_cpubox
[0.622s] -- Up-to-date: /home/javier/vrx_ws/install/share/vrx_gz/models/roboboat_cpubox/model.sdf
[0.622s] -- Up-to-date: /home/javier/vrx_ws/install/share/vrx_gz/models/roboboat_cpubox/meshes
[0.622s] -- Up-to-date: /home/javier/vrx_ws/install/share/vrx_gz/models/roboboat_cpubox/meshes/drybox.dae
[0.622s] -- Up-to-date: /home/javier/vrx_ws/install/share/vrx_gz/models/roboboat_cpubox/model.config
[0.622s] -- Up-to-date: /home/javier/vrx_ws/install/share/vrx_gz/models/roboboat_cpubox/materials
[0.622s] -- Up-to-date: /home/javier/vrx_ws/install/share/vrx_gz/models/roboboat_cpubox/materials/textures
[0.622s] -- Up-to-date: /home/javier/vrx_ws/install/share/vrx_gz/models/roboboat_cpubox/materials/textures/DryBox_Roughness.png
[0.622s] -- Up-to-date: /home/javier/vrx_ws/install/share/vrx_gz/models/roboboat_cpubox/materials/textures/DryBox_Albedo.png
[0.622s] -- Up-to-date: /home/javier/vrx_ws/install/share/vrx_gz/models/short_navigation_course_0
[0.623s] -- Up-to-date: /home/javier/vrx_ws/install/share/vrx_gz/models/short_navigation_course_0/model.sdf
[0.623s] -- Up-to-date: /home/javier/vrx_ws/install/share/vrx_gz/models/short_navigation_course_0/model.config
[0.623s] -- Up-to-date: /home/javier/vrx_ws/install/share/vrx_gz/models/short_navigation_course_3
[0.623s] -- Up-to-date: /home/javier/vrx_ws/install/share/vrx_gz/models/short_navigation_course_3/model.sdf
[0.623s] -- Up-to-date: /home/javier/vrx_ws/install/share/vrx_gz/models/short_navigation_course_3/model.config
[0.623s] -- Up-to-date: /home/javier/vrx_ws/install/share/vrx_gz/models/short_navigation_course_1
[0.623s] -- Up-to-date: /home/javier/vrx_ws/install/share/vrx_gz/models/short_navigation_course_1/model.sdf
[0.623s] -- Up-to-date: /home/javier/vrx_ws/install/share/vrx_gz/models/short_navigation_course_1/model.config
[0.623s] -- Up-to-date: /home/javier/vrx_ws/install/share/vrx_gz/models/robotx_light_buoy_gbr
[0.623s] -- Up-to-date: /home/javier/vrx_ws/install/share/vrx_gz/models/robotx_light_buoy_gbr/model.sdf
[0.624s] -- Up-to-date: /home/javier/vrx_ws/install/share/vrx_gz/models/robotx_light_buoy_gbr/model.config
[0.624s] -- Up-to-date: /home/javier/vrx_ws/install/share/vrx_gz/models/short_navigation_course_5
[0.624s] -- Up-to-date: /home/javier/vrx_ws/install/share/vrx_gz/models/short_navigation_course_5/model.sdf
[0.624s] -- Up-to-date: /home/javier/vrx_ws/install/share/vrx_gz/models/short_navigation_course_5/model.config
[0.625s] -- Up-to-date: /home/javier/vrx_ws/install/share/vrx_gz/models/obstacle_course
[0.625s] -- Up-to-date: /home/javier/vrx_ws/install/share/vrx_gz/models/obstacle_course/model.sdf
[0.625s] -- Up-to-date: /home/javier/vrx_ws/install/share/vrx_gz/models/obstacle_course/model.config
[0.625s] -- Up-to-date: /home/javier/vrx_ws/install/share/vrx_gz/models/dock_2022_base
[0.625s] -- Up-to-date: /home/javier/vrx_ws/install/share/vrx_gz/models/dock_2022_base/model.sdf
[0.626s] -- Up-to-date: /home/javier/vrx_ws/install/share/vrx_gz/models/dock_2022_base/model.config
[0.626s] -- Up-to-date: /home/javier/vrx_ws/install/share/vrx_gz/models/platform
[0.626s] -- Up-to-date: /home/javier/vrx_ws/install/share/vrx_gz/models/platform/model.sdf
[0.626s] -- Up-to-date: /home/javier/vrx_ws/install/share/vrx_gz/models/platform/model.config
[0.626s] -- Up-to-date: /home/javier/vrx_ws/install/share/vrx_gz/worlds
[0.626s] -- Up-to-date: /home/javier/vrx_ws/install/share/vrx_gz/worlds/wildlife_task.sdf
[0.626s] -- Up-to-date: /home/javier/vrx_ws/install/share/vrx_gz/worlds/scan_dock_deliver_task.sdf
[0.627s] -- Up-to-date: /home/javier/vrx_ws/install/share/vrx_gz/worlds/acoustic_tracking_task.sdf
[0.627s] -- Up-to-date: /home/javier/vrx_ws/install/share/vrx_gz/worlds/gymkhana_task.sdf
[0.627s] -- Up-to-date: /home/javier/vrx_ws/install/share/vrx_gz/worlds/nbpark.sdf
[0.628s] -- Up-to-date: /home/javier/vrx_ws/install/share/vrx_gz/worlds/stationkeeping_task.sdf
[0.628s] -- Up-to-date: /home/javier/vrx_ws/install/share/vrx_gz/worlds/2023_practice
[0.628s] -- Up-to-date: /home/javier/vrx_ws/install/share/vrx_gz/worlds/2023_practice/practice_2023_acoustic_perception1_task.sdf
[0.629s] -- Up-to-date: /home/javier/vrx_ws/install/share/vrx_gz/worlds/2023_practice/practice_2023_wayfinding2_task.sdf
[0.629s] -- Up-to-date: /home/javier/vrx_ws/install/share/vrx_gz/worlds/2023_practice/practice_2023_wildlife2_task.sdf
[0.629s] -- Up-to-date: /home/javier/vrx_ws/install/share/vrx_gz/worlds/2023_practice/practice_2023_stationkeeping0_task.sdf
[0.629s] -- Up-to-date: /home/javier/vrx_ws/install/share/vrx_gz/worlds/2023_practice/practice_2023_perception0_task.sdf
[0.629s] -- Up-to-date: /home/javier/vrx_ws/install/share/vrx_gz/worlds/2023_practice/practice_2023_acoustic_perception2_task.sdf
[0.630s] -- Up-to-date: /home/javier/vrx_ws/install/share/vrx_gz/worlds/2023_practice/practice_2023_perception2_task.sdf
[0.630s] -- Up-to-date: /home/javier/vrx_ws/install/share/vrx_gz/worlds/2023_practice/practice_2023_follow_path1_task.sdf
[0.630s] -- Up-to-date: /home/javier/vrx_ws/install/share/vrx_gz/worlds/2023_practice/practice_2023_stationkeeping2_task.sdf
[0.630s] -- Up-to-date: /home/javier/vrx_ws/install/share/vrx_gz/worlds/2023_practice/practice_2023_scan_dock_deliver1_task.sdf
[0.630s] -- Up-to-date: /home/javier/vrx_ws/install/share/vrx_gz/worlds/2023_practice/practice_2023_follow_path2_task.sdf
[0.630s] -- Up-to-date: /home/javier/vrx_ws/install/share/vrx_gz/worlds/2023_practice/practice_2023_wildlife1_task.sdf
[0.631s] -- Up-to-date: /home/javier/vrx_ws/install/share/vrx_gz/worlds/2023_practice/practice_2023_stationkeeping1_task.sdf
[0.631s] -- Up-to-date: /home/javier/vrx_ws/install/share/vrx_gz/worlds/2023_practice/practice_2023_scan_dock_deliver0_task.sdf
[0.631s] -- Up-to-date: /home/javier/vrx_ws/install/share/vrx_gz/worlds/2023_practice/practice_2023_acoustic_tracking2_task.sdf
[0.631s] -- Up-to-date: /home/javier/vrx_ws/install/share/vrx_gz/worlds/2023_practice/practice_2023_wildlife0_task.sdf
[0.632s] -- Up-to-date: /home/javier/vrx_ws/install/share/vrx_gz/worlds/2023_practice/practice_2023_scan_dock_deliver2_task.sdf
[0.632s] -- Up-to-date: /home/javier/vrx_ws/install/share/vrx_gz/worlds/2023_practice/practice_2023_wayfinding1_task.sdf
[0.633s] -- Up-to-date: /home/javier/vrx_ws/install/share/vrx_gz/worlds/2023_practice/practice_2023_acoustic_tracking0_task.sdf
[0.633s] -- Up-to-date: /home/javier/vrx_ws/install/share/vrx_gz/worlds/2023_practice/practice_2023_wayfinding0_task.sdf
[0.634s] -- Up-to-date: /home/javier/vrx_ws/install/share/vrx_gz/worlds/2023_practice/practice_2023_perception1_task.sdf
[0.634s] -- Up-to-date: /home/javier/vrx_ws/install/share/vrx_gz/worlds/2023_practice/practice_2023_follow_path0_task.sdf
[0.634s] -- Up-to-date: /home/javier/vrx_ws/install/share/vrx_gz/worlds/2023_practice/practice_2023_acoustic_perception0_task.sdf
[0.634s] -- Up-to-date: /home/javier/vrx_ws/install/share/vrx_gz/worlds/2023_practice/practice_2023_acoustic_tracking1_task.sdf
[0.634s] -- Up-to-date: /home/javier/vrx_ws/install/share/vrx_gz/worlds/acoustic_perception_task.sdf
[0.635s] -- Up-to-date: /home/javier/vrx_ws/install/share/vrx_gz/worlds/navigation_task.sdf
[0.635s] -- Up-to-date: /home/javier/vrx_ws/install/share/vrx_gz/worlds/wayfinding_task.sdf
[0.636s] -- Up-to-date: /home/javier/vrx_ws/install/share/vrx_gz/worlds/sydney_regatta.sdf
[0.636s] -- Up-to-date: /home/javier/vrx_ws/install/share/vrx_gz/worlds/follow_path_task.sdf
[0.637s] -- Up-to-date: /home/javier/vrx_ws/install/share/vrx_gz/worlds/2023_phase2
[0.637s] -- Up-to-date: /home/javier/vrx_ws/install/share/vrx_gz/worlds/2023_phase2/phase2_2023_stationkeeping3.sdf
[0.638s] -- Up-to-date: /home/javier/vrx_ws/install/share/vrx_gz/worlds/2023_phase2/phase2_2023_scan_dock_deliver1.sdf
[0.638s] -- Up-to-date: /home/javier/vrx_ws/install/share/vrx_gz/worlds/2023_phase2/phase2_2023_acoustic_perception1.sdf
[0.639s] -- Up-to-date: /home/javier/vrx_ws/install/share/vrx_gz/worlds/2023_phase2/phase2_2023_perception2.sdf
[0.639s] -- Up-to-date: /home/javier/vrx_ws/install/share/vrx_gz/worlds/2023_phase2/phase2_2023_stationkeeping5.sdf
[0.639s] -- Up-to-date: /home/javier/vrx_ws/install/share/vrx_gz/worlds/2023_phase2/phase2_2023_acoustic_perception0.sdf
[0.639s] -- Up-to-date: /home/javier/vrx_ws/install/share/vrx_gz/worlds/2023_phase2/phase2_2023_acoustic_tracking0.sdf
[0.640s] -- Up-to-date: /home/javier/vrx_ws/install/share/vrx_gz/worlds/2023_phase2/phase2_2023_follow_path1.sdf
[0.640s] -- Up-to-date: /home/javier/vrx_ws/install/share/vrx_gz/worlds/2023_phase2/phase2_2023_stationkeeping4.sdf
[0.641s] -- Up-to-date: /home/javier/vrx_ws/install/share/vrx_gz/worlds/2023_phase2/phase2_2023_stationkeeping2.sdf
[0.641s] -- Up-to-date: /home/javier/vrx_ws/install/share/vrx_gz/worlds/2023_phase2/phase2_2023_wildlife4.sdf
[0.641s] -- Up-to-date: /home/javier/vrx_ws/install/share/vrx_gz/worlds/2023_phase2/phase2_2023_follow_path5.sdf
[0.641s] -- Up-to-date: /home/javier/vrx_ws/install/share/vrx_gz/worlds/2023_phase2/phase2_2023_perception3.sdf
[0.641s] -- Up-to-date: /home/javier/vrx_ws/install/share/vrx_gz/worlds/2023_phase2/phase2_2023_follow_path3.sdf
[0.641s] -- Up-to-date: /home/javier/vrx_ws/install/share/vrx_gz/worlds/2023_phase2/phase2_2023_follow_path4.sdf
[0.642s] -- Up-to-date: /home/javier/vrx_ws/install/share/vrx_gz/worlds/2023_phase2/phase2_2023_acoustic_perception3.sdf
[0.642s] -- Up-to-date: /home/javier/vrx_ws/install/share/vrx_gz/worlds/2023_phase2/phase2_2023_acoustic_tracking4.sdf
[0.642s] -- Up-to-date: /home/javier/vrx_ws/install/share/vrx_gz/worlds/2023_phase2/phase2_2023_scan_dock_deliver0.sdf
[0.642s] -- Up-to-date: /home/javier/vrx_ws/install/share/vrx_gz/worlds/2023_phase2/phase2_2023_wayfinding1.sdf
[0.643s] -- Up-to-date: /home/javier/vrx_ws/install/share/vrx_gz/worlds/2023_phase2/phase2_2023_acoustic_tracking5.sdf
[0.643s] -- Up-to-date: /home/javier/vrx_ws/install/share/vrx_gz/worlds/2023_phase2/phase2_2023_perception4.sdf
[0.643s] -- Up-to-date: /home/javier/vrx_ws/install/share/vrx_gz/worlds/2023_phase2/phase2_2023_stationkeeping1.sdf
[0.643s] -- Up-to-date: /home/javier/vrx_ws/install/share/vrx_gz/worlds/2023_phase2/phase2_2023_perception0.sdf
[0.643s] -- Up-to-date: /home/javier/vrx_ws/install/share/vrx_gz/worlds/2023_phase2/phase2_2023_scan_dock_deliver5.sdf
[0.643s] -- Up-to-date: /home/javier/vrx_ws/install/share/vrx_gz/worlds/2023_phase2/phase2_2023_wildlife1.sdf
[0.644s] -- Up-to-date: /home/javier/vrx_ws/install/share/vrx_gz/worlds/2023_phase2/phase2_2023_acoustic_perception5.sdf
[0.644s] -- Up-to-date: /home/javier/vrx_ws/install/share/vrx_gz/worlds/2023_phase2/phase2_2023_wildlife5.sdf
[0.644s] -- Up-to-date: /home/javier/vrx_ws/install/share/vrx_gz/worlds/2023_phase2/phase2_2023_wayfinding4.sdf
[0.644s] -- Up-to-date: /home/javier/vrx_ws/install/share/vrx_gz/worlds/2023_phase2/phase2_2023_wayfinding2.sdf
[0.644s] -- Up-to-date: /home/javier/vrx_ws/install/share/vrx_gz/worlds/2023_phase2/phase2_2023_scan_dock_deliver3.sdf
[0.645s] -- Up-to-date: /home/javier/vrx_ws/install/share/vrx_gz/worlds/2023_phase2/phase2_2023_follow_path2.sdf
[0.645s] -- Up-to-date: /home/javier/vrx_ws/install/share/vrx_gz/worlds/2023_phase2/phase2_2023_wayfinding5.sdf
[0.645s] -- Up-to-date: /home/javier/vrx_ws/install/share/vrx_gz/worlds/2023_phase2/phase2_2023_scan_dock_deliver4.sdf
[0.645s] -- Up-to-date: /home/javier/vrx_ws/install/share/vrx_gz/worlds/2023_phase2/phase2_2023_wildlife0.sdf
[0.645s] -- Up-to-date: /home/javier/vrx_ws/install/share/vrx_gz/worlds/2023_phase2/phase2_2023_acoustic_tracking3.sdf
[0.646s] -- Up-to-date: /home/javier/vrx_ws/install/share/vrx_gz/worlds/2023_phase2/phase2_2023_wildlife2.sdf
[0.646s] -- Up-to-date: /home/javier/vrx_ws/install/share/vrx_gz/worlds/2023_phase2/phase2_2023_wayfinding0.sdf
[0.646s] -- Up-to-date: /home/javier/vrx_ws/install/share/vrx_gz/worlds/2023_phase2/phase2_2023_wayfinding3.sdf
[0.646s] -- Up-to-date: /home/javier/vrx_ws/install/share/vrx_gz/worlds/2023_phase2/phase2_2023_follow_path0.sdf
[0.646s] -- Up-to-date: /home/javier/vrx_ws/install/share/vrx_gz/worlds/2023_phase2/phase2_2023_acoustic_tracking2.sdf
[0.646s] -- Up-to-date: /home/javier/vrx_ws/install/share/vrx_gz/worlds/2023_phase2/phase2_2023_acoustic_perception4.sdf
[0.647s] -- Up-to-date: /home/javier/vrx_ws/install/share/vrx_gz/worlds/2023_phase2/phase2_2023_wildlife3.sdf
[0.647s] -- Up-to-date: /home/javier/vrx_ws/install/share/vrx_gz/worlds/2023_phase2/phase2_2023_stationkeeping0.sdf
[0.647s] -- Up-to-date: /home/javier/vrx_ws/install/share/vrx_gz/worlds/2023_phase2/phase2_2023_acoustic_perception2.sdf
[0.647s] -- Up-to-date: /home/javier/vrx_ws/install/share/vrx_gz/worlds/2023_phase2/phase2_2023_scan_dock_deliver2.sdf
[0.647s] -- Up-to-date: /home/javier/vrx_ws/install/share/vrx_gz/worlds/2023_phase2/phase2_2023_perception1.sdf
[0.647s] -- Up-to-date: /home/javier/vrx_ws/install/share/vrx_gz/worlds/2023_phase2/phase2_2023_acoustic_tracking1.sdf
[0.647s] -- Up-to-date: /home/javier/vrx_ws/install/share/vrx_gz/worlds/2023_phase2/phase2_2023_perception5.sdf
[0.648s] -- Up-to-date: /home/javier/vrx_ws/install/share/vrx_gz/worlds/perception_task.sdf
[0.648s] -- Up-to-date: /home/javier/vrx_ws/install/share/ament_index/resource_index/package_run_dependencies/vrx_gz
[0.648s] -- Up-to-date: /home/javier/vrx_ws/install/share/ament_index/resource_index/parent_prefix_path/vrx_gz
[0.649s] -- Up-to-date: /home/javier/vrx_ws/install/share/vrx_gz/environment/ament_prefix_path.sh
[0.649s] -- Up-to-date: /home/javier/vrx_ws/install/share/vrx_gz/environment/ament_prefix_path.dsv
[0.649s] -- Up-to-date: /home/javier/vrx_ws/install/share/vrx_gz/environment/path.sh
[0.649s] -- Up-to-date: /home/javier/vrx_ws/install/share/vrx_gz/environment/path.dsv
[0.650s] -- Up-to-date: /home/javier/vrx_ws/install/share/vrx_gz/local_setup.bash
[0.650s] -- Up-to-date: /home/javier/vrx_ws/install/share/vrx_gz/local_setup.sh
[0.650s] -- Up-to-date: /home/javier/vrx_ws/install/share/vrx_gz/local_setup.zsh
[0.650s] -- Up-to-date: /home/javier/vrx_ws/install/share/vrx_gz/local_setup.dsv
[0.650s] -- Installing: /home/javier/vrx_ws/install/share/vrx_gz/package.dsv
[0.651s] -- Up-to-date: /home/javier/vrx_ws/install/share/ament_index/resource_index/packages/vrx_gz
[0.651s] -- Up-to-date: /home/javier/vrx_ws/install/share/vrx_gz/cmake/vrx_gzConfig.cmake
[0.651s] -- Up-to-date: /home/javier/vrx_ws/install/share/vrx_gz/cmake/vrx_gzConfig-version.cmake
[0.651s] -- Up-to-date: /home/javier/vrx_ws/install/share/vrx_gz/package.xml
[0.651s] Invoked command in '/home/javier/vrx_ws/build/vrx_gz' returned '0': CMAKE_PREFIX_PATH=/opt/ros/jazzy:${CMAKE_PREFIX_PATH} DEBUGINFOD_URLS=https://debuginfod.ubuntu.com GZ_SIM_RESOURCE_PATH=/home/javier/vrx_ws/install/share:${GZ_SIM_RESOURCE_PATH} /usr/bin/cmake --install /home/javier/vrx_ws/build/vrx_gz
