[2.390s] Invoking command in '/home/javier/vrx_ws/src/gps_waypoints': DEBUGINFOD_URLS=https://debuginfod.ubuntu.com PYTHONPATH=/home/javier/vrx_ws/build/gps_waypoints/prefix_override:/usr/lib/python3/dist-packages/colcon_core/task/python/colcon_distutils_commands:/home/javier/vrx_ws/install/lib/python3.12/site-packages:${PYTHONPATH} /usr/bin/python3 -W ignore:setup.py install is deprecated -W ignore:easy_install command is deprecated setup.py egg_info --egg-base ../../build/gps_waypoints build --build-base /home/javier/vrx_ws/build/gps_waypoints/build install --record /home/javier/vrx_ws/build/gps_waypoints/install.log --single-version-externally-managed
[3.117s] running egg_info
[3.181s] writing ../../build/gps_waypoints/gps_waypoints.egg-info/PKG-INFO
[3.181s] writing dependency_links to ../../build/gps_waypoints/gps_waypoints.egg-info/dependency_links.txt
[3.181s] writing entry points to ../../build/gps_waypoints/gps_waypoints.egg-info/entry_points.txt
[3.182s] writing requirements to ../../build/gps_waypoints/gps_waypoints.egg-info/requires.txt
[3.182s] writing top-level names to ../../build/gps_waypoints/gps_waypoints.egg-info/top_level.txt
[3.313s] reading manifest file '../../build/gps_waypoints/gps_waypoints.egg-info/SOURCES.txt'
[3.315s] writing manifest file '../../build/gps_waypoints/gps_waypoints.egg-info/SOURCES.txt'
[3.315s] running build
[3.315s] running build_py
[3.316s] copying gps_waypoints/convert_node.py -> /home/javier/vrx_ws/build/gps_waypoints/build/lib/gps_waypoints
[3.317s] running install
[3.348s] running install_lib
[3.415s] copying /home/javier/vrx_ws/build/gps_waypoints/build/lib/gps_waypoints/convert_node.py -> /home/javier/vrx_ws/install/lib/python3.12/site-packages/gps_waypoints
[3.416s] byte-compiling /home/javier/vrx_ws/install/lib/python3.12/site-packages/gps_waypoints/convert_node.py to convert_node.cpython-312.pyc
[3.419s] running install_egg_info
[3.475s] removing '/home/javier/vrx_ws/install/lib/python3.12/site-packages/gps_waypoints-0.0.0-py3.12.egg-info' (and everything under it)
[3.476s] Copying ../../build/gps_waypoints/gps_waypoints.egg-info to /home/javier/vrx_ws/install/lib/python3.12/site-packages/gps_waypoints-0.0.0-py3.12.egg-info
[3.480s] running install_scripts
[3.845s] Installing gps_waypoint_converter script to /home/javier/vrx_ws/install/bin
[3.845s] Installing gps_waypoint_node script to /home/javier/vrx_ws/install/bin
[3.848s] writing list of installed files to '/home/javier/vrx_ws/build/gps_waypoints/install.log'
[3.979s] Invoked command in '/home/javier/vrx_ws/src/gps_waypoints' returned '0': DEBUGINFOD_URLS=https://debuginfod.ubuntu.com PYTHONPATH=/home/javier/vrx_ws/build/gps_waypoints/prefix_override:/usr/lib/python3/dist-packages/colcon_core/task/python/colcon_distutils_commands:/home/javier/vrx_ws/install/lib/python3.12/site-packages:${PYTHONPATH} /usr/bin/python3 -W ignore:setup.py install is deprecated -W ignore:easy_install command is deprecated setup.py egg_info --egg-base ../../build/gps_waypoints build --build-base /home/javier/vrx_ws/build/gps_waypoints/build install --record /home/javier/vrx_ws/build/gps_waypoints/install.log --single-version-externally-managed
