[0.310s] DEBUG:colcon:Command line arguments: ['/usr/bin/colcon', 'build', '--packages-select', 'gps_waypoints', '--merge-install']
[0.311s] DEBUG:colcon:Parsed command line arguments: Namespace(log_base=None, log_level=None, verb_name='build', build_base='build', install_base='install', merge_install=True, symlink_install=False, test_result_base=None, continue_on_error=False, executor='parallel', parallel_workers=8, event_handlers=None, ignore_user_meta=False, metas=['./colcon.meta'], base_paths=['.'], packages_ignore=None, packages_ignore_regex=None, paths=None, packages_up_to=None, packages_up_to_regex=None, packages_above=None, packages_above_and_dependencies=None, packages_above_depth=None, packages_select_by_dep=None, packages_skip_by_dep=None, packages_skip_up_to=None, packages_select_build_failed=False, packages_skip_build_finished=False, packages_select_test_failures=False, packages_skip_test_passed=False, packages_select=['gps_waypoints'], packages_skip=None, packages_select_regex=None, packages_skip_regex=None, packages_start=None, packages_end=None, allow_overriding=[], cmake_args=None, cmake_target=None, cmake_target_skip_unavailable=False, cmake_clean_cache=False, cmake_clean_first=False, cmake_force_configure=False, ament_cmake_args=None, catkin_cmake_args=None, catkin_skip_building_tests=False, mixin_files=None, mixin=None, verb_parser=<colcon_mixin.mixin.mixin_argument.MixinArgumentDecorator object at 0x70a7e82985f0>, verb_extension=<colcon_core.verb.build.BuildVerb object at 0x70a7e8c97140>, main=<bound method BuildVerb.main of <colcon_core.verb.build.BuildVerb object at 0x70a7e8c97140>>, mixin_verb=('build',))
[0.435s] Level 1:colcon.colcon_core.package_discovery:discover_packages(colcon_meta) check parameters
[0.435s] Level 1:colcon.colcon_core.package_discovery:discover_packages(recursive) check parameters
[0.435s] Level 1:colcon.colcon_core.package_discovery:discover_packages(ignore) check parameters
[0.435s] Level 1:colcon.colcon_core.package_discovery:discover_packages(path) check parameters
[0.436s] Level 1:colcon.colcon_core.package_discovery:discover_packages(colcon_meta) discover
[0.436s] Level 1:colcon.colcon_core.package_discovery:discover_packages(recursive) discover
[0.436s] INFO:colcon.colcon_core.package_discovery:Crawling recursively for packages in '/home/javier/vrx_ws'
[0.436s] Level 1:colcon.colcon_core.package_identification:_identify(.) by extensions ['ignore', 'ignore_ament_install']
[0.436s] Level 1:colcon.colcon_core.package_identification:_identify(.) by extension 'ignore'
[0.436s] Level 1:colcon.colcon_core.package_identification:_identify(.) by extension 'ignore_ament_install'
[0.437s] Level 1:colcon.colcon_core.package_identification:_identify(.) by extensions ['colcon_pkg']
[0.437s] Level 1:colcon.colcon_core.package_identification:_identify(.) by extension 'colcon_pkg'
[0.437s] Level 1:colcon.colcon_core.package_identification:_identify(.) by extensions ['colcon_meta']
[0.437s] Level 1:colcon.colcon_core.package_identification:_identify(.) by extension 'colcon_meta'
[0.437s] Level 1:colcon.colcon_core.package_identification:_identify(.) by extensions ['ros']
[0.437s] Level 1:colcon.colcon_core.package_identification:_identify(.) by extension 'ros'
[0.505s] Level 1:colcon.colcon_core.package_identification:_identify(.) by extensions ['cmake', 'python']
[0.506s] Level 1:colcon.colcon_core.package_identification:_identify(.) by extension 'cmake'
[0.506s] Level 1:colcon.colcon_core.package_identification:_identify(.) by extension 'python'
[0.506s] Level 1:colcon.colcon_core.package_identification:_identify(.) by extensions ['python_setup_py']
[0.506s] Level 1:colcon.colcon_core.package_identification:_identify(.) by extension 'python_setup_py'
[0.506s] Level 1:colcon.colcon_core.package_identification:_identify(build) by extensions ['ignore', 'ignore_ament_install']
[0.507s] Level 1:colcon.colcon_core.package_identification:_identify(build) by extension 'ignore'
[0.507s] Level 1:colcon.colcon_core.package_identification:_identify(build) ignored
[0.507s] Level 1:colcon.colcon_core.package_identification:_identify(install) by extensions ['ignore', 'ignore_ament_install']
[0.508s] Level 1:colcon.colcon_core.package_identification:_identify(install) by extension 'ignore'
[0.508s] Level 1:colcon.colcon_core.package_identification:_identify(install) ignored
[0.508s] Level 1:colcon.colcon_core.package_identification:_identify(log) by extensions ['ignore', 'ignore_ament_install']
[0.509s] Level 1:colcon.colcon_core.package_identification:_identify(log) by extension 'ignore'
[0.509s] Level 1:colcon.colcon_core.package_identification:_identify(log) ignored
[0.509s] Level 1:colcon.colcon_core.package_identification:_identify(src) by extensions ['ignore', 'ignore_ament_install']
[0.509s] Level 1:colcon.colcon_core.package_identification:_identify(src) by extension 'ignore'
[0.509s] Level 1:colcon.colcon_core.package_identification:_identify(src) by extension 'ignore_ament_install'
[0.510s] Level 1:colcon.colcon_core.package_identification:_identify(src) by extensions ['colcon_pkg']
[0.510s] Level 1:colcon.colcon_core.package_identification:_identify(src) by extension 'colcon_pkg'
[0.510s] Level 1:colcon.colcon_core.package_identification:_identify(src) by extensions ['colcon_meta']
[0.510s] Level 1:colcon.colcon_core.package_identification:_identify(src) by extension 'colcon_meta'
[0.511s] Level 1:colcon.colcon_core.package_identification:_identify(src) by extensions ['ros']
[0.511s] Level 1:colcon.colcon_core.package_identification:_identify(src) by extension 'ros'
[0.511s] Level 1:colcon.colcon_core.package_identification:_identify(src) by extensions ['cmake', 'python']
[0.511s] Level 1:colcon.colcon_core.package_identification:_identify(src) by extension 'cmake'
[0.511s] Level 1:colcon.colcon_core.package_identification:_identify(src) by extension 'python'
[0.512s] Level 1:colcon.colcon_core.package_identification:_identify(src) by extensions ['python_setup_py']
[0.512s] Level 1:colcon.colcon_core.package_identification:_identify(src) by extension 'python_setup_py'
[0.512s] Level 1:colcon.colcon_core.package_identification:_identify(src/docker) by extensions ['ignore', 'ignore_ament_install']
[0.512s] Level 1:colcon.colcon_core.package_identification:_identify(src/docker) by extension 'ignore'
[0.512s] Level 1:colcon.colcon_core.package_identification:_identify(src/docker) by extension 'ignore_ament_install'
[0.512s] Level 1:colcon.colcon_core.package_identification:_identify(src/docker) by extensions ['colcon_pkg']
[0.512s] Level 1:colcon.colcon_core.package_identification:_identify(src/docker) by extension 'colcon_pkg'
[0.513s] Level 1:colcon.colcon_core.package_identification:_identify(src/docker) by extensions ['colcon_meta']
[0.513s] Level 1:colcon.colcon_core.package_identification:_identify(src/docker) by extension 'colcon_meta'
[0.513s] Level 1:colcon.colcon_core.package_identification:_identify(src/docker) by extensions ['ros']
[0.513s] Level 1:colcon.colcon_core.package_identification:_identify(src/docker) by extension 'ros'
[0.513s] Level 1:colcon.colcon_core.package_identification:_identify(src/docker) by extensions ['cmake', 'python']
[0.513s] Level 1:colcon.colcon_core.package_identification:_identify(src/docker) by extension 'cmake'
[0.513s] Level 1:colcon.colcon_core.package_identification:_identify(src/docker) by extension 'python'
[0.513s] Level 1:colcon.colcon_core.package_identification:_identify(src/docker) by extensions ['python_setup_py']
[0.513s] Level 1:colcon.colcon_core.package_identification:_identify(src/docker) by extension 'python_setup_py'
[0.513s] Level 1:colcon.colcon_core.package_identification:_identify(src/gps_waypoints) by extensions ['ignore', 'ignore_ament_install']
[0.514s] Level 1:colcon.colcon_core.package_identification:_identify(src/gps_waypoints) by extension 'ignore'
[0.514s] Level 1:colcon.colcon_core.package_identification:_identify(src/gps_waypoints) by extension 'ignore_ament_install'
[0.514s] Level 1:colcon.colcon_core.package_identification:_identify(src/gps_waypoints) by extensions ['colcon_pkg']
[0.514s] Level 1:colcon.colcon_core.package_identification:_identify(src/gps_waypoints) by extension 'colcon_pkg'
[0.514s] Level 1:colcon.colcon_core.package_identification:_identify(src/gps_waypoints) by extensions ['colcon_meta']
[0.515s] Level 1:colcon.colcon_core.package_identification:_identify(src/gps_waypoints) by extension 'colcon_meta'
[0.515s] Level 1:colcon.colcon_core.package_identification:_identify(src/gps_waypoints) by extensions ['ros']
[0.515s] Level 1:colcon.colcon_core.package_identification:_identify(src/gps_waypoints) by extension 'ros'
[0.521s] DEBUG:colcon.colcon_core.package_identification:Package 'src/gps_waypoints' with type 'ros.ament_python' and name 'gps_waypoints'
[0.521s] Level 1:colcon.colcon_core.package_identification:_identify(src/images) by extensions ['ignore', 'ignore_ament_install']
[0.522s] Level 1:colcon.colcon_core.package_identification:_identify(src/images) by extension 'ignore'
[0.522s] Level 1:colcon.colcon_core.package_identification:_identify(src/images) by extension 'ignore_ament_install'
[0.522s] Level 1:colcon.colcon_core.package_identification:_identify(src/images) by extensions ['colcon_pkg']
[0.522s] Level 1:colcon.colcon_core.package_identification:_identify(src/images) by extension 'colcon_pkg'
[0.522s] Level 1:colcon.colcon_core.package_identification:_identify(src/images) by extensions ['colcon_meta']
[0.522s] Level 1:colcon.colcon_core.package_identification:_identify(src/images) by extension 'colcon_meta'
[0.522s] Level 1:colcon.colcon_core.package_identification:_identify(src/images) by extensions ['ros']
[0.522s] Level 1:colcon.colcon_core.package_identification:_identify(src/images) by extension 'ros'
[0.522s] Level 1:colcon.colcon_core.package_identification:_identify(src/images) by extensions ['cmake', 'python']
[0.522s] Level 1:colcon.colcon_core.package_identification:_identify(src/images) by extension 'cmake'
[0.522s] Level 1:colcon.colcon_core.package_identification:_identify(src/images) by extension 'python'
[0.523s] Level 1:colcon.colcon_core.package_identification:_identify(src/images) by extensions ['python_setup_py']
[0.523s] Level 1:colcon.colcon_core.package_identification:_identify(src/images) by extension 'python_setup_py'
[0.523s] Level 1:colcon.colcon_core.package_identification:_identify(src/vrx_gz) by extensions ['ignore', 'ignore_ament_install']
[0.523s] Level 1:colcon.colcon_core.package_identification:_identify(src/vrx_gz) by extension 'ignore'
[0.523s] Level 1:colcon.colcon_core.package_identification:_identify(src/vrx_gz) by extension 'ignore_ament_install'
[0.523s] Level 1:colcon.colcon_core.package_identification:_identify(src/vrx_gz) by extensions ['colcon_pkg']
[0.523s] Level 1:colcon.colcon_core.package_identification:_identify(src/vrx_gz) by extension 'colcon_pkg'
[0.523s] Level 1:colcon.colcon_core.package_identification:_identify(src/vrx_gz) by extensions ['colcon_meta']
[0.523s] Level 1:colcon.colcon_core.package_identification:_identify(src/vrx_gz) by extension 'colcon_meta'
[0.523s] Level 1:colcon.colcon_core.package_identification:_identify(src/vrx_gz) by extensions ['ros']
[0.523s] Level 1:colcon.colcon_core.package_identification:_identify(src/vrx_gz) by extension 'ros'
[0.524s] DEBUG:colcon.colcon_core.package_identification:Package 'src/vrx_gz' with type 'ros.ament_cmake' and name 'vrx_gz'
[0.525s] Level 1:colcon.colcon_core.package_identification:_identify(src/vrx_ros) by extensions ['ignore', 'ignore_ament_install']
[0.525s] Level 1:colcon.colcon_core.package_identification:_identify(src/vrx_ros) by extension 'ignore'
[0.525s] Level 1:colcon.colcon_core.package_identification:_identify(src/vrx_ros) by extension 'ignore_ament_install'
[0.525s] Level 1:colcon.colcon_core.package_identification:_identify(src/vrx_ros) by extensions ['colcon_pkg']
[0.525s] Level 1:colcon.colcon_core.package_identification:_identify(src/vrx_ros) by extension 'colcon_pkg'
[0.525s] Level 1:colcon.colcon_core.package_identification:_identify(src/vrx_ros) by extensions ['colcon_meta']
[0.525s] Level 1:colcon.colcon_core.package_identification:_identify(src/vrx_ros) by extension 'colcon_meta'
[0.525s] Level 1:colcon.colcon_core.package_identification:_identify(src/vrx_ros) by extensions ['ros']
[0.526s] Level 1:colcon.colcon_core.package_identification:_identify(src/vrx_ros) by extension 'ros'
[0.527s] DEBUG:colcon.colcon_core.package_identification:Package 'src/vrx_ros' with type 'ros.ament_cmake' and name 'vrx_ros'
[0.527s] Level 1:colcon.colcon_core.package_identification:_identify(src/vrx_urdf) by extensions ['ignore', 'ignore_ament_install']
[0.528s] Level 1:colcon.colcon_core.package_identification:_identify(src/vrx_urdf) by extension 'ignore'
[0.528s] Level 1:colcon.colcon_core.package_identification:_identify(src/vrx_urdf) by extension 'ignore_ament_install'
[0.528s] Level 1:colcon.colcon_core.package_identification:_identify(src/vrx_urdf) by extensions ['colcon_pkg']
[0.528s] Level 1:colcon.colcon_core.package_identification:_identify(src/vrx_urdf) by extension 'colcon_pkg'
[0.528s] Level 1:colcon.colcon_core.package_identification:_identify(src/vrx_urdf) by extensions ['colcon_meta']
[0.528s] Level 1:colcon.colcon_core.package_identification:_identify(src/vrx_urdf) by extension 'colcon_meta'
[0.528s] Level 1:colcon.colcon_core.package_identification:_identify(src/vrx_urdf) by extensions ['ros']
[0.528s] Level 1:colcon.colcon_core.package_identification:_identify(src/vrx_urdf) by extension 'ros'
[0.529s] Level 1:colcon.colcon_core.package_identification:_identify(src/vrx_urdf) by extensions ['cmake', 'python']
[0.529s] Level 1:colcon.colcon_core.package_identification:_identify(src/vrx_urdf) by extension 'cmake'
[0.529s] Level 1:colcon.colcon_core.package_identification:_identify(src/vrx_urdf) by extension 'python'
[0.529s] Level 1:colcon.colcon_core.package_identification:_identify(src/vrx_urdf) by extensions ['python_setup_py']
[0.529s] Level 1:colcon.colcon_core.package_identification:_identify(src/vrx_urdf) by extension 'python_setup_py'
[0.529s] Level 1:colcon.colcon_core.package_identification:_identify(src/vrx_urdf/vrx_gazebo) by extensions ['ignore', 'ignore_ament_install']
[0.529s] Level 1:colcon.colcon_core.package_identification:_identify(src/vrx_urdf/vrx_gazebo) by extension 'ignore'
[0.530s] Level 1:colcon.colcon_core.package_identification:_identify(src/vrx_urdf/vrx_gazebo) by extension 'ignore_ament_install'
[0.530s] Level 1:colcon.colcon_core.package_identification:_identify(src/vrx_urdf/vrx_gazebo) by extensions ['colcon_pkg']
[0.530s] Level 1:colcon.colcon_core.package_identification:_identify(src/vrx_urdf/vrx_gazebo) by extension 'colcon_pkg'
[0.530s] Level 1:colcon.colcon_core.package_identification:_identify(src/vrx_urdf/vrx_gazebo) by extensions ['colcon_meta']
[0.530s] Level 1:colcon.colcon_core.package_identification:_identify(src/vrx_urdf/vrx_gazebo) by extension 'colcon_meta'
[0.530s] Level 1:colcon.colcon_core.package_identification:_identify(src/vrx_urdf/vrx_gazebo) by extensions ['ros']
[0.530s] Level 1:colcon.colcon_core.package_identification:_identify(src/vrx_urdf/vrx_gazebo) by extension 'ros'
[0.531s] DEBUG:colcon.colcon_core.package_identification:Package 'src/vrx_urdf/vrx_gazebo' with type 'ros.ament_cmake' and name 'vrx_gazebo'
[0.532s] Level 1:colcon.colcon_core.package_identification:_identify(src/vrx_urdf/wamv_description) by extensions ['ignore', 'ignore_ament_install']
[0.532s] Level 1:colcon.colcon_core.package_identification:_identify(src/vrx_urdf/wamv_description) by extension 'ignore'
[0.532s] Level 1:colcon.colcon_core.package_identification:_identify(src/vrx_urdf/wamv_description) by extension 'ignore_ament_install'
[0.532s] Level 1:colcon.colcon_core.package_identification:_identify(src/vrx_urdf/wamv_description) by extensions ['colcon_pkg']
[0.532s] Level 1:colcon.colcon_core.package_identification:_identify(src/vrx_urdf/wamv_description) by extension 'colcon_pkg'
[0.532s] Level 1:colcon.colcon_core.package_identification:_identify(src/vrx_urdf/wamv_description) by extensions ['colcon_meta']
[0.532s] Level 1:colcon.colcon_core.package_identification:_identify(src/vrx_urdf/wamv_description) by extension 'colcon_meta'
[0.532s] Level 1:colcon.colcon_core.package_identification:_identify(src/vrx_urdf/wamv_description) by extensions ['ros']
[0.532s] Level 1:colcon.colcon_core.package_identification:_identify(src/vrx_urdf/wamv_description) by extension 'ros'
[0.534s] DEBUG:colcon.colcon_core.package_identification:Package 'src/vrx_urdf/wamv_description' with type 'ros.ament_cmake' and name 'wamv_description'
[0.535s] Level 1:colcon.colcon_core.package_identification:_identify(src/vrx_urdf/wamv_gazebo) by extensions ['ignore', 'ignore_ament_install']
[0.536s] Level 1:colcon.colcon_core.package_identification:_identify(src/vrx_urdf/wamv_gazebo) by extension 'ignore'
[0.536s] Level 1:colcon.colcon_core.package_identification:_identify(src/vrx_urdf/wamv_gazebo) by extension 'ignore_ament_install'
[0.537s] Level 1:colcon.colcon_core.package_identification:_identify(src/vrx_urdf/wamv_gazebo) by extensions ['colcon_pkg']
[0.537s] Level 1:colcon.colcon_core.package_identification:_identify(src/vrx_urdf/wamv_gazebo) by extension 'colcon_pkg'
[0.537s] Level 1:colcon.colcon_core.package_identification:_identify(src/vrx_urdf/wamv_gazebo) by extensions ['colcon_meta']
[0.537s] Level 1:colcon.colcon_core.package_identification:_identify(src/vrx_urdf/wamv_gazebo) by extension 'colcon_meta'
[0.537s] Level 1:colcon.colcon_core.package_identification:_identify(src/vrx_urdf/wamv_gazebo) by extensions ['ros']
[0.537s] Level 1:colcon.colcon_core.package_identification:_identify(src/vrx_urdf/wamv_gazebo) by extension 'ros'
[0.538s] DEBUG:colcon.colcon_core.package_identification:Package 'src/vrx_urdf/wamv_gazebo' with type 'ros.ament_cmake' and name 'wamv_gazebo'
[0.538s] Level 1:colcon.colcon_core.package_discovery:discover_packages(recursive) using defaults
[0.538s] Level 1:colcon.colcon_core.package_discovery:discover_packages(ignore) discover
[0.538s] Level 1:colcon.colcon_core.package_discovery:discover_packages(ignore) using defaults
[0.538s] Level 1:colcon.colcon_core.package_discovery:discover_packages(path) discover
[0.538s] Level 1:colcon.colcon_core.package_discovery:discover_packages(path) using defaults
[0.594s] INFO:colcon.colcon_core.package_selection:Skipping not selected package 'vrx_gazebo' in 'src/vrx_urdf/vrx_gazebo'
[0.594s] INFO:colcon.colcon_core.package_selection:Skipping not selected package 'vrx_ros' in 'src/vrx_ros'
[0.594s] INFO:colcon.colcon_core.package_selection:Skipping not selected package 'wamv_description' in 'src/vrx_urdf/wamv_description'
[0.594s] INFO:colcon.colcon_core.package_selection:Skipping not selected package 'wamv_gazebo' in 'src/vrx_urdf/wamv_gazebo'
[0.594s] INFO:colcon.colcon_core.package_selection:Skipping not selected package 'vrx_gz' in 'src/vrx_gz'
[0.596s] Level 1:colcon.colcon_core.package_discovery:discover_packages(prefix_path) check parameters
[0.596s] Level 1:colcon.colcon_core.package_discovery:discover_packages(prefix_path) discover
[0.603s] DEBUG:colcon.colcon_installed_package_information.package_discovery:Found 5 installed packages in /home/javier/vrx_ws/install
[0.607s] DEBUG:colcon.colcon_installed_package_information.package_discovery:Found 5 installed packages in /home/javier/install
[0.611s] DEBUG:colcon.colcon_installed_package_information.package_discovery:Found 320 installed packages in /opt/ros/jazzy
[0.615s] Level 1:colcon.colcon_core.package_discovery:discover_packages(prefix_path) using defaults
[0.746s] Level 5:colcon.colcon_core.verb:set package 'gps_waypoints' build argument 'cmake_args' from command line to 'None'
[0.747s] Level 5:colcon.colcon_core.verb:set package 'gps_waypoints' build argument 'cmake_target' from command line to 'None'
[0.747s] Level 5:colcon.colcon_core.verb:set package 'gps_waypoints' build argument 'cmake_target_skip_unavailable' from command line to 'False'
[0.747s] Level 5:colcon.colcon_core.verb:set package 'gps_waypoints' build argument 'cmake_clean_cache' from command line to 'False'
[0.747s] Level 5:colcon.colcon_core.verb:set package 'gps_waypoints' build argument 'cmake_clean_first' from command line to 'False'
[0.747s] Level 5:colcon.colcon_core.verb:set package 'gps_waypoints' build argument 'cmake_force_configure' from command line to 'False'
[0.747s] Level 5:colcon.colcon_core.verb:set package 'gps_waypoints' build argument 'ament_cmake_args' from command line to 'None'
[0.747s] Level 5:colcon.colcon_core.verb:set package 'gps_waypoints' build argument 'catkin_cmake_args' from command line to 'None'
[0.747s] Level 5:colcon.colcon_core.verb:set package 'gps_waypoints' build argument 'catkin_skip_building_tests' from command line to 'False'
[0.747s] DEBUG:colcon.colcon_core.verb:Building package 'gps_waypoints' with the following arguments: {'ament_cmake_args': None, 'build_base': '/home/javier/vrx_ws/build/gps_waypoints', 'catkin_cmake_args': None, 'catkin_skip_building_tests': False, 'cmake_args': None, 'cmake_clean_cache': False, 'cmake_clean_first': False, 'cmake_force_configure': False, 'cmake_target': None, 'cmake_target_skip_unavailable': False, 'install_base': '/home/javier/vrx_ws/install', 'merge_install': True, 'path': '/home/javier/vrx_ws/src/gps_waypoints', 'symlink_install': False, 'test_result_base': None}
[0.747s] INFO:colcon.colcon_core.executor:Executing jobs using 'parallel' executor
[0.753s] DEBUG:colcon.colcon_parallel_executor.executor.parallel:run_until_complete
[0.753s] INFO:colcon.colcon_ros.task.ament_python.build:Building ROS package in '/home/javier/vrx_ws/src/gps_waypoints' with build type 'ament_python'
[0.754s] Level 1:colcon.colcon_core.shell:create_environment_hook('gps_waypoints', 'ament_prefix_path')
[0.764s] INFO:colcon.colcon_core.plugin_system:Skipping extension 'colcon_core.shell.bat': Not used on non-Windows systems
[0.768s] INFO:colcon.colcon_core.shell:Creating environment hook '/home/javier/vrx_ws/install/share/gps_waypoints/hook/ament_prefix_path.ps1'
[0.772s] INFO:colcon.colcon_core.shell:Creating environment descriptor '/home/javier/vrx_ws/install/share/gps_waypoints/hook/ament_prefix_path.dsv'
[0.773s] INFO:colcon.colcon_core.shell:Creating environment hook '/home/javier/vrx_ws/install/share/gps_waypoints/hook/ament_prefix_path.sh'
[0.775s] INFO:colcon.colcon_core.shell:Skip shell extension 'powershell' for command environment: Not usable outside of PowerShell
[0.775s] DEBUG:colcon.colcon_core.shell:Skip shell extension 'dsv' for command environment
[1.462s] WARNING:colcon.colcon_ros.task.ament_python.build:Package 'gps_waypoints' doesn't explicitly install a marker in the package index (colcon-ros currently does it implicitly but that fallback will be removed in the future)
[1.463s] WARNING:colcon.colcon_ros.task.ament_python.build:Package 'gps_waypoints' doesn't explicitly install the 'package.xml' file (colcon-ros currently does it implicitly but that fallback will be removed in the future)
[1.464s] INFO:colcon.colcon_core.task.python.build:Building Python package in '/home/javier/vrx_ws/src/gps_waypoints'
[1.466s] INFO:colcon.colcon_core.shell:Skip shell extension 'powershell' for command environment: Not usable outside of PowerShell
[1.467s] DEBUG:colcon.colcon_core.shell:Skip shell extension 'dsv' for command environment
[3.127s] DEBUG:colcon.colcon_core.event_handler.log_command:Invoking command in '/home/javier/vrx_ws/src/gps_waypoints': DEBUGINFOD_URLS=https://debuginfod.ubuntu.com PYTHONPATH=/home/javier/vrx_ws/build/gps_waypoints/prefix_override:/usr/lib/python3/dist-packages/colcon_core/task/python/colcon_distutils_commands:/home/javier/vrx_ws/install/lib/python3.12/site-packages:${PYTHONPATH} /usr/bin/python3 -W ignore:setup.py install is deprecated -W ignore:easy_install command is deprecated setup.py egg_info --egg-base ../../build/gps_waypoints build --build-base /home/javier/vrx_ws/build/gps_waypoints/build install --record /home/javier/vrx_ws/build/gps_waypoints/install.log --single-version-externally-managed
[4.777s] DEBUG:colcon.colcon_core.event_handler.log_command:Invoked command in '/home/javier/vrx_ws/src/gps_waypoints' returned '0': DEBUGINFOD_URLS=https://debuginfod.ubuntu.com PYTHONPATH=/home/javier/vrx_ws/build/gps_waypoints/prefix_override:/usr/lib/python3/dist-packages/colcon_core/task/python/colcon_distutils_commands:/home/javier/vrx_ws/install/lib/python3.12/site-packages:${PYTHONPATH} /usr/bin/python3 -W ignore:setup.py install is deprecated -W ignore:easy_install command is deprecated setup.py egg_info --egg-base ../../build/gps_waypoints build --build-base /home/javier/vrx_ws/build/gps_waypoints/build install --record /home/javier/vrx_ws/build/gps_waypoints/install.log --single-version-externally-managed
[4.793s] Level 1:colcon.colcon_core.environment:checking '/home/javier/vrx_ws/install' for CMake module files
[4.794s] Level 1:colcon.colcon_core.environment:checking '/home/javier/vrx_ws/install' for CMake config files
[4.794s] Level 1:colcon.colcon_core.shell:create_environment_hook('gps_waypoints', 'cmake_prefix_path')
[4.795s] INFO:colcon.colcon_core.shell:Creating environment hook '/home/javier/vrx_ws/install/share/gps_waypoints/hook/cmake_prefix_path.ps1'
[4.796s] INFO:colcon.colcon_core.shell:Creating environment descriptor '/home/javier/vrx_ws/install/share/gps_waypoints/hook/cmake_prefix_path.dsv'
[4.798s] INFO:colcon.colcon_core.shell:Creating environment hook '/home/javier/vrx_ws/install/share/gps_waypoints/hook/cmake_prefix_path.sh'
[4.800s] Level 1:colcon.colcon_core.environment:checking '/home/javier/vrx_ws/install/lib'
[4.800s] Level 1:colcon.colcon_core.environment:checking '/home/javier/vrx_ws/install/bin'
[4.800s] Level 1:colcon.colcon_core.shell:create_environment_hook('gps_waypoints', 'path')
[4.801s] INFO:colcon.colcon_core.shell:Creating environment hook '/home/javier/vrx_ws/install/share/gps_waypoints/hook/path.ps1'
[4.802s] INFO:colcon.colcon_core.shell:Creating environment descriptor '/home/javier/vrx_ws/install/share/gps_waypoints/hook/path.dsv'
[4.803s] INFO:colcon.colcon_core.shell:Creating environment hook '/home/javier/vrx_ws/install/share/gps_waypoints/hook/path.sh'
[4.804s] Level 1:colcon.colcon_core.environment:checking '/home/javier/vrx_ws/install/lib/pkgconfig/gps_waypoints.pc'
[4.804s] Level 1:colcon.colcon_core.environment:checking '/home/javier/vrx_ws/install/lib/python3.12/site-packages'
[4.805s] Level 1:colcon.colcon_core.shell:create_environment_hook('gps_waypoints', 'pythonpath')
[4.805s] INFO:colcon.colcon_core.shell:Creating environment hook '/home/javier/vrx_ws/install/share/gps_waypoints/hook/pythonpath.ps1'
[4.806s] INFO:colcon.colcon_core.shell:Creating environment descriptor '/home/javier/vrx_ws/install/share/gps_waypoints/hook/pythonpath.dsv'
[4.808s] INFO:colcon.colcon_core.shell:Creating environment hook '/home/javier/vrx_ws/install/share/gps_waypoints/hook/pythonpath.sh'
[4.809s] Level 1:colcon.colcon_core.environment:checking '/home/javier/vrx_ws/install/bin'
[4.809s] Level 1:colcon.colcon_core.shell:create_environment_hook('gps_waypoints', 'pythonscriptspath')
[4.810s] INFO:colcon.colcon_core.shell:Creating environment hook '/home/javier/vrx_ws/install/share/gps_waypoints/hook/pythonscriptspath.ps1'
[4.811s] INFO:colcon.colcon_core.shell:Creating environment descriptor '/home/javier/vrx_ws/install/share/gps_waypoints/hook/pythonscriptspath.dsv'
[4.812s] INFO:colcon.colcon_core.shell:Creating environment hook '/home/javier/vrx_ws/install/share/gps_waypoints/hook/pythonscriptspath.sh'
[4.813s] Level 1:colcon.colcon_core.environment:create_environment_scripts_only(gps_waypoints)
[4.814s] INFO:colcon.colcon_core.shell:Creating package script '/home/javier/vrx_ws/install/share/gps_waypoints/package.ps1'
[4.816s] INFO:colcon.colcon_core.shell:Creating package descriptor '/home/javier/vrx_ws/install/share/gps_waypoints/package.dsv'
[4.819s] INFO:colcon.colcon_core.shell:Creating package script '/home/javier/vrx_ws/install/share/gps_waypoints/package.sh'
[4.821s] INFO:colcon.colcon_core.shell:Creating package script '/home/javier/vrx_ws/install/share/gps_waypoints/package.bash'
[4.823s] INFO:colcon.colcon_core.shell:Creating package script '/home/javier/vrx_ws/install/share/gps_waypoints/package.zsh'
[4.825s] Level 1:colcon.colcon_core.environment:create_file_with_runtime_dependencies(/home/javier/vrx_ws/install/share/colcon-core/packages/gps_waypoints)
[4.826s] DEBUG:colcon.colcon_parallel_executor.executor.parallel:closing loop
[4.828s] DEBUG:colcon.colcon_parallel_executor.executor.parallel:loop closed
[4.828s] DEBUG:colcon.colcon_parallel_executor.executor.parallel:run_until_complete finished with '0'
[4.829s] DEBUG:colcon.colcon_core.event_reactor:joining thread
[4.842s] INFO:colcon.colcon_core.plugin_system:Skipping extension 'colcon_notification.desktop_notification.terminal_notifier': Not used on non-Darwin systems
[4.842s] INFO:colcon.colcon_core.plugin_system:Skipping extension 'colcon_notification.desktop_notification.win32': Not used on non-Windows systems
[4.842s] INFO:colcon.colcon_notification.desktop_notification:Sending desktop notification using 'notify2'
[4.868s] DEBUG:colcon.colcon_core.event_reactor:joined thread
[4.869s] INFO:colcon.colcon_core.shell:Creating prefix script '/home/javier/vrx_ws/install/local_setup.ps1'
[4.872s] INFO:colcon.colcon_core.shell:Creating prefix util module '/home/javier/vrx_ws/install/_local_setup_util_ps1.py'
[4.876s] INFO:colcon.colcon_core.shell:Creating prefix chain script '/home/javier/vrx_ws/install/setup.ps1'
[4.880s] INFO:colcon.colcon_core.shell:Creating prefix script '/home/javier/vrx_ws/install/local_setup.sh'
[4.882s] INFO:colcon.colcon_core.shell:Creating prefix util module '/home/javier/vrx_ws/install/_local_setup_util_sh.py'
[4.883s] INFO:colcon.colcon_core.shell:Creating prefix chain script '/home/javier/vrx_ws/install/setup.sh'
[4.887s] INFO:colcon.colcon_core.shell:Creating prefix script '/home/javier/vrx_ws/install/local_setup.bash'
[4.888s] INFO:colcon.colcon_core.shell:Creating prefix chain script '/home/javier/vrx_ws/install/setup.bash'
[4.891s] INFO:colcon.colcon_core.shell:Creating prefix script '/home/javier/vrx_ws/install/local_setup.zsh'
[4.892s] INFO:colcon.colcon_core.shell:Creating prefix chain script '/home/javier/vrx_ws/install/setup.zsh'
